[0.042s] Invoking command in '/home/simone/bookros2_ws/build/pal_gripper_description': AMENT_PREFIX_PATH=/home/simone/bookros2_ws/install/urdf_test:${AMENT_PREFIX_PATH} CMAKE_PREFIX_PATH=/home/simone/bookros2_ws/install/urdf_test:/opt/ros/humble PYTHONPATH=/home/simone/bookros2_ws/install/urdf_test/local/lib/python3.10/dist-packages:${PYTHONPATH} /usr/bin/cmake /home/simone/bookros2_ws/src/ThirdParty/pal_gripper/pal_gripper_description -DAMENT_CMAKE_SYMLINK_INSTALL=1 -DCMAKE_INSTALL_PREFIX=/home/simone/bookros2_ws/install/pal_gripper_description
[0.205s] -- The C compiler identification is GNU 11.3.0
[0.363s] -- The CXX compiler identification is GNU 11.3.0
[0.377s] -- Detecting C compiler ABI info
[0.641s] -- Detecting C compiler ABI info - done
[0.662s] -- Check for working C compiler: /usr/bin/cc - skipped
[0.664s] -- Detecting C compile features
[0.666s] -- Detecting C compile features - done
[0.675s] -- Detecting CXX compiler ABI info
[0.889s] -- Detecting CXX compiler ABI info - done
[0.925s] -- Check for working CXX compiler: /usr/bin/c++ - skipped
[0.926s] -- Detecting CXX compile features
[0.927s] -- Detecting CXX compile features - done
[0.933s] -- Found ament_cmake_auto: 1.3.5 (/opt/ros/humble/share/ament_cmake_auto/cmake)
[1.538s] -- Found Python3: /usr/bin/python3.10 (found version "3.10.6") found components: Interpreter 
[1.724s] -- Override CMake install command with custom implementation using symlinks instead of copying resources
[1.818s] -- Found xacro: 2.0.8 (/opt/ros/humble/share/xacro/cmake)
[2.113s] -- Found ament_lint_auto: 0.12.6 (/opt/ros/humble/share/ament_lint_auto/cmake)
[2.239s] -- Added test 'copyright' to check source files copyright and LICENSE
[2.244s] -- Added test 'lint_cmake' to check CMake code style
[2.247s] -- Added test 'xmllint' to check XML markup files
[2.255s] -- Configuring done
[2.281s] -- Generating done
[2.284s] -- Build files have been written to: /home/simone/bookros2_ws/build/pal_gripper_description
[2.351s] Invoked command in '/home/simone/bookros2_ws/build/pal_gripper_description' returned '0': AMENT_PREFIX_PATH=/home/simone/bookros2_ws/install/urdf_test:${AMENT_PREFIX_PATH} CMAKE_PREFIX_PATH=/home/simone/bookros2_ws/install/urdf_test:/opt/ros/humble PYTHONPATH=/home/simone/bookros2_ws/install/urdf_test/local/lib/python3.10/dist-packages:${PYTHONPATH} /usr/bin/cmake /home/simone/bookros2_ws/src/ThirdParty/pal_gripper/pal_gripper_description -DAMENT_CMAKE_SYMLINK_INSTALL=1 -DCMAKE_INSTALL_PREFIX=/home/simone/bookros2_ws/install/pal_gripper_description
[2.352s] Invoking command in '/home/simone/bookros2_ws/build/pal_gripper_description': AMENT_PREFIX_PATH=/home/simone/bookros2_ws/install/urdf_test:${AMENT_PREFIX_PATH} CMAKE_PREFIX_PATH=/home/simone/bookros2_ws/install/urdf_test:/opt/ros/humble PYTHONPATH=/home/simone/bookros2_ws/install/urdf_test/local/lib/python3.10/dist-packages:${PYTHONPATH} /usr/bin/cmake --build /home/simone/bookros2_ws/build/pal_gripper_description -- -j5 -l5
[2.475s] Invoked command in '/home/simone/bookros2_ws/build/pal_gripper_description' returned '0': AMENT_PREFIX_PATH=/home/simone/bookros2_ws/install/urdf_test:${AMENT_PREFIX_PATH} CMAKE_PREFIX_PATH=/home/simone/bookros2_ws/install/urdf_test:/opt/ros/humble PYTHONPATH=/home/simone/bookros2_ws/install/urdf_test/local/lib/python3.10/dist-packages:${PYTHONPATH} /usr/bin/cmake --build /home/simone/bookros2_ws/build/pal_gripper_description -- -j5 -l5
[2.573s] Invoking command in '/home/simone/bookros2_ws/build/pal_gripper_description': AMENT_PREFIX_PATH=/home/simone/bookros2_ws/install/urdf_test:${AMENT_PREFIX_PATH} CMAKE_PREFIX_PATH=/home/simone/bookros2_ws/install/urdf_test:/opt/ros/humble PYTHONPATH=/home/simone/bookros2_ws/install/urdf_test/local/lib/python3.10/dist-packages:${PYTHONPATH} /usr/bin/cmake --install /home/simone/bookros2_ws/build/pal_gripper_description
[2.587s] -- Install configuration: ""
[2.588s] -- Execute custom install script
[2.589s] -- Symlinking: /home/simone/bookros2_ws/install/pal_gripper_description/share/pal_gripper_description/gazebo/gazebo.urdf.xacro
[2.615s] -- Symlinking: /home/simone/bookros2_ws/install/pal_gripper_description/share/pal_gripper_description/meshes/gripper_finger_link.stl
[2.645s] -- Symlinking: /home/simone/bookros2_ws/install/pal_gripper_description/share/pal_gripper_description/meshes/gripper_finger_link_collision.stl
[2.681s] -- Symlinking: /home/simone/bookros2_ws/install/pal_gripper_description/share/pal_gripper_description/meshes/gripper_link.stl
[2.707s] -- Symlinking: /home/simone/bookros2_ws/install/pal_gripper_description/share/pal_gripper_description/meshes/gripper_link_collision.stl
[2.727s] -- Symlinking: /home/simone/bookros2_ws/install/pal_gripper_description/share/pal_gripper_description/robots/gripper_test.urdf.xacro
[2.749s] -- Symlinking: /home/simone/bookros2_ws/install/pal_gripper_description/share/pal_gripper_description/robots/upload.launch
[2.764s] -- Symlinking: /home/simone/bookros2_ws/install/pal_gripper_description/share/pal_gripper_description/robots/upload_gripper.launch
[2.774s] -- Symlinking: /home/simone/bookros2_ws/install/pal_gripper_description/share/pal_gripper_description/urdf/deg_to_rad.urdf.xacro
[2.788s] -- Symlinking: /home/simone/bookros2_ws/install/pal_gripper_description/share/pal_gripper_description/urdf/gripper.gazebo.xacro
[2.830s] -- Symlinking: /home/simone/bookros2_ws/install/pal_gripper_description/share/pal_gripper_description/urdf/gripper.ros2_control.xacro
[2.842s] -- Symlinking: /home/simone/bookros2_ws/install/pal_gripper_description/share/pal_gripper_description/urdf/gripper.transmission.xacro
[2.870s] -- Symlinking: /home/simone/bookros2_ws/install/pal_gripper_description/share/pal_gripper_description/urdf/gripper.urdf.xacro
[2.885s] -- Symlinking: /home/simone/bookros2_ws/install/pal_gripper_description/share/pal_gripper_description/urdf/materials.urdf.xacro
[2.894s] -- Symlinking: /home/simone/bookros2_ws/install/pal_gripper_description/share/ament_index/resource_index/package_run_dependencies/pal_gripper_description
[2.912s] -- Symlinking: /home/simone/bookros2_ws/install/pal_gripper_description/share/ament_index/resource_index/parent_prefix_path/pal_gripper_description
[2.923s] -- Symlinking: /home/simone/bookros2_ws/install/pal_gripper_description/share/pal_gripper_description/environment/ament_prefix_path.sh
[2.936s] -- Symlinking: /home/simone/bookros2_ws/install/pal_gripper_description/share/pal_gripper_description/environment/ament_prefix_path.dsv
[2.946s] -- Symlinking: /home/simone/bookros2_ws/install/pal_gripper_description/share/pal_gripper_description/environment/path.sh
[2.962s] -- Symlinking: /home/simone/bookros2_ws/install/pal_gripper_description/share/pal_gripper_description/environment/path.dsv
[2.974s] -- Symlinking: /home/simone/bookros2_ws/install/pal_gripper_description/share/pal_gripper_description/local_setup.bash
[2.984s] -- Symlinking: /home/simone/bookros2_ws/install/pal_gripper_description/share/pal_gripper_description/local_setup.sh
[3.000s] -- Symlinking: /home/simone/bookros2_ws/install/pal_gripper_description/share/pal_gripper_description/local_setup.zsh
[3.012s] -- Symlinking: /home/simone/bookros2_ws/install/pal_gripper_description/share/pal_gripper_description/local_setup.dsv
[3.028s] -- Symlinking: /home/simone/bookros2_ws/install/pal_gripper_description/share/pal_gripper_description/package.dsv
[3.039s] -- Symlinking: /home/simone/bookros2_ws/install/pal_gripper_description/share/ament_index/resource_index/packages/pal_gripper_description
[3.049s] -- Symlinking: /home/simone/bookros2_ws/install/pal_gripper_description/share/pal_gripper_description/cmake/ament_cmake_export_dependencies-extras.cmake
[3.057s] -- Symlinking: /home/simone/bookros2_ws/install/pal_gripper_description/share/pal_gripper_description/cmake/pal_gripper_descriptionConfig.cmake
[3.066s] -- Symlinking: /home/simone/bookros2_ws/install/pal_gripper_description/share/pal_gripper_description/cmake/pal_gripper_descriptionConfig-version.cmake
[3.074s] -- Symlinking: /home/simone/bookros2_ws/install/pal_gripper_description/share/pal_gripper_description/package.xml
[3.089s] Invoked command in '/home/simone/bookros2_ws/build/pal_gripper_description' returned '0': AMENT_PREFIX_PATH=/home/simone/bookros2_ws/install/urdf_test:${AMENT_PREFIX_PATH} CMAKE_PREFIX_PATH=/home/simone/bookros2_ws/install/urdf_test:/opt/ros/humble PYTHONPATH=/home/simone/bookros2_ws/install/urdf_test/local/lib/python3.10/dist-packages:${PYTHONPATH} /usr/bin/cmake --install /home/simone/bookros2_ws/build/pal_gripper_description
