[0.310s] Invoking command in '/home/simone/bookros2_ws/build/br2_navigation': CMAKE_PREFIX_PATH=/opt/ros/humble /usr/bin/cmake --build /home/simone/bookros2_ws/build/br2_navigation -- -j6 -l6
[0.356s] Invoked command in '/home/simone/bookros2_ws/build/br2_navigation' returned '0': CMAKE_PREFIX_PATH=/opt/ros/humble /usr/bin/cmake --build /home/simone/bookros2_ws/build/br2_navigation -- -j6 -l6
[0.385s] Invoking command in '/home/simone/bookros2_ws/build/br2_navigation': CMAKE_PREFIX_PATH=/opt/ros/humble /usr/bin/cmake --install /home/simone/bookros2_ws/build/br2_navigation
[0.393s] -- Install configuration: ""
[0.393s] -- Execute custom install script
[0.394s] -- Up-to-date symlink: /home/simone/bookros2_ws/install/br2_navigation/share/br2_navigation/launch/navigation_launch.py
[0.396s] -- Up-to-date symlink: /home/simone/bookros2_ws/install/br2_navigation/share/br2_navigation/launch/tiago_navigation.launch.py
[0.397s] -- Up-to-date symlink: /home/simone/bookros2_ws/install/br2_navigation/share/br2_navigation/params/mapper_params_online_async.yaml
[0.405s] -- Up-to-date symlink: /home/simone/bookros2_ws/install/br2_navigation/share/br2_navigation/params/tiago_nav_params.yaml
[0.405s] -- Up-to-date symlink: /home/simone/bookros2_ws/install/br2_navigation/share/br2_navigation/maps/home.pgm
[0.406s] -- Up-to-date symlink: /home/simone/bookros2_ws/install/br2_navigation/share/br2_navigation/maps/home.yaml
[0.406s] -- Up-to-date symlink: /home/simone/bookros2_ws/install/br2_navigation/share/ament_index/resource_index/package_run_dependencies/br2_navigation
[0.406s] -- Up-to-date symlink: /home/simone/bookros2_ws/install/br2_navigation/share/ament_index/resource_index/parent_prefix_path/br2_navigation
[0.406s] -- Up-to-date symlink: /home/simone/bookros2_ws/install/br2_navigation/share/br2_navigation/environment/ament_prefix_path.sh
[0.406s] -- Up-to-date symlink: /home/simone/bookros2_ws/install/br2_navigation/share/br2_navigation/environment/ament_prefix_path.dsv
[0.407s] -- Up-to-date symlink: /home/simone/bookros2_ws/install/br2_navigation/share/br2_navigation/environment/path.sh
[0.407s] -- Up-to-date symlink: /home/simone/bookros2_ws/install/br2_navigation/share/br2_navigation/environment/path.dsv
[0.407s] -- Up-to-date symlink: /home/simone/bookros2_ws/install/br2_navigation/share/br2_navigation/local_setup.bash
[0.408s] -- Up-to-date symlink: /home/simone/bookros2_ws/install/br2_navigation/share/br2_navigation/local_setup.sh
[0.409s] -- Up-to-date symlink: /home/simone/bookros2_ws/install/br2_navigation/share/br2_navigation/local_setup.zsh
[0.409s] -- Up-to-date symlink: /home/simone/bookros2_ws/install/br2_navigation/share/br2_navigation/local_setup.dsv
[0.409s] -- Symlinking: /home/simone/bookros2_ws/install/br2_navigation/share/br2_navigation/package.dsv
[0.418s] -- Up-to-date symlink: /home/simone/bookros2_ws/install/br2_navigation/share/ament_index/resource_index/packages/br2_navigation
[0.419s] -- Up-to-date symlink: /home/simone/bookros2_ws/install/br2_navigation/share/br2_navigation/cmake/br2_navigationConfig.cmake
[0.419s] -- Up-to-date symlink: /home/simone/bookros2_ws/install/br2_navigation/share/br2_navigation/cmake/br2_navigationConfig-version.cmake
[0.419s] -- Up-to-date symlink: /home/simone/bookros2_ws/install/br2_navigation/share/br2_navigation/package.xml
[0.745s] Invoked command in '/home/simone/bookros2_ws/build/br2_navigation' returned '0': CMAKE_PREFIX_PATH=/opt/ros/humble /usr/bin/cmake --install /home/simone/bookros2_ws/build/br2_navigation
