[2.655s] Invoking command in '/home/simone/bookros2_ws/build/br2_fsm_bumpgo_py': PYTHONPATH=/home/simone/bookros2_ws/build/br2_fsm_bumpgo_py/prefix_override:/home/simone/bookros2_ws/install/br2_fsm_bumpgo_py/lib/python3.10/site-packages:${PYTHONPATH} /usr/bin/python3 setup.py develop --editable --build-directory /home/simone/bookros2_ws/build/br2_fsm_bumpgo_py/build --no-deps install_data
[3.774s] running develop
[3.774s] /usr/lib/python3/dist-packages/setuptools/command/easy_install.py:158: EasyInstallDeprecationWarning: easy_install command is deprecated. Use build and pip and other standards-based tools.
[3.775s]   warnings.warn(
[3.775s] /usr/lib/python3/dist-packages/setuptools/command/install.py:34: SetuptoolsDeprecationWarning: setup.py install is deprecated. Use build and pip and other standards-based tools.
[3.775s]   warnings.warn(
[3.962s] /usr/lib/python3/dist-packages/pkg_resources/__init__.py:116: PkgResourcesDeprecationWarning: 1.16.0-unknown is an invalid version and will not be supported in a future release
[3.963s]   warnings.warn(
[3.963s] /usr/lib/python3/dist-packages/pkg_resources/__init__.py:116: PkgResourcesDeprecationWarning: 1.1build1 is an invalid version and will not be supported in a future release
[3.963s]   warnings.warn(
[3.964s] /usr/lib/python3/dist-packages/pkg_resources/__init__.py:116: PkgResourcesDeprecationWarning: 0.1.43ubuntu1 is an invalid version and will not be supported in a future release
[3.964s]   warnings.warn(
[4.505s] running egg_info
[4.505s] writing br2_fsm_bumpgo_py.egg-info/PKG-INFO
[4.505s] writing dependency_links to br2_fsm_bumpgo_py.egg-info/dependency_links.txt
[4.512s] writing entry points to br2_fsm_bumpgo_py.egg-info/entry_points.txt
[4.514s] writing requirements to br2_fsm_bumpgo_py.egg-info/requires.txt
[4.516s] writing top-level names to br2_fsm_bumpgo_py.egg-info/top_level.txt
[4.524s] reading manifest file 'br2_fsm_bumpgo_py.egg-info/SOURCES.txt'
[4.524s] writing manifest file 'br2_fsm_bumpgo_py.egg-info/SOURCES.txt'
[4.532s] running build_ext
[4.538s] Creating /home/simone/bookros2_ws/install/br2_fsm_bumpgo_py/lib/python3.10/site-packages/br2-fsm-bumpgo-py.egg-link (link to .)
[4.541s] Installing bump_go_ex1 script to /home/simone/bookros2_ws/install/br2_fsm_bumpgo_py/lib/br2_fsm_bumpgo_py
[4.543s] Installing bump_go_main script to /home/simone/bookros2_ws/install/br2_fsm_bumpgo_py/lib/br2_fsm_bumpgo_py
[4.546s] 
[4.547s] Installed /home/simone/bookros2_ws/build/br2_fsm_bumpgo_py
[4.547s] running install_data
[4.638s] Invoked command in '/home/simone/bookros2_ws/build/br2_fsm_bumpgo_py' returned '0': PYTHONPATH=/home/simone/bookros2_ws/build/br2_fsm_bumpgo_py/prefix_override:/home/simone/bookros2_ws/install/br2_fsm_bumpgo_py/lib/python3.10/site-packages:${PYTHONPATH} /usr/bin/python3 setup.py develop --editable --build-directory /home/simone/bookros2_ws/build/br2_fsm_bumpgo_py/build --no-deps install_data
