[0.402s] Invoking command in '/home/simone/bookros2_ws/build/tiago_moveit_config': AMENT_PREFIX_PATH=/home/simone/bookros2_ws/install/tiago_description:/home/simone/bookros2_ws/install/tiago_controller_configuration:/home/simone/bookros2_ws/install/pmb2_description:/home/simone/bookros2_ws/install/pal_gripper_description:/home/simone/bookros2_ws/install/pmb2_controller_configuration:/home/simone/bookros2_ws/install/pal_gripper_controller_configuration:/home/simone/bookros2_ws/install/launch_pal:/home/simone/bookros2_ws/install/hey5_description:${AMENT_PREFIX_PATH} CMAKE_PREFIX_PATH=/home/simone/bookros2_ws/install/tiago_description:/home/simone/bookros2_ws/install/tiago_controller_configuration:/home/simone/bookros2_ws/install/pmb2_description:/home/simone/bookros2_ws/install/pal_gripper_description:/home/simone/bookros2_ws/install/pmb2_controller_configuration:/home/simone/bookros2_ws/install/pal_gripper_controller_configuration:/home/simone/bookros2_ws/install/hey5_description:/opt/ros/humble PYTHONPATH=/home/simone/bookros2_ws/install/tiago_description/local/lib/python3.10/dist-packages:/home/simone/bookros2_ws/install/pmb2_description/local/lib/python3.10/dist-packages:/home/simone/bookros2_ws/build/launch_pal:/home/simone/bookros2_ws/install/launch_pal/lib/python3.10/site-packages:${PYTHONPATH} /usr/bin/cmake /home/simone/bookros2_ws/src/ThirdParty/tiago_moveit_config -DAMENT_CMAKE_SYMLINK_INSTALL=1 -DCMAKE_INSTALL_PREFIX=/home/simone/bookros2_ws/install/tiago_moveit_config
[0.952s] -- The C compiler identification is GNU 11.3.0
[1.470s] -- The CXX compiler identification is GNU 11.3.0
[1.553s] -- Detecting C compiler ABI info
[2.582s] -- Detecting C compiler ABI info - done
[2.626s] -- Check for working C compiler: /usr/bin/cc - skipped
[2.627s] -- Detecting C compile features
[2.631s] -- Detecting C compile features - done
[2.652s] -- Detecting CXX compiler ABI info
[3.405s] -- Detecting CXX compiler ABI info - done
[3.416s] -- Check for working CXX compiler: /usr/bin/c++ - skipped
[3.417s] -- Detecting CXX compile features
[3.421s] -- Detecting CXX compile features - done
[3.476s] -- Found ament_cmake: 1.3.5 (/opt/ros/humble/share/ament_cmake/cmake)
[4.978s] -- Found Python3: /usr/bin/python3.10 (found version "3.10.6") found components: Interpreter 
[5.758s] -- Override CMake install command with custom implementation using symlinks instead of copying resources
[6.059s] -- Found ament_lint_auto: 0.12.6 (/opt/ros/humble/share/ament_lint_auto/cmake)
[6.943s] -- Added test 'copyright' to check source files copyright and LICENSE
[6.994s] -- Added test 'flake8' to check Python code syntax and style conventions
[7.006s] -- Added test 'lint_cmake' to check CMake code style
[7.020s] -- Added test 'pep257' to check Python code against some of the docstring style conventions in PEP 257
[7.028s] -- Added test 'xmllint' to check XML markup files
[7.061s] -- Configuring done
[7.248s] -- Generating done
[7.344s] -- Build files have been written to: /home/simone/bookros2_ws/build/tiago_moveit_config
[7.472s] Invoked command in '/home/simone/bookros2_ws/build/tiago_moveit_config' returned '0': AMENT_PREFIX_PATH=/home/simone/bookros2_ws/install/tiago_description:/home/simone/bookros2_ws/install/tiago_controller_configuration:/home/simone/bookros2_ws/install/pmb2_description:/home/simone/bookros2_ws/install/pal_gripper_description:/home/simone/bookros2_ws/install/pmb2_controller_configuration:/home/simone/bookros2_ws/install/pal_gripper_controller_configuration:/home/simone/bookros2_ws/install/launch_pal:/home/simone/bookros2_ws/install/hey5_description:${AMENT_PREFIX_PATH} CMAKE_PREFIX_PATH=/home/simone/bookros2_ws/install/tiago_description:/home/simone/bookros2_ws/install/tiago_controller_configuration:/home/simone/bookros2_ws/install/pmb2_description:/home/simone/bookros2_ws/install/pal_gripper_description:/home/simone/bookros2_ws/install/pmb2_controller_configuration:/home/simone/bookros2_ws/install/pal_gripper_controller_configuration:/home/simone/bookros2_ws/install/hey5_description:/opt/ros/humble PYTHONPATH=/home/simone/bookros2_ws/install/tiago_description/local/lib/python3.10/dist-packages:/home/simone/bookros2_ws/install/pmb2_description/local/lib/python3.10/dist-packages:/home/simone/bookros2_ws/build/launch_pal:/home/simone/bookros2_ws/install/launch_pal/lib/python3.10/site-packages:${PYTHONPATH} /usr/bin/cmake /home/simone/bookros2_ws/src/ThirdParty/tiago_moveit_config -DAMENT_CMAKE_SYMLINK_INSTALL=1 -DCMAKE_INSTALL_PREFIX=/home/simone/bookros2_ws/install/tiago_moveit_config
[7.520s] Invoking command in '/home/simone/bookros2_ws/build/tiago_moveit_config': AMENT_PREFIX_PATH=/home/simone/bookros2_ws/install/tiago_description:/home/simone/bookros2_ws/install/tiago_controller_configuration:/home/simone/bookros2_ws/install/pmb2_description:/home/simone/bookros2_ws/install/pal_gripper_description:/home/simone/bookros2_ws/install/pmb2_controller_configuration:/home/simone/bookros2_ws/install/pal_gripper_controller_configuration:/home/simone/bookros2_ws/install/launch_pal:/home/simone/bookros2_ws/install/hey5_description:${AMENT_PREFIX_PATH} CMAKE_PREFIX_PATH=/home/simone/bookros2_ws/install/tiago_description:/home/simone/bookros2_ws/install/tiago_controller_configuration:/home/simone/bookros2_ws/install/pmb2_description:/home/simone/bookros2_ws/install/pal_gripper_description:/home/simone/bookros2_ws/install/pmb2_controller_configuration:/home/simone/bookros2_ws/install/pal_gripper_controller_configuration:/home/simone/bookros2_ws/install/hey5_description:/opt/ros/humble PYTHONPATH=/home/simone/bookros2_ws/install/tiago_description/local/lib/python3.10/dist-packages:/home/simone/bookros2_ws/install/pmb2_description/local/lib/python3.10/dist-packages:/home/simone/bookros2_ws/build/launch_pal:/home/simone/bookros2_ws/install/launch_pal/lib/python3.10/site-packages:${PYTHONPATH} /usr/bin/cmake --build /home/simone/bookros2_ws/build/tiago_moveit_config -- -j5 -l5
[8.324s] Invoked command in '/home/simone/bookros2_ws/build/tiago_moveit_config' returned '0': AMENT_PREFIX_PATH=/home/simone/bookros2_ws/install/tiago_description:/home/simone/bookros2_ws/install/tiago_controller_configuration:/home/simone/bookros2_ws/install/pmb2_description:/home/simone/bookros2_ws/install/pal_gripper_description:/home/simone/bookros2_ws/install/pmb2_controller_configuration:/home/simone/bookros2_ws/install/pal_gripper_controller_configuration:/home/simone/bookros2_ws/install/launch_pal:/home/simone/bookros2_ws/install/hey5_description:${AMENT_PREFIX_PATH} CMAKE_PREFIX_PATH=/home/simone/bookros2_ws/install/tiago_description:/home/simone/bookros2_ws/install/tiago_controller_configuration:/home/simone/bookros2_ws/install/pmb2_description:/home/simone/bookros2_ws/install/pal_gripper_description:/home/simone/bookros2_ws/install/pmb2_controller_configuration:/home/simone/bookros2_ws/install/pal_gripper_controller_configuration:/home/simone/bookros2_ws/install/hey5_description:/opt/ros/humble PYTHONPATH=/home/simone/bookros2_ws/install/tiago_description/local/lib/python3.10/dist-packages:/home/simone/bookros2_ws/install/pmb2_description/local/lib/python3.10/dist-packages:/home/simone/bookros2_ws/build/launch_pal:/home/simone/bookros2_ws/install/launch_pal/lib/python3.10/site-packages:${PYTHONPATH} /usr/bin/cmake --build /home/simone/bookros2_ws/build/tiago_moveit_config -- -j5 -l5
[8.829s] Invoking command in '/home/simone/bookros2_ws/build/tiago_moveit_config': AMENT_PREFIX_PATH=/home/simone/bookros2_ws/install/tiago_description:/home/simone/bookros2_ws/install/tiago_controller_configuration:/home/simone/bookros2_ws/install/pmb2_description:/home/simone/bookros2_ws/install/pal_gripper_description:/home/simone/bookros2_ws/install/pmb2_controller_configuration:/home/simone/bookros2_ws/install/pal_gripper_controller_configuration:/home/simone/bookros2_ws/install/launch_pal:/home/simone/bookros2_ws/install/hey5_description:${AMENT_PREFIX_PATH} CMAKE_PREFIX_PATH=/home/simone/bookros2_ws/install/tiago_description:/home/simone/bookros2_ws/install/tiago_controller_configuration:/home/simone/bookros2_ws/install/pmb2_description:/home/simone/bookros2_ws/install/pal_gripper_description:/home/simone/bookros2_ws/install/pmb2_controller_configuration:/home/simone/bookros2_ws/install/pal_gripper_controller_configuration:/home/simone/bookros2_ws/install/hey5_description:/opt/ros/humble PYTHONPATH=/home/simone/bookros2_ws/install/tiago_description/local/lib/python3.10/dist-packages:/home/simone/bookros2_ws/install/pmb2_description/local/lib/python3.10/dist-packages:/home/simone/bookros2_ws/build/launch_pal:/home/simone/bookros2_ws/install/launch_pal/lib/python3.10/site-packages:${PYTHONPATH} /usr/bin/cmake --install /home/simone/bookros2_ws/build/tiago_moveit_config
[8.989s] -- Install configuration: ""
[9.015s] -- Execute custom install script
[9.032s] -- Symlinking: /home/simone/bookros2_ws/install/tiago_moveit_config/share/ament_index/resource_index/package_run_dependencies/tiago_moveit_config
[9.081s] -- Symlinking: /home/simone/bookros2_ws/install/tiago_moveit_config/share/ament_index/resource_index/parent_prefix_path/tiago_moveit_config
[9.188s] -- Symlinking: /home/simone/bookros2_ws/install/tiago_moveit_config/share/tiago_moveit_config/environment/ament_prefix_path.sh
[9.218s] -- Symlinking: /home/simone/bookros2_ws/install/tiago_moveit_config/share/tiago_moveit_config/environment/ament_prefix_path.dsv
[9.261s] -- Symlinking: /home/simone/bookros2_ws/install/tiago_moveit_config/share/tiago_moveit_config/environment/path.sh
[9.326s] -- Symlinking: /home/simone/bookros2_ws/install/tiago_moveit_config/share/tiago_moveit_config/environment/path.dsv
[9.357s] -- Symlinking: /home/simone/bookros2_ws/install/tiago_moveit_config/share/tiago_moveit_config/local_setup.bash
[9.394s] -- Symlinking: /home/simone/bookros2_ws/install/tiago_moveit_config/share/tiago_moveit_config/local_setup.sh
[9.421s] -- Symlinking: /home/simone/bookros2_ws/install/tiago_moveit_config/share/tiago_moveit_config/local_setup.zsh
[9.455s] -- Symlinking: /home/simone/bookros2_ws/install/tiago_moveit_config/share/tiago_moveit_config/local_setup.dsv
[9.503s] -- Symlinking: /home/simone/bookros2_ws/install/tiago_moveit_config/share/tiago_moveit_config/package.dsv
[9.554s] -- Symlinking: /home/simone/bookros2_ws/install/tiago_moveit_config/share/ament_index/resource_index/packages/tiago_moveit_config
[9.594s] -- Symlinking: /home/simone/bookros2_ws/install/tiago_moveit_config/share/tiago_moveit_config/cmake/tiago_moveit_configConfig.cmake
[9.645s] -- Symlinking: /home/simone/bookros2_ws/install/tiago_moveit_config/share/tiago_moveit_config/cmake/tiago_moveit_configConfig-version.cmake
[9.701s] -- Symlinking: /home/simone/bookros2_ws/install/tiago_moveit_config/share/tiago_moveit_config/package.xml
[9.865s] -- Symlinking: /home/simone/bookros2_ws/install/tiago_moveit_config/share/tiago_moveit_config/launch/move_group.launch.py
[9.911s] -- Symlinking: /home/simone/bookros2_ws/install/tiago_moveit_config/share/tiago_moveit_config/launch/moveit_rviz.launch.py
[10.003s] -- Symlinking: /home/simone/bookros2_ws/install/tiago_moveit_config/share/tiago_moveit_config/config/controllers/controllers.yaml.em
[10.058s] -- Symlinking: /home/simone/bookros2_ws/install/tiago_moveit_config/share/tiago_moveit_config/config/controllers/controllers_no-arm.yaml
[10.096s] -- Symlinking: /home/simone/bookros2_ws/install/tiago_moveit_config/share/tiago_moveit_config/config/controllers/controllers_no-end-effector.yaml
[10.122s] -- Symlinking: /home/simone/bookros2_ws/install/tiago_moveit_config/share/tiago_moveit_config/config/controllers/controllers_no-end-effector_schunk-ft.yaml
[10.160s] -- Symlinking: /home/simone/bookros2_ws/install/tiago_moveit_config/share/tiago_moveit_config/config/controllers/controllers_pal-gripper.yaml
[10.223s] -- Symlinking: /home/simone/bookros2_ws/install/tiago_moveit_config/share/tiago_moveit_config/config/controllers/controllers_pal-gripper_schunk-ft.yaml
[10.332s] -- Symlinking: /home/simone/bookros2_ws/install/tiago_moveit_config/share/tiago_moveit_config/config/controllers/controllers_pal-hey5.yaml
[10.367s] -- Symlinking: /home/simone/bookros2_ws/install/tiago_moveit_config/share/tiago_moveit_config/config/controllers/controllers_pal-hey5_schunk-ft.yaml
[10.405s] -- Symlinking: /home/simone/bookros2_ws/install/tiago_moveit_config/share/tiago_moveit_config/config/fake_controllers/fake_controllers.yaml.em
[10.445s] -- Symlinking: /home/simone/bookros2_ws/install/tiago_moveit_config/share/tiago_moveit_config/config/fake_controllers/fake_controllers_no-arm.yaml
[10.504s] -- Symlinking: /home/simone/bookros2_ws/install/tiago_moveit_config/share/tiago_moveit_config/config/fake_controllers/fake_controllers_no-end-effector.yaml
[10.546s] -- Symlinking: /home/simone/bookros2_ws/install/tiago_moveit_config/share/tiago_moveit_config/config/fake_controllers/fake_controllers_no-end-effector_schunk-ft.yaml
[10.592s] -- Symlinking: /home/simone/bookros2_ws/install/tiago_moveit_config/share/tiago_moveit_config/config/fake_controllers/fake_controllers_pal-gripper.yaml
[10.663s] -- Symlinking: /home/simone/bookros2_ws/install/tiago_moveit_config/share/tiago_moveit_config/config/fake_controllers/fake_controllers_pal-gripper_schunk-ft.yaml
[10.703s] -- Symlinking: /home/simone/bookros2_ws/install/tiago_moveit_config/share/tiago_moveit_config/config/fake_controllers/fake_controllers_pal-hey5.yaml
[10.736s] -- Symlinking: /home/simone/bookros2_ws/install/tiago_moveit_config/share/tiago_moveit_config/config/fake_controllers/fake_controllers_pal-hey5_schunk-ft.yaml
[10.813s] -- Symlinking: /home/simone/bookros2_ws/install/tiago_moveit_config/share/tiago_moveit_config/config/joint_limits.yaml
[10.831s] -- Symlinking: /home/simone/bookros2_ws/install/tiago_moveit_config/share/tiago_moveit_config/config/kinematics_kdl.yaml
[10.866s] -- Symlinking: /home/simone/bookros2_ws/install/tiago_moveit_config/share/tiago_moveit_config/config/kinematics_trac_ik.yaml
[10.885s] -- Symlinking: /home/simone/bookros2_ws/install/tiago_moveit_config/share/tiago_moveit_config/config/ompl_planning.yaml
[10.900s] -- Symlinking: /home/simone/bookros2_ws/install/tiago_moveit_config/share/tiago_moveit_config/config/pilz_cartesian_limits.yaml
[10.914s] -- Symlinking: /home/simone/bookros2_ws/install/tiago_moveit_config/share/tiago_moveit_config/config/rviz/moveit.rviz
[10.972s] -- Symlinking: /home/simone/bookros2_ws/install/tiago_moveit_config/share/tiago_moveit_config/config/sensors_rgbd.yaml
[11.042s] -- Symlinking: /home/simone/bookros2_ws/install/tiago_moveit_config/share/tiago_moveit_config/config/srdf/tiago.srdf.em
[11.077s] -- Symlinking: /home/simone/bookros2_ws/install/tiago_moveit_config/share/tiago_moveit_config/config/srdf/tiago_no-arm.srdf
[11.109s] -- Symlinking: /home/simone/bookros2_ws/install/tiago_moveit_config/share/tiago_moveit_config/config/srdf/tiago_no-end-effector.srdf
[11.164s] -- Symlinking: /home/simone/bookros2_ws/install/tiago_moveit_config/share/tiago_moveit_config/config/srdf/tiago_no-end-effector_schunk-ft.srdf
[11.234s] -- Symlinking: /home/simone/bookros2_ws/install/tiago_moveit_config/share/tiago_moveit_config/config/srdf/tiago_pal-gripper.srdf
[11.279s] -- Symlinking: /home/simone/bookros2_ws/install/tiago_moveit_config/share/tiago_moveit_config/config/srdf/tiago_pal-gripper_schunk-ft.srdf
[11.372s] -- Symlinking: /home/simone/bookros2_ws/install/tiago_moveit_config/share/tiago_moveit_config/config/srdf/tiago_pal-hey5.srdf
[11.472s] -- Symlinking: /home/simone/bookros2_ws/install/tiago_moveit_config/share/tiago_moveit_config/config/srdf/tiago_pal-hey5_schunk-ft.srdf
[11.653s] Invoked command in '/home/simone/bookros2_ws/build/tiago_moveit_config' returned '0': AMENT_PREFIX_PATH=/home/simone/bookros2_ws/install/tiago_description:/home/simone/bookros2_ws/install/tiago_controller_configuration:/home/simone/bookros2_ws/install/pmb2_description:/home/simone/bookros2_ws/install/pal_gripper_description:/home/simone/bookros2_ws/install/pmb2_controller_configuration:/home/simone/bookros2_ws/install/pal_gripper_controller_configuration:/home/simone/bookros2_ws/install/launch_pal:/home/simone/bookros2_ws/install/hey5_description:${AMENT_PREFIX_PATH} CMAKE_PREFIX_PATH=/home/simone/bookros2_ws/install/tiago_description:/home/simone/bookros2_ws/install/tiago_controller_configuration:/home/simone/bookros2_ws/install/pmb2_description:/home/simone/bookros2_ws/install/pal_gripper_description:/home/simone/bookros2_ws/install/pmb2_controller_configuration:/home/simone/bookros2_ws/install/pal_gripper_controller_configuration:/home/simone/bookros2_ws/install/hey5_description:/opt/ros/humble PYTHONPATH=/home/simone/bookros2_ws/install/tiago_description/local/lib/python3.10/dist-packages:/home/simone/bookros2_ws/install/pmb2_description/local/lib/python3.10/dist-packages:/home/simone/bookros2_ws/build/launch_pal:/home/simone/bookros2_ws/install/launch_pal/lib/python3.10/site-packages:${PYTHONPATH} /usr/bin/cmake --install /home/simone/bookros2_ws/build/tiago_moveit_config
