-- Found ament_cmake: 1.3.5 (/opt/ros/humble/share/ament_cmake/cmake)
-- Override CMake install command with custom implementation using symlinks instead of copying resources
-- Found rclcpp: 16.0.4 (/opt/ros/humble/share/rclcpp/cmake)
-- Found rosidl_generator_c: 3.1.4 (/opt/ros/humble/share/rosidl_generator_c/cmake)
-- Found rosidl_adapter: 3.1.4 (/opt/ros/humble/share/rosidl_adapter/cmake)
-- Found rosidl_generator_cpp: 3.1.4 (/opt/ros/humble/share/rosidl_generator_cpp/cmake)
-- Using all available rosidl_typesupport_c: rosidl_typesupport_fastrtps_c;rosidl_typesupport_introspection_c
-- Using all available rosidl_typesupport_cpp: rosidl_typesupport_fastrtps_cpp;rosidl_typesupport_introspection_cpp
-- Found rmw_implementation_cmake: 6.1.1 (/opt/ros/humble/share/rmw_implementation_cmake/cmake)
-- Found rmw_fastrtps_cpp: 6.2.2 (/opt/ros/humble/share/rmw_fastrtps_cpp/cmake)
-- Using RMW implementation 'rmw_fastrtps_cpp' as default
-- Found tf2_ros: 0.25.2 (/opt/ros/humble/share/tf2_ros/cmake)
-- Found tf2_geometry_msgs: 0.25.2 (/opt/ros/humble/share/tf2_geometry_msgs/cmake)
-- Found eigen3_cmake_module: 0.1.1 (/opt/ros/humble/share/eigen3_cmake_module/cmake)
-- Ensuring Eigen3 include directory is part of orocos-kdl CMake target
-- Found sensor_msgs: 4.2.3 (/opt/ros/humble/share/sensor_msgs/cmake)
-- Found visualization_msgs: 4.2.3 (/opt/ros/humble/share/visualization_msgs/cmake)
-- Found ament_lint_auto: 0.12.6 (/opt/ros/humble/share/ament_lint_auto/cmake)
-- Added test 'copyright' to check source files copyright and LICENSE
-- Added test 'cppcheck' to perform static code analysis on C / C++ code
-- Configured cppcheck include dirs: /home/simone/bookros2_ws/src/book_ros2/br2_tf2_detector/include
-- Configured cppcheck exclude dirs and/or files: 
-- Added test 'cpplint' to check C / C++ code against the Google style
-- Configured cpplint exclude dirs and/or files: 
-- Added test 'flake8' to check Python code syntax and style conventions
-- Added test 'lint_cmake' to check CMake code style
-- Added test 'pep257' to check Python code against some of the docstring style conventions in PEP 257
-- Added test 'uncrustify' to check C / C++ code style
-- Configured uncrustify additional arguments: 
-- Added test 'xmllint' to check XML markup files
-- Configuring done
-- Generating done
-- Build files have been written to: /home/simone/bookros2_ws/build/br2_tf2_detector
[35m[1mConsolidate compiler generated dependencies of target br2_tf2_detector[0m
[ 50%] Built target br2_tf2_detector
[35m[1mConsolidate compiler generated dependencies of target detector[0m
[ 75%] Built target detector
[35m[1mConsolidate compiler generated dependencies of target detector_improved[0m
[100%] Built target detector_improved
-- Install configuration: ""
-- Execute custom install script
-- Up-to-date symlink: /home/simone/bookros2_ws/install/br2_tf2_detector/lib/libbr2_tf2_detector.so
-- Up-to-date symlink: /home/simone/bookros2_ws/install/br2_tf2_detector/lib/br2_tf2_detector/detector
-- Up-to-date symlink: /home/simone/bookros2_ws/install/br2_tf2_detector/lib/br2_tf2_detector/detector_improved
-- Up-to-date symlink: /home/simone/bookros2_ws/install/br2_tf2_detector/share/br2_tf2_detector/launch/detector_basic.launch.py
-- Up-to-date symlink: /home/simone/bookros2_ws/install/br2_tf2_detector/share/br2_tf2_detector/launch/detector_improved.launch.py
-- Up-to-date symlink: /home/simone/bookros2_ws/install/br2_tf2_detector/share/ament_index/resource_index/package_run_dependencies/br2_tf2_detector
-- Up-to-date symlink: /home/simone/bookros2_ws/install/br2_tf2_detector/share/ament_index/resource_index/parent_prefix_path/br2_tf2_detector
-- Up-to-date symlink: /home/simone/bookros2_ws/install/br2_tf2_detector/share/br2_tf2_detector/environment/ament_prefix_path.sh
-- Up-to-date symlink: /home/simone/bookros2_ws/install/br2_tf2_detector/share/br2_tf2_detector/environment/ament_prefix_path.dsv
-- Up-to-date symlink: /home/simone/bookros2_ws/install/br2_tf2_detector/share/br2_tf2_detector/environment/path.sh
-- Up-to-date symlink: /home/simone/bookros2_ws/install/br2_tf2_detector/share/br2_tf2_detector/environment/path.dsv
-- Up-to-date symlink: /home/simone/bookros2_ws/install/br2_tf2_detector/share/br2_tf2_detector/local_setup.bash
-- Up-to-date symlink: /home/simone/bookros2_ws/install/br2_tf2_detector/share/br2_tf2_detector/local_setup.sh
-- Up-to-date symlink: /home/simone/bookros2_ws/install/br2_tf2_detector/share/br2_tf2_detector/local_setup.zsh
-- Up-to-date symlink: /home/simone/bookros2_ws/install/br2_tf2_detector/share/br2_tf2_detector/local_setup.dsv
-- Symlinking: /home/simone/bookros2_ws/install/br2_tf2_detector/share/br2_tf2_detector/package.dsv
-- Up-to-date symlink: /home/simone/bookros2_ws/install/br2_tf2_detector/share/ament_index/resource_index/packages/br2_tf2_detector
-- Up-to-date symlink: /home/simone/bookros2_ws/install/br2_tf2_detector/share/br2_tf2_detector/cmake/br2_tf2_detectorConfig.cmake
-- Up-to-date symlink: /home/simone/bookros2_ws/install/br2_tf2_detector/share/br2_tf2_detector/cmake/br2_tf2_detectorConfig-version.cmake
-- Up-to-date symlink: /home/simone/bookros2_ws/install/br2_tf2_detector/share/br2_tf2_detector/package.xml
