[0.106s] Invoking command in '/home/simone/bookros2_ws/build/br2_tf2_detector': CMAKE_PREFIX_PATH=${CMAKE_PREFIX_PATH}:/home/simone/bookros2_ws/install/learning_tf2_py:/home/simone/bookros2_ws/install/launch_pal:/home/simone/bookros2_ws/install/br2_tf2_detector_py:/home/simone/bookros2_ws/install/br2_fsm_bumpgo_py:/opt/ros/humble /usr/bin/cmake /home/simone/bookros2_ws/src/book_ros2/br2_tf2_detector -DCMAKE_INSTALL_PREFIX=/home/simone/bookros2_ws/install/br2_tf2_detector
[0.153s] -- Found ament_cmake: 1.3.5 (/opt/ros/humble/share/ament_cmake/cmake)
[0.463s] -- Override CMake install command with custom implementation using symlinks instead of copying resources
[0.474s] -- Found rclcpp: 16.0.4 (/opt/ros/humble/share/rclcpp/cmake)
[0.517s] -- Found rosidl_generator_c: 3.1.4 (/opt/ros/humble/share/rosidl_generator_c/cmake)
[0.522s] -- Found rosidl_adapter: 3.1.4 (/opt/ros/humble/share/rosidl_adapter/cmake)
[0.532s] -- Found rosidl_generator_cpp: 3.1.4 (/opt/ros/humble/share/rosidl_generator_cpp/cmake)
[0.551s] -- Using all available rosidl_typesupport_c: rosidl_typesupport_fastrtps_c;rosidl_typesupport_introspection_c
[0.573s] -- Using all available rosidl_typesupport_cpp: rosidl_typesupport_fastrtps_cpp;rosidl_typesupport_introspection_cpp
[0.669s] -- Found rmw_implementation_cmake: 6.1.1 (/opt/ros/humble/share/rmw_implementation_cmake/cmake)
[0.672s] -- Found rmw_fastrtps_cpp: 6.2.2 (/opt/ros/humble/share/rmw_fastrtps_cpp/cmake)
[0.847s] -- Using RMW implementation 'rmw_fastrtps_cpp' as default
[1.243s] -- Found tf2_ros: 0.25.2 (/opt/ros/humble/share/tf2_ros/cmake)
[2.431s] -- Found tf2_geometry_msgs: 0.25.2 (/opt/ros/humble/share/tf2_geometry_msgs/cmake)
[2.454s] -- Found eigen3_cmake_module: 0.1.1 (/opt/ros/humble/share/eigen3_cmake_module/cmake)
[2.561s] -- Ensuring Eigen3 include directory is part of orocos-kdl CMake target
[2.561s] -- Found sensor_msgs: 4.2.3 (/opt/ros/humble/share/sensor_msgs/cmake)
[2.629s] -- Found visualization_msgs: 4.2.3 (/opt/ros/humble/share/visualization_msgs/cmake)
[3.012s] -- Found ament_lint_auto: 0.12.6 (/opt/ros/humble/share/ament_lint_auto/cmake)
[3.163s] -- Added test 'copyright' to check source files copyright and LICENSE
[3.165s] -- Added test 'cppcheck' to perform static code analysis on C / C++ code
[3.167s] -- Configured cppcheck include dirs: /home/simone/bookros2_ws/src/book_ros2/br2_tf2_detector/include
[3.167s] -- Configured cppcheck exclude dirs and/or files: 
[3.171s] -- Added test 'cpplint' to check C / C++ code against the Google style
[3.171s] -- Configured cpplint exclude dirs and/or files: 
[3.175s] -- Added test 'flake8' to check Python code syntax and style conventions
[3.176s] -- Added test 'lint_cmake' to check CMake code style
[3.176s] -- Added test 'pep257' to check Python code against some of the docstring style conventions in PEP 257
[3.176s] -- Added test 'uncrustify' to check C / C++ code style
[3.176s] -- Configured uncrustify additional arguments: 
[3.176s] -- Added test 'xmllint' to check XML markup files
[3.182s] -- Configuring done
[3.293s] -- Generating done
[3.293s] -- Build files have been written to: /home/simone/bookros2_ws/build/br2_tf2_detector
[3.767s] Invoked command in '/home/simone/bookros2_ws/build/br2_tf2_detector' returned '0': CMAKE_PREFIX_PATH=${CMAKE_PREFIX_PATH}:/home/simone/bookros2_ws/install/learning_tf2_py:/home/simone/bookros2_ws/install/launch_pal:/home/simone/bookros2_ws/install/br2_tf2_detector_py:/home/simone/bookros2_ws/install/br2_fsm_bumpgo_py:/opt/ros/humble /usr/bin/cmake /home/simone/bookros2_ws/src/book_ros2/br2_tf2_detector -DCMAKE_INSTALL_PREFIX=/home/simone/bookros2_ws/install/br2_tf2_detector
[3.770s] Invoking command in '/home/simone/bookros2_ws/build/br2_tf2_detector': CMAKE_PREFIX_PATH=${CMAKE_PREFIX_PATH}:/home/simone/bookros2_ws/install/learning_tf2_py:/home/simone/bookros2_ws/install/launch_pal:/home/simone/bookros2_ws/install/br2_tf2_detector_py:/home/simone/bookros2_ws/install/br2_fsm_bumpgo_py:/opt/ros/humble /usr/bin/cmake --build /home/simone/bookros2_ws/build/br2_tf2_detector -- -j6 -l6
[3.868s] [35m[1mConsolidate compiler generated dependencies of target br2_tf2_detector[0m
[3.944s] [ 50%] Built target br2_tf2_detector
[4.022s] [35m[1mConsolidate compiler generated dependencies of target detector[0m
[4.087s] [ 75%] Built target detector
[4.140s] [35m[1mConsolidate compiler generated dependencies of target detector_improved[0m
[4.193s] [100%] Built target detector_improved
[4.243s] Invoked command in '/home/simone/bookros2_ws/build/br2_tf2_detector' returned '0': CMAKE_PREFIX_PATH=${CMAKE_PREFIX_PATH}:/home/simone/bookros2_ws/install/learning_tf2_py:/home/simone/bookros2_ws/install/launch_pal:/home/simone/bookros2_ws/install/br2_tf2_detector_py:/home/simone/bookros2_ws/install/br2_fsm_bumpgo_py:/opt/ros/humble /usr/bin/cmake --build /home/simone/bookros2_ws/build/br2_tf2_detector -- -j6 -l6
[4.509s] Invoking command in '/home/simone/bookros2_ws/build/br2_tf2_detector': CMAKE_PREFIX_PATH=${CMAKE_PREFIX_PATH}:/home/simone/bookros2_ws/install/learning_tf2_py:/home/simone/bookros2_ws/install/launch_pal:/home/simone/bookros2_ws/install/br2_tf2_detector_py:/home/simone/bookros2_ws/install/br2_fsm_bumpgo_py:/opt/ros/humble /usr/bin/cmake --install /home/simone/bookros2_ws/build/br2_tf2_detector
[4.515s] -- Install configuration: ""
[4.517s] -- Execute custom install script
[4.517s] -- Up-to-date symlink: /home/simone/bookros2_ws/install/br2_tf2_detector/lib/libbr2_tf2_detector.so
[4.518s] -- Up-to-date symlink: /home/simone/bookros2_ws/install/br2_tf2_detector/lib/br2_tf2_detector/detector
[4.518s] -- Up-to-date symlink: /home/simone/bookros2_ws/install/br2_tf2_detector/lib/br2_tf2_detector/detector_improved
[4.519s] -- Up-to-date symlink: /home/simone/bookros2_ws/install/br2_tf2_detector/share/br2_tf2_detector/launch/detector_basic.launch.py
[4.519s] -- Up-to-date symlink: /home/simone/bookros2_ws/install/br2_tf2_detector/share/br2_tf2_detector/launch/detector_improved.launch.py
[4.519s] -- Up-to-date symlink: /home/simone/bookros2_ws/install/br2_tf2_detector/share/ament_index/resource_index/package_run_dependencies/br2_tf2_detector
[4.520s] -- Up-to-date symlink: /home/simone/bookros2_ws/install/br2_tf2_detector/share/ament_index/resource_index/parent_prefix_path/br2_tf2_detector
[4.520s] -- Up-to-date symlink: /home/simone/bookros2_ws/install/br2_tf2_detector/share/br2_tf2_detector/environment/ament_prefix_path.sh
[4.520s] -- Up-to-date symlink: /home/simone/bookros2_ws/install/br2_tf2_detector/share/br2_tf2_detector/environment/ament_prefix_path.dsv
[4.521s] -- Up-to-date symlink: /home/simone/bookros2_ws/install/br2_tf2_detector/share/br2_tf2_detector/environment/path.sh
[4.521s] -- Up-to-date symlink: /home/simone/bookros2_ws/install/br2_tf2_detector/share/br2_tf2_detector/environment/path.dsv
[4.521s] -- Up-to-date symlink: /home/simone/bookros2_ws/install/br2_tf2_detector/share/br2_tf2_detector/local_setup.bash
[4.521s] -- Up-to-date symlink: /home/simone/bookros2_ws/install/br2_tf2_detector/share/br2_tf2_detector/local_setup.sh
[4.522s] -- Up-to-date symlink: /home/simone/bookros2_ws/install/br2_tf2_detector/share/br2_tf2_detector/local_setup.zsh
[4.522s] -- Up-to-date symlink: /home/simone/bookros2_ws/install/br2_tf2_detector/share/br2_tf2_detector/local_setup.dsv
[4.522s] -- Symlinking: /home/simone/bookros2_ws/install/br2_tf2_detector/share/br2_tf2_detector/package.dsv
[4.529s] -- Up-to-date symlink: /home/simone/bookros2_ws/install/br2_tf2_detector/share/ament_index/resource_index/packages/br2_tf2_detector
[4.529s] -- Up-to-date symlink: /home/simone/bookros2_ws/install/br2_tf2_detector/share/br2_tf2_detector/cmake/br2_tf2_detectorConfig.cmake
[4.529s] -- Up-to-date symlink: /home/simone/bookros2_ws/install/br2_tf2_detector/share/br2_tf2_detector/cmake/br2_tf2_detectorConfig-version.cmake
[4.530s] -- Up-to-date symlink: /home/simone/bookros2_ws/install/br2_tf2_detector/share/br2_tf2_detector/package.xml
[4.570s] Invoked command in '/home/simone/bookros2_ws/build/br2_tf2_detector' returned '0': CMAKE_PREFIX_PATH=${CMAKE_PREFIX_PATH}:/home/simone/bookros2_ws/install/learning_tf2_py:/home/simone/bookros2_ws/install/launch_pal:/home/simone/bookros2_ws/install/br2_tf2_detector_py:/home/simone/bookros2_ws/install/br2_fsm_bumpgo_py:/opt/ros/humble /usr/bin/cmake --install /home/simone/bookros2_ws/build/br2_tf2_detector
