[0.029s] Invoking command in '/home/simone/bookros2_ws/build/pmb2_2dnav': AMENT_PREFIX_PATH=/home/simone/bookros2_ws/install/pmb2_maps:/home/simone/bookros2_ws/install/pmb2_laser_sensors:${AMENT_PREFIX_PATH} CMAKE_PREFIX_PATH=/home/simone/bookros2_ws/install/pmb2_maps:/home/simone/bookros2_ws/install/pmb2_laser_sensors:/opt/ros/humble /usr/bin/cmake --build /home/simone/bookros2_ws/build/pmb2_2dnav -- -j6 -l6
[0.062s] Invoked command in '/home/simone/bookros2_ws/build/pmb2_2dnav' returned '0': AMENT_PREFIX_PATH=/home/simone/bookros2_ws/install/pmb2_maps:/home/simone/bookros2_ws/install/pmb2_laser_sensors:${AMENT_PREFIX_PATH} CMAKE_PREFIX_PATH=/home/simone/bookros2_ws/install/pmb2_maps:/home/simone/bookros2_ws/install/pmb2_laser_sensors:/opt/ros/humble /usr/bin/cmake --build /home/simone/bookros2_ws/build/pmb2_2dnav -- -j6 -l6
[0.091s] Invoking command in '/home/simone/bookros2_ws/build/pmb2_2dnav': AMENT_PREFIX_PATH=/home/simone/bookros2_ws/install/pmb2_maps:/home/simone/bookros2_ws/install/pmb2_laser_sensors:${AMENT_PREFIX_PATH} CMAKE_PREFIX_PATH=/home/simone/bookros2_ws/install/pmb2_maps:/home/simone/bookros2_ws/install/pmb2_laser_sensors:/opt/ros/humble /usr/bin/cmake --install /home/simone/bookros2_ws/build/pmb2_2dnav
[0.106s] -- Install configuration: ""
[0.110s] -- Execute custom install script
[0.111s] -- Up-to-date symlink: /home/simone/bookros2_ws/install/pmb2_2dnav/lib/pmb2_2dnav/record_mapping.sh
[0.113s] -- Up-to-date symlink: /home/simone/bookros2_ws/install/pmb2_2dnav/lib/pmb2_2dnav/record_move_base.sh
[0.113s] -- Up-to-date symlink: /home/simone/bookros2_ws/install/pmb2_2dnav/lib/pmb2_2dnav/record_odom.sh
[0.114s] -- Up-to-date symlink: /home/simone/bookros2_ws/install/pmb2_2dnav/lib/pmb2_2dnav/record_patrol.sh
[0.115s] -- Up-to-date symlink: /home/simone/bookros2_ws/install/pmb2_2dnav/lib/pmb2_2dnav/record_rgbd.sh
[0.118s] -- Up-to-date symlink: /home/simone/bookros2_ws/install/pmb2_2dnav/share/pmb2_2dnav/config/rviz/advanced_navigation.rviz
[0.118s] -- Up-to-date symlink: /home/simone/bookros2_ws/install/pmb2_2dnav/share/pmb2_2dnav/config/rviz/navigation.rviz
[0.119s] -- Up-to-date symlink: /home/simone/bookros2_ws/install/pmb2_2dnav/share/pmb2_2dnav/launch/pmb2_nav_bringup.launch.py
[0.119s] -- Up-to-date symlink: /home/simone/bookros2_ws/install/pmb2_2dnav/share/pmb2_2dnav/launch/pmb2_sim_nav_bringup.launch.py
[0.121s] -- Up-to-date symlink: /home/simone/bookros2_ws/install/pmb2_2dnav/share/pmb2_2dnav/params/pmb2_nav.yaml
[0.122s] -- Up-to-date symlink: /home/simone/bookros2_ws/install/pmb2_2dnav/share/pmb2_2dnav/params/pmb2_remappings.yaml
[0.122s] -- Up-to-date symlink: /home/simone/bookros2_ws/install/pmb2_2dnav/share/ament_index/resource_index/package_run_dependencies/pmb2_2dnav
[0.123s] -- Up-to-date symlink: /home/simone/bookros2_ws/install/pmb2_2dnav/share/ament_index/resource_index/parent_prefix_path/pmb2_2dnav
[0.123s] -- Up-to-date symlink: /home/simone/bookros2_ws/install/pmb2_2dnav/share/pmb2_2dnav/environment/ament_prefix_path.sh
[0.124s] -- Up-to-date symlink: /home/simone/bookros2_ws/install/pmb2_2dnav/share/pmb2_2dnav/environment/ament_prefix_path.dsv
[0.124s] -- Up-to-date symlink: /home/simone/bookros2_ws/install/pmb2_2dnav/share/pmb2_2dnav/environment/path.sh
[0.124s] -- Up-to-date symlink: /home/simone/bookros2_ws/install/pmb2_2dnav/share/pmb2_2dnav/environment/path.dsv
[0.125s] -- Up-to-date symlink: /home/simone/bookros2_ws/install/pmb2_2dnav/share/pmb2_2dnav/local_setup.bash
[0.125s] -- Up-to-date symlink: /home/simone/bookros2_ws/install/pmb2_2dnav/share/pmb2_2dnav/local_setup.sh
[0.126s] -- Up-to-date symlink: /home/simone/bookros2_ws/install/pmb2_2dnav/share/pmb2_2dnav/local_setup.zsh
[0.126s] -- Up-to-date symlink: /home/simone/bookros2_ws/install/pmb2_2dnav/share/pmb2_2dnav/local_setup.dsv
[0.126s] -- Symlinking: /home/simone/bookros2_ws/install/pmb2_2dnav/share/pmb2_2dnav/package.dsv
[0.139s] -- Up-to-date symlink: /home/simone/bookros2_ws/install/pmb2_2dnav/share/ament_index/resource_index/packages/pmb2_2dnav
[0.140s] -- Up-to-date symlink: /home/simone/bookros2_ws/install/pmb2_2dnav/share/pmb2_2dnav/cmake/pmb2_2dnavConfig.cmake
[0.140s] -- Up-to-date symlink: /home/simone/bookros2_ws/install/pmb2_2dnav/share/pmb2_2dnav/cmake/pmb2_2dnavConfig-version.cmake
[0.141s] -- Up-to-date symlink: /home/simone/bookros2_ws/install/pmb2_2dnav/share/pmb2_2dnav/package.xml
[0.148s] Invoked command in '/home/simone/bookros2_ws/build/pmb2_2dnav' returned '0': AMENT_PREFIX_PATH=/home/simone/bookros2_ws/install/pmb2_maps:/home/simone/bookros2_ws/install/pmb2_laser_sensors:${AMENT_PREFIX_PATH} CMAKE_PREFIX_PATH=/home/simone/bookros2_ws/install/pmb2_maps:/home/simone/bookros2_ws/install/pmb2_laser_sensors:/opt/ros/humble /usr/bin/cmake --install /home/simone/bookros2_ws/build/pmb2_2dnav
