[0.045s] Invoking command in '/home/simone/bookros2_ws/build/pmb2_navigation': AMENT_PREFIX_PATH=/home/simone/bookros2_ws/install/pmb2_2dnav:/home/simone/bookros2_ws/install/pmb2_maps:/home/simone/bookros2_ws/install/pmb2_laser_sensors:${AMENT_PREFIX_PATH} CMAKE_PREFIX_PATH=/home/simone/bookros2_ws/install/pmb2_2dnav:/home/simone/bookros2_ws/install/pmb2_maps:/home/simone/bookros2_ws/install/pmb2_laser_sensors:/opt/ros/humble /usr/bin/cmake --build /home/simone/bookros2_ws/build/pmb2_navigation -- -j6 -l6
[0.097s] Invoked command in '/home/simone/bookros2_ws/build/pmb2_navigation' returned '0': AMENT_PREFIX_PATH=/home/simone/bookros2_ws/install/pmb2_2dnav:/home/simone/bookros2_ws/install/pmb2_maps:/home/simone/bookros2_ws/install/pmb2_laser_sensors:${AMENT_PREFIX_PATH} CMAKE_PREFIX_PATH=/home/simone/bookros2_ws/install/pmb2_2dnav:/home/simone/bookros2_ws/install/pmb2_maps:/home/simone/bookros2_ws/install/pmb2_laser_sensors:/opt/ros/humble /usr/bin/cmake --build /home/simone/bookros2_ws/build/pmb2_navigation -- -j6 -l6
[0.143s] Invoking command in '/home/simone/bookros2_ws/build/pmb2_navigation': AMENT_PREFIX_PATH=/home/simone/bookros2_ws/install/pmb2_2dnav:/home/simone/bookros2_ws/install/pmb2_maps:/home/simone/bookros2_ws/install/pmb2_laser_sensors:${AMENT_PREFIX_PATH} CMAKE_PREFIX_PATH=/home/simone/bookros2_ws/install/pmb2_2dnav:/home/simone/bookros2_ws/install/pmb2_maps:/home/simone/bookros2_ws/install/pmb2_laser_sensors:/opt/ros/humble /usr/bin/cmake --install /home/simone/bookros2_ws/build/pmb2_navigation
[0.163s] -- Install configuration: ""
[0.163s] -- Execute custom install script
[0.164s] -- Up-to-date symlink: /home/simone/bookros2_ws/install/pmb2_navigation/share/ament_index/resource_index/package_run_dependencies/pmb2_navigation
[0.165s] -- Up-to-date symlink: /home/simone/bookros2_ws/install/pmb2_navigation/share/ament_index/resource_index/parent_prefix_path/pmb2_navigation
[0.165s] -- Up-to-date symlink: /home/simone/bookros2_ws/install/pmb2_navigation/share/pmb2_navigation/environment/ament_prefix_path.sh
[0.165s] -- Up-to-date symlink: /home/simone/bookros2_ws/install/pmb2_navigation/share/pmb2_navigation/environment/ament_prefix_path.dsv
[0.166s] -- Up-to-date symlink: /home/simone/bookros2_ws/install/pmb2_navigation/share/pmb2_navigation/environment/path.sh
[0.166s] -- Up-to-date symlink: /home/simone/bookros2_ws/install/pmb2_navigation/share/pmb2_navigation/environment/path.dsv
[0.166s] -- Up-to-date symlink: /home/simone/bookros2_ws/install/pmb2_navigation/share/pmb2_navigation/local_setup.bash
[0.166s] -- Up-to-date symlink: /home/simone/bookros2_ws/install/pmb2_navigation/share/pmb2_navigation/local_setup.sh
[0.167s] -- Up-to-date symlink: /home/simone/bookros2_ws/install/pmb2_navigation/share/pmb2_navigation/local_setup.zsh
[0.171s] -- Up-to-date symlink: /home/simone/bookros2_ws/install/pmb2_navigation/share/pmb2_navigation/local_setup.dsv
[0.172s] -- Symlinking: /home/simone/bookros2_ws/install/pmb2_navigation/share/pmb2_navigation/package.dsv
[0.178s] -- Up-to-date symlink: /home/simone/bookros2_ws/install/pmb2_navigation/share/ament_index/resource_index/packages/pmb2_navigation
[0.179s] -- Up-to-date symlink: /home/simone/bookros2_ws/install/pmb2_navigation/share/pmb2_navigation/cmake/pmb2_navigationConfig.cmake
[0.179s] -- Up-to-date symlink: /home/simone/bookros2_ws/install/pmb2_navigation/share/pmb2_navigation/cmake/pmb2_navigationConfig-version.cmake
[0.179s] -- Up-to-date symlink: /home/simone/bookros2_ws/install/pmb2_navigation/share/pmb2_navigation/package.xml
[0.232s] Invoked command in '/home/simone/bookros2_ws/build/pmb2_navigation' returned '0': AMENT_PREFIX_PATH=/home/simone/bookros2_ws/install/pmb2_2dnav:/home/simone/bookros2_ws/install/pmb2_maps:/home/simone/bookros2_ws/install/pmb2_laser_sensors:${AMENT_PREFIX_PATH} CMAKE_PREFIX_PATH=/home/simone/bookros2_ws/install/pmb2_2dnav:/home/simone/bookros2_ws/install/pmb2_maps:/home/simone/bookros2_ws/install/pmb2_laser_sensors:/opt/ros/humble /usr/bin/cmake --install /home/simone/bookros2_ws/build/pmb2_navigation
