[0.830s] Invoking command in '/home/simone/bookros2_ws/build/learning_tf2_py': PYTHONPATH=/home/simone/bookros2_ws/build/learning_tf2_py/prefix_override:/home/simone/bookros2_ws/install/learning_tf2_py/lib/python3.10/site-packages:${PYTHONPATH} /usr/bin/python3 setup.py develop --uninstall --editable --build-directory /home/simone/bookros2_ws/build/learning_tf2_py/build
[1.197s] running develop
[1.197s] /usr/lib/python3/dist-packages/setuptools/command/easy_install.py:158: EasyInstallDeprecationWarning: easy_install command is deprecated. Use build and pip and other standards-based tools.
[1.197s]   warnings.warn(
[1.198s] /usr/lib/python3/dist-packages/setuptools/command/install.py:34: SetuptoolsDeprecationWarning: setup.py install is deprecated. Use build and pip and other standards-based tools.
[1.198s]   warnings.warn(
[1.271s] /usr/lib/python3/dist-packages/pkg_resources/__init__.py:116: PkgResourcesDeprecationWarning: 1.16.0-unknown is an invalid version and will not be supported in a future release
[1.272s]   warnings.warn(
[1.272s] /usr/lib/python3/dist-packages/pkg_resources/__init__.py:116: PkgResourcesDeprecationWarning: 1.1build1 is an invalid version and will not be supported in a future release
[1.272s]   warnings.warn(
[1.443s] Invoked command in '/home/simone/bookros2_ws/build/learning_tf2_py' returned '0': PYTHONPATH=/home/simone/bookros2_ws/build/learning_tf2_py/prefix_override:/home/simone/bookros2_ws/install/learning_tf2_py/lib/python3.10/site-packages:${PYTHONPATH} /usr/bin/python3 setup.py develop --uninstall --editable --build-directory /home/simone/bookros2_ws/build/learning_tf2_py/build
[1.446s] Invoking command in '/home/simone/bookros2_ws/src/learning_tf2_py': PYTHONPATH=/home/simone/bookros2_ws/build/learning_tf2_py/prefix_override:/home/simone/bookros2_ws/install/learning_tf2_py/lib/python3.10/site-packages:${PYTHONPATH} /usr/bin/python3 setup.py egg_info --egg-base ../../build/learning_tf2_py build --build-base /home/simone/bookros2_ws/build/learning_tf2_py/build install --record /home/simone/bookros2_ws/build/learning_tf2_py/install.log --single-version-externally-managed
[1.730s] running egg_info
[1.731s] writing ../../build/learning_tf2_py/learning_tf2_py.egg-info/PKG-INFO
[1.731s] writing dependency_links to ../../build/learning_tf2_py/learning_tf2_py.egg-info/dependency_links.txt
[1.731s] writing entry points to ../../build/learning_tf2_py/learning_tf2_py.egg-info/entry_points.txt
[1.732s] writing requirements to ../../build/learning_tf2_py/learning_tf2_py.egg-info/requires.txt
[1.732s] writing top-level names to ../../build/learning_tf2_py/learning_tf2_py.egg-info/top_level.txt
[1.733s] reading manifest file '../../build/learning_tf2_py/learning_tf2_py.egg-info/SOURCES.txt'
[1.735s] writing manifest file '../../build/learning_tf2_py/learning_tf2_py.egg-info/SOURCES.txt'
[1.735s] running build
[1.735s] running build_py
[1.735s] running install
[1.735s] /usr/lib/python3/dist-packages/setuptools/command/install.py:34: SetuptoolsDeprecationWarning: setup.py install is deprecated. Use build and pip and other standards-based tools.
[1.735s]   warnings.warn(
[1.735s] running install_lib
[1.737s] running install_data
[1.737s] running install_egg_info
[1.741s] removing '/home/simone/bookros2_ws/install/learning_tf2_py/lib/python3.10/site-packages/learning_tf2_py-0.0.0-py3.10.egg-info' (and everything under it)
[1.741s] Copying ../../build/learning_tf2_py/learning_tf2_py.egg-info to /home/simone/bookros2_ws/install/learning_tf2_py/lib/python3.10/site-packages/learning_tf2_py-0.0.0-py3.10.egg-info
[1.742s] running install_scripts
[1.763s] Installing static_turtle_tf2_broadcaster script to /home/simone/bookros2_ws/install/learning_tf2_py/lib/learning_tf2_py
[1.763s] Installing turtle_tf2_broadcaster script to /home/simone/bookros2_ws/install/learning_tf2_py/lib/learning_tf2_py
[1.763s] writing list of installed files to '/home/simone/bookros2_ws/build/learning_tf2_py/install.log'
[1.793s] Invoked command in '/home/simone/bookros2_ws/src/learning_tf2_py' returned '0': PYTHONPATH=/home/simone/bookros2_ws/build/learning_tf2_py/prefix_override:/home/simone/bookros2_ws/install/learning_tf2_py/lib/python3.10/site-packages:${PYTHONPATH} /usr/bin/python3 setup.py egg_info --egg-base ../../build/learning_tf2_py build --build-base /home/simone/bookros2_ws/build/learning_tf2_py/build install --record /home/simone/bookros2_ws/build/learning_tf2_py/install.log --single-version-externally-managed
