[0.987s] Invoking command in '/home/simone/bookros2_ws/build/learning_tf2_py': PYTHONPATH=/home/simone/bookros2_ws/build/learning_tf2_py/prefix_override:/home/simone/bookros2_ws/install/learning_tf2_py/lib/python3.10/site-packages:${PYTHONPATH} /usr/bin/python3 setup.py develop --editable --build-directory /home/simone/bookros2_ws/build/learning_tf2_py/build --no-deps install_data
[1.322s] running develop
[1.322s] /usr/lib/python3/dist-packages/setuptools/command/easy_install.py:158: EasyInstallDeprecationWarning: easy_install command is deprecated. Use build and pip and other standards-based tools.
[1.322s]   warnings.warn(
[1.324s] /usr/lib/python3/dist-packages/setuptools/command/install.py:34: SetuptoolsDeprecationWarning: setup.py install is deprecated. Use build and pip and other standards-based tools.
[1.324s]   warnings.warn(
[1.391s] /usr/lib/python3/dist-packages/pkg_resources/__init__.py:116: PkgResourcesDeprecationWarning: 1.16.0-unknown is an invalid version and will not be supported in a future release
[1.391s]   warnings.warn(
[1.391s] /usr/lib/python3/dist-packages/pkg_resources/__init__.py:116: PkgResourcesDeprecationWarning: 1.1build1 is an invalid version and will not be supported in a future release
[1.391s]   warnings.warn(
[1.522s] running egg_info
[1.522s] writing learning_tf2_py.egg-info/PKG-INFO
[1.522s] writing dependency_links to learning_tf2_py.egg-info/dependency_links.txt
[1.522s] writing entry points to learning_tf2_py.egg-info/entry_points.txt
[1.523s] writing requirements to learning_tf2_py.egg-info/requires.txt
[1.523s] writing top-level names to learning_tf2_py.egg-info/top_level.txt
[1.525s] reading manifest file 'learning_tf2_py.egg-info/SOURCES.txt'
[1.526s] writing manifest file 'learning_tf2_py.egg-info/SOURCES.txt'
[1.527s] running build_ext
[1.528s] Creating /home/simone/bookros2_ws/install/learning_tf2_py/lib/python3.10/site-packages/learning-tf2-py.egg-link (link to .)
[1.528s] Installing static_turtle_tf2_broadcaster script to /home/simone/bookros2_ws/install/learning_tf2_py/lib/learning_tf2_py
[1.529s] Installing turtle_tf2_broadcaster script to /home/simone/bookros2_ws/install/learning_tf2_py/lib/learning_tf2_py
[1.529s] 
[1.529s] Installed /home/simone/bookros2_ws/build/learning_tf2_py
[1.529s] running install_data
[1.569s] Invoked command in '/home/simone/bookros2_ws/build/learning_tf2_py' returned '0': PYTHONPATH=/home/simone/bookros2_ws/build/learning_tf2_py/prefix_override:/home/simone/bookros2_ws/install/learning_tf2_py/lib/python3.10/site-packages:${PYTHONPATH} /usr/bin/python3 setup.py develop --editable --build-directory /home/simone/bookros2_ws/build/learning_tf2_py/build --no-deps install_data
