[0.061s] Invoking command in '/home/simone/bookros2_ws/build/br2_navigation': CMAKE_PREFIX_PATH=/opt/ros/humble /usr/bin/cmake --build /home/simone/bookros2_ws/build/br2_navigation -- -j6 -l6
[0.192s] Invoked command in '/home/simone/bookros2_ws/build/br2_navigation' returned '0': CMAKE_PREFIX_PATH=/opt/ros/humble /usr/bin/cmake --build /home/simone/bookros2_ws/build/br2_navigation -- -j6 -l6
[0.770s] Invoking command in '/home/simone/bookros2_ws/build/br2_navigation': CMAKE_PREFIX_PATH=/opt/ros/humble /usr/bin/cmake --install /home/simone/bookros2_ws/build/br2_navigation
[0.779s] -- Install configuration: ""
[0.780s] -- Execute custom install script
[0.780s] -- Up-to-date symlink: /home/simone/bookros2_ws/install/br2_navigation/share/br2_navigation/launch/navigation_launch.py
[0.781s] -- Up-to-date symlink: /home/simone/bookros2_ws/install/br2_navigation/share/br2_navigation/launch/tiago_navigation.launch.py
[0.782s] -- Up-to-date symlink: /home/simone/bookros2_ws/install/br2_navigation/share/br2_navigation/params/mapper_params_online_async.yaml
[0.782s] -- Up-to-date symlink: /home/simone/bookros2_ws/install/br2_navigation/share/br2_navigation/params/tiago_nav_params.yaml
[0.787s] -- Up-to-date symlink: /home/simone/bookros2_ws/install/br2_navigation/share/br2_navigation/maps/home.pgm
[0.787s] -- Up-to-date symlink: /home/simone/bookros2_ws/install/br2_navigation/share/br2_navigation/maps/home.yaml
[0.789s] -- Up-to-date symlink: /home/simone/bookros2_ws/install/br2_navigation/share/ament_index/resource_index/package_run_dependencies/br2_navigation
[0.789s] -- Up-to-date symlink: /home/simone/bookros2_ws/install/br2_navigation/share/ament_index/resource_index/parent_prefix_path/br2_navigation
[0.789s] -- Up-to-date symlink: /home/simone/bookros2_ws/install/br2_navigation/share/br2_navigation/environment/ament_prefix_path.sh
[0.790s] -- Up-to-date symlink: /home/simone/bookros2_ws/install/br2_navigation/share/br2_navigation/environment/ament_prefix_path.dsv
[0.790s] -- Up-to-date symlink: /home/simone/bookros2_ws/install/br2_navigation/share/br2_navigation/environment/path.sh
[0.790s] -- Up-to-date symlink: /home/simone/bookros2_ws/install/br2_navigation/share/br2_navigation/environment/path.dsv
[0.790s] -- Up-to-date symlink: /home/simone/bookros2_ws/install/br2_navigation/share/br2_navigation/local_setup.bash
[0.790s] -- Up-to-date symlink: /home/simone/bookros2_ws/install/br2_navigation/share/br2_navigation/local_setup.sh
[0.791s] -- Up-to-date symlink: /home/simone/bookros2_ws/install/br2_navigation/share/br2_navigation/local_setup.zsh
[0.791s] -- Up-to-date symlink: /home/simone/bookros2_ws/install/br2_navigation/share/br2_navigation/local_setup.dsv
[0.791s] -- Symlinking: /home/simone/bookros2_ws/install/br2_navigation/share/br2_navigation/package.dsv
[0.797s] -- Up-to-date symlink: /home/simone/bookros2_ws/install/br2_navigation/share/ament_index/resource_index/packages/br2_navigation
[0.798s] -- Up-to-date symlink: /home/simone/bookros2_ws/install/br2_navigation/share/br2_navigation/cmake/br2_navigationConfig.cmake
[0.798s] -- Up-to-date symlink: /home/simone/bookros2_ws/install/br2_navigation/share/br2_navigation/cmake/br2_navigationConfig-version.cmake
[0.798s] -- Up-to-date symlink: /home/simone/bookros2_ws/install/br2_navigation/share/br2_navigation/package.xml
[0.838s] Invoked command in '/home/simone/bookros2_ws/build/br2_navigation' returned '0': CMAKE_PREFIX_PATH=/opt/ros/humble /usr/bin/cmake --install /home/simone/bookros2_ws/build/br2_navigation
