[0.057s] Invoking command in '/home/simone/bookros2_ws/build/groot': CMAKE_PREFIX_PATH=/opt/ros/humble /usr/bin/cmake --build /home/simone/bookros2_ws/build/groot -- -j6 -l6
[0.139s] [  1%] [34m[1mAutomatic MOC and UIC for target QtNodeEditor[0m
[0.166s] [  1%] Built target QtNodeEditor_autogen
[0.251s] [ 57%] Built target QtNodeEditor
[0.277s] [ 58%] [34m[1mAutomatic MOC and UIC for target behavior_tree_editor[0m
[0.324s] [ 58%] Built target behavior_tree_editor_autogen
[0.381s] [ 74%] Built target behavior_tree_editor
[0.418s] [ 75%] [34m[1mAutomatic MOC and UIC for target Groot[0m
[0.419s] [ 75%] [34m[1mAutomatic MOC and UIC for target editor_test[0m
[0.422s] [ 76%] [34m[1mAutomatic MOC and UIC for target replay_test[0m
[0.445s] [ 76%] Built target Groot_autogen
[0.461s] [ 76%] Built target editor_test_autogen
[0.471s] [ 76%] Built target replay_test_autogen
[0.481s] [ 82%] Built target Groot
[0.508s] [ 98%] Built target replay_test
[0.508s] [100%] Built target editor_test
[0.720s] Invoked command in '/home/simone/bookros2_ws/build/groot' returned '0': CMAKE_PREFIX_PATH=/opt/ros/humble /usr/bin/cmake --build /home/simone/bookros2_ws/build/groot -- -j6 -l6
[0.815s] Invoking command in '/home/simone/bookros2_ws/build/groot': CMAKE_PREFIX_PATH=/opt/ros/humble /usr/bin/cmake --install /home/simone/bookros2_ws/build/groot
[0.821s] -- Install configuration: ""
[0.825s] -- Execute custom install script
[0.825s] -- Up-to-date symlink: /home/simone/bookros2_ws/install/groot/lib/libbehavior_tree_editor.so
[0.825s] -- Up-to-date symlink: /home/simone/bookros2_ws/install/groot/lib/groot/Groot
[0.826s] -- Up-to-date symlink: /home/simone/bookros2_ws/install/groot/share/groot/environment/library_path.sh
[0.826s] -- Up-to-date symlink: /home/simone/bookros2_ws/install/groot/share/groot/environment/library_path.dsv
[0.826s] -- Up-to-date symlink: /home/simone/bookros2_ws/install/groot/share/ament_index/resource_index/package_run_dependencies/groot
[0.826s] -- Up-to-date symlink: /home/simone/bookros2_ws/install/groot/share/ament_index/resource_index/parent_prefix_path/groot
[0.826s] -- Up-to-date symlink: /home/simone/bookros2_ws/install/groot/share/groot/environment/ament_prefix_path.sh
[0.826s] -- Up-to-date symlink: /home/simone/bookros2_ws/install/groot/share/groot/environment/ament_prefix_path.dsv
[0.826s] -- Up-to-date symlink: /home/simone/bookros2_ws/install/groot/share/groot/environment/path.sh
[0.827s] -- Up-to-date symlink: /home/simone/bookros2_ws/install/groot/share/groot/environment/path.dsv
[0.827s] -- Up-to-date symlink: /home/simone/bookros2_ws/install/groot/share/groot/local_setup.bash
[0.827s] -- Up-to-date symlink: /home/simone/bookros2_ws/install/groot/share/groot/local_setup.sh
[0.827s] -- Up-to-date symlink: /home/simone/bookros2_ws/install/groot/share/groot/local_setup.zsh
[0.827s] -- Up-to-date symlink: /home/simone/bookros2_ws/install/groot/share/groot/local_setup.dsv
[0.827s] -- Symlinking: /home/simone/bookros2_ws/install/groot/share/groot/package.dsv
[0.838s] -- Up-to-date symlink: /home/simone/bookros2_ws/install/groot/share/ament_index/resource_index/packages/groot
[0.838s] -- Up-to-date symlink: /home/simone/bookros2_ws/install/groot/share/groot/cmake/ament_cmake_export_include_directories-extras.cmake
[0.838s] -- Up-to-date symlink: /home/simone/bookros2_ws/install/groot/share/groot/cmake/ament_cmake_export_dependencies-extras.cmake
[0.839s] -- Up-to-date symlink: /home/simone/bookros2_ws/install/groot/share/groot/cmake/ament_cmake_export_libraries-extras.cmake
[0.839s] -- Up-to-date symlink: /home/simone/bookros2_ws/install/groot/share/groot/cmake/grootConfig.cmake
[0.839s] -- Up-to-date symlink: /home/simone/bookros2_ws/install/groot/share/groot/cmake/grootConfig-version.cmake
[0.840s] -- Up-to-date symlink: /home/simone/bookros2_ws/install/groot/share/groot/package.xml
[0.860s] Invoked command in '/home/simone/bookros2_ws/build/groot' returned '0': CMAKE_PREFIX_PATH=/opt/ros/humble /usr/bin/cmake --install /home/simone/bookros2_ws/build/groot
