[0.051s] Invoking command in '/home/simone/bookros2_ws/build/tiago_laser_sensors': AMENT_PREFIX_PATH=/home/simone/bookros2_ws/install/pmb2_laser_sensors:${AMENT_PREFIX_PATH} CMAKE_PREFIX_PATH=/home/simone/bookros2_ws/install/pmb2_laser_sensors:/opt/ros/humble /usr/bin/cmake --build /home/simone/bookros2_ws/build/tiago_laser_sensors -- -j6 -l6
[0.135s] Invoked command in '/home/simone/bookros2_ws/build/tiago_laser_sensors' returned '0': AMENT_PREFIX_PATH=/home/simone/bookros2_ws/install/pmb2_laser_sensors:${AMENT_PREFIX_PATH} CMAKE_PREFIX_PATH=/home/simone/bookros2_ws/install/pmb2_laser_sensors:/opt/ros/humble /usr/bin/cmake --build /home/simone/bookros2_ws/build/tiago_laser_sensors -- -j6 -l6
[0.184s] Invoking command in '/home/simone/bookros2_ws/build/tiago_laser_sensors': AMENT_PREFIX_PATH=/home/simone/bookros2_ws/install/pmb2_laser_sensors:${AMENT_PREFIX_PATH} CMAKE_PREFIX_PATH=/home/simone/bookros2_ws/install/pmb2_laser_sensors:/opt/ros/humble /usr/bin/cmake --install /home/simone/bookros2_ws/build/tiago_laser_sensors
[0.202s] -- Install configuration: ""
[0.203s] -- Execute custom install script
[0.205s] -- Up-to-date symlink: /home/simone/bookros2_ws/install/tiago_laser_sensors/share/tiago_laser_sensors/launch/laser.launch.py
[0.206s] -- Up-to-date symlink: /home/simone/bookros2_ws/install/tiago_laser_sensors/share/ament_index/resource_index/package_run_dependencies/tiago_laser_sensors
[0.206s] -- Up-to-date symlink: /home/simone/bookros2_ws/install/tiago_laser_sensors/share/ament_index/resource_index/parent_prefix_path/tiago_laser_sensors
[0.206s] -- Up-to-date symlink: /home/simone/bookros2_ws/install/tiago_laser_sensors/share/tiago_laser_sensors/environment/ament_prefix_path.sh
[0.206s] -- Up-to-date symlink: /home/simone/bookros2_ws/install/tiago_laser_sensors/share/tiago_laser_sensors/environment/ament_prefix_path.dsv
[0.207s] -- Up-to-date symlink: /home/simone/bookros2_ws/install/tiago_laser_sensors/share/tiago_laser_sensors/environment/path.sh
[0.207s] -- Up-to-date symlink: /home/simone/bookros2_ws/install/tiago_laser_sensors/share/tiago_laser_sensors/environment/path.dsv
[0.207s] -- Up-to-date symlink: /home/simone/bookros2_ws/install/tiago_laser_sensors/share/tiago_laser_sensors/local_setup.bash
[0.208s] -- Up-to-date symlink: /home/simone/bookros2_ws/install/tiago_laser_sensors/share/tiago_laser_sensors/local_setup.sh
[0.216s] -- Up-to-date symlink: /home/simone/bookros2_ws/install/tiago_laser_sensors/share/tiago_laser_sensors/local_setup.zsh
[0.217s] -- Up-to-date symlink: /home/simone/bookros2_ws/install/tiago_laser_sensors/share/tiago_laser_sensors/local_setup.dsv
[0.217s] -- Symlinking: /home/simone/bookros2_ws/install/tiago_laser_sensors/share/tiago_laser_sensors/package.dsv
[0.217s] -- Up-to-date symlink: /home/simone/bookros2_ws/install/tiago_laser_sensors/share/ament_index/resource_index/packages/tiago_laser_sensors
[0.217s] -- Up-to-date symlink: /home/simone/bookros2_ws/install/tiago_laser_sensors/share/tiago_laser_sensors/cmake/tiago_laser_sensorsConfig.cmake
[0.218s] -- Up-to-date symlink: /home/simone/bookros2_ws/install/tiago_laser_sensors/share/tiago_laser_sensors/cmake/tiago_laser_sensorsConfig-version.cmake
[0.218s] -- Up-to-date symlink: /home/simone/bookros2_ws/install/tiago_laser_sensors/share/tiago_laser_sensors/package.xml
[0.228s] Invoked command in '/home/simone/bookros2_ws/build/tiago_laser_sensors' returned '0': AMENT_PREFIX_PATH=/home/simone/bookros2_ws/install/pmb2_laser_sensors:${AMENT_PREFIX_PATH} CMAKE_PREFIX_PATH=/home/simone/bookros2_ws/install/pmb2_laser_sensors:/opt/ros/humble /usr/bin/cmake --install /home/simone/bookros2_ws/build/tiago_laser_sensors
