[0.058s] Invoking command in '/home/simone/bookros2_ws/build/tiago_robot': AMENT_PREFIX_PATH=/home/simone/bookros2_ws/install/tiago_bringup:/home/simone/bookros2_ws/install/tiago_description:/home/simone/bookros2_ws/install/tiago_controller_configuration:/home/simone/bookros2_ws/install/pmb2_description:/home/simone/bookros2_ws/install/pal_gripper_description:/home/simone/bookros2_ws/install/pmb2_controller_configuration:/home/simone/bookros2_ws/install/pal_gripper_controller_configuration:/home/simone/bookros2_ws/install/launch_pal:/home/simone/bookros2_ws/install/hey5_description:${AMENT_PREFIX_PATH} CMAKE_PREFIX_PATH=/home/simone/bookros2_ws/install/tiago_bringup:/home/simone/bookros2_ws/install/tiago_description:/home/simone/bookros2_ws/install/tiago_controller_configuration:/home/simone/bookros2_ws/install/pmb2_description:/home/simone/bookros2_ws/install/pal_gripper_description:/home/simone/bookros2_ws/install/pmb2_controller_configuration:/home/simone/bookros2_ws/install/pal_gripper_controller_configuration:/home/simone/bookros2_ws/install/hey5_description:/opt/ros/humble PYTHONPATH=/home/simone/bookros2_ws/install/tiago_description/local/lib/python3.10/dist-packages:/home/simone/bookros2_ws/install/pmb2_description/local/lib/python3.10/dist-packages:/home/simone/bookros2_ws/build/launch_pal:/home/simone/bookros2_ws/install/launch_pal/lib/python3.10/site-packages:${PYTHONPATH} /usr/bin/cmake /home/simone/bookros2_ws/src/ThirdParty/tiago_robot/tiago_robot -DAMENT_CMAKE_SYMLINK_INSTALL=1 -DCMAKE_INSTALL_PREFIX=/home/simone/bookros2_ws/install/tiago_robot
[0.164s] -- The C compiler identification is GNU 11.3.0
[0.269s] -- The CXX compiler identification is GNU 11.3.0
[0.282s] -- Detecting C compiler ABI info
[0.460s] -- Detecting C compiler ABI info - done
[0.481s] -- Check for working C compiler: /usr/bin/cc - skipped
[0.482s] -- Detecting C compile features
[0.483s] -- Detecting C compile features - done
[0.489s] -- Detecting CXX compiler ABI info
[0.665s] -- Detecting CXX compiler ABI info - done
[0.680s] -- Check for working CXX compiler: /usr/bin/c++ - skipped
[0.681s] -- Detecting CXX compile features
[0.682s] -- Detecting CXX compile features - done
[0.687s] -- Found ament_cmake: 1.3.5 (/opt/ros/humble/share/ament_cmake/cmake)
[1.035s] -- Found Python3: /usr/bin/python3.10 (found version "3.10.6") found components: Interpreter 
[1.156s] -- Override CMake install command with custom implementation using symlinks instead of copying resources
[1.390s] -- Configuring done
[1.423s] -- Generating done
[1.431s] -- Build files have been written to: /home/simone/bookros2_ws/build/tiago_robot
[1.444s] Invoked command in '/home/simone/bookros2_ws/build/tiago_robot' returned '0': AMENT_PREFIX_PATH=/home/simone/bookros2_ws/install/tiago_bringup:/home/simone/bookros2_ws/install/tiago_description:/home/simone/bookros2_ws/install/tiago_controller_configuration:/home/simone/bookros2_ws/install/pmb2_description:/home/simone/bookros2_ws/install/pal_gripper_description:/home/simone/bookros2_ws/install/pmb2_controller_configuration:/home/simone/bookros2_ws/install/pal_gripper_controller_configuration:/home/simone/bookros2_ws/install/launch_pal:/home/simone/bookros2_ws/install/hey5_description:${AMENT_PREFIX_PATH} CMAKE_PREFIX_PATH=/home/simone/bookros2_ws/install/tiago_bringup:/home/simone/bookros2_ws/install/tiago_description:/home/simone/bookros2_ws/install/tiago_controller_configuration:/home/simone/bookros2_ws/install/pmb2_description:/home/simone/bookros2_ws/install/pal_gripper_description:/home/simone/bookros2_ws/install/pmb2_controller_configuration:/home/simone/bookros2_ws/install/pal_gripper_controller_configuration:/home/simone/bookros2_ws/install/hey5_description:/opt/ros/humble PYTHONPATH=/home/simone/bookros2_ws/install/tiago_description/local/lib/python3.10/dist-packages:/home/simone/bookros2_ws/install/pmb2_description/local/lib/python3.10/dist-packages:/home/simone/bookros2_ws/build/launch_pal:/home/simone/bookros2_ws/install/launch_pal/lib/python3.10/site-packages:${PYTHONPATH} /usr/bin/cmake /home/simone/bookros2_ws/src/ThirdParty/tiago_robot/tiago_robot -DAMENT_CMAKE_SYMLINK_INSTALL=1 -DCMAKE_INSTALL_PREFIX=/home/simone/bookros2_ws/install/tiago_robot
[1.446s] Invoking command in '/home/simone/bookros2_ws/build/tiago_robot': AMENT_PREFIX_PATH=/home/simone/bookros2_ws/install/tiago_bringup:/home/simone/bookros2_ws/install/tiago_description:/home/simone/bookros2_ws/install/tiago_controller_configuration:/home/simone/bookros2_ws/install/pmb2_description:/home/simone/bookros2_ws/install/pal_gripper_description:/home/simone/bookros2_ws/install/pmb2_controller_configuration:/home/simone/bookros2_ws/install/pal_gripper_controller_configuration:/home/simone/bookros2_ws/install/launch_pal:/home/simone/bookros2_ws/install/hey5_description:${AMENT_PREFIX_PATH} CMAKE_PREFIX_PATH=/home/simone/bookros2_ws/install/tiago_bringup:/home/simone/bookros2_ws/install/tiago_description:/home/simone/bookros2_ws/install/tiago_controller_configuration:/home/simone/bookros2_ws/install/pmb2_description:/home/simone/bookros2_ws/install/pal_gripper_description:/home/simone/bookros2_ws/install/pmb2_controller_configuration:/home/simone/bookros2_ws/install/pal_gripper_controller_configuration:/home/simone/bookros2_ws/install/hey5_description:/opt/ros/humble PYTHONPATH=/home/simone/bookros2_ws/install/tiago_description/local/lib/python3.10/dist-packages:/home/simone/bookros2_ws/install/pmb2_description/local/lib/python3.10/dist-packages:/home/simone/bookros2_ws/build/launch_pal:/home/simone/bookros2_ws/install/launch_pal/lib/python3.10/site-packages:${PYTHONPATH} /usr/bin/cmake --build /home/simone/bookros2_ws/build/tiago_robot -- -j5 -l5
[1.496s] Invoked command in '/home/simone/bookros2_ws/build/tiago_robot' returned '0': AMENT_PREFIX_PATH=/home/simone/bookros2_ws/install/tiago_bringup:/home/simone/bookros2_ws/install/tiago_description:/home/simone/bookros2_ws/install/tiago_controller_configuration:/home/simone/bookros2_ws/install/pmb2_description:/home/simone/bookros2_ws/install/pal_gripper_description:/home/simone/bookros2_ws/install/pmb2_controller_configuration:/home/simone/bookros2_ws/install/pal_gripper_controller_configuration:/home/simone/bookros2_ws/install/launch_pal:/home/simone/bookros2_ws/install/hey5_description:${AMENT_PREFIX_PATH} CMAKE_PREFIX_PATH=/home/simone/bookros2_ws/install/tiago_bringup:/home/simone/bookros2_ws/install/tiago_description:/home/simone/bookros2_ws/install/tiago_controller_configuration:/home/simone/bookros2_ws/install/pmb2_description:/home/simone/bookros2_ws/install/pal_gripper_description:/home/simone/bookros2_ws/install/pmb2_controller_configuration:/home/simone/bookros2_ws/install/pal_gripper_controller_configuration:/home/simone/bookros2_ws/install/hey5_description:/opt/ros/humble PYTHONPATH=/home/simone/bookros2_ws/install/tiago_description/local/lib/python3.10/dist-packages:/home/simone/bookros2_ws/install/pmb2_description/local/lib/python3.10/dist-packages:/home/simone/bookros2_ws/build/launch_pal:/home/simone/bookros2_ws/install/launch_pal/lib/python3.10/site-packages:${PYTHONPATH} /usr/bin/cmake --build /home/simone/bookros2_ws/build/tiago_robot -- -j5 -l5
[1.546s] Invoking command in '/home/simone/bookros2_ws/build/tiago_robot': AMENT_PREFIX_PATH=/home/simone/bookros2_ws/install/tiago_bringup:/home/simone/bookros2_ws/install/tiago_description:/home/simone/bookros2_ws/install/tiago_controller_configuration:/home/simone/bookros2_ws/install/pmb2_description:/home/simone/bookros2_ws/install/pal_gripper_description:/home/simone/bookros2_ws/install/pmb2_controller_configuration:/home/simone/bookros2_ws/install/pal_gripper_controller_configuration:/home/simone/bookros2_ws/install/launch_pal:/home/simone/bookros2_ws/install/hey5_description:${AMENT_PREFIX_PATH} CMAKE_PREFIX_PATH=/home/simone/bookros2_ws/install/tiago_bringup:/home/simone/bookros2_ws/install/tiago_description:/home/simone/bookros2_ws/install/tiago_controller_configuration:/home/simone/bookros2_ws/install/pmb2_description:/home/simone/bookros2_ws/install/pal_gripper_description:/home/simone/bookros2_ws/install/pmb2_controller_configuration:/home/simone/bookros2_ws/install/pal_gripper_controller_configuration:/home/simone/bookros2_ws/install/hey5_description:/opt/ros/humble PYTHONPATH=/home/simone/bookros2_ws/install/tiago_description/local/lib/python3.10/dist-packages:/home/simone/bookros2_ws/install/pmb2_description/local/lib/python3.10/dist-packages:/home/simone/bookros2_ws/build/launch_pal:/home/simone/bookros2_ws/install/launch_pal/lib/python3.10/site-packages:${PYTHONPATH} /usr/bin/cmake --install /home/simone/bookros2_ws/build/tiago_robot
[1.557s] -- Install configuration: ""
[1.558s] -- Execute custom install script
[1.560s] -- Symlinking: /home/simone/bookros2_ws/install/tiago_robot/share/ament_index/resource_index/package_run_dependencies/tiago_robot
[1.575s] -- Symlinking: /home/simone/bookros2_ws/install/tiago_robot/share/ament_index/resource_index/parent_prefix_path/tiago_robot
[1.591s] -- Symlinking: /home/simone/bookros2_ws/install/tiago_robot/share/tiago_robot/environment/ament_prefix_path.sh
[1.604s] -- Symlinking: /home/simone/bookros2_ws/install/tiago_robot/share/tiago_robot/environment/ament_prefix_path.dsv
[1.616s] -- Symlinking: /home/simone/bookros2_ws/install/tiago_robot/share/tiago_robot/environment/path.sh
[1.627s] -- Symlinking: /home/simone/bookros2_ws/install/tiago_robot/share/tiago_robot/environment/path.dsv
[1.638s] -- Symlinking: /home/simone/bookros2_ws/install/tiago_robot/share/tiago_robot/local_setup.bash
[1.649s] -- Symlinking: /home/simone/bookros2_ws/install/tiago_robot/share/tiago_robot/local_setup.sh
[1.662s] -- Symlinking: /home/simone/bookros2_ws/install/tiago_robot/share/tiago_robot/local_setup.zsh
[1.673s] -- Symlinking: /home/simone/bookros2_ws/install/tiago_robot/share/tiago_robot/local_setup.dsv
[1.685s] -- Symlinking: /home/simone/bookros2_ws/install/tiago_robot/share/tiago_robot/package.dsv
[1.696s] -- Symlinking: /home/simone/bookros2_ws/install/tiago_robot/share/ament_index/resource_index/packages/tiago_robot
[1.710s] -- Symlinking: /home/simone/bookros2_ws/install/tiago_robot/share/tiago_robot/cmake/tiago_robotConfig.cmake
[1.726s] -- Symlinking: /home/simone/bookros2_ws/install/tiago_robot/share/tiago_robot/cmake/tiago_robotConfig-version.cmake
[1.742s] -- Symlinking: /home/simone/bookros2_ws/install/tiago_robot/share/tiago_robot/package.xml
[1.763s] Invoked command in '/home/simone/bookros2_ws/build/tiago_robot' returned '0': AMENT_PREFIX_PATH=/home/simone/bookros2_ws/install/tiago_bringup:/home/simone/bookros2_ws/install/tiago_description:/home/simone/bookros2_ws/install/tiago_controller_configuration:/home/simone/bookros2_ws/install/pmb2_description:/home/simone/bookros2_ws/install/pal_gripper_description:/home/simone/bookros2_ws/install/pmb2_controller_configuration:/home/simone/bookros2_ws/install/pal_gripper_controller_configuration:/home/simone/bookros2_ws/install/launch_pal:/home/simone/bookros2_ws/install/hey5_description:${AMENT_PREFIX_PATH} CMAKE_PREFIX_PATH=/home/simone/bookros2_ws/install/tiago_bringup:/home/simone/bookros2_ws/install/tiago_description:/home/simone/bookros2_ws/install/tiago_controller_configuration:/home/simone/bookros2_ws/install/pmb2_description:/home/simone/bookros2_ws/install/pal_gripper_description:/home/simone/bookros2_ws/install/pmb2_controller_configuration:/home/simone/bookros2_ws/install/pal_gripper_controller_configuration:/home/simone/bookros2_ws/install/hey5_description:/opt/ros/humble PYTHONPATH=/home/simone/bookros2_ws/install/tiago_description/local/lib/python3.10/dist-packages:/home/simone/bookros2_ws/install/pmb2_description/local/lib/python3.10/dist-packages:/home/simone/bookros2_ws/build/launch_pal:/home/simone/bookros2_ws/install/launch_pal/lib/python3.10/site-packages:${PYTHONPATH} /usr/bin/cmake --install /home/simone/bookros2_ws/build/tiago_robot
