[1.746s] Invoking command in '/home/simone/bookros2_ws/build/launch_pal': PYTHONPATH=/home/simone/bookros2_ws/build/launch_pal/prefix_override:/home/simone/bookros2_ws/install/launch_pal/lib/python3.10/site-packages:${PYTHONPATH} /usr/bin/python3 setup.py develop --editable --build-directory /home/simone/bookros2_ws/build/launch_pal/build --no-deps install_data
[2.662s] /usr/lib/python3/dist-packages/setuptools/command/easy_install.py:158: EasyInstallDeprecationWarning: easy_install command is deprecated. Use build and pip and other standards-based tools.
[2.662s]   warnings.warn(
[2.662s] /usr/lib/python3/dist-packages/setuptools/command/install.py:34: SetuptoolsDeprecationWarning: setup.py install is deprecated. Use build and pip and other standards-based tools.
[2.662s]   warnings.warn(
[2.663s] running develop
[2.912s] /usr/lib/python3/dist-packages/pkg_resources/__init__.py:116: PkgResourcesDeprecationWarning: 1.16.0-unknown is an invalid version and will not be supported in a future release
[2.913s]   warnings.warn(
[2.914s] /usr/lib/python3/dist-packages/pkg_resources/__init__.py:116: PkgResourcesDeprecationWarning: 1.1build1 is an invalid version and will not be supported in a future release
[2.914s]   warnings.warn(
[2.915s] /usr/lib/python3/dist-packages/pkg_resources/__init__.py:116: PkgResourcesDeprecationWarning: 0.1.43ubuntu1 is an invalid version and will not be supported in a future release
[2.915s]   warnings.warn(
[3.309s] running egg_info
[3.309s] writing launch_pal.egg-info/PKG-INFO
[3.310s] writing dependency_links to launch_pal.egg-info/dependency_links.txt
[3.310s] writing entry points to launch_pal.egg-info/entry_points.txt
[3.345s] writing requirements to launch_pal.egg-info/requires.txt
[3.346s] writing top-level names to launch_pal.egg-info/top_level.txt
[3.346s] reading manifest file 'launch_pal.egg-info/SOURCES.txt'
[3.346s] writing manifest file 'launch_pal.egg-info/SOURCES.txt'
[3.347s] running build_ext
[3.355s] Creating /home/simone/bookros2_ws/install/launch_pal/lib/python3.10/site-packages/launch-pal.egg-link (link to .)
[3.361s] 
[3.361s] Installed /home/simone/bookros2_ws/build/launch_pal
[3.362s] running install_data
[3.605s] Invoked command in '/home/simone/bookros2_ws/build/launch_pal' returned '0': PYTHONPATH=/home/simone/bookros2_ws/build/launch_pal/prefix_override:/home/simone/bookros2_ws/install/launch_pal/lib/python3.10/site-packages:${PYTHONPATH} /usr/bin/python3 setup.py develop --editable --build-directory /home/simone/bookros2_ws/build/launch_pal/build --no-deps install_data
