[0.078s] Invoking command in '/home/simone/bookros2_ws/build/tiago_controller_configuration': AMENT_PREFIX_PATH=/home/simone/bookros2_ws/install/pal_gripper_controller_configuration:${AMENT_PREFIX_PATH} CMAKE_PREFIX_PATH=/home/simone/bookros2_ws/install/pal_gripper_controller_configuration:/opt/ros/humble /usr/bin/cmake /home/simone/bookros2_ws/src/ThirdParty/tiago_robot/tiago_controller_configuration -DAMENT_CMAKE_SYMLINK_INSTALL=1 -DCMAKE_INSTALL_PREFIX=/home/simone/bookros2_ws/install/tiago_controller_configuration
[0.193s] -- The C compiler identification is GNU 11.3.0
[0.292s] -- The CXX compiler identification is GNU 11.3.0
[0.305s] -- Detecting C compiler ABI info
[0.476s] -- Detecting C compiler ABI info - done
[0.502s] -- Check for working C compiler: /usr/bin/cc - skipped
[0.503s] -- Detecting C compile features
[0.505s] -- Detecting C compile features - done
[0.511s] -- Detecting CXX compiler ABI info
[0.698s] -- Detecting CXX compiler ABI info - done
[0.714s] -- Check for working CXX compiler: /usr/bin/c++ - skipped
[0.714s] -- Detecting CXX compile features
[0.716s] -- Detecting CXX compile features - done
[0.721s] -- Found ament_cmake_auto: 1.3.5 (/opt/ros/humble/share/ament_cmake_auto/cmake)
[1.009s] -- Found Python3: /usr/bin/python3.10 (found version "3.10.6") found components: Interpreter 
[1.130s] -- Override CMake install command with custom implementation using symlinks instead of copying resources
[1.341s] -- Found ament_lint_auto: 0.12.6 (/opt/ros/humble/share/ament_lint_auto/cmake)
[1.380s] -- Added test 'copyright' to check source files copyright and LICENSE
[1.386s] -- Added test 'flake8' to check Python code syntax and style conventions
[1.389s] -- Added test 'lint_cmake' to check CMake code style
[1.391s] -- Added test 'pep257' to check Python code against some of the docstring style conventions in PEP 257
[1.396s] -- Added test 'xmllint' to check XML markup files
[1.411s] -- Configuring done
[1.426s] -- Generating done
[1.428s] -- Build files have been written to: /home/simone/bookros2_ws/build/tiago_controller_configuration
[1.440s] Invoked command in '/home/simone/bookros2_ws/build/tiago_controller_configuration' returned '0': AMENT_PREFIX_PATH=/home/simone/bookros2_ws/install/pal_gripper_controller_configuration:${AMENT_PREFIX_PATH} CMAKE_PREFIX_PATH=/home/simone/bookros2_ws/install/pal_gripper_controller_configuration:/opt/ros/humble /usr/bin/cmake /home/simone/bookros2_ws/src/ThirdParty/tiago_robot/tiago_controller_configuration -DAMENT_CMAKE_SYMLINK_INSTALL=1 -DCMAKE_INSTALL_PREFIX=/home/simone/bookros2_ws/install/tiago_controller_configuration
[1.440s] Invoking command in '/home/simone/bookros2_ws/build/tiago_controller_configuration': AMENT_PREFIX_PATH=/home/simone/bookros2_ws/install/pal_gripper_controller_configuration:${AMENT_PREFIX_PATH} CMAKE_PREFIX_PATH=/home/simone/bookros2_ws/install/pal_gripper_controller_configuration:/opt/ros/humble /usr/bin/cmake --build /home/simone/bookros2_ws/build/tiago_controller_configuration -- -j5 -l5
[1.503s] Invoked command in '/home/simone/bookros2_ws/build/tiago_controller_configuration' returned '0': AMENT_PREFIX_PATH=/home/simone/bookros2_ws/install/pal_gripper_controller_configuration:${AMENT_PREFIX_PATH} CMAKE_PREFIX_PATH=/home/simone/bookros2_ws/install/pal_gripper_controller_configuration:/opt/ros/humble /usr/bin/cmake --build /home/simone/bookros2_ws/build/tiago_controller_configuration -- -j5 -l5
[1.535s] Invoking command in '/home/simone/bookros2_ws/build/tiago_controller_configuration': AMENT_PREFIX_PATH=/home/simone/bookros2_ws/install/pal_gripper_controller_configuration:${AMENT_PREFIX_PATH} CMAKE_PREFIX_PATH=/home/simone/bookros2_ws/install/pal_gripper_controller_configuration:/opt/ros/humble /usr/bin/cmake --install /home/simone/bookros2_ws/build/tiago_controller_configuration
[1.545s] -- Install configuration: ""
[1.546s] -- Execute custom install script
[1.549s] -- Symlinking: /home/simone/bookros2_ws/install/tiago_controller_configuration/share/tiago_controller_configuration/config/arm_controller.yaml
[1.559s] -- Symlinking: /home/simone/bookros2_ws/install/tiago_controller_configuration/share/tiago_controller_configuration/config/current_limit_controllers.yaml
[1.571s] -- Symlinking: /home/simone/bookros2_ws/install/tiago_controller_configuration/share/tiago_controller_configuration/config/default_safety_parameters.yaml
[1.584s] -- Symlinking: /home/simone/bookros2_ws/install/tiago_controller_configuration/share/tiago_controller_configuration/config/gazebo_controller_manager_cfg.yaml
[1.594s] -- Symlinking: /home/simone/bookros2_ws/install/tiago_controller_configuration/share/tiago_controller_configuration/config/gravity_compensation_controller.yaml
[1.615s] -- Symlinking: /home/simone/bookros2_ws/install/tiago_controller_configuration/share/tiago_controller_configuration/config/head_controller.yaml
[1.628s] -- Symlinking: /home/simone/bookros2_ws/install/tiago_controller_configuration/share/tiago_controller_configuration/config/joint_state_broadcaster.yaml
[1.639s] -- Symlinking: /home/simone/bookros2_ws/install/tiago_controller_configuration/share/tiago_controller_configuration/config/joint_state_controller_extra_joints.yaml
[1.650s] -- Symlinking: /home/simone/bookros2_ws/install/tiago_controller_configuration/share/tiago_controller_configuration/config/joint_trajectory_controllers.yaml
[1.660s] -- Symlinking: /home/simone/bookros2_ws/install/tiago_controller_configuration/share/tiago_controller_configuration/config/local_joint_control/actuator_parameters/actuator_parameters_specific_params.yaml
[1.670s] -- Symlinking: /home/simone/bookros2_ws/install/tiago_controller_configuration/share/tiago_controller_configuration/config/local_joint_control/actuator_parameters/actuator_safety_specific_params.yaml
[1.683s] -- Symlinking: /home/simone/bookros2_ws/install/tiago_controller_configuration/share/tiago_controller_configuration/config/local_joint_control/actuator_parameters/arm_1_joint.yaml
[1.693s] -- Symlinking: /home/simone/bookros2_ws/install/tiago_controller_configuration/share/tiago_controller_configuration/config/local_joint_control/actuator_parameters/arm_1_joint_safety.yaml
[1.704s] -- Symlinking: /home/simone/bookros2_ws/install/tiago_controller_configuration/share/tiago_controller_configuration/config/local_joint_control/actuator_parameters/arm_2_joint.yaml
[1.719s] -- Symlinking: /home/simone/bookros2_ws/install/tiago_controller_configuration/share/tiago_controller_configuration/config/local_joint_control/actuator_parameters/arm_2_joint_safety.yaml
[1.732s] -- Symlinking: /home/simone/bookros2_ws/install/tiago_controller_configuration/share/tiago_controller_configuration/config/local_joint_control/actuator_parameters/arm_3_joint.yaml
[1.744s] -- Symlinking: /home/simone/bookros2_ws/install/tiago_controller_configuration/share/tiago_controller_configuration/config/local_joint_control/actuator_parameters/arm_3_joint_safety.yaml
[1.756s] -- Symlinking: /home/simone/bookros2_ws/install/tiago_controller_configuration/share/tiago_controller_configuration/config/local_joint_control/actuator_parameters/arm_4_joint.yaml
[1.769s] -- Symlinking: /home/simone/bookros2_ws/install/tiago_controller_configuration/share/tiago_controller_configuration/config/local_joint_control/actuator_parameters/arm_4_joint_safety.yaml
[1.783s] -- Symlinking: /home/simone/bookros2_ws/install/tiago_controller_configuration/share/tiago_controller_configuration/config/local_joint_control/actuator_parameters/arm_5_joint.yaml
[1.783s] -- Symlinking: /home/simone/bookros2_ws/install/tiago_controller_configuration/share/tiago_controller_configuration/config/local_joint_control/actuator_parameters/arm_5_joint_safety.yaml
[1.791s] -- Symlinking: /home/simone/bookros2_ws/install/tiago_controller_configuration/share/tiago_controller_configuration/config/local_joint_control/actuator_parameters/arm_6_joint.yaml
[1.811s] -- Symlinking: /home/simone/bookros2_ws/install/tiago_controller_configuration/share/tiago_controller_configuration/config/local_joint_control/actuator_parameters/arm_6_joint_safety.yaml
[1.824s] -- Symlinking: /home/simone/bookros2_ws/install/tiago_controller_configuration/share/tiago_controller_configuration/config/local_joint_control/actuator_parameters/arm_7_joint.yaml
[1.833s] -- Symlinking: /home/simone/bookros2_ws/install/tiago_controller_configuration/share/tiago_controller_configuration/config/local_joint_control/actuator_parameters/arm_7_joint_safety.yaml
[1.850s] -- Symlinking: /home/simone/bookros2_ws/install/tiago_controller_configuration/share/tiago_controller_configuration/config/local_joint_control/actuator_parameters/head_1_joint.yaml
[1.855s] -- Symlinking: /home/simone/bookros2_ws/install/tiago_controller_configuration/share/tiago_controller_configuration/config/local_joint_control/actuator_parameters/head_2_joint.yaml
[1.869s] -- Symlinking: /home/simone/bookros2_ws/install/tiago_controller_configuration/share/tiago_controller_configuration/config/local_joint_control/actuator_parameters/torso_lift_joint.yaml
[1.882s] -- Symlinking: /home/simone/bookros2_ws/install/tiago_controller_configuration/share/tiago_controller_configuration/config/local_joint_control/direct_effort_control/arm_1_joint.yaml
[1.901s] -- Symlinking: /home/simone/bookros2_ws/install/tiago_controller_configuration/share/tiago_controller_configuration/config/local_joint_control/direct_effort_control/arm_2_joint.yaml
[1.913s] -- Symlinking: /home/simone/bookros2_ws/install/tiago_controller_configuration/share/tiago_controller_configuration/config/local_joint_control/direct_effort_control/arm_3_joint.yaml
[1.929s] -- Symlinking: /home/simone/bookros2_ws/install/tiago_controller_configuration/share/tiago_controller_configuration/config/local_joint_control/direct_effort_control/arm_4_joint.yaml
[1.940s] -- Symlinking: /home/simone/bookros2_ws/install/tiago_controller_configuration/share/tiago_controller_configuration/config/local_joint_control/direct_effort_control/arm_5_joint.yaml
[1.948s] -- Symlinking: /home/simone/bookros2_ws/install/tiago_controller_configuration/share/tiago_controller_configuration/config/local_joint_control/direct_effort_control/arm_6_joint.yaml
[1.960s] -- Symlinking: /home/simone/bookros2_ws/install/tiago_controller_configuration/share/tiago_controller_configuration/config/local_joint_control/direct_effort_control/arm_7_joint.yaml
[1.969s] -- Symlinking: /home/simone/bookros2_ws/install/tiago_controller_configuration/share/tiago_controller_configuration/config/local_joint_control/no_control/arm_1_joint_params.yaml
[1.979s] -- Symlinking: /home/simone/bookros2_ws/install/tiago_controller_configuration/share/tiago_controller_configuration/config/local_joint_control/no_control/arm_2_joint_params.yaml
[1.993s] -- Symlinking: /home/simone/bookros2_ws/install/tiago_controller_configuration/share/tiago_controller_configuration/config/local_joint_control/no_control/arm_3_joint_params.yaml
[2.006s] -- Symlinking: /home/simone/bookros2_ws/install/tiago_controller_configuration/share/tiago_controller_configuration/config/local_joint_control/no_control/arm_4_joint_params.yaml
[2.018s] -- Symlinking: /home/simone/bookros2_ws/install/tiago_controller_configuration/share/tiago_controller_configuration/config/local_joint_control/no_control/arm_5_joint_params.yaml
[2.031s] -- Symlinking: /home/simone/bookros2_ws/install/tiago_controller_configuration/share/tiago_controller_configuration/config/local_joint_control/no_control/arm_6_joint_params.yaml
[2.043s] -- Symlinking: /home/simone/bookros2_ws/install/tiago_controller_configuration/share/tiago_controller_configuration/config/local_joint_control/no_control/arm_7_joint_params.yaml
[2.055s] -- Symlinking: /home/simone/bookros2_ws/install/tiago_controller_configuration/share/tiago_controller_configuration/config/local_joint_control/no_control/torso_lift_joint_params.yaml
[2.067s] -- Symlinking: /home/simone/bookros2_ws/install/tiago_controller_configuration/share/tiago_controller_configuration/config/mobile_base_controller.yaml
[2.079s] -- Symlinking: /home/simone/bookros2_ws/install/tiago_controller_configuration/share/tiago_controller_configuration/config/mobile_base_controller_multipliers.yaml
[2.089s] -- Symlinking: /home/simone/bookros2_ws/install/tiago_controller_configuration/share/tiago_controller_configuration/config/pal-gripper_joint_trajectory_controllers.yaml
[2.098s] -- Symlinking: /home/simone/bookros2_ws/install/tiago_controller_configuration/share/tiago_controller_configuration/config/pal-hey5_joint_trajectory_controllers.yaml
[2.108s] -- Symlinking: /home/simone/bookros2_ws/install/tiago_controller_configuration/share/tiago_controller_configuration/config/pids.yaml
[2.117s] -- Symlinking: /home/simone/bookros2_ws/install/tiago_controller_configuration/share/tiago_controller_configuration/config/torso_controller.yaml
[2.128s] -- Symlinking: /home/simone/bookros2_ws/install/tiago_controller_configuration/share/tiago_controller_configuration/launch/arm_controller.launch.py
[2.137s] -- Symlinking: /home/simone/bookros2_ws/install/tiago_controller_configuration/share/tiago_controller_configuration/launch/default_controllers.launch.py
[2.148s] -- Symlinking: /home/simone/bookros2_ws/install/tiago_controller_configuration/share/tiago_controller_configuration/launch/gravity_compensation_controller.launch.py
[2.160s] -- Symlinking: /home/simone/bookros2_ws/install/tiago_controller_configuration/share/tiago_controller_configuration/launch/head_controller.launch.py
[2.172s] -- Symlinking: /home/simone/bookros2_ws/install/tiago_controller_configuration/share/tiago_controller_configuration/launch/joint_state_broadcaster.launch.py
[2.185s] -- Symlinking: /home/simone/bookros2_ws/install/tiago_controller_configuration/share/tiago_controller_configuration/launch/mobile_base_controller.launch.py
[2.196s] -- Symlinking: /home/simone/bookros2_ws/install/tiago_controller_configuration/share/tiago_controller_configuration/launch/pal-gripper_controller.launch.py
[2.213s] -- Symlinking: /home/simone/bookros2_ws/install/tiago_controller_configuration/share/tiago_controller_configuration/launch/pal-hey5_controller.launch.py
[2.227s] -- Symlinking: /home/simone/bookros2_ws/install/tiago_controller_configuration/share/tiago_controller_configuration/launch/torso_controller.launch.py
[2.249s] -- Symlinking: /home/simone/bookros2_ws/install/tiago_controller_configuration/share/ament_index/resource_index/package_run_dependencies/tiago_controller_configuration
[2.260s] -- Symlinking: /home/simone/bookros2_ws/install/tiago_controller_configuration/share/ament_index/resource_index/parent_prefix_path/tiago_controller_configuration
[2.270s] -- Symlinking: /home/simone/bookros2_ws/install/tiago_controller_configuration/share/tiago_controller_configuration/environment/ament_prefix_path.sh
[2.279s] -- Symlinking: /home/simone/bookros2_ws/install/tiago_controller_configuration/share/tiago_controller_configuration/environment/ament_prefix_path.dsv
[2.288s] -- Symlinking: /home/simone/bookros2_ws/install/tiago_controller_configuration/share/tiago_controller_configuration/environment/path.sh
[2.302s] -- Symlinking: /home/simone/bookros2_ws/install/tiago_controller_configuration/share/tiago_controller_configuration/environment/path.dsv
[2.313s] -- Symlinking: /home/simone/bookros2_ws/install/tiago_controller_configuration/share/tiago_controller_configuration/local_setup.bash
[2.328s] -- Symlinking: /home/simone/bookros2_ws/install/tiago_controller_configuration/share/tiago_controller_configuration/local_setup.sh
[2.340s] -- Symlinking: /home/simone/bookros2_ws/install/tiago_controller_configuration/share/tiago_controller_configuration/local_setup.zsh
[2.349s] -- Symlinking: /home/simone/bookros2_ws/install/tiago_controller_configuration/share/tiago_controller_configuration/local_setup.dsv
[2.357s] -- Symlinking: /home/simone/bookros2_ws/install/tiago_controller_configuration/share/tiago_controller_configuration/package.dsv
[2.365s] -- Symlinking: /home/simone/bookros2_ws/install/tiago_controller_configuration/share/ament_index/resource_index/packages/tiago_controller_configuration
[2.374s] -- Symlinking: /home/simone/bookros2_ws/install/tiago_controller_configuration/share/tiago_controller_configuration/cmake/tiago_controller_configurationConfig.cmake
[2.384s] -- Symlinking: /home/simone/bookros2_ws/install/tiago_controller_configuration/share/tiago_controller_configuration/cmake/tiago_controller_configurationConfig-version.cmake
[2.396s] -- Symlinking: /home/simone/bookros2_ws/install/tiago_controller_configuration/share/tiago_controller_configuration/package.xml
[2.423s] Invoked command in '/home/simone/bookros2_ws/build/tiago_controller_configuration' returned '0': AMENT_PREFIX_PATH=/home/simone/bookros2_ws/install/pal_gripper_controller_configuration:${AMENT_PREFIX_PATH} CMAKE_PREFIX_PATH=/home/simone/bookros2_ws/install/pal_gripper_controller_configuration:/opt/ros/humble /usr/bin/cmake --install /home/simone/bookros2_ws/build/tiago_controller_configuration
