[0.020s] Invoking command in '/home/simone/bookros2_ws/build/sam_bot_description': CMAKE_PREFIX_PATH=/opt/ros/humble /usr/bin/cmake --build /home/simone/bookros2_ws/build/sam_bot_description -- -j6 -l6
[0.050s] -- Found ament_cmake: 1.3.5 (/opt/ros/humble/share/ament_cmake/cmake)
[0.286s] -- Found ament_lint_auto: 0.12.6 (/opt/ros/humble/share/ament_lint_auto/cmake)
[0.418s] -- Added test 'flake8' to check Python code syntax and style conventions
[0.418s] -- Added test 'lint_cmake' to check CMake code style
[0.419s] -- Added test 'pep257' to check Python code against some of the docstring style conventions in PEP 257
[0.421s] -- Added test 'xmllint' to check XML markup files
[0.423s] -- Configuring done
[0.429s] -- Generating done
[0.431s] -- Build files have been written to: /home/simone/bookros2_ws/build/sam_bot_description
[0.448s] Invoked command in '/home/simone/bookros2_ws/build/sam_bot_description' returned '0': CMAKE_PREFIX_PATH=/opt/ros/humble /usr/bin/cmake --build /home/simone/bookros2_ws/build/sam_bot_description -- -j6 -l6
[0.498s] Invoking command in '/home/simone/bookros2_ws/build/sam_bot_description': CMAKE_PREFIX_PATH=/opt/ros/humble /usr/bin/cmake --install /home/simone/bookros2_ws/build/sam_bot_description
[0.505s] -- Install configuration: ""
[0.506s] -- Up-to-date: /home/simone/bookros2_ws/install/sam_bot_description/share/sam_bot_description/src
[0.507s] -- Up-to-date: /home/simone/bookros2_ws/install/sam_bot_description/share/sam_bot_description/src/sam_bot_description.urdf
[0.507s] -- Up-to-date: /home/simone/bookros2_ws/install/sam_bot_description/share/sam_bot_description/launch
[0.507s] -- Up-to-date: /home/simone/bookros2_ws/install/sam_bot_description/share/sam_bot_description/launch/display.launch.py
[0.507s] -- Up-to-date: /home/simone/bookros2_ws/install/sam_bot_description/share/sam_bot_description/rviz
[0.507s] -- Up-to-date: /home/simone/bookros2_ws/install/sam_bot_description/share/sam_bot_description/rviz/urdf_config.rviz
[0.508s] -- Up-to-date: /home/simone/bookros2_ws/install/sam_bot_description/share/ament_index/resource_index/package_run_dependencies/sam_bot_description
[0.508s] -- Up-to-date: /home/simone/bookros2_ws/install/sam_bot_description/share/ament_index/resource_index/parent_prefix_path/sam_bot_description
[0.509s] -- Up-to-date: /home/simone/bookros2_ws/install/sam_bot_description/share/sam_bot_description/environment/ament_prefix_path.sh
[0.509s] -- Installing: /home/simone/bookros2_ws/install/sam_bot_description/share/sam_bot_description/environment/ament_prefix_path.dsv
[0.509s] -- Up-to-date: /home/simone/bookros2_ws/install/sam_bot_description/share/sam_bot_description/environment/path.sh
[0.509s] -- Installing: /home/simone/bookros2_ws/install/sam_bot_description/share/sam_bot_description/environment/path.dsv
[0.509s] -- Up-to-date: /home/simone/bookros2_ws/install/sam_bot_description/share/sam_bot_description/local_setup.bash
[0.509s] -- Up-to-date: /home/simone/bookros2_ws/install/sam_bot_description/share/sam_bot_description/local_setup.sh
[0.509s] -- Up-to-date: /home/simone/bookros2_ws/install/sam_bot_description/share/sam_bot_description/local_setup.zsh
[0.509s] -- Installing: /home/simone/bookros2_ws/install/sam_bot_description/share/sam_bot_description/local_setup.dsv
[0.510s] -- Installing: /home/simone/bookros2_ws/install/sam_bot_description/share/sam_bot_description/package.dsv
[0.510s] -- Up-to-date: /home/simone/bookros2_ws/install/sam_bot_description/share/ament_index/resource_index/packages/sam_bot_description
[0.510s] -- Up-to-date: /home/simone/bookros2_ws/install/sam_bot_description/share/sam_bot_description/cmake/sam_bot_descriptionConfig.cmake
[0.510s] -- Up-to-date: /home/simone/bookros2_ws/install/sam_bot_description/share/sam_bot_description/cmake/sam_bot_descriptionConfig-version.cmake
[0.510s] -- Up-to-date: /home/simone/bookros2_ws/install/sam_bot_description/share/sam_bot_description/package.xml
[0.515s] Invoked command in '/home/simone/bookros2_ws/build/sam_bot_description' returned '0': CMAKE_PREFIX_PATH=/opt/ros/humble /usr/bin/cmake --install /home/simone/bookros2_ws/build/sam_bot_description
