[0.250s] Invoking command in '/home/simone/bookros2_ws/build/br2_tiago': CMAKE_PREFIX_PATH=${CMAKE_PREFIX_PATH}:/home/simone/bookros2_ws/install/launch_pal:/home/simone/bookros2_ws/install/br2_fsm_bumpgo_py:/opt/ros/humble /usr/bin/cmake --build /home/simone/bookros2_ws/build/br2_tiago -- -j5 -l5
[0.528s] Invoked command in '/home/simone/bookros2_ws/build/br2_tiago' returned '0': CMAKE_PREFIX_PATH=${CMAKE_PREFIX_PATH}:/home/simone/bookros2_ws/install/launch_pal:/home/simone/bookros2_ws/install/br2_fsm_bumpgo_py:/opt/ros/humble /usr/bin/cmake --build /home/simone/bookros2_ws/build/br2_tiago -- -j5 -l5
[0.797s] Invoking command in '/home/simone/bookros2_ws/build/br2_tiago': CMAKE_PREFIX_PATH=${CMAKE_PREFIX_PATH}:/home/simone/bookros2_ws/install/launch_pal:/home/simone/bookros2_ws/install/br2_fsm_bumpgo_py:/opt/ros/humble /usr/bin/cmake --install /home/simone/bookros2_ws/build/br2_tiago
[0.829s] -- Install configuration: ""
[0.837s] -- Execute custom install script
[0.840s] -- Up-to-date symlink: /home/simone/bookros2_ws/install/br2_tiago/share/br2_tiago/launch/sim.launch.py
[0.841s] -- Up-to-date symlink: /home/simone/bookros2_ws/install/br2_tiago/share/ament_index/resource_index/package_run_dependencies/br2_tiago
[0.844s] -- Up-to-date symlink: /home/simone/bookros2_ws/install/br2_tiago/share/ament_index/resource_index/parent_prefix_path/br2_tiago
[0.845s] -- Up-to-date symlink: /home/simone/bookros2_ws/install/br2_tiago/share/br2_tiago/environment/ament_prefix_path.sh
[0.847s] -- Up-to-date symlink: /home/simone/bookros2_ws/install/br2_tiago/share/br2_tiago/environment/ament_prefix_path.dsv
[0.849s] -- Up-to-date symlink: /home/simone/bookros2_ws/install/br2_tiago/share/br2_tiago/environment/path.sh
[0.850s] -- Up-to-date symlink: /home/simone/bookros2_ws/install/br2_tiago/share/br2_tiago/environment/path.dsv
[0.852s] -- Up-to-date symlink: /home/simone/bookros2_ws/install/br2_tiago/share/br2_tiago/local_setup.bash
[0.853s] -- Up-to-date symlink: /home/simone/bookros2_ws/install/br2_tiago/share/br2_tiago/local_setup.sh
[0.855s] -- Up-to-date symlink: /home/simone/bookros2_ws/install/br2_tiago/share/br2_tiago/local_setup.zsh
[0.868s] -- Up-to-date symlink: /home/simone/bookros2_ws/install/br2_tiago/share/br2_tiago/local_setup.dsv
[0.869s] -- Symlinking: /home/simone/bookros2_ws/install/br2_tiago/share/br2_tiago/package.dsv
[0.878s] -- Up-to-date symlink: /home/simone/bookros2_ws/install/br2_tiago/share/ament_index/resource_index/packages/br2_tiago
[0.879s] -- Up-to-date symlink: /home/simone/bookros2_ws/install/br2_tiago/share/br2_tiago/cmake/br2_tiagoConfig.cmake
[0.879s] -- Up-to-date symlink: /home/simone/bookros2_ws/install/br2_tiago/share/br2_tiago/cmake/br2_tiagoConfig-version.cmake
[0.879s] -- Up-to-date symlink: /home/simone/bookros2_ws/install/br2_tiago/share/br2_tiago/package.xml
[0.906s] Invoked command in '/home/simone/bookros2_ws/build/br2_tiago' returned '0': CMAKE_PREFIX_PATH=${CMAKE_PREFIX_PATH}:/home/simone/bookros2_ws/install/launch_pal:/home/simone/bookros2_ws/install/br2_fsm_bumpgo_py:/opt/ros/humble /usr/bin/cmake --install /home/simone/bookros2_ws/build/br2_tiago
