[0.113s] Invoking command in '/home/simone/bookros2_ws/build/br2_bt_bumpgo': CMAKE_PREFIX_PATH=${CMAKE_PREFIX_PATH}:/home/simone/bookros2_ws/install/launch_pal:/home/simone/bookros2_ws/install/br2_fsm_bumpgo_py:/opt/ros/humble /usr/bin/cmake --build /home/simone/bookros2_ws/build/br2_bt_bumpgo -- -j5 -l5
[0.274s] [ 11%] Built target br2_forward_bt_node
[0.384s] [ 22%] Built target bt_bumpgo
[0.472s] [ 33%] Built target gtest_main
[0.688s] [ 44%] Built target gtest
[0.794s] [ 55%] Built target bt_forward
[0.976s] [ 66%] Built target bt_action_test
[1.048s] [ 77%] Built target br2_is_obstacle_bt_node
[1.164s] [ 88%] Built target br2_turn_bt_node
[1.276s] [100%] Built target br2_back_bt_node
[1.392s] Invoked command in '/home/simone/bookros2_ws/build/br2_bt_bumpgo' returned '0': CMAKE_PREFIX_PATH=${CMAKE_PREFIX_PATH}:/home/simone/bookros2_ws/install/launch_pal:/home/simone/bookros2_ws/install/br2_fsm_bumpgo_py:/opt/ros/humble /usr/bin/cmake --build /home/simone/bookros2_ws/build/br2_bt_bumpgo -- -j5 -l5
[1.721s] Invoking command in '/home/simone/bookros2_ws/build/br2_bt_bumpgo': CMAKE_PREFIX_PATH=${CMAKE_PREFIX_PATH}:/home/simone/bookros2_ws/install/launch_pal:/home/simone/bookros2_ws/install/br2_fsm_bumpgo_py:/opt/ros/humble /usr/bin/cmake --install /home/simone/bookros2_ws/build/br2_bt_bumpgo
[1.742s] -- Install configuration: ""
[1.743s] -- Execute custom install script
[1.743s] -- Up-to-date symlink: /home/simone/bookros2_ws/install/br2_bt_bumpgo/lib/libbr2_forward_bt_node.so
[1.743s] -- Up-to-date symlink: /home/simone/bookros2_ws/install/br2_bt_bumpgo/lib/libbr2_back_bt_node.so
[1.743s] -- Up-to-date symlink: /home/simone/bookros2_ws/install/br2_bt_bumpgo/lib/libbr2_turn_bt_node.so
[1.743s] -- Up-to-date symlink: /home/simone/bookros2_ws/install/br2_bt_bumpgo/lib/libbr2_is_obstacle_bt_node.so
[1.743s] -- Up-to-date symlink: /home/simone/bookros2_ws/install/br2_bt_bumpgo/lib/br2_bt_bumpgo/bt_bumpgo
[1.755s] -- Up-to-date symlink: /home/simone/bookros2_ws/install/br2_bt_bumpgo/include//br2_bt_bumpgo/Back.hpp
[1.756s] -- Up-to-date symlink: /home/simone/bookros2_ws/install/br2_bt_bumpgo/include//br2_bt_bumpgo/Forward.hpp
[1.756s] -- Up-to-date symlink: /home/simone/bookros2_ws/install/br2_bt_bumpgo/include//br2_bt_bumpgo/IsObstacle.hpp
[1.756s] -- Up-to-date symlink: /home/simone/bookros2_ws/install/br2_bt_bumpgo/include//br2_bt_bumpgo/Turn.hpp
[1.756s] -- Up-to-date symlink: /home/simone/bookros2_ws/install/br2_bt_bumpgo/share/br2_bt_bumpgo/behavior_tree_xml/bumpgo.xml
[1.756s] -- Up-to-date symlink: /home/simone/bookros2_ws/install/br2_bt_bumpgo/lib/br2_bt_bumpgo/bt_forward
[1.756s] -- Up-to-date symlink: /home/simone/bookros2_ws/install/br2_bt_bumpgo/share/ament_index/resource_index/package_run_dependencies/br2_bt_bumpgo
[1.757s] -- Up-to-date symlink: /home/simone/bookros2_ws/install/br2_bt_bumpgo/share/ament_index/resource_index/parent_prefix_path/br2_bt_bumpgo
[1.779s] -- Up-to-date symlink: /home/simone/bookros2_ws/install/br2_bt_bumpgo/share/br2_bt_bumpgo/environment/ament_prefix_path.sh
[1.779s] -- Up-to-date symlink: /home/simone/bookros2_ws/install/br2_bt_bumpgo/share/br2_bt_bumpgo/environment/ament_prefix_path.dsv
[1.779s] -- Up-to-date symlink: /home/simone/bookros2_ws/install/br2_bt_bumpgo/share/br2_bt_bumpgo/environment/path.sh
[1.780s] -- Up-to-date symlink: /home/simone/bookros2_ws/install/br2_bt_bumpgo/share/br2_bt_bumpgo/environment/path.dsv
[1.780s] -- Up-to-date symlink: /home/simone/bookros2_ws/install/br2_bt_bumpgo/share/br2_bt_bumpgo/local_setup.bash
[1.784s] -- Up-to-date symlink: /home/simone/bookros2_ws/install/br2_bt_bumpgo/share/br2_bt_bumpgo/local_setup.sh
[1.784s] -- Up-to-date symlink: /home/simone/bookros2_ws/install/br2_bt_bumpgo/share/br2_bt_bumpgo/local_setup.zsh
[1.784s] -- Up-to-date symlink: /home/simone/bookros2_ws/install/br2_bt_bumpgo/share/br2_bt_bumpgo/local_setup.dsv
[1.784s] -- Symlinking: /home/simone/bookros2_ws/install/br2_bt_bumpgo/share/br2_bt_bumpgo/package.dsv
[1.816s] -- Up-to-date symlink: /home/simone/bookros2_ws/install/br2_bt_bumpgo/share/ament_index/resource_index/packages/br2_bt_bumpgo
[1.816s] -- Up-to-date symlink: /home/simone/bookros2_ws/install/br2_bt_bumpgo/share/br2_bt_bumpgo/cmake/ament_cmake_export_include_directories-extras.cmake
[1.818s] -- Up-to-date symlink: /home/simone/bookros2_ws/install/br2_bt_bumpgo/share/br2_bt_bumpgo/cmake/ament_cmake_export_dependencies-extras.cmake
[1.818s] -- Up-to-date symlink: /home/simone/bookros2_ws/install/br2_bt_bumpgo/share/br2_bt_bumpgo/cmake/br2_bt_bumpgoConfig.cmake
[1.818s] -- Up-to-date symlink: /home/simone/bookros2_ws/install/br2_bt_bumpgo/share/br2_bt_bumpgo/cmake/br2_bt_bumpgoConfig-version.cmake
[1.818s] -- Up-to-date symlink: /home/simone/bookros2_ws/install/br2_bt_bumpgo/share/br2_bt_bumpgo/package.xml
[1.864s] Invoked command in '/home/simone/bookros2_ws/build/br2_bt_bumpgo' returned '0': CMAKE_PREFIX_PATH=${CMAKE_PREFIX_PATH}:/home/simone/bookros2_ws/install/launch_pal:/home/simone/bookros2_ws/install/br2_fsm_bumpgo_py:/opt/ros/humble /usr/bin/cmake --install /home/simone/bookros2_ws/build/br2_bt_bumpgo
