[0.054s] Invoking command in '/home/simone/bookros2_ws/build/br2_tracking': AMENT_PREFIX_PATH=/home/simone/bookros2_ws/install/br2_tracking_msgs:${AMENT_PREFIX_PATH} CMAKE_PREFIX_PATH=/home/simone/bookros2_ws/install/br2_tracking_msgs:/opt/ros/humble LD_LIBRARY_PATH=/home/simone/bookros2_ws/install/br2_tracking_msgs/lib:${LD_LIBRARY_PATH} PYTHONPATH=/home/simone/bookros2_ws/install/br2_tracking_msgs/local/lib/python3.10/dist-packages:${PYTHONPATH} /usr/bin/cmake /home/simone/bookros2_ws/src/book_ros2/br2_tracking -DAMENT_CMAKE_SYMLINK_INSTALL=1 -DCMAKE_INSTALL_PREFIX=/home/simone/bookros2_ws/install/br2_tracking
[0.164s] -- The C compiler identification is GNU 11.3.0
[0.264s] -- The CXX compiler identification is GNU 11.3.0
[0.281s] -- Detecting C compiler ABI info
[0.460s] -- Detecting C compiler ABI info - done
[0.474s] -- Check for working C compiler: /usr/bin/cc - skipped
[0.475s] -- Detecting C compile features
[0.475s] -- Detecting C compile features - done
[0.483s] -- Detecting CXX compiler ABI info
[0.780s] -- Detecting CXX compiler ABI info - done
[0.795s] -- Check for working CXX compiler: /usr/bin/c++ - skipped
[0.795s] -- Detecting CXX compile features
[0.796s] -- Detecting CXX compile features - done
[0.800s] -- Found ament_cmake: 1.3.5 (/opt/ros/humble/share/ament_cmake/cmake)
[1.086s] -- Found Python3: /usr/bin/python3.10 (found version "3.10.6") found components: Interpreter 
[1.214s] -- Override CMake install command with custom implementation using symlinks instead of copying resources
[1.279s] -- Found rclcpp: 16.0.4 (/opt/ros/humble/share/rclcpp/cmake)
[1.392s] -- Found rosidl_generator_c: 3.1.4 (/opt/ros/humble/share/rosidl_generator_c/cmake)
[1.402s] -- Found rosidl_adapter: 3.1.4 (/opt/ros/humble/share/rosidl_adapter/cmake)
[1.420s] -- Found rosidl_generator_cpp: 3.1.4 (/opt/ros/humble/share/rosidl_generator_cpp/cmake)
[1.472s] -- Using all available rosidl_typesupport_c: rosidl_typesupport_fastrtps_c;rosidl_typesupport_introspection_c
[1.511s] -- Using all available rosidl_typesupport_cpp: rosidl_typesupport_fastrtps_cpp;rosidl_typesupport_introspection_cpp
[1.702s] -- Found rmw_implementation_cmake: 6.1.1 (/opt/ros/humble/share/rmw_implementation_cmake/cmake)
[1.708s] -- Found rmw_fastrtps_cpp: 6.2.2 (/opt/ros/humble/share/rmw_fastrtps_cpp/cmake)
[1.922s] -- Found OpenSSL: /usr/lib/x86_64-linux-gnu/libcrypto.so (found version "3.0.2")  
[1.981s] -- Found FastRTPS: /opt/ros/humble/include  
[2.064s] -- Using RMW implementation 'rmw_fastrtps_cpp' as default
[2.093s] -- Looking for pthread.h
[2.261s] -- Looking for pthread.h - found
[2.263s] -- Performing Test CMAKE_HAVE_LIBC_PTHREAD
[2.425s] -- Performing Test CMAKE_HAVE_LIBC_PTHREAD - Success
[2.428s] -- Found Threads: TRUE  
[2.840s] -- Found rclcpp_lifecycle: 16.0.4 (/opt/ros/humble/share/rclcpp_lifecycle/cmake)
[2.966s] -- Found br2_tracking_msgs: 0.2.0 (/home/simone/bookros2_ws/install/br2_tracking_msgs/share/br2_tracking_msgs/cmake)
[3.157s] -- Found sensor_msgs: 4.2.3 (/opt/ros/humble/share/sensor_msgs/cmake)
[3.489s] -- Found vision_msgs: 4.1.0 (/opt/ros/humble/share/vision_msgs/cmake)
[3.701s] -- Found control_msgs: 4.4.0 (/opt/ros/humble/share/control_msgs/cmake)
[4.655s] -- Found image_transport: 3.1.5 (/opt/ros/humble/share/image_transport/cmake)
[4.767s] -- Found cv_bridge: 3.2.1 (/opt/ros/humble/share/cv_bridge/cmake)
[4.842s] -- Found OpenCV: /usr (found version "4.5.4") 
[4.901s] -- Found ament_lint_auto: 0.12.6 (/opt/ros/humble/share/ament_lint_auto/cmake)
[5.090s] -- Found gtest sources under '/opt/ros/humble/src/gtest_vendor': C++ tests using 'Google Test' will be built
[5.162s] -- Added test 'copyright' to check source files copyright and LICENSE
[5.168s] -- Added test 'cppcheck' to perform static code analysis on C / C++ code
[5.169s] -- Configured cppcheck include dirs: /home/simone/bookros2_ws/src/book_ros2/br2_tracking/include
[5.170s] -- Configured cppcheck exclude dirs and/or files: 
[5.173s] -- Added test 'cpplint' to check C / C++ code against the Google style
[5.173s] -- Configured cpplint exclude dirs and/or files: 
[5.174s] -- Added test 'flake8' to check Python code syntax and style conventions
[5.176s] -- Added test 'lint_cmake' to check CMake code style
[5.177s] -- Added test 'pep257' to check Python code against some of the docstring style conventions in PEP 257
[5.180s] -- Added test 'uncrustify' to check C / C++ code style
[5.180s] -- Configured uncrustify additional arguments: 
[5.181s] -- Added test 'xmllint' to check XML markup files
[5.207s] -- Configuring done
[5.339s] -- Generating done
[5.346s] -- Build files have been written to: /home/simone/bookros2_ws/build/br2_tracking
[5.381s] Invoked command in '/home/simone/bookros2_ws/build/br2_tracking' returned '0': AMENT_PREFIX_PATH=/home/simone/bookros2_ws/install/br2_tracking_msgs:${AMENT_PREFIX_PATH} CMAKE_PREFIX_PATH=/home/simone/bookros2_ws/install/br2_tracking_msgs:/opt/ros/humble LD_LIBRARY_PATH=/home/simone/bookros2_ws/install/br2_tracking_msgs/lib:${LD_LIBRARY_PATH} PYTHONPATH=/home/simone/bookros2_ws/install/br2_tracking_msgs/local/lib/python3.10/dist-packages:${PYTHONPATH} /usr/bin/cmake /home/simone/bookros2_ws/src/book_ros2/br2_tracking -DAMENT_CMAKE_SYMLINK_INSTALL=1 -DCMAKE_INSTALL_PREFIX=/home/simone/bookros2_ws/install/br2_tracking
[5.382s] Invoking command in '/home/simone/bookros2_ws/build/br2_tracking': AMENT_PREFIX_PATH=/home/simone/bookros2_ws/install/br2_tracking_msgs:${AMENT_PREFIX_PATH} CMAKE_PREFIX_PATH=/home/simone/bookros2_ws/install/br2_tracking_msgs:/opt/ros/humble LD_LIBRARY_PATH=/home/simone/bookros2_ws/install/br2_tracking_msgs/lib:${LD_LIBRARY_PATH} PYTHONPATH=/home/simone/bookros2_ws/install/br2_tracking_msgs/local/lib/python3.10/dist-packages:${PYTHONPATH} /usr/bin/cmake --build /home/simone/bookros2_ws/build/br2_tracking -- -j5 -l5
[5.457s] [  7%] [32mBuilding CXX object CMakeFiles/br2_tracking.dir/src/br2_tracking/ObjectDetector.cpp.o[0m
[17.771s] [ 14%] [32mBuilding CXX object CMakeFiles/br2_tracking.dir/src/br2_tracking/PIDController.cpp.o[0m
[18.311s] [ 21%] [32mBuilding CXX object CMakeFiles/br2_tracking.dir/src/br2_tracking/HeadController.cpp.o[0m
[42.177s] [ 28%] [32m[1mLinking CXX shared library libbr2_tracking.so[0m
[44.074s] [ 28%] Built target br2_tracking
[44.097s] [ 35%] [32mBuilding CXX object gtest/CMakeFiles/gtest.dir/src/gtest-all.cc.o[0m
[49.951s] [ 42%] [32m[1mLinking CXX static library libgtest.a[0m
[50.054s] [ 42%] Built target gtest
[50.080s] [ 50%] [32mBuilding CXX object CMakeFiles/object_tracker.dir/src/object_tracker_main.cpp.o[0m
[68.179s] [ 57%] [32m[1mLinking CXX executable object_tracker[0m
[70.656s] [ 57%] Built target object_tracker
[70.686s] [ 64%] [32mBuilding CXX object CMakeFiles/object_detector.dir/src/object_detector_main.cpp.o[0m
[76.772s] [ 71%] [32m[1mLinking CXX executable object_detector[0m
[78.482s] [ 71%] Built target object_detector
[78.508s] [ 78%] [32mBuilding CXX object gtest/CMakeFiles/gtest_main.dir/src/gtest_main.cc.o[0m
[80.073s] [ 85%] [32m[1mLinking CXX static library libgtest_main.a[0m
[80.112s] [ 85%] Built target gtest_main
[80.137s] [ 92%] [32mBuilding CXX object tests/CMakeFiles/pid_test.dir/pid_test.cpp.o[0m
[82.239s] [100%] [32m[1mLinking CXX executable pid_test[0m
[83.934s] [100%] Built target pid_test
[83.952s] Invoked command in '/home/simone/bookros2_ws/build/br2_tracking' returned '0': AMENT_PREFIX_PATH=/home/simone/bookros2_ws/install/br2_tracking_msgs:${AMENT_PREFIX_PATH} CMAKE_PREFIX_PATH=/home/simone/bookros2_ws/install/br2_tracking_msgs:/opt/ros/humble LD_LIBRARY_PATH=/home/simone/bookros2_ws/install/br2_tracking_msgs/lib:${LD_LIBRARY_PATH} PYTHONPATH=/home/simone/bookros2_ws/install/br2_tracking_msgs/local/lib/python3.10/dist-packages:${PYTHONPATH} /usr/bin/cmake --build /home/simone/bookros2_ws/build/br2_tracking -- -j5 -l5
[83.997s] Invoking command in '/home/simone/bookros2_ws/build/br2_tracking': AMENT_PREFIX_PATH=/home/simone/bookros2_ws/install/br2_tracking_msgs:${AMENT_PREFIX_PATH} CMAKE_PREFIX_PATH=/home/simone/bookros2_ws/install/br2_tracking_msgs:/opt/ros/humble LD_LIBRARY_PATH=/home/simone/bookros2_ws/install/br2_tracking_msgs/lib:${LD_LIBRARY_PATH} PYTHONPATH=/home/simone/bookros2_ws/install/br2_tracking_msgs/local/lib/python3.10/dist-packages:${PYTHONPATH} /usr/bin/cmake --install /home/simone/bookros2_ws/build/br2_tracking
[84.003s] -- Install configuration: "Debug"
[84.004s] -- Execute custom install script
[84.004s] -- Symlinking: /home/simone/bookros2_ws/install/br2_tracking/lib/libbr2_tracking.so
[84.016s] -- Symlinking: /home/simone/bookros2_ws/install/br2_tracking/lib/br2_tracking/object_detector
[84.026s] -- Symlinking: /home/simone/bookros2_ws/install/br2_tracking/lib/br2_tracking/object_tracker
[84.036s] -- Symlinking: /home/simone/bookros2_ws/install/br2_tracking/include/include/br2_tracking/HeadController.hpp
[84.045s] -- Symlinking: /home/simone/bookros2_ws/install/br2_tracking/include/include/br2_tracking/ObjectDetector.hpp
[84.054s] -- Symlinking: /home/simone/bookros2_ws/install/br2_tracking/include/include/br2_tracking/PIDController.hpp
[84.063s] -- Symlinking: /home/simone/bookros2_ws/install/br2_tracking/share/br2_tracking/launch/tracking.launch.py
[84.073s] -- Symlinking: /home/simone/bookros2_ws/install/br2_tracking/share/br2_tracking/config/detector.yaml
[84.082s] -- Symlinking: /home/simone/bookros2_ws/install/br2_tracking/share/br2_tracking/environment/library_path.sh
[84.091s] -- Symlinking: /home/simone/bookros2_ws/install/br2_tracking/share/br2_tracking/environment/library_path.dsv
[84.102s] -- Symlinking: /home/simone/bookros2_ws/install/br2_tracking/share/ament_index/resource_index/package_run_dependencies/br2_tracking
[84.116s] -- Symlinking: /home/simone/bookros2_ws/install/br2_tracking/share/ament_index/resource_index/parent_prefix_path/br2_tracking
[84.129s] -- Symlinking: /home/simone/bookros2_ws/install/br2_tracking/share/br2_tracking/environment/ament_prefix_path.sh
[84.141s] -- Symlinking: /home/simone/bookros2_ws/install/br2_tracking/share/br2_tracking/environment/ament_prefix_path.dsv
[84.151s] -- Symlinking: /home/simone/bookros2_ws/install/br2_tracking/share/br2_tracking/environment/path.sh
[84.160s] -- Symlinking: /home/simone/bookros2_ws/install/br2_tracking/share/br2_tracking/environment/path.dsv
[84.170s] -- Symlinking: /home/simone/bookros2_ws/install/br2_tracking/share/br2_tracking/local_setup.bash
[84.178s] -- Symlinking: /home/simone/bookros2_ws/install/br2_tracking/share/br2_tracking/local_setup.sh
[84.188s] -- Symlinking: /home/simone/bookros2_ws/install/br2_tracking/share/br2_tracking/local_setup.zsh
[84.201s] -- Symlinking: /home/simone/bookros2_ws/install/br2_tracking/share/br2_tracking/local_setup.dsv
[84.210s] -- Symlinking: /home/simone/bookros2_ws/install/br2_tracking/share/br2_tracking/package.dsv
[84.221s] -- Symlinking: /home/simone/bookros2_ws/install/br2_tracking/share/ament_index/resource_index/packages/br2_tracking
[84.231s] -- Symlinking: /home/simone/bookros2_ws/install/br2_tracking/share/br2_tracking/cmake/ament_cmake_export_include_directories-extras.cmake
[84.241s] -- Symlinking: /home/simone/bookros2_ws/install/br2_tracking/share/br2_tracking/cmake/ament_cmake_export_libraries-extras.cmake
[84.251s] -- Symlinking: /home/simone/bookros2_ws/install/br2_tracking/share/br2_tracking/cmake/ament_cmake_export_dependencies-extras.cmake
[84.259s] -- Symlinking: /home/simone/bookros2_ws/install/br2_tracking/share/br2_tracking/cmake/br2_trackingConfig.cmake
[84.268s] -- Symlinking: /home/simone/bookros2_ws/install/br2_tracking/share/br2_tracking/cmake/br2_trackingConfig-version.cmake
[84.279s] -- Symlinking: /home/simone/bookros2_ws/install/br2_tracking/share/br2_tracking/package.xml
[84.297s] Invoked command in '/home/simone/bookros2_ws/build/br2_tracking' returned '0': AMENT_PREFIX_PATH=/home/simone/bookros2_ws/install/br2_tracking_msgs:${AMENT_PREFIX_PATH} CMAKE_PREFIX_PATH=/home/simone/bookros2_ws/install/br2_tracking_msgs:/opt/ros/humble LD_LIBRARY_PATH=/home/simone/bookros2_ws/install/br2_tracking_msgs/lib:${LD_LIBRARY_PATH} PYTHONPATH=/home/simone/bookros2_ws/install/br2_tracking_msgs/local/lib/python3.10/dist-packages:${PYTHONPATH} /usr/bin/cmake --install /home/simone/bookros2_ws/build/br2_tracking
