[0.168s] Invoking command in '/home/simone/bookros2_ws/build/pmb2_description': AMENT_PREFIX_PATH=/home/simone/bookros2_ws/install/launch_pal:/home/simone/bookros2_ws/install/urdf_test:/home/simone/bookros2_ws/install/tiago_simulation:/home/simone/bookros2_ws/install/tiago_robot:/home/simone/bookros2_ws/install/tiago_navigation:/home/simone/bookros2_ws/install/tiago_gazebo:/home/simone/bookros2_ws/install/tiago_moveit_config:/home/simone/bookros2_ws/install/tiago_laser_sensors:/home/simone/bookros2_ws/install/tiago_bringup:/home/simone/bookros2_ws/install/tiago_description:/home/simone/bookros2_ws/install/tiago_controller_configuration:/home/simone/bookros2_ws/install/tiago_2dnav:/home/simone/bookros2_ws/install/pmb2_robot:/home/simone/bookros2_ws/install/pmb2_navigation:/home/simone/bookros2_ws/install/pmb2_2dnav:/home/simone/bookros2_ws/install/pmb2_maps:/home/simone/bookros2_ws/install/pmb2_laser_sensors:/home/simone/bookros2_ws/install/pmb2_bringup:/home/simone/bookros2_ws/install/pmb2_description:/home/simone/bookros2_ws/install/pmb2_controller_configuration:/home/simone/bookros2_ws/install/pal_gripper:/home/simone/bookros2_ws/install/pal_gripper_description:/home/simone/bookros2_ws/install/pal_gripper_controller_configuration:/home/simone/bookros2_ws/install/pal_gazebo_worlds:/home/simone/bookros2_ws/install/hey5_description:/home/simone/bookros2_ws/install/groot:/home/simone/bookros2_ws/install/br2_vff_avoidance:/home/simone/bookros2_ws/install/br2_tracking:/home/simone/bookros2_ws/install/br2_tracking_msgs:/home/simone/bookros2_ws/install/br2_tiago:/home/simone/bookros2_ws/install/br2_tf2_detector:/home/simone/bookros2_ws/install/br2_navigation:/home/simone/bookros2_ws/install/br2_fsm_bumpgo_py:/home/simone/bookros2_ws/install/br2_fsm_bumpgo_cpp:/home/simone/bookros2_ws/install/br2_bt_patrolling:/home/simone/bookros2_ws/install/br2_bt_bumpgo:/home/simone/bookros2_ws/install/br2_basics:/opt/ros/humble CMAKE_PREFIX_PATH=/home/simone/bookros2_ws/install/urdf_test:/home/simone/bookros2_ws/install/pmb2_controller_configuration:/home/simone/bookros2_ws/install/tiago_simulation:/home/simone/bookros2_ws/install/tiago_robot:/home/simone/bookros2_ws/install/tiago_navigation:/home/simone/bookros2_ws/install/tiago_gazebo:/home/simone/bookros2_ws/install/tiago_moveit_config:/home/simone/bookros2_ws/install/tiago_laser_sensors:/home/simone/bookros2_ws/install/tiago_bringup:/home/simone/bookros2_ws/install/tiago_description:/home/simone/bookros2_ws/install/tiago_controller_configuration:/home/simone/bookros2_ws/install/tiago_2dnav:/home/simone/bookros2_ws/install/pmb2_robot:/home/simone/bookros2_ws/install/pmb2_navigation:/home/simone/bookros2_ws/install/pmb2_2dnav:/home/simone/bookros2_ws/install/pmb2_maps:/home/simone/bookros2_ws/install/pmb2_laser_sensors:/home/simone/bookros2_ws/install/pmb2_bringup:/home/simone/bookros2_ws/install/pmb2_description:/home/simone/bookros2_ws/install/pal_gripper:/home/simone/bookros2_ws/install/pal_gripper_description:/home/simone/bookros2_ws/install/pal_gripper_controller_configuration:/home/simone/bookros2_ws/install/pal_gazebo_worlds:/home/simone/bookros2_ws/install/hey5_description:/home/simone/bookros2_ws/install/groot:/home/simone/bookros2_ws/install/br2_vff_avoidance:/home/simone/bookros2_ws/install/br2_tracking:/home/simone/bookros2_ws/install/br2_tracking_msgs:/home/simone/bookros2_ws/install/br2_tiago:/home/simone/bookros2_ws/install/br2_tf2_detector:/home/simone/bookros2_ws/install/br2_navigation:/home/simone/bookros2_ws/install/br2_fsm_bumpgo_cpp:/home/simone/bookros2_ws/install/br2_bt_patrolling:/home/simone/bookros2_ws/install/br2_bt_bumpgo:/home/simone/bookros2_ws/install/br2_basics:/home/simone/bookros2_ws/install/launch_pal:/home/simone/bookros2_ws/install/br2_fsm_bumpgo_py:/opt/ros/humble PYTHONPATH=/home/simone/bookros2_ws/build/launch_pal:/home/simone/bookros2_ws/install/launch_pal/lib/python3.10/site-packages:/home/simone/bookros2_ws/build/br2_fsm_bumpgo_py:/home/simone/bookros2_ws/install/urdf_test/local/lib/python3.10/dist-packages:/home/simone/bookros2_ws/install/tiago_description/local/lib/python3.10/dist-packages:/home/simone/bookros2_ws/install/pmb2_description/local/lib/python3.10/dist-packages:/home/simone/bookros2_ws/install/br2_tracking_msgs/local/lib/python3.10/dist-packages:/home/simone/bookros2_ws/install/br2_fsm_bumpgo_py/lib/python3.10/site-packages:/opt/ros/humble/lib/python3.10/site-packages:/opt/ros/humble/local/lib/python3.10/dist-packages /usr/bin/cmake --build /home/simone/bookros2_ws/build/pmb2_description -- -j5 -l5
[0.383s] Built target ament_cmake_python_symlink_pmb2_description
[1.464s] running egg_info
[1.465s] writing pmb2_description.egg-info/PKG-INFO
[1.465s] writing dependency_links to pmb2_description.egg-info/dependency_links.txt
[1.465s] writing top-level names to pmb2_description.egg-info/top_level.txt
[1.505s] reading manifest file 'pmb2_description.egg-info/SOURCES.txt'
[1.524s] writing manifest file 'pmb2_description.egg-info/SOURCES.txt'
[1.648s] Built target ament_cmake_python_build_pmb2_description_egg
[1.671s] Invoked command in '/home/simone/bookros2_ws/build/pmb2_description' returned '0': AMENT_PREFIX_PATH=/home/simone/bookros2_ws/install/launch_pal:/home/simone/bookros2_ws/install/urdf_test:/home/simone/bookros2_ws/install/tiago_simulation:/home/simone/bookros2_ws/install/tiago_robot:/home/simone/bookros2_ws/install/tiago_navigation:/home/simone/bookros2_ws/install/tiago_gazebo:/home/simone/bookros2_ws/install/tiago_moveit_config:/home/simone/bookros2_ws/install/tiago_laser_sensors:/home/simone/bookros2_ws/install/tiago_bringup:/home/simone/bookros2_ws/install/tiago_description:/home/simone/bookros2_ws/install/tiago_controller_configuration:/home/simone/bookros2_ws/install/tiago_2dnav:/home/simone/bookros2_ws/install/pmb2_robot:/home/simone/bookros2_ws/install/pmb2_navigation:/home/simone/bookros2_ws/install/pmb2_2dnav:/home/simone/bookros2_ws/install/pmb2_maps:/home/simone/bookros2_ws/install/pmb2_laser_sensors:/home/simone/bookros2_ws/install/pmb2_bringup:/home/simone/bookros2_ws/install/pmb2_description:/home/simone/bookros2_ws/install/pmb2_controller_configuration:/home/simone/bookros2_ws/install/pal_gripper:/home/simone/bookros2_ws/install/pal_gripper_description:/home/simone/bookros2_ws/install/pal_gripper_controller_configuration:/home/simone/bookros2_ws/install/pal_gazebo_worlds:/home/simone/bookros2_ws/install/hey5_description:/home/simone/bookros2_ws/install/groot:/home/simone/bookros2_ws/install/br2_vff_avoidance:/home/simone/bookros2_ws/install/br2_tracking:/home/simone/bookros2_ws/install/br2_tracking_msgs:/home/simone/bookros2_ws/install/br2_tiago:/home/simone/bookros2_ws/install/br2_tf2_detector:/home/simone/bookros2_ws/install/br2_navigation:/home/simone/bookros2_ws/install/br2_fsm_bumpgo_py:/home/simone/bookros2_ws/install/br2_fsm_bumpgo_cpp:/home/simone/bookros2_ws/install/br2_bt_patrolling:/home/simone/bookros2_ws/install/br2_bt_bumpgo:/home/simone/bookros2_ws/install/br2_basics:/opt/ros/humble CMAKE_PREFIX_PATH=/home/simone/bookros2_ws/install/urdf_test:/home/simone/bookros2_ws/install/pmb2_controller_configuration:/home/simone/bookros2_ws/install/tiago_simulation:/home/simone/bookros2_ws/install/tiago_robot:/home/simone/bookros2_ws/install/tiago_navigation:/home/simone/bookros2_ws/install/tiago_gazebo:/home/simone/bookros2_ws/install/tiago_moveit_config:/home/simone/bookros2_ws/install/tiago_laser_sensors:/home/simone/bookros2_ws/install/tiago_bringup:/home/simone/bookros2_ws/install/tiago_description:/home/simone/bookros2_ws/install/tiago_controller_configuration:/home/simone/bookros2_ws/install/tiago_2dnav:/home/simone/bookros2_ws/install/pmb2_robot:/home/simone/bookros2_ws/install/pmb2_navigation:/home/simone/bookros2_ws/install/pmb2_2dnav:/home/simone/bookros2_ws/install/pmb2_maps:/home/simone/bookros2_ws/install/pmb2_laser_sensors:/home/simone/bookros2_ws/install/pmb2_bringup:/home/simone/bookros2_ws/install/pmb2_description:/home/simone/bookros2_ws/install/pal_gripper:/home/simone/bookros2_ws/install/pal_gripper_description:/home/simone/bookros2_ws/install/pal_gripper_controller_configuration:/home/simone/bookros2_ws/install/pal_gazebo_worlds:/home/simone/bookros2_ws/install/hey5_description:/home/simone/bookros2_ws/install/groot:/home/simone/bookros2_ws/install/br2_vff_avoidance:/home/simone/bookros2_ws/install/br2_tracking:/home/simone/bookros2_ws/install/br2_tracking_msgs:/home/simone/bookros2_ws/install/br2_tiago:/home/simone/bookros2_ws/install/br2_tf2_detector:/home/simone/bookros2_ws/install/br2_navigation:/home/simone/bookros2_ws/install/br2_fsm_bumpgo_cpp:/home/simone/bookros2_ws/install/br2_bt_patrolling:/home/simone/bookros2_ws/install/br2_bt_bumpgo:/home/simone/bookros2_ws/install/br2_basics:/home/simone/bookros2_ws/install/launch_pal:/home/simone/bookros2_ws/install/br2_fsm_bumpgo_py:/opt/ros/humble PYTHONPATH=/home/simone/bookros2_ws/build/launch_pal:/home/simone/bookros2_ws/install/launch_pal/lib/python3.10/site-packages:/home/simone/bookros2_ws/build/br2_fsm_bumpgo_py:/home/simone/bookros2_ws/install/urdf_test/local/lib/python3.10/dist-packages:/home/simone/bookros2_ws/install/tiago_description/local/lib/python3.10/dist-packages:/home/simone/bookros2_ws/install/pmb2_description/local/lib/python3.10/dist-packages:/home/simone/bookros2_ws/install/br2_tracking_msgs/local/lib/python3.10/dist-packages:/home/simone/bookros2_ws/install/br2_fsm_bumpgo_py/lib/python3.10/site-packages:/opt/ros/humble/lib/python3.10/site-packages:/opt/ros/humble/local/lib/python3.10/dist-packages /usr/bin/cmake --build /home/simone/bookros2_ws/build/pmb2_description -- -j5 -l5
[1.766s] Invoking command in '/home/simone/bookros2_ws/build/pmb2_description': AMENT_PREFIX_PATH=/home/simone/bookros2_ws/install/launch_pal:/home/simone/bookros2_ws/install/urdf_test:/home/simone/bookros2_ws/install/tiago_simulation:/home/simone/bookros2_ws/install/tiago_robot:/home/simone/bookros2_ws/install/tiago_navigation:/home/simone/bookros2_ws/install/tiago_gazebo:/home/simone/bookros2_ws/install/tiago_moveit_config:/home/simone/bookros2_ws/install/tiago_laser_sensors:/home/simone/bookros2_ws/install/tiago_bringup:/home/simone/bookros2_ws/install/tiago_description:/home/simone/bookros2_ws/install/tiago_controller_configuration:/home/simone/bookros2_ws/install/tiago_2dnav:/home/simone/bookros2_ws/install/pmb2_robot:/home/simone/bookros2_ws/install/pmb2_navigation:/home/simone/bookros2_ws/install/pmb2_2dnav:/home/simone/bookros2_ws/install/pmb2_maps:/home/simone/bookros2_ws/install/pmb2_laser_sensors:/home/simone/bookros2_ws/install/pmb2_bringup:/home/simone/bookros2_ws/install/pmb2_description:/home/simone/bookros2_ws/install/pmb2_controller_configuration:/home/simone/bookros2_ws/install/pal_gripper:/home/simone/bookros2_ws/install/pal_gripper_description:/home/simone/bookros2_ws/install/pal_gripper_controller_configuration:/home/simone/bookros2_ws/install/pal_gazebo_worlds:/home/simone/bookros2_ws/install/hey5_description:/home/simone/bookros2_ws/install/groot:/home/simone/bookros2_ws/install/br2_vff_avoidance:/home/simone/bookros2_ws/install/br2_tracking:/home/simone/bookros2_ws/install/br2_tracking_msgs:/home/simone/bookros2_ws/install/br2_tiago:/home/simone/bookros2_ws/install/br2_tf2_detector:/home/simone/bookros2_ws/install/br2_navigation:/home/simone/bookros2_ws/install/br2_fsm_bumpgo_py:/home/simone/bookros2_ws/install/br2_fsm_bumpgo_cpp:/home/simone/bookros2_ws/install/br2_bt_patrolling:/home/simone/bookros2_ws/install/br2_bt_bumpgo:/home/simone/bookros2_ws/install/br2_basics:/opt/ros/humble CMAKE_PREFIX_PATH=/home/simone/bookros2_ws/install/urdf_test:/home/simone/bookros2_ws/install/pmb2_controller_configuration:/home/simone/bookros2_ws/install/tiago_simulation:/home/simone/bookros2_ws/install/tiago_robot:/home/simone/bookros2_ws/install/tiago_navigation:/home/simone/bookros2_ws/install/tiago_gazebo:/home/simone/bookros2_ws/install/tiago_moveit_config:/home/simone/bookros2_ws/install/tiago_laser_sensors:/home/simone/bookros2_ws/install/tiago_bringup:/home/simone/bookros2_ws/install/tiago_description:/home/simone/bookros2_ws/install/tiago_controller_configuration:/home/simone/bookros2_ws/install/tiago_2dnav:/home/simone/bookros2_ws/install/pmb2_robot:/home/simone/bookros2_ws/install/pmb2_navigation:/home/simone/bookros2_ws/install/pmb2_2dnav:/home/simone/bookros2_ws/install/pmb2_maps:/home/simone/bookros2_ws/install/pmb2_laser_sensors:/home/simone/bookros2_ws/install/pmb2_bringup:/home/simone/bookros2_ws/install/pmb2_description:/home/simone/bookros2_ws/install/pal_gripper:/home/simone/bookros2_ws/install/pal_gripper_description:/home/simone/bookros2_ws/install/pal_gripper_controller_configuration:/home/simone/bookros2_ws/install/pal_gazebo_worlds:/home/simone/bookros2_ws/install/hey5_description:/home/simone/bookros2_ws/install/groot:/home/simone/bookros2_ws/install/br2_vff_avoidance:/home/simone/bookros2_ws/install/br2_tracking:/home/simone/bookros2_ws/install/br2_tracking_msgs:/home/simone/bookros2_ws/install/br2_tiago:/home/simone/bookros2_ws/install/br2_tf2_detector:/home/simone/bookros2_ws/install/br2_navigation:/home/simone/bookros2_ws/install/br2_fsm_bumpgo_cpp:/home/simone/bookros2_ws/install/br2_bt_patrolling:/home/simone/bookros2_ws/install/br2_bt_bumpgo:/home/simone/bookros2_ws/install/br2_basics:/home/simone/bookros2_ws/install/launch_pal:/home/simone/bookros2_ws/install/br2_fsm_bumpgo_py:/opt/ros/humble PYTHONPATH=/home/simone/bookros2_ws/build/launch_pal:/home/simone/bookros2_ws/install/launch_pal/lib/python3.10/site-packages:/home/simone/bookros2_ws/build/br2_fsm_bumpgo_py:/home/simone/bookros2_ws/install/urdf_test/local/lib/python3.10/dist-packages:/home/simone/bookros2_ws/install/tiago_description/local/lib/python3.10/dist-packages:/home/simone/bookros2_ws/install/pmb2_description/local/lib/python3.10/dist-packages:/home/simone/bookros2_ws/install/br2_tracking_msgs/local/lib/python3.10/dist-packages:/home/simone/bookros2_ws/install/br2_fsm_bumpgo_py/lib/python3.10/site-packages:/opt/ros/humble/lib/python3.10/site-packages:/opt/ros/humble/local/lib/python3.10/dist-packages /usr/bin/cmake --install /home/simone/bookros2_ws/build/pmb2_description
[1.815s] -- Install configuration: ""
[1.837s] -- Execute custom install script
[1.837s] -- Up-to-date symlink: /home/simone/bookros2_ws/install/pmb2_description/share/pmb2_description/environment/pythonpath.sh
[1.837s] -- Up-to-date symlink: /home/simone/bookros2_ws/install/pmb2_description/share/pmb2_description/environment/pythonpath.dsv
[1.837s] -- Up-to-date symlink: /home/simone/bookros2_ws/install/pmb2_description/local/lib/python3.10/dist-packages/pmb2_description-5.0.7-py3.10.egg-info/PKG-INFO
[1.837s] -- Up-to-date symlink: /home/simone/bookros2_ws/install/pmb2_description/local/lib/python3.10/dist-packages/pmb2_description-5.0.7-py3.10.egg-info/SOURCES.txt
[1.838s] -- Up-to-date symlink: /home/simone/bookros2_ws/install/pmb2_description/local/lib/python3.10/dist-packages/pmb2_description-5.0.7-py3.10.egg-info/dependency_links.txt
[1.838s] -- Up-to-date symlink: /home/simone/bookros2_ws/install/pmb2_description/local/lib/python3.10/dist-packages/pmb2_description-5.0.7-py3.10.egg-info/top_level.txt
[1.838s] -- Up-to-date symlink: /home/simone/bookros2_ws/install/pmb2_description/local/lib/python3.10/dist-packages/pmb2_description/__init__.py
[1.849s] -- Up-to-date symlink: /home/simone/bookros2_ws/install/pmb2_description/share/pmb2_description/config/joint_limits.yaml
[1.849s] -- Up-to-date symlink: /home/simone/bookros2_ws/install/pmb2_description/share/pmb2_description/gazebo/gazebo.urdf.xacro
[1.851s] -- Up-to-date symlink: /home/simone/bookros2_ws/install/pmb2_description/share/pmb2_description/launch/robot_state_publisher.launch.py
[1.851s] -- Up-to-date symlink: /home/simone/bookros2_ws/install/pmb2_description/share/pmb2_description/launch/show.launch.py
[1.851s] -- Up-to-date symlink: /home/simone/bookros2_ws/install/pmb2_description/share/pmb2_description/Media/materials/scripts/markers.material
[1.851s] -- Up-to-date symlink: /home/simone/bookros2_ws/install/pmb2_description/share/pmb2_description/Media/materials/textures/aruco-26_8cm.png
[1.852s] -- Up-to-date symlink: /home/simone/bookros2_ws/install/pmb2_description/share/pmb2_description/Media/materials/textures/aruco-582_8cm.png
[1.852s] -- Up-to-date symlink: /home/simone/bookros2_ws/install/pmb2_description/share/pmb2_description/Media/materials/textures/pal_logo_1_7cm.jpg
[1.852s] -- Up-to-date symlink: /home/simone/bookros2_ws/install/pmb2_description/share/pmb2_description/Media/materials/textures/pal_logo_2_7cm.jpg
[1.852s] -- Up-to-date symlink: /home/simone/bookros2_ws/install/pmb2_description/share/pmb2_description/Media/materials/textures/pal_logo_3_7cm.jpg
[1.884s] -- Up-to-date symlink: /home/simone/bookros2_ws/install/pmb2_description/share/pmb2_description/meshes/base/base.stl
[1.884s] -- Up-to-date symlink: /home/simone/bookros2_ws/install/pmb2_description/share/pmb2_description/meshes/base/base_collision.dae
[1.884s] -- Up-to-date symlink: /home/simone/bookros2_ws/install/pmb2_description/share/pmb2_description/meshes/base/base_ring.stl
[1.884s] -- Up-to-date symlink: /home/simone/bookros2_ws/install/pmb2_description/share/pmb2_description/meshes/base/high_resolution/base.stl
[1.884s] -- Up-to-date symlink: /home/simone/bookros2_ws/install/pmb2_description/share/pmb2_description/meshes/base/high_resolution/base_collision.stl
[1.884s] -- Up-to-date symlink: /home/simone/bookros2_ws/install/pmb2_description/share/pmb2_description/meshes/cameras_add_on/cameras_add_on.stl
[1.885s] -- Up-to-date symlink: /home/simone/bookros2_ws/install/pmb2_description/share/pmb2_description/meshes/cameras_add_on/cameras_add_on_collision.stl
[1.885s] -- Up-to-date symlink: /home/simone/bookros2_ws/install/pmb2_description/share/pmb2_description/meshes/dock/dock.stl
[1.885s] -- Up-to-date symlink: /home/simone/bookros2_ws/install/pmb2_description/share/pmb2_description/meshes/dock/dock_collision.stl
[1.885s] -- Up-to-date symlink: /home/simone/bookros2_ws/install/pmb2_description/share/pmb2_description/meshes/objects/antenna.stl
[1.885s] -- Up-to-date symlink: /home/simone/bookros2_ws/install/pmb2_description/share/pmb2_description/meshes/objects/cover.stl
[1.885s] -- Up-to-date symlink: /home/simone/bookros2_ws/install/pmb2_description/share/pmb2_description/meshes/objects/high_resolution/cover.stl
[1.885s] -- Up-to-date symlink: /home/simone/bookros2_ws/install/pmb2_description/share/pmb2_description/meshes/sensors/bumper.stl
[1.885s] -- Up-to-date symlink: /home/simone/bookros2_ws/install/pmb2_description/share/pmb2_description/meshes/sensors/bumper_collision.stl
[1.885s] -- Up-to-date symlink: /home/simone/bookros2_ws/install/pmb2_description/share/pmb2_description/meshes/sensors/elp_camera.stl
[1.886s] -- Up-to-date symlink: /home/simone/bookros2_ws/install/pmb2_description/share/pmb2_description/meshes/sensors/high_resolution/bumper.stl
[1.886s] -- Up-to-date symlink: /home/simone/bookros2_ws/install/pmb2_description/share/pmb2_description/meshes/sensors/high_resolution/hokuyo_urg_04lx_ug01.stl
[1.886s] -- Up-to-date symlink: /home/simone/bookros2_ws/install/pmb2_description/share/pmb2_description/meshes/sensors/high_resolution/sick_tim551.stl
[1.886s] -- Up-to-date symlink: /home/simone/bookros2_ws/install/pmb2_description/share/pmb2_description/meshes/sensors/high_resolution/srf05.stl
[1.886s] -- Up-to-date symlink: /home/simone/bookros2_ws/install/pmb2_description/share/pmb2_description/meshes/sensors/high_resolution/xtion_pro_live.stl
[1.886s] -- Up-to-date symlink: /home/simone/bookros2_ws/install/pmb2_description/share/pmb2_description/meshes/sensors/hokuyo_urg_04lx_ug01.stl
[1.886s] -- Up-to-date symlink: /home/simone/bookros2_ws/install/pmb2_description/share/pmb2_description/meshes/sensors/sick_tim551.stl
[1.886s] -- Up-to-date symlink: /home/simone/bookros2_ws/install/pmb2_description/share/pmb2_description/meshes/sensors/srf05.stl
[1.886s] -- Up-to-date symlink: /home/simone/bookros2_ws/install/pmb2_description/share/pmb2_description/meshes/sensors/structure_sensor.stl
[1.886s] -- Up-to-date symlink: /home/simone/bookros2_ws/install/pmb2_description/share/pmb2_description/meshes/sensors/xtion_pro_live.dae
[1.887s] -- Up-to-date symlink: /home/simone/bookros2_ws/install/pmb2_description/share/pmb2_description/meshes/wheels/caster_1.stl
[1.887s] -- Up-to-date symlink: /home/simone/bookros2_ws/install/pmb2_description/share/pmb2_description/meshes/wheels/caster_2.stl
[1.887s] -- Up-to-date symlink: /home/simone/bookros2_ws/install/pmb2_description/share/pmb2_description/meshes/wheels/high_resolution/caster_1.stl
[1.887s] -- Up-to-date symlink: /home/simone/bookros2_ws/install/pmb2_description/share/pmb2_description/meshes/wheels/high_resolution/caster_2.stl
[1.887s] -- Up-to-date symlink: /home/simone/bookros2_ws/install/pmb2_description/share/pmb2_description/meshes/wheels/high_resolution/wheel.stl
[1.887s] -- Up-to-date symlink: /home/simone/bookros2_ws/install/pmb2_description/share/pmb2_description/meshes/wheels/wheel.stl
[1.887s] -- Up-to-date symlink: /home/simone/bookros2_ws/install/pmb2_description/share/pmb2_description/robots/pmb2.urdf.xacro
[1.887s] -- Up-to-date symlink: /home/simone/bookros2_ws/install/pmb2_description/share/pmb2_description/ros2_control/ros2_control.urdf.xacro
[1.888s] -- Up-to-date symlink: /home/simone/bookros2_ws/install/pmb2_description/share/pmb2_description/urdf/base/base.urdf.xacro
[1.888s] -- Up-to-date symlink: /home/simone/bookros2_ws/install/pmb2_description/share/pmb2_description/urdf/base/base_sensors.urdf.xacro
[1.888s] -- Up-to-date symlink: /home/simone/bookros2_ws/install/pmb2_description/share/pmb2_description/urdf/base/footprint.yaml
[1.888s] -- Up-to-date symlink: /home/simone/bookros2_ws/install/pmb2_description/share/pmb2_description/urdf/cameras_add_on/cameras_add_on.urdf.xacro
[1.888s] -- Up-to-date symlink: /home/simone/bookros2_ws/install/pmb2_description/share/pmb2_description/urdf/deg_to_rad.xacro
[1.888s] -- Up-to-date symlink: /home/simone/bookros2_ws/install/pmb2_description/share/pmb2_description/urdf/dock/dock.urdf.xacro
[1.924s] -- Up-to-date symlink: /home/simone/bookros2_ws/install/pmb2_description/share/pmb2_description/urdf/materials.urdf.xacro
[1.924s] -- Up-to-date symlink: /home/simone/bookros2_ws/install/pmb2_description/share/pmb2_description/urdf/objects/antenna.urdf.xacro
[1.924s] -- Up-to-date symlink: /home/simone/bookros2_ws/install/pmb2_description/share/pmb2_description/urdf/objects/cover.urdf.xacro
[1.924s] -- Up-to-date symlink: /home/simone/bookros2_ws/install/pmb2_description/share/pmb2_description/urdf/sensors/bumper.gazebo.xacro
[1.924s] -- Up-to-date symlink: /home/simone/bookros2_ws/install/pmb2_description/share/pmb2_description/urdf/sensors/bumper.urdf.xacro
[1.924s] -- Up-to-date symlink: /home/simone/bookros2_ws/install/pmb2_description/share/pmb2_description/urdf/sensors/courier.urdf.xacro
[1.924s] -- Up-to-date symlink: /home/simone/bookros2_ws/install/pmb2_description/share/pmb2_description/urdf/sensors/elp_rgb.gazebo.xacro
[1.925s] -- Up-to-date symlink: /home/simone/bookros2_ws/install/pmb2_description/share/pmb2_description/urdf/sensors/elp_rgb.urdf.xacro
[1.925s] -- Up-to-date symlink: /home/simone/bookros2_ws/install/pmb2_description/share/pmb2_description/urdf/sensors/hokuyo_urg_04lx_ug01_laser.gazebo.xacro
[1.925s] -- Up-to-date symlink: /home/simone/bookros2_ws/install/pmb2_description/share/pmb2_description/urdf/sensors/hokuyo_urg_04lx_ug01_laser.urdf.xacro
[1.925s] -- Up-to-date symlink: /home/simone/bookros2_ws/install/pmb2_description/share/pmb2_description/urdf/sensors/imu.urdf.xacro
[1.925s] -- Up-to-date symlink: /home/simone/bookros2_ws/install/pmb2_description/share/pmb2_description/urdf/sensors/microphone.urdf.xacro
[1.925s] -- Up-to-date symlink: /home/simone/bookros2_ws/install/pmb2_description/share/pmb2_description/urdf/sensors/range.gazebo.xacro
[1.925s] -- Up-to-date symlink: /home/simone/bookros2_ws/install/pmb2_description/share/pmb2_description/urdf/sensors/range.urdf.xacro
[1.956s] -- Up-to-date symlink: /home/simone/bookros2_ws/install/pmb2_description/share/pmb2_description/urdf/sensors/sensors.ros2_control.xacro
[1.956s] -- Up-to-date symlink: /home/simone/bookros2_ws/install/pmb2_description/share/pmb2_description/urdf/sensors/sick_tim551_laser.gazebo.xacro
[1.957s] -- Up-to-date symlink: /home/simone/bookros2_ws/install/pmb2_description/share/pmb2_description/urdf/sensors/sick_tim551_laser.urdf.xacro
[1.957s] -- Up-to-date symlink: /home/simone/bookros2_ws/install/pmb2_description/share/pmb2_description/urdf/sensors/sick_tim561_laser.gazebo.xacro
[1.957s] -- Up-to-date symlink: /home/simone/bookros2_ws/install/pmb2_description/share/pmb2_description/urdf/sensors/sick_tim561_laser.urdf.xacro
[1.957s] -- Up-to-date symlink: /home/simone/bookros2_ws/install/pmb2_description/share/pmb2_description/urdf/sensors/sick_tim571_laser.gazebo.xacro
[1.957s] -- Up-to-date symlink: /home/simone/bookros2_ws/install/pmb2_description/share/pmb2_description/urdf/sensors/sick_tim571_laser.urdf.xacro
[1.957s] -- Up-to-date symlink: /home/simone/bookros2_ws/install/pmb2_description/share/pmb2_description/urdf/sensors/structure_sensor.gazebo.xacro
[1.957s] -- Up-to-date symlink: /home/simone/bookros2_ws/install/pmb2_description/share/pmb2_description/urdf/sensors/structure_sensor.urdf.xacro
[1.957s] -- Up-to-date symlink: /home/simone/bookros2_ws/install/pmb2_description/share/pmb2_description/urdf/wheels/caster.gazebo.xacro
[1.958s] -- Up-to-date symlink: /home/simone/bookros2_ws/install/pmb2_description/share/pmb2_description/urdf/wheels/caster.urdf.xacro
[1.958s] -- Up-to-date symlink: /home/simone/bookros2_ws/install/pmb2_description/share/pmb2_description/urdf/wheels/wheel.gazebo.xacro
[1.958s] -- Up-to-date symlink: /home/simone/bookros2_ws/install/pmb2_description/share/pmb2_description/urdf/wheels/wheel.ros2_control.xacro
[1.958s] -- Up-to-date symlink: /home/simone/bookros2_ws/install/pmb2_description/share/pmb2_description/urdf/wheels/wheel.urdf.xacro
[1.958s] -- Up-to-date symlink: /home/simone/bookros2_ws/install/pmb2_description/share/ament_index/resource_index/package_run_dependencies/pmb2_description
[1.958s] -- Up-to-date symlink: /home/simone/bookros2_ws/install/pmb2_description/share/ament_index/resource_index/parent_prefix_path/pmb2_description
[1.958s] -- Up-to-date symlink: /home/simone/bookros2_ws/install/pmb2_description/share/pmb2_description/environment/ament_prefix_path.sh
[1.959s] -- Up-to-date symlink: /home/simone/bookros2_ws/install/pmb2_description/share/pmb2_description/environment/ament_prefix_path.dsv
[1.959s] -- Up-to-date symlink: /home/simone/bookros2_ws/install/pmb2_description/share/pmb2_description/environment/path.sh
[1.959s] -- Up-to-date symlink: /home/simone/bookros2_ws/install/pmb2_description/share/pmb2_description/environment/path.dsv
[1.959s] -- Up-to-date symlink: /home/simone/bookros2_ws/install/pmb2_description/share/pmb2_description/local_setup.bash
[1.959s] -- Up-to-date symlink: /home/simone/bookros2_ws/install/pmb2_description/share/pmb2_description/local_setup.sh
[1.959s] -- Up-to-date symlink: /home/simone/bookros2_ws/install/pmb2_description/share/pmb2_description/local_setup.zsh
[1.959s] -- Up-to-date symlink: /home/simone/bookros2_ws/install/pmb2_description/share/pmb2_description/local_setup.dsv
[1.960s] -- Symlinking: /home/simone/bookros2_ws/install/pmb2_description/share/pmb2_description/package.dsv
[1.977s] -- Up-to-date symlink: /home/simone/bookros2_ws/install/pmb2_description/share/ament_index/resource_index/packages/pmb2_description
[1.977s] -- Up-to-date symlink: /home/simone/bookros2_ws/install/pmb2_description/share/pmb2_description/cmake/pmb2_descriptionConfig.cmake
[1.977s] -- Up-to-date symlink: /home/simone/bookros2_ws/install/pmb2_description/share/pmb2_description/cmake/pmb2_descriptionConfig-version.cmake
[1.977s] -- Up-to-date symlink: /home/simone/bookros2_ws/install/pmb2_description/share/pmb2_description/package.xml
[2.180s] Listing '/home/simone/bookros2_ws/install/pmb2_description/local/lib/python3.10/dist-packages/pmb2_description'...
[2.987s] Invoked command in '/home/simone/bookros2_ws/build/pmb2_description' returned '0': AMENT_PREFIX_PATH=/home/simone/bookros2_ws/install/launch_pal:/home/simone/bookros2_ws/install/urdf_test:/home/simone/bookros2_ws/install/tiago_simulation:/home/simone/bookros2_ws/install/tiago_robot:/home/simone/bookros2_ws/install/tiago_navigation:/home/simone/bookros2_ws/install/tiago_gazebo:/home/simone/bookros2_ws/install/tiago_moveit_config:/home/simone/bookros2_ws/install/tiago_laser_sensors:/home/simone/bookros2_ws/install/tiago_bringup:/home/simone/bookros2_ws/install/tiago_description:/home/simone/bookros2_ws/install/tiago_controller_configuration:/home/simone/bookros2_ws/install/tiago_2dnav:/home/simone/bookros2_ws/install/pmb2_robot:/home/simone/bookros2_ws/install/pmb2_navigation:/home/simone/bookros2_ws/install/pmb2_2dnav:/home/simone/bookros2_ws/install/pmb2_maps:/home/simone/bookros2_ws/install/pmb2_laser_sensors:/home/simone/bookros2_ws/install/pmb2_bringup:/home/simone/bookros2_ws/install/pmb2_description:/home/simone/bookros2_ws/install/pmb2_controller_configuration:/home/simone/bookros2_ws/install/pal_gripper:/home/simone/bookros2_ws/install/pal_gripper_description:/home/simone/bookros2_ws/install/pal_gripper_controller_configuration:/home/simone/bookros2_ws/install/pal_gazebo_worlds:/home/simone/bookros2_ws/install/hey5_description:/home/simone/bookros2_ws/install/groot:/home/simone/bookros2_ws/install/br2_vff_avoidance:/home/simone/bookros2_ws/install/br2_tracking:/home/simone/bookros2_ws/install/br2_tracking_msgs:/home/simone/bookros2_ws/install/br2_tiago:/home/simone/bookros2_ws/install/br2_tf2_detector:/home/simone/bookros2_ws/install/br2_navigation:/home/simone/bookros2_ws/install/br2_fsm_bumpgo_py:/home/simone/bookros2_ws/install/br2_fsm_bumpgo_cpp:/home/simone/bookros2_ws/install/br2_bt_patrolling:/home/simone/bookros2_ws/install/br2_bt_bumpgo:/home/simone/bookros2_ws/install/br2_basics:/opt/ros/humble CMAKE_PREFIX_PATH=/home/simone/bookros2_ws/install/urdf_test:/home/simone/bookros2_ws/install/pmb2_controller_configuration:/home/simone/bookros2_ws/install/tiago_simulation:/home/simone/bookros2_ws/install/tiago_robot:/home/simone/bookros2_ws/install/tiago_navigation:/home/simone/bookros2_ws/install/tiago_gazebo:/home/simone/bookros2_ws/install/tiago_moveit_config:/home/simone/bookros2_ws/install/tiago_laser_sensors:/home/simone/bookros2_ws/install/tiago_bringup:/home/simone/bookros2_ws/install/tiago_description:/home/simone/bookros2_ws/install/tiago_controller_configuration:/home/simone/bookros2_ws/install/tiago_2dnav:/home/simone/bookros2_ws/install/pmb2_robot:/home/simone/bookros2_ws/install/pmb2_navigation:/home/simone/bookros2_ws/install/pmb2_2dnav:/home/simone/bookros2_ws/install/pmb2_maps:/home/simone/bookros2_ws/install/pmb2_laser_sensors:/home/simone/bookros2_ws/install/pmb2_bringup:/home/simone/bookros2_ws/install/pmb2_description:/home/simone/bookros2_ws/install/pal_gripper:/home/simone/bookros2_ws/install/pal_gripper_description:/home/simone/bookros2_ws/install/pal_gripper_controller_configuration:/home/simone/bookros2_ws/install/pal_gazebo_worlds:/home/simone/bookros2_ws/install/hey5_description:/home/simone/bookros2_ws/install/groot:/home/simone/bookros2_ws/install/br2_vff_avoidance:/home/simone/bookros2_ws/install/br2_tracking:/home/simone/bookros2_ws/install/br2_tracking_msgs:/home/simone/bookros2_ws/install/br2_tiago:/home/simone/bookros2_ws/install/br2_tf2_detector:/home/simone/bookros2_ws/install/br2_navigation:/home/simone/bookros2_ws/install/br2_fsm_bumpgo_cpp:/home/simone/bookros2_ws/install/br2_bt_patrolling:/home/simone/bookros2_ws/install/br2_bt_bumpgo:/home/simone/bookros2_ws/install/br2_basics:/home/simone/bookros2_ws/install/launch_pal:/home/simone/bookros2_ws/install/br2_fsm_bumpgo_py:/opt/ros/humble PYTHONPATH=/home/simone/bookros2_ws/build/launch_pal:/home/simone/bookros2_ws/install/launch_pal/lib/python3.10/site-packages:/home/simone/bookros2_ws/build/br2_fsm_bumpgo_py:/home/simone/bookros2_ws/install/urdf_test/local/lib/python3.10/dist-packages:/home/simone/bookros2_ws/install/tiago_description/local/lib/python3.10/dist-packages:/home/simone/bookros2_ws/install/pmb2_description/local/lib/python3.10/dist-packages:/home/simone/bookros2_ws/install/br2_tracking_msgs/local/lib/python3.10/dist-packages:/home/simone/bookros2_ws/install/br2_fsm_bumpgo_py/lib/python3.10/site-packages:/opt/ros/humble/lib/python3.10/site-packages:/opt/ros/humble/local/lib/python3.10/dist-packages /usr/bin/cmake --install /home/simone/bookros2_ws/build/pmb2_description
