[1.177s] Invoking command in '/home/simone/bookros2_ws/build/br2_tf2_detector_py': PYTHONPATH=/home/simone/bookros2_ws/build/br2_tf2_detector_py/prefix_override:/home/simone/bookros2_ws/install/br2_tf2_detector_py/lib/python3.10/site-packages:${PYTHONPATH} /usr/bin/python3 setup.py develop --editable --build-directory /home/simone/bookros2_ws/build/br2_tf2_detector_py/build --no-deps install_data
[1.613s] running develop
[1.613s] /usr/lib/python3/dist-packages/setuptools/command/easy_install.py:158: EasyInstallDeprecationWarning: easy_install command is deprecated. Use build and pip and other standards-based tools.
[1.614s]   warnings.warn(
[1.619s] /usr/lib/python3/dist-packages/setuptools/command/install.py:34: SetuptoolsDeprecationWarning: setup.py install is deprecated. Use build and pip and other standards-based tools.
[1.620s]   warnings.warn(
[1.708s] /usr/lib/python3/dist-packages/pkg_resources/__init__.py:116: PkgResourcesDeprecationWarning: 1.16.0-unknown is an invalid version and will not be supported in a future release
[1.708s]   warnings.warn(
[1.709s] /usr/lib/python3/dist-packages/pkg_resources/__init__.py:116: PkgResourcesDeprecationWarning: 1.1build1 is an invalid version and will not be supported in a future release
[1.709s]   warnings.warn(
[1.881s] running egg_info
[1.881s] creating br2_tf2_detector_py.egg-info
[1.882s] writing br2_tf2_detector_py.egg-info/PKG-INFO
[1.882s] writing dependency_links to br2_tf2_detector_py.egg-info/dependency_links.txt
[1.882s] writing entry points to br2_tf2_detector_py.egg-info/entry_points.txt
[1.882s] writing requirements to br2_tf2_detector_py.egg-info/requires.txt
[1.882s] writing top-level names to br2_tf2_detector_py.egg-info/top_level.txt
[1.883s] writing manifest file 'br2_tf2_detector_py.egg-info/SOURCES.txt'
[1.891s] reading manifest file 'br2_tf2_detector_py.egg-info/SOURCES.txt'
[1.892s] writing manifest file 'br2_tf2_detector_py.egg-info/SOURCES.txt'
[1.894s] running build_ext
[1.895s] Creating /home/simone/bookros2_ws/install/br2_tf2_detector_py/lib/python3.10/site-packages/br2-tf2-detector-py.egg-link (link to .)
[1.900s] Installing obstacle_detector_node script to /home/simone/bookros2_ws/install/br2_tf2_detector_py/lib/br2_tf2_detector_py
[1.900s] Installing obstacle_monitor_node script to /home/simone/bookros2_ws/install/br2_tf2_detector_py/lib/br2_tf2_detector_py
[1.900s] 
[1.901s] Installed /home/simone/bookros2_ws/build/br2_tf2_detector_py
[1.901s] running install_data
[1.901s] creating /home/simone/bookros2_ws/install/br2_tf2_detector_py/share/ament_index
[1.901s] creating /home/simone/bookros2_ws/install/br2_tf2_detector_py/share/ament_index/resource_index
[1.901s] creating /home/simone/bookros2_ws/install/br2_tf2_detector_py/share/ament_index/resource_index/packages
[1.901s] copying resource/br2_tf2_detector_py -> /home/simone/bookros2_ws/install/br2_tf2_detector_py/share/ament_index/resource_index/packages
[1.901s] copying package.xml -> /home/simone/bookros2_ws/install/br2_tf2_detector_py/share/br2_tf2_detector_py
[1.901s] creating /home/simone/bookros2_ws/install/br2_tf2_detector_py/share/br2_tf2_detector_py/launch
[1.901s] copying launch/detector_py.launch.py -> /home/simone/bookros2_ws/install/br2_tf2_detector_py/share/br2_tf2_detector_py/launch
[1.973s] Invoked command in '/home/simone/bookros2_ws/build/br2_tf2_detector_py' returned '0': PYTHONPATH=/home/simone/bookros2_ws/build/br2_tf2_detector_py/prefix_override:/home/simone/bookros2_ws/install/br2_tf2_detector_py/lib/python3.10/site-packages:${PYTHONPATH} /usr/bin/python3 setup.py develop --editable --build-directory /home/simone/bookros2_ws/build/br2_tf2_detector_py/build --no-deps install_data
