[0.321s] Invoking command in '/home/simone/bookros2_ws/build/pmb2_controller_configuration': CMAKE_PREFIX_PATH=/opt/ros/humble /usr/bin/cmake --build /home/simone/bookros2_ws/build/pmb2_controller_configuration -- -j6 -l6
[0.387s] Invoked command in '/home/simone/bookros2_ws/build/pmb2_controller_configuration' returned '0': CMAKE_PREFIX_PATH=/opt/ros/humble /usr/bin/cmake --build /home/simone/bookros2_ws/build/pmb2_controller_configuration -- -j6 -l6
[0.413s] Invoking command in '/home/simone/bookros2_ws/build/pmb2_controller_configuration': CMAKE_PREFIX_PATH=/opt/ros/humble /usr/bin/cmake --install /home/simone/bookros2_ws/build/pmb2_controller_configuration
[0.424s] -- Install configuration: ""
[0.424s] -- Execute custom install script
[0.424s] -- Up-to-date symlink: /home/simone/bookros2_ws/install/pmb2_controller_configuration/share/pmb2_controller_configuration/config/gazebo_controller_manager_cfg.yaml
[0.425s] -- Up-to-date symlink: /home/simone/bookros2_ws/install/pmb2_controller_configuration/share/pmb2_controller_configuration/config/joint_state_broadcaster.yaml
[0.425s] -- Up-to-date symlink: /home/simone/bookros2_ws/install/pmb2_controller_configuration/share/pmb2_controller_configuration/config/mobile_base_controller.yaml
[0.426s] -- Up-to-date symlink: /home/simone/bookros2_ws/install/pmb2_controller_configuration/share/pmb2_controller_configuration/launch/default_controllers.launch.py
[0.427s] -- Up-to-date symlink: /home/simone/bookros2_ws/install/pmb2_controller_configuration/share/pmb2_controller_configuration/launch/joint_state_broadcaster.launch.py
[0.428s] -- Up-to-date symlink: /home/simone/bookros2_ws/install/pmb2_controller_configuration/share/pmb2_controller_configuration/launch/mobile_base_controller.launch.py
[0.428s] -- Up-to-date symlink: /home/simone/bookros2_ws/install/pmb2_controller_configuration/share/ament_index/resource_index/package_run_dependencies/pmb2_controller_configuration
[0.429s] -- Up-to-date symlink: /home/simone/bookros2_ws/install/pmb2_controller_configuration/share/ament_index/resource_index/parent_prefix_path/pmb2_controller_configuration
[0.430s] -- Up-to-date symlink: /home/simone/bookros2_ws/install/pmb2_controller_configuration/share/pmb2_controller_configuration/environment/ament_prefix_path.sh
[0.430s] -- Up-to-date symlink: /home/simone/bookros2_ws/install/pmb2_controller_configuration/share/pmb2_controller_configuration/environment/ament_prefix_path.dsv
[0.431s] -- Up-to-date symlink: /home/simone/bookros2_ws/install/pmb2_controller_configuration/share/pmb2_controller_configuration/environment/path.sh
[0.431s] -- Up-to-date symlink: /home/simone/bookros2_ws/install/pmb2_controller_configuration/share/pmb2_controller_configuration/environment/path.dsv
[0.433s] -- Up-to-date symlink: /home/simone/bookros2_ws/install/pmb2_controller_configuration/share/pmb2_controller_configuration/local_setup.bash
[0.434s] -- Up-to-date symlink: /home/simone/bookros2_ws/install/pmb2_controller_configuration/share/pmb2_controller_configuration/local_setup.sh
[0.434s] -- Up-to-date symlink: /home/simone/bookros2_ws/install/pmb2_controller_configuration/share/pmb2_controller_configuration/local_setup.zsh
[0.434s] -- Up-to-date symlink: /home/simone/bookros2_ws/install/pmb2_controller_configuration/share/pmb2_controller_configuration/local_setup.dsv
[0.434s] -- Symlinking: /home/simone/bookros2_ws/install/pmb2_controller_configuration/share/pmb2_controller_configuration/package.dsv
[0.443s] -- Up-to-date symlink: /home/simone/bookros2_ws/install/pmb2_controller_configuration/share/ament_index/resource_index/packages/pmb2_controller_configuration
[0.443s] -- Up-to-date symlink: /home/simone/bookros2_ws/install/pmb2_controller_configuration/share/pmb2_controller_configuration/cmake/pmb2_controller_configurationConfig.cmake
[0.443s] -- Up-to-date symlink: /home/simone/bookros2_ws/install/pmb2_controller_configuration/share/pmb2_controller_configuration/cmake/pmb2_controller_configurationConfig-version.cmake
[0.443s] -- Up-to-date symlink: /home/simone/bookros2_ws/install/pmb2_controller_configuration/share/pmb2_controller_configuration/package.xml
[0.479s] Invoked command in '/home/simone/bookros2_ws/build/pmb2_controller_configuration' returned '0': CMAKE_PREFIX_PATH=/opt/ros/humble /usr/bin/cmake --install /home/simone/bookros2_ws/build/pmb2_controller_configuration
