[0.661s] Invoking command in '/home/simone/bookros2_ws/build/pmb2_laser_sensors': CMAKE_PREFIX_PATH=${CMAKE_PREFIX_PATH}:/home/simone/bookros2_ws/install/launch_pal:/home/simone/bookros2_ws/install/br2_fsm_bumpgo_py:/opt/ros/humble /usr/bin/cmake --build /home/simone/bookros2_ws/build/pmb2_laser_sensors -- -j5 -l5
[0.982s] Invoked command in '/home/simone/bookros2_ws/build/pmb2_laser_sensors' returned '0': CMAKE_PREFIX_PATH=${CMAKE_PREFIX_PATH}:/home/simone/bookros2_ws/install/launch_pal:/home/simone/bookros2_ws/install/br2_fsm_bumpgo_py:/opt/ros/humble /usr/bin/cmake --build /home/simone/bookros2_ws/build/pmb2_laser_sensors -- -j5 -l5
[1.066s] Invoking command in '/home/simone/bookros2_ws/build/pmb2_laser_sensors': CMAKE_PREFIX_PATH=${CMAKE_PREFIX_PATH}:/home/simone/bookros2_ws/install/launch_pal:/home/simone/bookros2_ws/install/br2_fsm_bumpgo_py:/opt/ros/humble /usr/bin/cmake --install /home/simone/bookros2_ws/build/pmb2_laser_sensors
[1.078s] -- Install configuration: ""
[1.095s] -- Execute custom install script
[1.099s] -- Up-to-date symlink: /home/simone/bookros2_ws/install/pmb2_laser_sensors/share/pmb2_laser_sensors/config/sick-551_filter.yaml
[1.099s] -- Up-to-date symlink: /home/simone/bookros2_ws/install/pmb2_laser_sensors/share/pmb2_laser_sensors/config/sick-561_filter.yaml
[1.100s] -- Up-to-date symlink: /home/simone/bookros2_ws/install/pmb2_laser_sensors/share/pmb2_laser_sensors/config/sick-571_filter.yaml
[1.100s] -- Up-to-date symlink: /home/simone/bookros2_ws/install/pmb2_laser_sensors/share/pmb2_laser_sensors/config/sick_tim551_laser.yaml
[1.100s] -- Up-to-date symlink: /home/simone/bookros2_ws/install/pmb2_laser_sensors/share/pmb2_laser_sensors/config/sick_tim561_laser.yaml
[1.100s] -- Up-to-date symlink: /home/simone/bookros2_ws/install/pmb2_laser_sensors/share/pmb2_laser_sensors/config/sick_tim571_laser.yaml
[1.101s] -- Up-to-date symlink: /home/simone/bookros2_ws/install/pmb2_laser_sensors/share/pmb2_laser_sensors/launch/laser.launch.py
[1.101s] -- Up-to-date symlink: /home/simone/bookros2_ws/install/pmb2_laser_sensors/share/pmb2_laser_sensors/launch/laser_filters.launch.py
[1.102s] -- Up-to-date symlink: /home/simone/bookros2_ws/install/pmb2_laser_sensors/share/pmb2_laser_sensors/launch/sick-551_laser.launch.py
[1.102s] -- Up-to-date symlink: /home/simone/bookros2_ws/install/pmb2_laser_sensors/share/pmb2_laser_sensors/launch/sick-561_laser.launch.py
[1.102s] -- Up-to-date symlink: /home/simone/bookros2_ws/install/pmb2_laser_sensors/share/pmb2_laser_sensors/launch/sick-571_laser.launch.py
[1.102s] -- Up-to-date symlink: /home/simone/bookros2_ws/install/pmb2_laser_sensors/share/ament_index/resource_index/package_run_dependencies/pmb2_laser_sensors
[1.103s] -- Up-to-date symlink: /home/simone/bookros2_ws/install/pmb2_laser_sensors/share/ament_index/resource_index/parent_prefix_path/pmb2_laser_sensors
[1.103s] -- Up-to-date symlink: /home/simone/bookros2_ws/install/pmb2_laser_sensors/share/pmb2_laser_sensors/environment/ament_prefix_path.sh
[1.103s] -- Up-to-date symlink: /home/simone/bookros2_ws/install/pmb2_laser_sensors/share/pmb2_laser_sensors/environment/ament_prefix_path.dsv
[1.103s] -- Up-to-date symlink: /home/simone/bookros2_ws/install/pmb2_laser_sensors/share/pmb2_laser_sensors/environment/path.sh
[1.103s] -- Up-to-date symlink: /home/simone/bookros2_ws/install/pmb2_laser_sensors/share/pmb2_laser_sensors/environment/path.dsv
[1.103s] -- Up-to-date symlink: /home/simone/bookros2_ws/install/pmb2_laser_sensors/share/pmb2_laser_sensors/local_setup.bash
[1.103s] -- Up-to-date symlink: /home/simone/bookros2_ws/install/pmb2_laser_sensors/share/pmb2_laser_sensors/local_setup.sh
[1.103s] -- Up-to-date symlink: /home/simone/bookros2_ws/install/pmb2_laser_sensors/share/pmb2_laser_sensors/local_setup.zsh
[1.104s] -- Up-to-date symlink: /home/simone/bookros2_ws/install/pmb2_laser_sensors/share/pmb2_laser_sensors/local_setup.dsv
[1.104s] -- Symlinking: /home/simone/bookros2_ws/install/pmb2_laser_sensors/share/pmb2_laser_sensors/package.dsv
[1.134s] -- Up-to-date symlink: /home/simone/bookros2_ws/install/pmb2_laser_sensors/share/ament_index/resource_index/packages/pmb2_laser_sensors
[1.134s] -- Up-to-date symlink: /home/simone/bookros2_ws/install/pmb2_laser_sensors/share/pmb2_laser_sensors/cmake/pmb2_laser_sensorsConfig.cmake
[1.134s] -- Up-to-date symlink: /home/simone/bookros2_ws/install/pmb2_laser_sensors/share/pmb2_laser_sensors/cmake/pmb2_laser_sensorsConfig-version.cmake
[1.135s] -- Up-to-date symlink: /home/simone/bookros2_ws/install/pmb2_laser_sensors/share/pmb2_laser_sensors/package.xml
[1.188s] Invoked command in '/home/simone/bookros2_ws/build/pmb2_laser_sensors' returned '0': CMAKE_PREFIX_PATH=${CMAKE_PREFIX_PATH}:/home/simone/bookros2_ws/install/launch_pal:/home/simone/bookros2_ws/install/br2_fsm_bumpgo_py:/opt/ros/humble /usr/bin/cmake --install /home/simone/bookros2_ws/build/pmb2_laser_sensors
