[0.059s] Invoking command in '/home/simone/bookros2_ws/build/sam_bot_description': CMAKE_PREFIX_PATH=/opt/ros/humble /usr/bin/cmake --build /home/simone/bookros2_ws/build/sam_bot_description -- -j6 -l6
[0.123s] Invoked command in '/home/simone/bookros2_ws/build/sam_bot_description' returned '0': CMAKE_PREFIX_PATH=/opt/ros/humble /usr/bin/cmake --build /home/simone/bookros2_ws/build/sam_bot_description -- -j6 -l6
[0.194s] Invoking command in '/home/simone/bookros2_ws/build/sam_bot_description': CMAKE_PREFIX_PATH=/opt/ros/humble /usr/bin/cmake --install /home/simone/bookros2_ws/build/sam_bot_description
[0.211s] -- Install configuration: ""
[0.211s] -- Up-to-date: /home/simone/bookros2_ws/install/sam_bot_description/share/sam_bot_description/src
[0.212s] -- Up-to-date: /home/simone/bookros2_ws/install/sam_bot_description/share/sam_bot_description/src/description
[0.212s] -- Installing: /home/simone/bookros2_ws/install/sam_bot_description/share/sam_bot_description/src/description/sam_bot_description.urdf
[0.212s] -- Up-to-date: /home/simone/bookros2_ws/install/sam_bot_description/share/sam_bot_description/launch
[0.213s] -- Up-to-date: /home/simone/bookros2_ws/install/sam_bot_description/share/sam_bot_description/launch/display.launch.py
[0.213s] -- Up-to-date: /home/simone/bookros2_ws/install/sam_bot_description/share/sam_bot_description/rviz
[0.213s] -- Up-to-date: /home/simone/bookros2_ws/install/sam_bot_description/share/sam_bot_description/rviz/urdf_config.rviz
[0.213s] -- Up-to-date: /home/simone/bookros2_ws/install/sam_bot_description/share/ament_index/resource_index/package_run_dependencies/sam_bot_description
[0.214s] -- Up-to-date: /home/simone/bookros2_ws/install/sam_bot_description/share/ament_index/resource_index/parent_prefix_path/sam_bot_description
[0.214s] -- Up-to-date: /home/simone/bookros2_ws/install/sam_bot_description/share/sam_bot_description/environment/ament_prefix_path.sh
[0.214s] -- Up-to-date: /home/simone/bookros2_ws/install/sam_bot_description/share/sam_bot_description/environment/ament_prefix_path.dsv
[0.214s] -- Up-to-date: /home/simone/bookros2_ws/install/sam_bot_description/share/sam_bot_description/environment/path.sh
[0.214s] -- Up-to-date: /home/simone/bookros2_ws/install/sam_bot_description/share/sam_bot_description/environment/path.dsv
[0.214s] -- Up-to-date: /home/simone/bookros2_ws/install/sam_bot_description/share/sam_bot_description/local_setup.bash
[0.215s] -- Up-to-date: /home/simone/bookros2_ws/install/sam_bot_description/share/sam_bot_description/local_setup.sh
[0.215s] -- Up-to-date: /home/simone/bookros2_ws/install/sam_bot_description/share/sam_bot_description/local_setup.zsh
[0.215s] -- Up-to-date: /home/simone/bookros2_ws/install/sam_bot_description/share/sam_bot_description/local_setup.dsv
[0.215s] -- Installing: /home/simone/bookros2_ws/install/sam_bot_description/share/sam_bot_description/package.dsv
[0.215s] -- Up-to-date: /home/simone/bookros2_ws/install/sam_bot_description/share/ament_index/resource_index/packages/sam_bot_description
[0.215s] -- Up-to-date: /home/simone/bookros2_ws/install/sam_bot_description/share/sam_bot_description/cmake/sam_bot_descriptionConfig.cmake
[0.215s] -- Up-to-date: /home/simone/bookros2_ws/install/sam_bot_description/share/sam_bot_description/cmake/sam_bot_descriptionConfig-version.cmake
[0.228s] -- Up-to-date: /home/simone/bookros2_ws/install/sam_bot_description/share/sam_bot_description/package.xml
[0.228s] Invoked command in '/home/simone/bookros2_ws/build/sam_bot_description' returned '0': CMAKE_PREFIX_PATH=/opt/ros/humble /usr/bin/cmake --install /home/simone/bookros2_ws/build/sam_bot_description
