[2.084s] Invoking command in '/home/simone/bookros2_ws/build/launch_pal': PYTHONPATH=/home/simone/bookros2_ws/build/launch_pal/prefix_override:/home/simone/bookros2_ws/install/launch_pal/lib/python3.10/site-packages:${PYTHONPATH} /usr/bin/python3 setup.py develop --editable --build-directory /home/simone/bookros2_ws/build/launch_pal/build --no-deps install_data
[2.926s] running develop
[2.927s] /usr/lib/python3/dist-packages/setuptools/command/easy_install.py:158: EasyInstallDeprecationWarning: easy_install command is deprecated. Use build and pip and other standards-based tools.
[2.929s]   warnings.warn(
[2.930s] /usr/lib/python3/dist-packages/setuptools/command/install.py:34: SetuptoolsDeprecationWarning: setup.py install is deprecated. Use build and pip and other standards-based tools.
[2.932s]   warnings.warn(
[3.161s] /usr/lib/python3/dist-packages/pkg_resources/__init__.py:116: PkgResourcesDeprecationWarning: 1.16.0-unknown is an invalid version and will not be supported in a future release
[3.162s]   warnings.warn(
[3.162s] /usr/lib/python3/dist-packages/pkg_resources/__init__.py:116: PkgResourcesDeprecationWarning: 1.1build1 is an invalid version and will not be supported in a future release
[3.162s]   warnings.warn(
[3.163s] /usr/lib/python3/dist-packages/pkg_resources/__init__.py:116: PkgResourcesDeprecationWarning: 0.1.43ubuntu1 is an invalid version and will not be supported in a future release
[3.163s]   warnings.warn(
[3.552s] running egg_info
[3.552s] writing launch_pal.egg-info/PKG-INFO
[3.568s] writing dependency_links to launch_pal.egg-info/dependency_links.txt
[3.569s] writing entry points to launch_pal.egg-info/entry_points.txt
[3.569s] writing requirements to launch_pal.egg-info/requires.txt
[3.572s] writing top-level names to launch_pal.egg-info/top_level.txt
[3.572s] reading manifest file 'launch_pal.egg-info/SOURCES.txt'
[3.581s] writing manifest file 'launch_pal.egg-info/SOURCES.txt'
[3.594s] running build_ext
[3.594s] Creating /home/simone/bookros2_ws/install/launch_pal/lib/python3.10/site-packages/launch-pal.egg-link (link to .)
[3.604s] 
[3.604s] Installed /home/simone/bookros2_ws/build/launch_pal
[3.604s] running install_data
[3.719s] Invoked command in '/home/simone/bookros2_ws/build/launch_pal' returned '0': PYTHONPATH=/home/simone/bookros2_ws/build/launch_pal/prefix_override:/home/simone/bookros2_ws/install/launch_pal/lib/python3.10/site-packages:${PYTHONPATH} /usr/bin/python3 setup.py develop --editable --build-directory /home/simone/bookros2_ws/build/launch_pal/build --no-deps install_data
