[0.008s] Invoking command in '/home/simone/bookros2_ws/build/sam_bot_description': CMAKE_PREFIX_PATH=/opt/ros/humble /usr/bin/cmake /home/simone/bookros2_ws/src/sam_bot_description -DCMAKE_INSTALL_PREFIX=/home/simone/bookros2_ws/install/sam_bot_description
[0.160s] -- The C compiler identification is GNU 11.3.0
[0.305s] -- The CXX compiler identification is GNU 11.3.0
[0.318s] -- Detecting C compiler ABI info
[0.480s] -- Detecting C compiler ABI info - done
[0.492s] -- Check for working C compiler: /usr/bin/cc - skipped
[0.493s] -- Detecting C compile features
[0.494s] -- Detecting C compile features - done
[0.499s] -- Detecting CXX compiler ABI info
[0.586s] -- Detecting CXX compiler ABI info - done
[0.597s] -- Check for working CXX compiler: /usr/bin/c++ - skipped
[0.598s] -- Detecting CXX compile features
[0.598s] -- Detecting CXX compile features - done
[0.602s] -- Found ament_cmake: 1.3.5 (/opt/ros/humble/share/ament_cmake/cmake)
[0.814s] -- Found Python3: /usr/bin/python3.10 (found version "3.10.6") found components: Interpreter 
[0.963s] -- Found ament_lint_auto: 0.12.6 (/opt/ros/humble/share/ament_lint_auto/cmake)
[1.078s] -- Added test 'flake8' to check Python code syntax and style conventions
[1.079s] -- Added test 'lint_cmake' to check CMake code style
[1.079s] -- Added test 'pep257' to check Python code against some of the docstring style conventions in PEP 257
[1.079s] -- Added test 'xmllint' to check XML markup files
[1.079s] -- Configuring done
[1.080s] -- Generating done
[1.081s] -- Build files have been written to: /home/simone/bookros2_ws/build/sam_bot_description
[1.095s] Invoked command in '/home/simone/bookros2_ws/build/sam_bot_description' returned '0': CMAKE_PREFIX_PATH=/opt/ros/humble /usr/bin/cmake /home/simone/bookros2_ws/src/sam_bot_description -DCMAKE_INSTALL_PREFIX=/home/simone/bookros2_ws/install/sam_bot_description
[1.100s] Invoking command in '/home/simone/bookros2_ws/build/sam_bot_description': CMAKE_PREFIX_PATH=/opt/ros/humble /usr/bin/cmake --build /home/simone/bookros2_ws/build/sam_bot_description -- -j6 -l6
[1.147s] Invoked command in '/home/simone/bookros2_ws/build/sam_bot_description' returned '0': CMAKE_PREFIX_PATH=/opt/ros/humble /usr/bin/cmake --build /home/simone/bookros2_ws/build/sam_bot_description -- -j6 -l6
[1.164s] Invoking command in '/home/simone/bookros2_ws/build/sam_bot_description': CMAKE_PREFIX_PATH=/opt/ros/humble /usr/bin/cmake --install /home/simone/bookros2_ws/build/sam_bot_description
[1.171s] -- Install configuration: ""
[1.171s] -- Installing: /home/simone/bookros2_ws/install/sam_bot_description/share/sam_bot_description/src
[1.171s] -- Installing: /home/simone/bookros2_ws/install/sam_bot_description/share/sam_bot_description/src/sam_bot_description.urdf
[1.171s] -- Installing: /home/simone/bookros2_ws/install/sam_bot_description/share/sam_bot_description/launch
[1.171s] -- Installing: /home/simone/bookros2_ws/install/sam_bot_description/share/sam_bot_description/launch/display.launch.py
[1.171s] -- Installing: /home/simone/bookros2_ws/install/sam_bot_description/share/sam_bot_description/rviz
[1.172s] -- Installing: /home/simone/bookros2_ws/install/sam_bot_description/share/sam_bot_description/rviz/urdf_config.rviz
[1.172s] -- Installing: /home/simone/bookros2_ws/install/sam_bot_description/share/ament_index/resource_index/package_run_dependencies/sam_bot_description
[1.172s] -- Installing: /home/simone/bookros2_ws/install/sam_bot_description/share/ament_index/resource_index/parent_prefix_path/sam_bot_description
[1.172s] -- Installing: /home/simone/bookros2_ws/install/sam_bot_description/share/sam_bot_description/environment/ament_prefix_path.sh
[1.172s] -- Installing: /home/simone/bookros2_ws/install/sam_bot_description/share/sam_bot_description/environment/ament_prefix_path.dsv
[1.173s] -- Installing: /home/simone/bookros2_ws/install/sam_bot_description/share/sam_bot_description/environment/path.sh
[1.173s] -- Installing: /home/simone/bookros2_ws/install/sam_bot_description/share/sam_bot_description/environment/path.dsv
[1.173s] -- Installing: /home/simone/bookros2_ws/install/sam_bot_description/share/sam_bot_description/local_setup.bash
[1.174s] -- Installing: /home/simone/bookros2_ws/install/sam_bot_description/share/sam_bot_description/local_setup.sh
[1.174s] -- Installing: /home/simone/bookros2_ws/install/sam_bot_description/share/sam_bot_description/local_setup.zsh
[1.181s] -- Installing: /home/simone/bookros2_ws/install/sam_bot_description/share/sam_bot_description/local_setup.dsv
[1.181s] -- Installing: /home/simone/bookros2_ws/install/sam_bot_description/share/sam_bot_description/package.dsv
[1.181s] -- Installing: /home/simone/bookros2_ws/install/sam_bot_description/share/ament_index/resource_index/packages/sam_bot_description
[1.181s] -- Installing: /home/simone/bookros2_ws/install/sam_bot_description/share/sam_bot_description/cmake/sam_bot_descriptionConfig.cmake
[1.181s] -- Installing: /home/simone/bookros2_ws/install/sam_bot_description/share/sam_bot_description/cmake/sam_bot_descriptionConfig-version.cmake
[1.181s] -- Installing: /home/simone/bookros2_ws/install/sam_bot_description/share/sam_bot_description/package.xml
[1.190s] Invoked command in '/home/simone/bookros2_ws/build/sam_bot_description' returned '0': CMAKE_PREFIX_PATH=/opt/ros/humble /usr/bin/cmake --install /home/simone/bookros2_ws/build/sam_bot_description
