[0.044s] Invoking command in '/home/simone/bookros2_ws/build/br2_bt_bumpgo': CMAKE_PREFIX_PATH=${CMAKE_PREFIX_PATH}:/home/simone/bookros2_ws/install/learning_tf2_py:/home/simone/bookros2_ws/install/launch_pal:/home/simone/bookros2_ws/install/br2_fsm_bumpgo_py:/opt/ros/humble /usr/bin/cmake --build /home/simone/bookros2_ws/build/br2_bt_bumpgo -- -j6 -l6
[0.151s] [ 22%] Built target br2_is_obstacle_bt_node
[0.152s] [ 22%] Built target gtest_main
[0.152s] [ 33%] Built target bt_bumpgo
[0.162s] [ 44%] Built target br2_forward_bt_node
[0.166s] [ 55%] Built target br2_turn_bt_node
[0.175s] [ 66%] Built target br2_back_bt_node
[0.209s] [ 83%] Built target gtest
[0.209s] [ 88%] Built target bt_forward
[0.241s] [100%] Built target bt_action_test
[0.274s] Invoked command in '/home/simone/bookros2_ws/build/br2_bt_bumpgo' returned '0': CMAKE_PREFIX_PATH=${CMAKE_PREFIX_PATH}:/home/simone/bookros2_ws/install/learning_tf2_py:/home/simone/bookros2_ws/install/launch_pal:/home/simone/bookros2_ws/install/br2_fsm_bumpgo_py:/opt/ros/humble /usr/bin/cmake --build /home/simone/bookros2_ws/build/br2_bt_bumpgo -- -j6 -l6
[0.311s] Invoking command in '/home/simone/bookros2_ws/build/br2_bt_bumpgo': CMAKE_PREFIX_PATH=${CMAKE_PREFIX_PATH}:/home/simone/bookros2_ws/install/learning_tf2_py:/home/simone/bookros2_ws/install/launch_pal:/home/simone/bookros2_ws/install/br2_fsm_bumpgo_py:/opt/ros/humble /usr/bin/cmake --install /home/simone/bookros2_ws/build/br2_bt_bumpgo
[0.319s] -- Install configuration: ""
[0.321s] -- Execute custom install script
[0.322s] -- Up-to-date symlink: /home/simone/bookros2_ws/install/br2_bt_bumpgo/lib/libbr2_forward_bt_node.so
[0.323s] -- Up-to-date symlink: /home/simone/bookros2_ws/install/br2_bt_bumpgo/lib/libbr2_back_bt_node.so
[0.323s] -- Up-to-date symlink: /home/simone/bookros2_ws/install/br2_bt_bumpgo/lib/libbr2_turn_bt_node.so
[0.323s] -- Up-to-date symlink: /home/simone/bookros2_ws/install/br2_bt_bumpgo/lib/libbr2_is_obstacle_bt_node.so
[0.324s] -- Up-to-date symlink: /home/simone/bookros2_ws/install/br2_bt_bumpgo/lib/br2_bt_bumpgo/bt_bumpgo
[0.327s] -- Up-to-date symlink: /home/simone/bookros2_ws/install/br2_bt_bumpgo/include//br2_bt_bumpgo/Back.hpp
[0.328s] -- Up-to-date symlink: /home/simone/bookros2_ws/install/br2_bt_bumpgo/include//br2_bt_bumpgo/Forward.hpp
[0.328s] -- Up-to-date symlink: /home/simone/bookros2_ws/install/br2_bt_bumpgo/include//br2_bt_bumpgo/IsObstacle.hpp
[0.328s] -- Up-to-date symlink: /home/simone/bookros2_ws/install/br2_bt_bumpgo/include//br2_bt_bumpgo/Turn.hpp
[0.330s] -- Up-to-date symlink: /home/simone/bookros2_ws/install/br2_bt_bumpgo/share/br2_bt_bumpgo/behavior_tree_xml/bumpgo.xml
[0.336s] -- Up-to-date symlink: /home/simone/bookros2_ws/install/br2_bt_bumpgo/lib/br2_bt_bumpgo/bt_forward
[0.336s] -- Up-to-date symlink: /home/simone/bookros2_ws/install/br2_bt_bumpgo/share/ament_index/resource_index/package_run_dependencies/br2_bt_bumpgo
[0.336s] -- Up-to-date symlink: /home/simone/bookros2_ws/install/br2_bt_bumpgo/share/ament_index/resource_index/parent_prefix_path/br2_bt_bumpgo
[0.336s] -- Up-to-date symlink: /home/simone/bookros2_ws/install/br2_bt_bumpgo/share/br2_bt_bumpgo/environment/ament_prefix_path.sh
[0.336s] -- Up-to-date symlink: /home/simone/bookros2_ws/install/br2_bt_bumpgo/share/br2_bt_bumpgo/environment/ament_prefix_path.dsv
[0.336s] -- Up-to-date symlink: /home/simone/bookros2_ws/install/br2_bt_bumpgo/share/br2_bt_bumpgo/environment/path.sh
[0.337s] -- Up-to-date symlink: /home/simone/bookros2_ws/install/br2_bt_bumpgo/share/br2_bt_bumpgo/environment/path.dsv
[0.337s] -- Up-to-date symlink: /home/simone/bookros2_ws/install/br2_bt_bumpgo/share/br2_bt_bumpgo/local_setup.bash
[0.337s] -- Up-to-date symlink: /home/simone/bookros2_ws/install/br2_bt_bumpgo/share/br2_bt_bumpgo/local_setup.sh
[0.337s] -- Up-to-date symlink: /home/simone/bookros2_ws/install/br2_bt_bumpgo/share/br2_bt_bumpgo/local_setup.zsh
[0.337s] -- Up-to-date symlink: /home/simone/bookros2_ws/install/br2_bt_bumpgo/share/br2_bt_bumpgo/local_setup.dsv
[0.337s] -- Symlinking: /home/simone/bookros2_ws/install/br2_bt_bumpgo/share/br2_bt_bumpgo/package.dsv
[0.349s] -- Up-to-date symlink: /home/simone/bookros2_ws/install/br2_bt_bumpgo/share/ament_index/resource_index/packages/br2_bt_bumpgo
[0.349s] -- Up-to-date symlink: /home/simone/bookros2_ws/install/br2_bt_bumpgo/share/br2_bt_bumpgo/cmake/ament_cmake_export_include_directories-extras.cmake
[0.349s] -- Up-to-date symlink: /home/simone/bookros2_ws/install/br2_bt_bumpgo/share/br2_bt_bumpgo/cmake/ament_cmake_export_dependencies-extras.cmake
[0.350s] -- Up-to-date symlink: /home/simone/bookros2_ws/install/br2_bt_bumpgo/share/br2_bt_bumpgo/cmake/br2_bt_bumpgoConfig.cmake
[0.350s] -- Up-to-date symlink: /home/simone/bookros2_ws/install/br2_bt_bumpgo/share/br2_bt_bumpgo/cmake/br2_bt_bumpgoConfig-version.cmake
[0.350s] -- Up-to-date symlink: /home/simone/bookros2_ws/install/br2_bt_bumpgo/share/br2_bt_bumpgo/package.xml
[0.367s] Invoked command in '/home/simone/bookros2_ws/build/br2_bt_bumpgo' returned '0': CMAKE_PREFIX_PATH=${CMAKE_PREFIX_PATH}:/home/simone/bookros2_ws/install/learning_tf2_py:/home/simone/bookros2_ws/install/launch_pal:/home/simone/bookros2_ws/install/br2_fsm_bumpgo_py:/opt/ros/humble /usr/bin/cmake --install /home/simone/bookros2_ws/build/br2_bt_bumpgo
