[0.032s] Invoking command in '/home/simone/bookros2_ws/build/pmb2_2dnav': AMENT_PREFIX_PATH=/home/simone/bookros2_ws/install/pmb2_maps:/home/simone/bookros2_ws/install/pmb2_laser_sensors:${AMENT_PREFIX_PATH} CMAKE_PREFIX_PATH=/home/simone/bookros2_ws/install/pmb2_maps:/home/simone/bookros2_ws/install/pmb2_laser_sensors:/opt/ros/humble /usr/bin/cmake --build /home/simone/bookros2_ws/build/pmb2_2dnav -- -j6 -l6
[0.090s] Invoked command in '/home/simone/bookros2_ws/build/pmb2_2dnav' returned '0': AMENT_PREFIX_PATH=/home/simone/bookros2_ws/install/pmb2_maps:/home/simone/bookros2_ws/install/pmb2_laser_sensors:${AMENT_PREFIX_PATH} CMAKE_PREFIX_PATH=/home/simone/bookros2_ws/install/pmb2_maps:/home/simone/bookros2_ws/install/pmb2_laser_sensors:/opt/ros/humble /usr/bin/cmake --build /home/simone/bookros2_ws/build/pmb2_2dnav -- -j6 -l6
[0.175s] Invoking command in '/home/simone/bookros2_ws/build/pmb2_2dnav': AMENT_PREFIX_PATH=/home/simone/bookros2_ws/install/pmb2_maps:/home/simone/bookros2_ws/install/pmb2_laser_sensors:${AMENT_PREFIX_PATH} CMAKE_PREFIX_PATH=/home/simone/bookros2_ws/install/pmb2_maps:/home/simone/bookros2_ws/install/pmb2_laser_sensors:/opt/ros/humble /usr/bin/cmake --install /home/simone/bookros2_ws/build/pmb2_2dnav
[0.208s] -- Install configuration: ""
[0.229s] -- Execute custom install script
[0.230s] -- Up-to-date symlink: /home/simone/bookros2_ws/install/pmb2_2dnav/lib/pmb2_2dnav/record_mapping.sh
[0.230s] -- Up-to-date symlink: /home/simone/bookros2_ws/install/pmb2_2dnav/lib/pmb2_2dnav/record_move_base.sh
[0.231s] -- Up-to-date symlink: /home/simone/bookros2_ws/install/pmb2_2dnav/lib/pmb2_2dnav/record_odom.sh
[0.231s] -- Up-to-date symlink: /home/simone/bookros2_ws/install/pmb2_2dnav/lib/pmb2_2dnav/record_patrol.sh
[0.231s] -- Up-to-date symlink: /home/simone/bookros2_ws/install/pmb2_2dnav/lib/pmb2_2dnav/record_rgbd.sh
[0.233s] -- Up-to-date symlink: /home/simone/bookros2_ws/install/pmb2_2dnav/share/pmb2_2dnav/config/rviz/advanced_navigation.rviz
[0.235s] -- Up-to-date symlink: /home/simone/bookros2_ws/install/pmb2_2dnav/share/pmb2_2dnav/config/rviz/navigation.rviz
[0.246s] -- Up-to-date symlink: /home/simone/bookros2_ws/install/pmb2_2dnav/share/pmb2_2dnav/launch/pmb2_nav_bringup.launch.py
[0.246s] -- Up-to-date symlink: /home/simone/bookros2_ws/install/pmb2_2dnav/share/pmb2_2dnav/launch/pmb2_sim_nav_bringup.launch.py
[0.247s] -- Up-to-date symlink: /home/simone/bookros2_ws/install/pmb2_2dnav/share/pmb2_2dnav/params/pmb2_nav.yaml
[0.247s] -- Up-to-date symlink: /home/simone/bookros2_ws/install/pmb2_2dnav/share/pmb2_2dnav/params/pmb2_remappings.yaml
[0.249s] -- Up-to-date symlink: /home/simone/bookros2_ws/install/pmb2_2dnav/share/ament_index/resource_index/package_run_dependencies/pmb2_2dnav
[0.249s] -- Up-to-date symlink: /home/simone/bookros2_ws/install/pmb2_2dnav/share/ament_index/resource_index/parent_prefix_path/pmb2_2dnav
[0.249s] -- Up-to-date symlink: /home/simone/bookros2_ws/install/pmb2_2dnav/share/pmb2_2dnav/environment/ament_prefix_path.sh
[0.250s] -- Up-to-date symlink: /home/simone/bookros2_ws/install/pmb2_2dnav/share/pmb2_2dnav/environment/ament_prefix_path.dsv
[0.250s] -- Up-to-date symlink: /home/simone/bookros2_ws/install/pmb2_2dnav/share/pmb2_2dnav/environment/path.sh
[0.251s] -- Up-to-date symlink: /home/simone/bookros2_ws/install/pmb2_2dnav/share/pmb2_2dnav/environment/path.dsv
[0.251s] -- Up-to-date symlink: /home/simone/bookros2_ws/install/pmb2_2dnav/share/pmb2_2dnav/local_setup.bash
[0.251s] -- Up-to-date symlink: /home/simone/bookros2_ws/install/pmb2_2dnav/share/pmb2_2dnav/local_setup.sh
[0.252s] -- Up-to-date symlink: /home/simone/bookros2_ws/install/pmb2_2dnav/share/pmb2_2dnav/local_setup.zsh
[0.252s] -- Up-to-date symlink: /home/simone/bookros2_ws/install/pmb2_2dnav/share/pmb2_2dnav/local_setup.dsv
[0.259s] -- Symlinking: /home/simone/bookros2_ws/install/pmb2_2dnav/share/pmb2_2dnav/package.dsv
[0.273s] -- Up-to-date symlink: /home/simone/bookros2_ws/install/pmb2_2dnav/share/ament_index/resource_index/packages/pmb2_2dnav
[0.274s] -- Up-to-date symlink: /home/simone/bookros2_ws/install/pmb2_2dnav/share/pmb2_2dnav/cmake/pmb2_2dnavConfig.cmake
[0.274s] -- Up-to-date symlink: /home/simone/bookros2_ws/install/pmb2_2dnav/share/pmb2_2dnav/cmake/pmb2_2dnavConfig-version.cmake
[0.275s] -- Up-to-date symlink: /home/simone/bookros2_ws/install/pmb2_2dnav/share/pmb2_2dnav/package.xml
[0.300s] Invoked command in '/home/simone/bookros2_ws/build/pmb2_2dnav' returned '0': AMENT_PREFIX_PATH=/home/simone/bookros2_ws/install/pmb2_maps:/home/simone/bookros2_ws/install/pmb2_laser_sensors:${AMENT_PREFIX_PATH} CMAKE_PREFIX_PATH=/home/simone/bookros2_ws/install/pmb2_maps:/home/simone/bookros2_ws/install/pmb2_laser_sensors:/opt/ros/humble /usr/bin/cmake --install /home/simone/bookros2_ws/build/pmb2_2dnav
