[1.658s] Invoking command in '/home/simone/bookros2_ws/build/br2_tf2_detector_py': PYTHONPATH=/home/simone/bookros2_ws/build/br2_tf2_detector_py/prefix_override:/home/simone/bookros2_ws/install/br2_tf2_detector_py/lib/python3.10/site-packages:${PYTHONPATH} /usr/bin/python3 setup.py develop --uninstall --editable --build-directory /home/simone/bookros2_ws/build/br2_tf2_detector_py/build
[2.207s] running develop
[2.207s] /usr/lib/python3/dist-packages/setuptools/command/easy_install.py:158: EasyInstallDeprecationWarning: easy_install command is deprecated. Use build and pip and other standards-based tools.
[2.214s]   warnings.warn(
[2.214s] /usr/lib/python3/dist-packages/setuptools/command/install.py:34: SetuptoolsDeprecationWarning: setup.py install is deprecated. Use build and pip and other standards-based tools.
[2.214s]   warnings.warn(
[2.355s] /usr/lib/python3/dist-packages/pkg_resources/__init__.py:116: PkgResourcesDeprecationWarning: 1.16.0-unknown is an invalid version and will not be supported in a future release
[2.355s]   warnings.warn(
[2.358s] /usr/lib/python3/dist-packages/pkg_resources/__init__.py:116: PkgResourcesDeprecationWarning: 1.1build1 is an invalid version and will not be supported in a future release
[2.358s]   warnings.warn(
[2.709s] Invoked command in '/home/simone/bookros2_ws/build/br2_tf2_detector_py' returned '0': PYTHONPATH=/home/simone/bookros2_ws/build/br2_tf2_detector_py/prefix_override:/home/simone/bookros2_ws/install/br2_tf2_detector_py/lib/python3.10/site-packages:${PYTHONPATH} /usr/bin/python3 setup.py develop --uninstall --editable --build-directory /home/simone/bookros2_ws/build/br2_tf2_detector_py/build
[2.711s] Invoking command in '/home/simone/bookros2_ws/src/book_ros2/br2_tf2_detector_py': PYTHONPATH=/home/simone/bookros2_ws/build/br2_tf2_detector_py/prefix_override:/home/simone/bookros2_ws/install/br2_tf2_detector_py/lib/python3.10/site-packages:${PYTHONPATH} /usr/bin/python3 setup.py egg_info --egg-base ../../../build/br2_tf2_detector_py build --build-base /home/simone/bookros2_ws/build/br2_tf2_detector_py/build install --record /home/simone/bookros2_ws/build/br2_tf2_detector_py/install.log --single-version-externally-managed
[3.234s] running egg_info
[3.234s] writing ../../../build/br2_tf2_detector_py/br2_tf2_detector_py.egg-info/PKG-INFO
[3.236s] writing dependency_links to ../../../build/br2_tf2_detector_py/br2_tf2_detector_py.egg-info/dependency_links.txt
[3.238s] writing entry points to ../../../build/br2_tf2_detector_py/br2_tf2_detector_py.egg-info/entry_points.txt
[3.239s] writing requirements to ../../../build/br2_tf2_detector_py/br2_tf2_detector_py.egg-info/requires.txt
[3.239s] writing top-level names to ../../../build/br2_tf2_detector_py/br2_tf2_detector_py.egg-info/top_level.txt
[3.239s] reading manifest file '../../../build/br2_tf2_detector_py/br2_tf2_detector_py.egg-info/SOURCES.txt'
[3.240s] writing manifest file '../../../build/br2_tf2_detector_py/br2_tf2_detector_py.egg-info/SOURCES.txt'
[3.240s] running build
[3.240s] running build_py
[3.240s] running install
[3.240s] /usr/lib/python3/dist-packages/setuptools/command/install.py:34: SetuptoolsDeprecationWarning: setup.py install is deprecated. Use build and pip and other standards-based tools.
[3.240s]   warnings.warn(
[3.241s] running install_lib
[3.242s] running install_data
[3.243s] running install_egg_info
[3.264s] removing '/home/simone/bookros2_ws/install/br2_tf2_detector_py/lib/python3.10/site-packages/br2_tf2_detector_py-0.0.0-py3.10.egg-info' (and everything under it)
[3.265s] Copying ../../../build/br2_tf2_detector_py/br2_tf2_detector_py.egg-info to /home/simone/bookros2_ws/install/br2_tf2_detector_py/lib/python3.10/site-packages/br2_tf2_detector_py-0.0.0-py3.10.egg-info
[3.265s] running install_scripts
[3.290s] Installing obstacle_detector_node script to /home/simone/bookros2_ws/install/br2_tf2_detector_py/lib/br2_tf2_detector_py
[3.290s] Installing obstacle_monitor_node script to /home/simone/bookros2_ws/install/br2_tf2_detector_py/lib/br2_tf2_detector_py
[3.291s] writing list of installed files to '/home/simone/bookros2_ws/build/br2_tf2_detector_py/install.log'
[3.353s] Invoked command in '/home/simone/bookros2_ws/src/book_ros2/br2_tf2_detector_py' returned '0': PYTHONPATH=/home/simone/bookros2_ws/build/br2_tf2_detector_py/prefix_override:/home/simone/bookros2_ws/install/br2_tf2_detector_py/lib/python3.10/site-packages:${PYTHONPATH} /usr/bin/python3 setup.py egg_info --egg-base ../../../build/br2_tf2_detector_py build --build-base /home/simone/bookros2_ws/build/br2_tf2_detector_py/build install --record /home/simone/bookros2_ws/build/br2_tf2_detector_py/install.log --single-version-externally-managed
