[0.040s] Invoking command in '/home/simone/bookros2_ws/build/br2_bt_bumpgo': CMAKE_PREFIX_PATH=/opt/ros/humble /usr/bin/cmake --build /home/simone/bookros2_ws/build/br2_bt_bumpgo -- -j6 -l6
[0.172s] [ 11%] Built target br2_forward_bt_node
[0.184s] [ 22%] Built target br2_back_bt_node
[0.199s] [ 33%] Built target br2_turn_bt_node
[0.204s] [ 44%] Built target gtest_main
[0.207s] [ 55%] Built target bt_bumpgo
[0.222s] [ 66%] Built target br2_is_obstacle_bt_node
[0.240s] [ 77%] Built target gtest
[0.302s] [ 94%] Built target bt_action_test
[0.303s] [100%] Built target bt_forward
[0.317s] Invoked command in '/home/simone/bookros2_ws/build/br2_bt_bumpgo' returned '0': CMAKE_PREFIX_PATH=/opt/ros/humble /usr/bin/cmake --build /home/simone/bookros2_ws/build/br2_bt_bumpgo -- -j6 -l6
[0.406s] Invoking command in '/home/simone/bookros2_ws/build/br2_bt_bumpgo': CMAKE_PREFIX_PATH=/opt/ros/humble /usr/bin/cmake --install /home/simone/bookros2_ws/build/br2_bt_bumpgo
[0.433s] -- Install configuration: ""
[0.433s] -- Execute custom install script
[0.433s] -- Up-to-date symlink: /home/simone/bookros2_ws/install/br2_bt_bumpgo/lib/libbr2_forward_bt_node.so
[0.433s] -- Up-to-date symlink: /home/simone/bookros2_ws/install/br2_bt_bumpgo/lib/libbr2_back_bt_node.so
[0.433s] -- Up-to-date symlink: /home/simone/bookros2_ws/install/br2_bt_bumpgo/lib/libbr2_turn_bt_node.so
[0.434s] -- Up-to-date symlink: /home/simone/bookros2_ws/install/br2_bt_bumpgo/lib/libbr2_is_obstacle_bt_node.so
[0.434s] -- Up-to-date symlink: /home/simone/bookros2_ws/install/br2_bt_bumpgo/lib/br2_bt_bumpgo/bt_bumpgo
[0.434s] -- Up-to-date symlink: /home/simone/bookros2_ws/install/br2_bt_bumpgo/include//br2_bt_bumpgo/Back.hpp
[0.434s] -- Up-to-date symlink: /home/simone/bookros2_ws/install/br2_bt_bumpgo/include//br2_bt_bumpgo/Forward.hpp
[0.434s] -- Up-to-date symlink: /home/simone/bookros2_ws/install/br2_bt_bumpgo/include//br2_bt_bumpgo/IsObstacle.hpp
[0.434s] -- Up-to-date symlink: /home/simone/bookros2_ws/install/br2_bt_bumpgo/include//br2_bt_bumpgo/Turn.hpp
[0.434s] -- Up-to-date symlink: /home/simone/bookros2_ws/install/br2_bt_bumpgo/share/br2_bt_bumpgo/behavior_tree_xml/bumpgo.xml
[0.445s] -- Up-to-date symlink: /home/simone/bookros2_ws/install/br2_bt_bumpgo/lib/br2_bt_bumpgo/bt_forward
[0.446s] -- Up-to-date symlink: /home/simone/bookros2_ws/install/br2_bt_bumpgo/share/ament_index/resource_index/package_run_dependencies/br2_bt_bumpgo
[0.453s] -- Up-to-date symlink: /home/simone/bookros2_ws/install/br2_bt_bumpgo/share/ament_index/resource_index/parent_prefix_path/br2_bt_bumpgo
[0.453s] -- Up-to-date symlink: /home/simone/bookros2_ws/install/br2_bt_bumpgo/share/br2_bt_bumpgo/environment/ament_prefix_path.sh
[0.454s] -- Up-to-date symlink: /home/simone/bookros2_ws/install/br2_bt_bumpgo/share/br2_bt_bumpgo/environment/ament_prefix_path.dsv
[0.454s] -- Up-to-date symlink: /home/simone/bookros2_ws/install/br2_bt_bumpgo/share/br2_bt_bumpgo/environment/path.sh
[0.454s] -- Up-to-date symlink: /home/simone/bookros2_ws/install/br2_bt_bumpgo/share/br2_bt_bumpgo/environment/path.dsv
[0.454s] -- Up-to-date symlink: /home/simone/bookros2_ws/install/br2_bt_bumpgo/share/br2_bt_bumpgo/local_setup.bash
[0.454s] -- Up-to-date symlink: /home/simone/bookros2_ws/install/br2_bt_bumpgo/share/br2_bt_bumpgo/local_setup.sh
[0.454s] -- Up-to-date symlink: /home/simone/bookros2_ws/install/br2_bt_bumpgo/share/br2_bt_bumpgo/local_setup.zsh
[0.454s] -- Up-to-date symlink: /home/simone/bookros2_ws/install/br2_bt_bumpgo/share/br2_bt_bumpgo/local_setup.dsv
[0.454s] -- Symlinking: /home/simone/bookros2_ws/install/br2_bt_bumpgo/share/br2_bt_bumpgo/package.dsv
[0.454s] -- Up-to-date symlink: /home/simone/bookros2_ws/install/br2_bt_bumpgo/share/ament_index/resource_index/packages/br2_bt_bumpgo
[0.455s] -- Up-to-date symlink: /home/simone/bookros2_ws/install/br2_bt_bumpgo/share/br2_bt_bumpgo/cmake/ament_cmake_export_include_directories-extras.cmake
[0.455s] -- Up-to-date symlink: /home/simone/bookros2_ws/install/br2_bt_bumpgo/share/br2_bt_bumpgo/cmake/ament_cmake_export_dependencies-extras.cmake
[0.455s] -- Up-to-date symlink: /home/simone/bookros2_ws/install/br2_bt_bumpgo/share/br2_bt_bumpgo/cmake/br2_bt_bumpgoConfig.cmake
[0.456s] -- Up-to-date symlink: /home/simone/bookros2_ws/install/br2_bt_bumpgo/share/br2_bt_bumpgo/cmake/br2_bt_bumpgoConfig-version.cmake
[0.456s] -- Up-to-date symlink: /home/simone/bookros2_ws/install/br2_bt_bumpgo/share/br2_bt_bumpgo/package.xml
[0.506s] Invoked command in '/home/simone/bookros2_ws/build/br2_bt_bumpgo' returned '0': CMAKE_PREFIX_PATH=/opt/ros/humble /usr/bin/cmake --install /home/simone/bookros2_ws/build/br2_bt_bumpgo
