[0.118s] Invoking command in '/home/simone/bookros2_ws/build/groot': CMAKE_PREFIX_PATH=${CMAKE_PREFIX_PATH}:/home/simone/bookros2_ws/install/learning_tf2_py:/home/simone/bookros2_ws/install/launch_pal:/home/simone/bookros2_ws/install/br2_tf2_detector_py:/home/simone/bookros2_ws/install/br2_fsm_bumpgo_py:/opt/ros/humble /usr/bin/cmake --build /home/simone/bookros2_ws/build/groot -- -j6 -l6
[0.199s] [  1%] [34m[1mAutomatic MOC and UIC for target QtNodeEditor[0m
[0.256s] [  1%] Built target QtNodeEditor_autogen
[0.329s] [ 57%] Built target QtNodeEditor
[0.364s] [ 58%] [34m[1mAutomatic MOC and UIC for target behavior_tree_editor[0m
[0.416s] [ 58%] Built target behavior_tree_editor_autogen
[0.464s] [ 74%] Built target behavior_tree_editor
[0.497s] [ 75%] [34m[1mAutomatic MOC and UIC for target Groot[0m
[0.523s] [ 76%] [34m[1mAutomatic MOC and UIC for target replay_test[0m
[0.524s] [ 76%] [34m[1mAutomatic MOC and UIC for target editor_test[0m
[0.524s] [ 76%] Built target Groot_autogen
[0.543s] [ 82%] Built target Groot
[0.547s] [ 82%] Built target editor_test_autogen
[0.552s] [ 82%] Built target replay_test_autogen
[0.593s] [ 91%] Built target replay_test
[0.594s] [100%] Built target editor_test
[0.846s] Invoked command in '/home/simone/bookros2_ws/build/groot' returned '0': CMAKE_PREFIX_PATH=${CMAKE_PREFIX_PATH}:/home/simone/bookros2_ws/install/learning_tf2_py:/home/simone/bookros2_ws/install/launch_pal:/home/simone/bookros2_ws/install/br2_tf2_detector_py:/home/simone/bookros2_ws/install/br2_fsm_bumpgo_py:/opt/ros/humble /usr/bin/cmake --build /home/simone/bookros2_ws/build/groot -- -j6 -l6
[1.048s] Invoking command in '/home/simone/bookros2_ws/build/groot': CMAKE_PREFIX_PATH=${CMAKE_PREFIX_PATH}:/home/simone/bookros2_ws/install/learning_tf2_py:/home/simone/bookros2_ws/install/launch_pal:/home/simone/bookros2_ws/install/br2_tf2_detector_py:/home/simone/bookros2_ws/install/br2_fsm_bumpgo_py:/opt/ros/humble /usr/bin/cmake --install /home/simone/bookros2_ws/build/groot
[1.068s] -- Install configuration: ""
[1.068s] -- Execute custom install script
[1.068s] -- Up-to-date symlink: /home/simone/bookros2_ws/install/groot/lib/libbehavior_tree_editor.so
[1.068s] -- Up-to-date symlink: /home/simone/bookros2_ws/install/groot/lib/groot/Groot
[1.068s] -- Up-to-date symlink: /home/simone/bookros2_ws/install/groot/share/groot/environment/library_path.sh
[1.069s] -- Up-to-date symlink: /home/simone/bookros2_ws/install/groot/share/groot/environment/library_path.dsv
[1.069s] -- Up-to-date symlink: /home/simone/bookros2_ws/install/groot/share/ament_index/resource_index/package_run_dependencies/groot
[1.069s] -- Up-to-date symlink: /home/simone/bookros2_ws/install/groot/share/ament_index/resource_index/parent_prefix_path/groot
[1.069s] -- Up-to-date symlink: /home/simone/bookros2_ws/install/groot/share/groot/environment/ament_prefix_path.sh
[1.069s] -- Up-to-date symlink: /home/simone/bookros2_ws/install/groot/share/groot/environment/ament_prefix_path.dsv
[1.069s] -- Up-to-date symlink: /home/simone/bookros2_ws/install/groot/share/groot/environment/path.sh
[1.069s] -- Up-to-date symlink: /home/simone/bookros2_ws/install/groot/share/groot/environment/path.dsv
[1.069s] -- Up-to-date symlink: /home/simone/bookros2_ws/install/groot/share/groot/local_setup.bash
[1.069s] -- Up-to-date symlink: /home/simone/bookros2_ws/install/groot/share/groot/local_setup.sh
[1.069s] -- Up-to-date symlink: /home/simone/bookros2_ws/install/groot/share/groot/local_setup.zsh
[1.069s] -- Up-to-date symlink: /home/simone/bookros2_ws/install/groot/share/groot/local_setup.dsv
[1.069s] -- Symlinking: /home/simone/bookros2_ws/install/groot/share/groot/package.dsv
[1.069s] -- Up-to-date symlink: /home/simone/bookros2_ws/install/groot/share/ament_index/resource_index/packages/groot
[1.069s] -- Up-to-date symlink: /home/simone/bookros2_ws/install/groot/share/groot/cmake/ament_cmake_export_include_directories-extras.cmake
[1.069s] -- Up-to-date symlink: /home/simone/bookros2_ws/install/groot/share/groot/cmake/ament_cmake_export_dependencies-extras.cmake
[1.070s] -- Up-to-date symlink: /home/simone/bookros2_ws/install/groot/share/groot/cmake/ament_cmake_export_libraries-extras.cmake
[1.070s] -- Up-to-date symlink: /home/simone/bookros2_ws/install/groot/share/groot/cmake/grootConfig.cmake
[1.070s] -- Up-to-date symlink: /home/simone/bookros2_ws/install/groot/share/groot/cmake/grootConfig-version.cmake
[1.070s] -- Up-to-date symlink: /home/simone/bookros2_ws/install/groot/share/groot/package.xml
[1.101s] Invoked command in '/home/simone/bookros2_ws/build/groot' returned '0': CMAKE_PREFIX_PATH=${CMAKE_PREFIX_PATH}:/home/simone/bookros2_ws/install/learning_tf2_py:/home/simone/bookros2_ws/install/launch_pal:/home/simone/bookros2_ws/install/br2_tf2_detector_py:/home/simone/bookros2_ws/install/br2_fsm_bumpgo_py:/opt/ros/humble /usr/bin/cmake --install /home/simone/bookros2_ws/build/groot
