[0.054s] Invoking command in '/home/simone/bookros2_ws/build/pmb2_robot': AMENT_PREFIX_PATH=/home/simone/bookros2_ws/install/pmb2_bringup:/home/simone/bookros2_ws/install/pmb2_description:/home/simone/bookros2_ws/install/pmb2_controller_configuration:/home/simone/bookros2_ws/install/launch_pal:${AMENT_PREFIX_PATH} CMAKE_PREFIX_PATH=/home/simone/bookros2_ws/install/pmb2_bringup:/home/simone/bookros2_ws/install/pmb2_description:/home/simone/bookros2_ws/install/pmb2_controller_configuration:/opt/ros/humble PYTHONPATH=/home/simone/bookros2_ws/install/pmb2_description/local/lib/python3.10/dist-packages:/home/simone/bookros2_ws/install/launch_pal/lib/python3.10/site-packages:${PYTHONPATH} /usr/bin/cmake --build /home/simone/bookros2_ws/build/pmb2_robot -- -j6 -l6
[0.131s] Invoked command in '/home/simone/bookros2_ws/build/pmb2_robot' returned '0': AMENT_PREFIX_PATH=/home/simone/bookros2_ws/install/pmb2_bringup:/home/simone/bookros2_ws/install/pmb2_description:/home/simone/bookros2_ws/install/pmb2_controller_configuration:/home/simone/bookros2_ws/install/launch_pal:${AMENT_PREFIX_PATH} CMAKE_PREFIX_PATH=/home/simone/bookros2_ws/install/pmb2_bringup:/home/simone/bookros2_ws/install/pmb2_description:/home/simone/bookros2_ws/install/pmb2_controller_configuration:/opt/ros/humble PYTHONPATH=/home/simone/bookros2_ws/install/pmb2_description/local/lib/python3.10/dist-packages:/home/simone/bookros2_ws/install/launch_pal/lib/python3.10/site-packages:${PYTHONPATH} /usr/bin/cmake --build /home/simone/bookros2_ws/build/pmb2_robot -- -j6 -l6
[0.167s] Invoking command in '/home/simone/bookros2_ws/build/pmb2_robot': AMENT_PREFIX_PATH=/home/simone/bookros2_ws/install/pmb2_bringup:/home/simone/bookros2_ws/install/pmb2_description:/home/simone/bookros2_ws/install/pmb2_controller_configuration:/home/simone/bookros2_ws/install/launch_pal:${AMENT_PREFIX_PATH} CMAKE_PREFIX_PATH=/home/simone/bookros2_ws/install/pmb2_bringup:/home/simone/bookros2_ws/install/pmb2_description:/home/simone/bookros2_ws/install/pmb2_controller_configuration:/opt/ros/humble PYTHONPATH=/home/simone/bookros2_ws/install/pmb2_description/local/lib/python3.10/dist-packages:/home/simone/bookros2_ws/install/launch_pal/lib/python3.10/site-packages:${PYTHONPATH} /usr/bin/cmake --install /home/simone/bookros2_ws/build/pmb2_robot
[0.180s] -- Install configuration: ""
[0.180s] -- Execute custom install script
[0.180s] -- Up-to-date symlink: /home/simone/bookros2_ws/install/pmb2_robot/share/ament_index/resource_index/package_run_dependencies/pmb2_robot
[0.181s] -- Up-to-date symlink: /home/simone/bookros2_ws/install/pmb2_robot/share/ament_index/resource_index/parent_prefix_path/pmb2_robot
[0.181s] -- Up-to-date symlink: /home/simone/bookros2_ws/install/pmb2_robot/share/pmb2_robot/environment/ament_prefix_path.sh
[0.181s] -- Up-to-date symlink: /home/simone/bookros2_ws/install/pmb2_robot/share/pmb2_robot/environment/ament_prefix_path.dsv
[0.181s] -- Up-to-date symlink: /home/simone/bookros2_ws/install/pmb2_robot/share/pmb2_robot/environment/path.sh
[0.181s] -- Up-to-date symlink: /home/simone/bookros2_ws/install/pmb2_robot/share/pmb2_robot/environment/path.dsv
[0.181s] -- Up-to-date symlink: /home/simone/bookros2_ws/install/pmb2_robot/share/pmb2_robot/local_setup.bash
[0.181s] -- Up-to-date symlink: /home/simone/bookros2_ws/install/pmb2_robot/share/pmb2_robot/local_setup.sh
[0.181s] -- Up-to-date symlink: /home/simone/bookros2_ws/install/pmb2_robot/share/pmb2_robot/local_setup.zsh
[0.182s] -- Up-to-date symlink: /home/simone/bookros2_ws/install/pmb2_robot/share/pmb2_robot/local_setup.dsv
[0.182s] -- Symlinking: /home/simone/bookros2_ws/install/pmb2_robot/share/pmb2_robot/package.dsv
[0.188s] -- Up-to-date symlink: /home/simone/bookros2_ws/install/pmb2_robot/share/ament_index/resource_index/packages/pmb2_robot
[0.189s] -- Up-to-date symlink: /home/simone/bookros2_ws/install/pmb2_robot/share/pmb2_robot/cmake/pmb2_robotConfig.cmake
[0.189s] -- Up-to-date symlink: /home/simone/bookros2_ws/install/pmb2_robot/share/pmb2_robot/cmake/pmb2_robotConfig-version.cmake
[0.189s] -- Up-to-date symlink: /home/simone/bookros2_ws/install/pmb2_robot/share/pmb2_robot/package.xml
[0.205s] Invoked command in '/home/simone/bookros2_ws/build/pmb2_robot' returned '0': AMENT_PREFIX_PATH=/home/simone/bookros2_ws/install/pmb2_bringup:/home/simone/bookros2_ws/install/pmb2_description:/home/simone/bookros2_ws/install/pmb2_controller_configuration:/home/simone/bookros2_ws/install/launch_pal:${AMENT_PREFIX_PATH} CMAKE_PREFIX_PATH=/home/simone/bookros2_ws/install/pmb2_bringup:/home/simone/bookros2_ws/install/pmb2_description:/home/simone/bookros2_ws/install/pmb2_controller_configuration:/opt/ros/humble PYTHONPATH=/home/simone/bookros2_ws/install/pmb2_description/local/lib/python3.10/dist-packages:/home/simone/bookros2_ws/install/launch_pal/lib/python3.10/site-packages:${PYTHONPATH} /usr/bin/cmake --install /home/simone/bookros2_ws/build/pmb2_robot
