[0.215s] Invoking command in '/home/simone/bookros2_ws/build/br2_tf2_detector': CMAKE_PREFIX_PATH=${CMAKE_PREFIX_PATH}:/home/simone/bookros2_ws/install/launch_pal:/home/simone/bookros2_ws/install/br2_fsm_bumpgo_py:/opt/ros/humble /usr/bin/cmake --build /home/simone/bookros2_ws/build/br2_tf2_detector -- -j5 -l5
[0.394s] [ 50%] Built target br2_tf2_detector
[0.513s] [ 75%] Built target detector
[0.661s] [100%] Built target detector_improved
[0.669s] Invoked command in '/home/simone/bookros2_ws/build/br2_tf2_detector' returned '0': CMAKE_PREFIX_PATH=${CMAKE_PREFIX_PATH}:/home/simone/bookros2_ws/install/launch_pal:/home/simone/bookros2_ws/install/br2_fsm_bumpgo_py:/opt/ros/humble /usr/bin/cmake --build /home/simone/bookros2_ws/build/br2_tf2_detector -- -j5 -l5
[1.119s] Invoking command in '/home/simone/bookros2_ws/build/br2_tf2_detector': CMAKE_PREFIX_PATH=${CMAKE_PREFIX_PATH}:/home/simone/bookros2_ws/install/launch_pal:/home/simone/bookros2_ws/install/br2_fsm_bumpgo_py:/opt/ros/humble /usr/bin/cmake --install /home/simone/bookros2_ws/build/br2_tf2_detector
[1.154s] -- Install configuration: ""
[1.154s] -- Execute custom install script
[1.154s] -- Up-to-date symlink: /home/simone/bookros2_ws/install/br2_tf2_detector/lib/libbr2_tf2_detector.so
[1.158s] -- Up-to-date symlink: /home/simone/bookros2_ws/install/br2_tf2_detector/lib/br2_tf2_detector/detector
[1.158s] -- Up-to-date symlink: /home/simone/bookros2_ws/install/br2_tf2_detector/lib/br2_tf2_detector/detector_improved
[1.158s] -- Up-to-date symlink: /home/simone/bookros2_ws/install/br2_tf2_detector/share/br2_tf2_detector/launch/detector_basic.launch.py
[1.164s] -- Up-to-date symlink: /home/simone/bookros2_ws/install/br2_tf2_detector/share/br2_tf2_detector/launch/detector_improved.launch.py
[1.169s] -- Up-to-date symlink: /home/simone/bookros2_ws/install/br2_tf2_detector/share/ament_index/resource_index/package_run_dependencies/br2_tf2_detector
[1.202s] -- Up-to-date symlink: /home/simone/bookros2_ws/install/br2_tf2_detector/share/ament_index/resource_index/parent_prefix_path/br2_tf2_detector
[1.204s] -- Up-to-date symlink: /home/simone/bookros2_ws/install/br2_tf2_detector/share/br2_tf2_detector/environment/ament_prefix_path.sh
[1.204s] -- Up-to-date symlink: /home/simone/bookros2_ws/install/br2_tf2_detector/share/br2_tf2_detector/environment/ament_prefix_path.dsv
[1.204s] -- Up-to-date symlink: /home/simone/bookros2_ws/install/br2_tf2_detector/share/br2_tf2_detector/environment/path.sh
[1.204s] -- Up-to-date symlink: /home/simone/bookros2_ws/install/br2_tf2_detector/share/br2_tf2_detector/environment/path.dsv
[1.205s] -- Up-to-date symlink: /home/simone/bookros2_ws/install/br2_tf2_detector/share/br2_tf2_detector/local_setup.bash
[1.205s] -- Up-to-date symlink: /home/simone/bookros2_ws/install/br2_tf2_detector/share/br2_tf2_detector/local_setup.sh
[1.205s] -- Up-to-date symlink: /home/simone/bookros2_ws/install/br2_tf2_detector/share/br2_tf2_detector/local_setup.zsh
[1.205s] -- Up-to-date symlink: /home/simone/bookros2_ws/install/br2_tf2_detector/share/br2_tf2_detector/local_setup.dsv
[1.205s] -- Symlinking: /home/simone/bookros2_ws/install/br2_tf2_detector/share/br2_tf2_detector/package.dsv
[1.223s] -- Up-to-date symlink: /home/simone/bookros2_ws/install/br2_tf2_detector/share/ament_index/resource_index/packages/br2_tf2_detector
[1.223s] -- Up-to-date symlink: /home/simone/bookros2_ws/install/br2_tf2_detector/share/br2_tf2_detector/cmake/br2_tf2_detectorConfig.cmake
[1.223s] -- Up-to-date symlink: /home/simone/bookros2_ws/install/br2_tf2_detector/share/br2_tf2_detector/cmake/br2_tf2_detectorConfig-version.cmake
[1.223s] -- Up-to-date symlink: /home/simone/bookros2_ws/install/br2_tf2_detector/share/br2_tf2_detector/package.xml
[1.367s] Invoked command in '/home/simone/bookros2_ws/build/br2_tf2_detector' returned '0': CMAKE_PREFIX_PATH=${CMAKE_PREFIX_PATH}:/home/simone/bookros2_ws/install/launch_pal:/home/simone/bookros2_ws/install/br2_fsm_bumpgo_py:/opt/ros/humble /usr/bin/cmake --install /home/simone/bookros2_ws/build/br2_tf2_detector
