[1.103s] Invoking command in '/home/simone/bookros2_ws/build/br2_tf2_detector_py': PYTHONPATH=/home/simone/bookros2_ws/build/br2_tf2_detector_py/prefix_override:/home/simone/bookros2_ws/install/br2_tf2_detector_py/lib/python3.10/site-packages:${PYTHONPATH} /usr/bin/python3 setup.py develop --uninstall --editable --build-directory /home/simone/bookros2_ws/build/br2_tf2_detector_py/build
[1.495s] running develop
[1.495s] /usr/lib/python3/dist-packages/setuptools/command/easy_install.py:158: EasyInstallDeprecationWarning: easy_install command is deprecated. Use build and pip and other standards-based tools.
[1.496s]   warnings.warn(
[1.498s] /usr/lib/python3/dist-packages/setuptools/command/install.py:34: SetuptoolsDeprecationWarning: setup.py install is deprecated. Use build and pip and other standards-based tools.
[1.498s]   warnings.warn(
[1.598s] /usr/lib/python3/dist-packages/pkg_resources/__init__.py:116: PkgResourcesDeprecationWarning: 1.16.0-unknown is an invalid version and will not be supported in a future release
[1.598s]   warnings.warn(
[1.599s] /usr/lib/python3/dist-packages/pkg_resources/__init__.py:116: PkgResourcesDeprecationWarning: 1.1build1 is an invalid version and will not be supported in a future release
[1.599s]   warnings.warn(
[1.819s] Invoked command in '/home/simone/bookros2_ws/build/br2_tf2_detector_py' returned '0': PYTHONPATH=/home/simone/bookros2_ws/build/br2_tf2_detector_py/prefix_override:/home/simone/bookros2_ws/install/br2_tf2_detector_py/lib/python3.10/site-packages:${PYTHONPATH} /usr/bin/python3 setup.py develop --uninstall --editable --build-directory /home/simone/bookros2_ws/build/br2_tf2_detector_py/build
[1.821s] Invoking command in '/home/simone/bookros2_ws/src/book_ros2/br2_tf2_detector_py': PYTHONPATH=/home/simone/bookros2_ws/build/br2_tf2_detector_py/prefix_override:/home/simone/bookros2_ws/install/br2_tf2_detector_py/lib/python3.10/site-packages:${PYTHONPATH} /usr/bin/python3 setup.py egg_info --egg-base ../../../build/br2_tf2_detector_py build --build-base /home/simone/bookros2_ws/build/br2_tf2_detector_py/build install --record /home/simone/bookros2_ws/build/br2_tf2_detector_py/install.log --single-version-externally-managed
[2.136s] running egg_info
[2.139s] writing ../../../build/br2_tf2_detector_py/br2_tf2_detector_py.egg-info/PKG-INFO
[2.139s] writing dependency_links to ../../../build/br2_tf2_detector_py/br2_tf2_detector_py.egg-info/dependency_links.txt
[2.139s] writing entry points to ../../../build/br2_tf2_detector_py/br2_tf2_detector_py.egg-info/entry_points.txt
[2.139s] writing requirements to ../../../build/br2_tf2_detector_py/br2_tf2_detector_py.egg-info/requires.txt
[2.139s] writing top-level names to ../../../build/br2_tf2_detector_py/br2_tf2_detector_py.egg-info/top_level.txt
[2.140s] reading manifest file '../../../build/br2_tf2_detector_py/br2_tf2_detector_py.egg-info/SOURCES.txt'
[2.144s] writing manifest file '../../../build/br2_tf2_detector_py/br2_tf2_detector_py.egg-info/SOURCES.txt'
[2.144s] running build
[2.144s] running build_py
[2.144s] running install
[2.144s] running install_lib
[2.144s] /usr/lib/python3/dist-packages/setuptools/command/install.py:34: SetuptoolsDeprecationWarning: setup.py install is deprecated. Use build and pip and other standards-based tools.
[2.145s]   warnings.warn(
[2.145s] running install_data
[2.147s] running install_egg_info
[2.151s] removing '/home/simone/bookros2_ws/install/br2_tf2_detector_py/lib/python3.10/site-packages/br2_tf2_detector_py-0.0.0-py3.10.egg-info' (and everything under it)
[2.152s] Copying ../../../build/br2_tf2_detector_py/br2_tf2_detector_py.egg-info to /home/simone/bookros2_ws/install/br2_tf2_detector_py/lib/python3.10/site-packages/br2_tf2_detector_py-0.0.0-py3.10.egg-info
[2.158s] running install_scripts
[2.179s] Installing obstacle_detector_node script to /home/simone/bookros2_ws/install/br2_tf2_detector_py/lib/br2_tf2_detector_py
[2.180s] Installing obstacle_monitor_node script to /home/simone/bookros2_ws/install/br2_tf2_detector_py/lib/br2_tf2_detector_py
[2.183s] writing list of installed files to '/home/simone/bookros2_ws/build/br2_tf2_detector_py/install.log'
[2.230s] Invoked command in '/home/simone/bookros2_ws/src/book_ros2/br2_tf2_detector_py' returned '0': PYTHONPATH=/home/simone/bookros2_ws/build/br2_tf2_detector_py/prefix_override:/home/simone/bookros2_ws/install/br2_tf2_detector_py/lib/python3.10/site-packages:${PYTHONPATH} /usr/bin/python3 setup.py egg_info --egg-base ../../../build/br2_tf2_detector_py build --build-base /home/simone/bookros2_ws/build/br2_tf2_detector_py/build install --record /home/simone/bookros2_ws/build/br2_tf2_detector_py/install.log --single-version-externally-managed
