[0.048s] Invoking command in '/home/simone/bookros2_ws/build/br2_basics': CMAKE_PREFIX_PATH=${CMAKE_PREFIX_PATH}:/home/simone/bookros2_ws/install/learning_tf2_py:/home/simone/bookros2_ws/install/launch_pal:/home/simone/bookros2_ws/install/br2_tf2_detector_py:/home/simone/bookros2_ws/install/br2_fsm_bumpgo_py:/opt/ros/humble /usr/bin/cmake --build /home/simone/bookros2_ws/build/br2_basics -- -j6 -l6
[0.185s] [ 14%] Built target publisher
[0.194s] [ 28%] Built target publisher_class
[0.204s] [ 42%] Built target executors
[0.212s] [ 57%] Built target logger
[0.214s] [ 71%] Built target subscriber_class
[0.221s] [ 85%] Built target param_reader
[0.253s] [100%] Built target logger_class
[0.276s] Invoked command in '/home/simone/bookros2_ws/build/br2_basics' returned '0': CMAKE_PREFIX_PATH=${CMAKE_PREFIX_PATH}:/home/simone/bookros2_ws/install/learning_tf2_py:/home/simone/bookros2_ws/install/launch_pal:/home/simone/bookros2_ws/install/br2_tf2_detector_py:/home/simone/bookros2_ws/install/br2_fsm_bumpgo_py:/opt/ros/humble /usr/bin/cmake --build /home/simone/bookros2_ws/build/br2_basics -- -j6 -l6
[0.312s] Invoking command in '/home/simone/bookros2_ws/build/br2_basics': CMAKE_PREFIX_PATH=${CMAKE_PREFIX_PATH}:/home/simone/bookros2_ws/install/learning_tf2_py:/home/simone/bookros2_ws/install/launch_pal:/home/simone/bookros2_ws/install/br2_tf2_detector_py:/home/simone/bookros2_ws/install/br2_fsm_bumpgo_py:/opt/ros/humble /usr/bin/cmake --install /home/simone/bookros2_ws/build/br2_basics
[0.337s] -- Install configuration: ""
[0.337s] -- Execute custom install script
[0.337s] -- Up-to-date symlink: /home/simone/bookros2_ws/install/br2_basics/lib/br2_basics/publisher
[0.337s] -- Up-to-date symlink: /home/simone/bookros2_ws/install/br2_basics/lib/br2_basics/publisher_class
[0.337s] -- Up-to-date symlink: /home/simone/bookros2_ws/install/br2_basics/lib/br2_basics/subscriber_class
[0.337s] -- Up-to-date symlink: /home/simone/bookros2_ws/install/br2_basics/lib/br2_basics/executors
[0.337s] -- Up-to-date symlink: /home/simone/bookros2_ws/install/br2_basics/lib/br2_basics/logger
[0.337s] -- Up-to-date symlink: /home/simone/bookros2_ws/install/br2_basics/lib/br2_basics/logger_class
[0.338s] -- Up-to-date symlink: /home/simone/bookros2_ws/install/br2_basics/lib/br2_basics/param_reader
[0.338s] -- Up-to-date symlink: /home/simone/bookros2_ws/install/br2_basics/share/br2_basics/launch/includer_launch.py
[0.338s] -- Up-to-date symlink: /home/simone/bookros2_ws/install/br2_basics/share/br2_basics/launch/param_node_v1_launch.py
[0.338s] -- Up-to-date symlink: /home/simone/bookros2_ws/install/br2_basics/share/br2_basics/launch/param_node_v2_launch.py
[0.338s] -- Up-to-date symlink: /home/simone/bookros2_ws/install/br2_basics/share/br2_basics/launch/pub_sub_v1_launch.py
[0.338s] -- Up-to-date symlink: /home/simone/bookros2_ws/install/br2_basics/share/br2_basics/launch/pub_sub_v2_launch.py
[0.338s] -- Up-to-date symlink: /home/simone/bookros2_ws/install/br2_basics/share/br2_basics/config/params.yaml
[0.338s] -- Up-to-date symlink: /home/simone/bookros2_ws/install/br2_basics/share/ament_index/resource_index/package_run_dependencies/br2_basics
[0.338s] -- Up-to-date symlink: /home/simone/bookros2_ws/install/br2_basics/share/ament_index/resource_index/parent_prefix_path/br2_basics
[0.339s] -- Up-to-date symlink: /home/simone/bookros2_ws/install/br2_basics/share/br2_basics/environment/ament_prefix_path.sh
[0.339s] -- Up-to-date symlink: /home/simone/bookros2_ws/install/br2_basics/share/br2_basics/environment/ament_prefix_path.dsv
[0.339s] -- Up-to-date symlink: /home/simone/bookros2_ws/install/br2_basics/share/br2_basics/environment/path.sh
[0.339s] -- Up-to-date symlink: /home/simone/bookros2_ws/install/br2_basics/share/br2_basics/environment/path.dsv
[0.339s] -- Up-to-date symlink: /home/simone/bookros2_ws/install/br2_basics/share/br2_basics/local_setup.bash
[0.339s] -- Up-to-date symlink: /home/simone/bookros2_ws/install/br2_basics/share/br2_basics/local_setup.sh
[0.339s] -- Up-to-date symlink: /home/simone/bookros2_ws/install/br2_basics/share/br2_basics/local_setup.zsh
[0.339s] -- Up-to-date symlink: /home/simone/bookros2_ws/install/br2_basics/share/br2_basics/local_setup.dsv
[0.339s] -- Symlinking: /home/simone/bookros2_ws/install/br2_basics/share/br2_basics/package.dsv
[0.351s] -- Up-to-date symlink: /home/simone/bookros2_ws/install/br2_basics/share/ament_index/resource_index/packages/br2_basics
[0.351s] -- Up-to-date symlink: /home/simone/bookros2_ws/install/br2_basics/share/br2_basics/cmake/ament_cmake_export_dependencies-extras.cmake
[0.351s] -- Up-to-date symlink: /home/simone/bookros2_ws/install/br2_basics/share/br2_basics/cmake/br2_basicsConfig.cmake
[0.352s] -- Up-to-date symlink: /home/simone/bookros2_ws/install/br2_basics/share/br2_basics/cmake/br2_basicsConfig-version.cmake
[0.352s] -- Up-to-date symlink: /home/simone/bookros2_ws/install/br2_basics/share/br2_basics/package.xml
[0.352s] Invoked command in '/home/simone/bookros2_ws/build/br2_basics' returned '0': CMAKE_PREFIX_PATH=${CMAKE_PREFIX_PATH}:/home/simone/bookros2_ws/install/learning_tf2_py:/home/simone/bookros2_ws/install/launch_pal:/home/simone/bookros2_ws/install/br2_tf2_detector_py:/home/simone/bookros2_ws/install/br2_fsm_bumpgo_py:/opt/ros/humble /usr/bin/cmake --install /home/simone/bookros2_ws/build/br2_basics
