[0.531s] Invoking command in '/home/simone/bookros2_ws/build/hey5_description': CMAKE_PREFIX_PATH=/opt/ros/humble /usr/bin/cmake /home/simone/bookros2_ws/src/ThirdParty/hey5_description -DAMENT_CMAKE_SYMLINK_INSTALL=1 -DCMAKE_INSTALL_PREFIX=/home/simone/bookros2_ws/install/hey5_description
[0.715s] -- The C compiler identification is GNU 11.3.0
[0.859s] -- The CXX compiler identification is GNU 11.3.0
[0.882s] -- Detecting C compiler ABI info
[1.029s] -- Detecting C compiler ABI info - done
[1.044s] -- Check for working C compiler: /usr/bin/cc - skipped
[1.045s] -- Detecting C compile features
[1.045s] -- Detecting C compile features - done
[1.052s] -- Detecting CXX compiler ABI info
[1.206s] -- Detecting CXX compiler ABI info - done
[1.222s] -- Check for working CXX compiler: /usr/bin/c++ - skipped
[1.223s] -- Detecting CXX compile features
[1.224s] -- Detecting CXX compile features - done
[1.234s] -- Found ament_cmake_auto: 1.3.5 (/opt/ros/humble/share/ament_cmake_auto/cmake)
[1.580s] -- Found Python3: /usr/bin/python3.10 (found version "3.10.6") found components: Interpreter 
[1.707s] -- Override CMake install command with custom implementation using symlinks instead of copying resources
[1.783s] -- Found ament_lint_auto: 0.12.6 (/opt/ros/humble/share/ament_lint_auto/cmake)
[2.021s] -- Added test 'copyright' to check source files copyright and LICENSE
[2.036s] -- Added test 'lint_cmake' to check CMake code style
[2.046s] -- Added test 'xmllint' to check XML markup files
[2.049s] -- Configuring done
[2.055s] -- Generating done
[2.069s] -- Build files have been written to: /home/simone/bookros2_ws/build/hey5_description
[2.080s] Invoked command in '/home/simone/bookros2_ws/build/hey5_description' returned '0': CMAKE_PREFIX_PATH=/opt/ros/humble /usr/bin/cmake /home/simone/bookros2_ws/src/ThirdParty/hey5_description -DAMENT_CMAKE_SYMLINK_INSTALL=1 -DCMAKE_INSTALL_PREFIX=/home/simone/bookros2_ws/install/hey5_description
[2.081s] Invoking command in '/home/simone/bookros2_ws/build/hey5_description': CMAKE_PREFIX_PATH=/opt/ros/humble /usr/bin/cmake --build /home/simone/bookros2_ws/build/hey5_description -- -j5 -l5
[2.145s] Invoked command in '/home/simone/bookros2_ws/build/hey5_description' returned '0': CMAKE_PREFIX_PATH=/opt/ros/humble /usr/bin/cmake --build /home/simone/bookros2_ws/build/hey5_description -- -j5 -l5
[2.197s] Invoking command in '/home/simone/bookros2_ws/build/hey5_description': CMAKE_PREFIX_PATH=/opt/ros/humble /usr/bin/cmake --install /home/simone/bookros2_ws/build/hey5_description
[2.210s] -- Install configuration: ""
[2.211s] -- Execute custom install script
[2.213s] -- Symlinking: /home/simone/bookros2_ws/install/hey5_description/share/hey5_description/config/two_hands.rviz
[2.227s] -- Symlinking: /home/simone/bookros2_ws/install/hey5_description/share/hey5_description/gazebo/gazebo.urdf.xacro
[2.242s] -- Symlinking: /home/simone/bookros2_ws/install/hey5_description/share/hey5_description/launch/hey5_kinematics_test.launch
[2.261s] -- Symlinking: /home/simone/bookros2_ws/install/hey5_description/share/hey5_description/meshes/finger_abd_collision.stl
[2.270s] -- Symlinking: /home/simone/bookros2_ws/install/hey5_description/share/hey5_description/meshes/finger_flex_collision.stl
[2.279s] -- Symlinking: /home/simone/bookros2_ws/install/hey5_description/share/hey5_description/meshes/finger_flex_tip_collision.stl
[2.290s] -- Symlinking: /home/simone/bookros2_ws/install/hey5_description/share/hey5_description/meshes/palm.stl
[2.301s] -- Symlinking: /home/simone/bookros2_ws/install/hey5_description/share/hey5_description/meshes/palm_collision.stl
[2.311s] -- Symlinking: /home/simone/bookros2_ws/install/hey5_description/share/hey5_description/meshes/thumb_abd_collision.stl
[2.326s] -- Symlinking: /home/simone/bookros2_ws/install/hey5_description/share/hey5_description/robots/hey5_test.urdf.xacro
[2.338s] -- Symlinking: /home/simone/bookros2_ws/install/hey5_description/share/hey5_description/urdf/actuators.urdf.xacro
[2.350s] -- Symlinking: /home/simone/bookros2_ws/install/hey5_description/share/hey5_description/urdf/deg_to_rad.urdf.xacro
[2.360s] -- Symlinking: /home/simone/bookros2_ws/install/hey5_description/share/hey5_description/urdf/fingers.urdf.xacro
[2.368s] -- Symlinking: /home/simone/bookros2_ws/install/hey5_description/share/hey5_description/urdf/hey5.ros2_control.xacro
[2.376s] -- Symlinking: /home/simone/bookros2_ws/install/hey5_description/share/hey5_description/urdf/hey5.transmission.xacro
[2.386s] -- Symlinking: /home/simone/bookros2_ws/install/hey5_description/share/hey5_description/urdf/hey5_hand.urdf.xacro
[2.398s] -- Symlinking: /home/simone/bookros2_ws/install/hey5_description/share/hey5_description/urdf/materials.urdf.xacro
[2.409s] -- Symlinking: /home/simone/bookros2_ws/install/hey5_description/share/hey5_description/urdf/palm.urdf.xacro
[2.420s] -- Symlinking: /home/simone/bookros2_ws/install/hey5_description/share/hey5_description/urdf/transmissions.urdf.xacro
[2.429s] -- Symlinking: /home/simone/bookros2_ws/install/hey5_description/share/ament_index/resource_index/package_run_dependencies/hey5_description
[2.440s] -- Symlinking: /home/simone/bookros2_ws/install/hey5_description/share/ament_index/resource_index/parent_prefix_path/hey5_description
[2.450s] -- Symlinking: /home/simone/bookros2_ws/install/hey5_description/share/hey5_description/environment/ament_prefix_path.sh
[2.460s] -- Symlinking: /home/simone/bookros2_ws/install/hey5_description/share/hey5_description/environment/ament_prefix_path.dsv
[2.470s] -- Symlinking: /home/simone/bookros2_ws/install/hey5_description/share/hey5_description/environment/path.sh
[2.480s] -- Symlinking: /home/simone/bookros2_ws/install/hey5_description/share/hey5_description/environment/path.dsv
[2.491s] -- Symlinking: /home/simone/bookros2_ws/install/hey5_description/share/hey5_description/local_setup.bash
[2.503s] -- Symlinking: /home/simone/bookros2_ws/install/hey5_description/share/hey5_description/local_setup.sh
[2.517s] -- Symlinking: /home/simone/bookros2_ws/install/hey5_description/share/hey5_description/local_setup.zsh
[2.534s] -- Symlinking: /home/simone/bookros2_ws/install/hey5_description/share/hey5_description/local_setup.dsv
[2.538s] -- Symlinking: /home/simone/bookros2_ws/install/hey5_description/share/hey5_description/package.dsv
[2.555s] -- Symlinking: /home/simone/bookros2_ws/install/hey5_description/share/ament_index/resource_index/packages/hey5_description
[2.566s] -- Symlinking: /home/simone/bookros2_ws/install/hey5_description/share/hey5_description/cmake/hey5_descriptionConfig.cmake
[2.578s] -- Symlinking: /home/simone/bookros2_ws/install/hey5_description/share/hey5_description/cmake/hey5_descriptionConfig-version.cmake
[2.592s] -- Symlinking: /home/simone/bookros2_ws/install/hey5_description/share/hey5_description/package.xml
[2.651s] Invoked command in '/home/simone/bookros2_ws/build/hey5_description' returned '0': CMAKE_PREFIX_PATH=/opt/ros/humble /usr/bin/cmake --install /home/simone/bookros2_ws/build/hey5_description
