[0.027s] Invoking command in '/home/simone/bookros2_ws/build/br2_tracking_msgs': CMAKE_PREFIX_PATH=/opt/ros/humble /usr/bin/cmake /home/simone/bookros2_ws/src/book_ros2/br2_tracking_msgs -DAMENT_CMAKE_SYMLINK_INSTALL=1 -DCMAKE_INSTALL_PREFIX=/home/simone/bookros2_ws/install/br2_tracking_msgs
[0.147s] -- The C compiler identification is GNU 11.3.0
[0.272s] -- The CXX compiler identification is GNU 11.3.0
[0.293s] -- Detecting C compiler ABI info
[0.435s] -- Detecting C compiler ABI info - done
[0.467s] -- Check for working C compiler: /usr/bin/cc - skipped
[0.467s] -- Detecting C compile features
[0.468s] -- Detecting C compile features - done
[0.484s] -- Detecting CXX compiler ABI info
[0.678s] -- Detecting CXX compiler ABI info - done
[0.699s] -- Check for working CXX compiler: /usr/bin/c++ - skipped
[0.700s] -- Detecting CXX compile features
[0.702s] -- Detecting CXX compile features - done
[0.706s] -- Found ament_cmake: 1.3.5 (/opt/ros/humble/share/ament_cmake/cmake)
[1.025s] -- Found Python3: /usr/bin/python3.10 (found version "3.10.6") found components: Interpreter 
[1.175s] -- Override CMake install command with custom implementation using symlinks instead of copying resources
[1.222s] -- Found builtin_interfaces: 1.2.1 (/opt/ros/humble/share/builtin_interfaces/cmake)
[1.349s] -- Found rosidl_generator_c: 3.1.4 (/opt/ros/humble/share/rosidl_generator_c/cmake)
[1.366s] -- Found rosidl_adapter: 3.1.4 (/opt/ros/humble/share/rosidl_adapter/cmake)
[1.411s] -- Found rosidl_generator_cpp: 3.1.4 (/opt/ros/humble/share/rosidl_generator_cpp/cmake)
[1.478s] -- Using all available rosidl_typesupport_c: rosidl_typesupport_fastrtps_c;rosidl_typesupport_introspection_c
[1.541s] -- Using all available rosidl_typesupport_cpp: rosidl_typesupport_fastrtps_cpp;rosidl_typesupport_introspection_cpp
[1.599s] -- Found rosidl_default_generators: 1.2.0 (/opt/ros/humble/share/rosidl_default_generators/cmake)
[2.190s] -- Found ament_cmake_ros: 0.10.0 (/opt/ros/humble/share/ament_cmake_ros/cmake)
[2.821s] -- Using all available rosidl_typesupport_c: rosidl_typesupport_fastrtps_c;rosidl_typesupport_introspection_c
[3.041s] -- Using all available rosidl_typesupport_cpp: rosidl_typesupport_fastrtps_cpp;rosidl_typesupport_introspection_cpp
[3.097s] -- Found PythonInterp: /usr/bin/python3 (found suitable version "3.10.6", minimum required is "3.6") 
[3.117s] -- Found python_cmake_module: 0.10.0 (/opt/ros/humble/share/python_cmake_module/cmake)
[3.185s] -- Found PythonLibs: /usr/lib/x86_64-linux-gnu/libpython3.10.so (found suitable version "3.10.6", minimum required is "3.5") 
[3.185s] -- Using PYTHON_EXECUTABLE: /usr/bin/python3
[3.185s] -- Using PYTHON_INCLUDE_DIRS: /usr/include/python3.10
[3.186s] -- Using PYTHON_LIBRARIES: /usr/lib/x86_64-linux-gnu/libpython3.10.so
[3.221s] -- Found PythonExtra: .so  
[3.356s] -- Configuring done
[3.421s] -- Generating done
[3.433s] -- Build files have been written to: /home/simone/bookros2_ws/build/br2_tracking_msgs
[3.436s] Invoked command in '/home/simone/bookros2_ws/build/br2_tracking_msgs' returned '0': CMAKE_PREFIX_PATH=/opt/ros/humble /usr/bin/cmake /home/simone/bookros2_ws/src/book_ros2/br2_tracking_msgs -DAMENT_CMAKE_SYMLINK_INSTALL=1 -DCMAKE_INSTALL_PREFIX=/home/simone/bookros2_ws/install/br2_tracking_msgs
[3.437s] Invoking command in '/home/simone/bookros2_ws/build/br2_tracking_msgs': CMAKE_PREFIX_PATH=/opt/ros/humble /usr/bin/cmake --build /home/simone/bookros2_ws/build/br2_tracking_msgs -- -j5 -l5
[3.508s] [  3%] [34m[1mGenerating C code for ROS interfaces[0m
[3.542s] [  6%] [34m[1mGenerating C++ code for ROS interfaces[0m
[3.555s] [  6%] Built target ament_cmake_python_symlink_br2_tracking_msgs
[4.271s] running egg_info
[4.272s] creating br2_tracking_msgs.egg-info
[4.272s] writing br2_tracking_msgs.egg-info/PKG-INFO
[4.273s] writing dependency_links to br2_tracking_msgs.egg-info/dependency_links.txt
[4.274s] writing top-level names to br2_tracking_msgs.egg-info/top_level.txt
[4.274s] writing manifest file 'br2_tracking_msgs.egg-info/SOURCES.txt'
[4.278s] reading manifest file 'br2_tracking_msgs.egg-info/SOURCES.txt'
[4.279s] writing manifest file 'br2_tracking_msgs.egg-info/SOURCES.txt'
[4.308s] [  9%] [32mBuilding C object CMakeFiles/br2_tracking_msgs__rosidl_generator_c.dir/rosidl_generator_c/br2_tracking_msgs/msg/detail/pan_tilt_command__functions.c.o[0m
[4.373s] [  9%] Built target ament_cmake_python_build_br2_tracking_msgs_egg
[4.401s] [  9%] Built target br2_tracking_msgs__cpp
[4.428s] [ 12%] [34m[1mGenerating C++ type support for eProsima Fast-RTPS[0m
[4.434s] [ 16%] [34m[1mGenerating C++ introspection for ROS interfaces[0m
[4.465s] [ 19%] [34m[1mGenerating C++ type support dispatch for ROS interfaces[0m
[4.476s] [ 22%] [32m[1mLinking C shared library libbr2_tracking_msgs__rosidl_generator_c.so[0m
[4.617s] [ 22%] Built target br2_tracking_msgs__rosidl_generator_c
[4.668s] [ 25%] [34m[1mGenerating C introspection for ROS interfaces[0m
[4.669s] [ 29%] [34m[1mGenerating C type support dispatch for ROS interfaces[0m
[5.216s] [ 32%] [32mBuilding CXX object CMakeFiles/br2_tracking_msgs__rosidl_typesupport_cpp.dir/rosidl_typesupport_cpp/br2_tracking_msgs/msg/pan_tilt_command__type_support.cpp.o[0m
[5.340s] [ 35%] [32mBuilding CXX object CMakeFiles/br2_tracking_msgs__rosidl_typesupport_introspection_cpp.dir/rosidl_typesupport_introspection_cpp/br2_tracking_msgs/msg/detail/pan_tilt_command__type_support.cpp.o[0m
[5.417s] [ 38%] [32mBuilding C object CMakeFiles/br2_tracking_msgs__rosidl_typesupport_introspection_c.dir/rosidl_typesupport_introspection_c/br2_tracking_msgs/msg/detail/pan_tilt_command__type_support.c.o[0m
[5.454s] [ 41%] [32mBuilding CXX object CMakeFiles/br2_tracking_msgs__rosidl_typesupport_fastrtps_cpp.dir/rosidl_typesupport_fastrtps_cpp/br2_tracking_msgs/msg/detail/dds_fastrtps/pan_tilt_command__type_support.cpp.o[0m
[5.537s] [ 45%] [32m[1mLinking C shared library libbr2_tracking_msgs__rosidl_typesupport_introspection_c.so[0m
[5.659s] [ 45%] Built target br2_tracking_msgs__rosidl_typesupport_introspection_c
[5.699s] [ 48%] [34m[1mGenerating C type support for eProsima Fast-RTPS[0m
[5.753s] [ 51%] [32mBuilding CXX object CMakeFiles/br2_tracking_msgs__rosidl_typesupport_c.dir/rosidl_typesupport_c/br2_tracking_msgs/msg/pan_tilt_command__type_support.cpp.o[0m
[5.869s] [ 54%] [32m[1mLinking CXX shared library libbr2_tracking_msgs__rosidl_typesupport_c.so[0m
[6.072s] [ 54%] Built target br2_tracking_msgs__rosidl_typesupport_c
[6.135s] [ 58%] [32m[1mLinking CXX shared library libbr2_tracking_msgs__rosidl_typesupport_cpp.so[0m
[6.246s] [ 58%] Built target br2_tracking_msgs__rosidl_typesupport_cpp
[6.436s] [ 61%] [32m[1mLinking CXX shared library libbr2_tracking_msgs__rosidl_typesupport_introspection_cpp.so[0m
[6.437s] [ 64%] [32m[1mLinking CXX shared library libbr2_tracking_msgs__rosidl_typesupport_fastrtps_cpp.so[0m
[6.555s] [ 64%] Built target br2_tracking_msgs__rosidl_typesupport_introspection_cpp
[6.601s] [ 67%] [32mBuilding CXX object CMakeFiles/br2_tracking_msgs__rosidl_typesupport_fastrtps_c.dir/rosidl_typesupport_fastrtps_c/br2_tracking_msgs/msg/detail/pan_tilt_command__type_support_c.cpp.o[0m
[6.637s] [ 67%] Built target br2_tracking_msgs__rosidl_typesupport_fastrtps_cpp
[7.166s] [ 70%] [32m[1mLinking CXX shared library libbr2_tracking_msgs__rosidl_typesupport_fastrtps_c.so[0m
[7.394s] [ 70%] Built target br2_tracking_msgs__rosidl_typesupport_fastrtps_c
[7.435s] [ 70%] Built target br2_tracking_msgs
[7.462s] [ 74%] [34m[1mGenerating Python code for ROS interfaces[0m
[8.337s] [ 74%] Built target br2_tracking_msgs__py
[8.377s] [ 77%] [32mBuilding C object CMakeFiles/br2_tracking_msgs__rosidl_generator_py.dir/rosidl_generator_py/br2_tracking_msgs/msg/_pan_tilt_command_s.c.o[0m
[8.636s] [ 80%] [32m[1mLinking C shared library rosidl_generator_py/br2_tracking_msgs/libbr2_tracking_msgs__rosidl_generator_py.so[0m
[8.719s] [ 80%] Built target br2_tracking_msgs__rosidl_generator_py
[8.747s] [ 83%] [32mBuilding C object CMakeFiles/br2_tracking_msgs__rosidl_typesupport_fastrtps_c__pyext.dir/rosidl_generator_py/br2_tracking_msgs/_br2_tracking_msgs_s.ep.rosidl_typesupport_fastrtps_c.c.o[0m
[8.748s] [ 87%] [32mBuilding C object CMakeFiles/br2_tracking_msgs__rosidl_typesupport_c__pyext.dir/rosidl_generator_py/br2_tracking_msgs/_br2_tracking_msgs_s.ep.rosidl_typesupport_c.c.o[0m
[8.758s] [ 90%] [32mBuilding C object CMakeFiles/br2_tracking_msgs__rosidl_typesupport_introspection_c__pyext.dir/rosidl_generator_py/br2_tracking_msgs/_br2_tracking_msgs_s.ep.rosidl_typesupport_introspection_c.c.o[0m
[8.913s] [ 93%] [32m[1mLinking C shared library rosidl_generator_py/br2_tracking_msgs/br2_tracking_msgs_s__rosidl_typesupport_c.cpython-310-x86_64-linux-gnu.so[0m
[8.940s] [ 96%] [32m[1mLinking C shared library rosidl_generator_py/br2_tracking_msgs/br2_tracking_msgs_s__rosidl_typesupport_fastrtps_c.cpython-310-x86_64-linux-gnu.so[0m
[9.020s] [100%] [32m[1mLinking C shared library rosidl_generator_py/br2_tracking_msgs/br2_tracking_msgs_s__rosidl_typesupport_introspection_c.cpython-310-x86_64-linux-gnu.so[0m
[9.034s] [100%] Built target br2_tracking_msgs__rosidl_typesupport_c__pyext
[9.039s] [100%] Built target br2_tracking_msgs__rosidl_typesupport_fastrtps_c__pyext
[9.081s] [100%] Built target br2_tracking_msgs__rosidl_typesupport_introspection_c__pyext
[9.097s] Invoked command in '/home/simone/bookros2_ws/build/br2_tracking_msgs' returned '0': CMAKE_PREFIX_PATH=/opt/ros/humble /usr/bin/cmake --build /home/simone/bookros2_ws/build/br2_tracking_msgs -- -j5 -l5
[9.198s] Invoking command in '/home/simone/bookros2_ws/build/br2_tracking_msgs': CMAKE_PREFIX_PATH=/opt/ros/humble /usr/bin/cmake --install /home/simone/bookros2_ws/build/br2_tracking_msgs
[9.213s] -- Install configuration: ""
[9.215s] -- Execute custom install script
[9.217s] -- Symlinking: /home/simone/bookros2_ws/install/br2_tracking_msgs/share/ament_index/resource_index/rosidl_interfaces/br2_tracking_msgs
[9.229s] -- Symlinking: /home/simone/bookros2_ws/install/br2_tracking_msgs/include/br2_tracking_msgs/br2_tracking_msgs/msg/detail/pan_tilt_command__functions.h
[9.240s] -- Symlinking: /home/simone/bookros2_ws/install/br2_tracking_msgs/include/br2_tracking_msgs/br2_tracking_msgs/msg/detail/pan_tilt_command__struct.h
[9.249s] -- Symlinking: /home/simone/bookros2_ws/install/br2_tracking_msgs/include/br2_tracking_msgs/br2_tracking_msgs/msg/detail/pan_tilt_command__type_support.h
[9.258s] -- Symlinking: /home/simone/bookros2_ws/install/br2_tracking_msgs/include/br2_tracking_msgs/br2_tracking_msgs/msg/pan_tilt_command.h
[9.269s] -- Symlinking: /home/simone/bookros2_ws/install/br2_tracking_msgs/include/br2_tracking_msgs/br2_tracking_msgs/msg/rosidl_generator_c__visibility_control.h
[9.286s] -- Symlinking: /home/simone/bookros2_ws/install/br2_tracking_msgs/share/br2_tracking_msgs/environment/library_path.sh
[9.294s] -- Symlinking: /home/simone/bookros2_ws/install/br2_tracking_msgs/share/br2_tracking_msgs/environment/library_path.dsv
[9.303s] -- Symlinking: /home/simone/bookros2_ws/install/br2_tracking_msgs/include/br2_tracking_msgs/br2_tracking_msgs/msg/detail/pan_tilt_command__rosidl_typesupport_fastrtps_c.h
[9.313s] -- Symlinking: /home/simone/bookros2_ws/install/br2_tracking_msgs/include/br2_tracking_msgs/br2_tracking_msgs/msg/rosidl_typesupport_fastrtps_c__visibility_control.h
[9.326s] -- Symlinking: /home/simone/bookros2_ws/install/br2_tracking_msgs/include/br2_tracking_msgs/br2_tracking_msgs/msg/detail/pan_tilt_command__builder.hpp
[9.360s] -- Symlinking: /home/simone/bookros2_ws/install/br2_tracking_msgs/include/br2_tracking_msgs/br2_tracking_msgs/msg/detail/pan_tilt_command__struct.hpp
[9.369s] -- Symlinking: /home/simone/bookros2_ws/install/br2_tracking_msgs/include/br2_tracking_msgs/br2_tracking_msgs/msg/detail/pan_tilt_command__traits.hpp
[9.378s] -- Symlinking: /home/simone/bookros2_ws/install/br2_tracking_msgs/include/br2_tracking_msgs/br2_tracking_msgs/msg/pan_tilt_command.hpp
[9.388s] -- Symlinking: /home/simone/bookros2_ws/install/br2_tracking_msgs/include/br2_tracking_msgs/br2_tracking_msgs/msg/detail/pan_tilt_command__rosidl_typesupport_fastrtps_cpp.hpp
[9.401s] -- Symlinking: /home/simone/bookros2_ws/install/br2_tracking_msgs/include/br2_tracking_msgs/br2_tracking_msgs/msg/rosidl_typesupport_fastrtps_cpp__visibility_control.h
[9.411s] -- Symlinking: /home/simone/bookros2_ws/install/br2_tracking_msgs/include/br2_tracking_msgs/br2_tracking_msgs/msg/detail/pan_tilt_command__rosidl_typesupport_introspection_c.h
[9.420s] -- Symlinking: /home/simone/bookros2_ws/install/br2_tracking_msgs/include/br2_tracking_msgs/br2_tracking_msgs/msg/rosidl_typesupport_introspection_c__visibility_control.h
[9.429s] -- Symlinking: /home/simone/bookros2_ws/install/br2_tracking_msgs/include/br2_tracking_msgs/br2_tracking_msgs/msg/detail/pan_tilt_command__rosidl_typesupport_introspection_cpp.hpp
[9.437s] -- Symlinking: /home/simone/bookros2_ws/install/br2_tracking_msgs/share/br2_tracking_msgs/environment/pythonpath.sh
[9.462s] -- Symlinking: /home/simone/bookros2_ws/install/br2_tracking_msgs/share/br2_tracking_msgs/environment/pythonpath.dsv
[9.465s] -- Symlinking: /home/simone/bookros2_ws/install/br2_tracking_msgs/local/lib/python3.10/dist-packages/br2_tracking_msgs-0.2.0-py3.10.egg-info/PKG-INFO
[9.476s] -- Symlinking: /home/simone/bookros2_ws/install/br2_tracking_msgs/local/lib/python3.10/dist-packages/br2_tracking_msgs-0.2.0-py3.10.egg-info/SOURCES.txt
[9.494s] -- Symlinking: /home/simone/bookros2_ws/install/br2_tracking_msgs/local/lib/python3.10/dist-packages/br2_tracking_msgs-0.2.0-py3.10.egg-info/dependency_links.txt
[9.507s] -- Symlinking: /home/simone/bookros2_ws/install/br2_tracking_msgs/local/lib/python3.10/dist-packages/br2_tracking_msgs-0.2.0-py3.10.egg-info/top_level.txt
[9.520s] -- Symlinking: /home/simone/bookros2_ws/install/br2_tracking_msgs/local/lib/python3.10/dist-packages/br2_tracking_msgs/__init__.py
[9.530s] -- Symlinking: /home/simone/bookros2_ws/install/br2_tracking_msgs/local/lib/python3.10/dist-packages/br2_tracking_msgs/_br2_tracking_msgs_s.ep.rosidl_typesupport_c.c
[9.539s] -- Symlinking: /home/simone/bookros2_ws/install/br2_tracking_msgs/local/lib/python3.10/dist-packages/br2_tracking_msgs/_br2_tracking_msgs_s.ep.rosidl_typesupport_fastrtps_c.c
[9.561s] -- Symlinking: /home/simone/bookros2_ws/install/br2_tracking_msgs/local/lib/python3.10/dist-packages/br2_tracking_msgs/_br2_tracking_msgs_s.ep.rosidl_typesupport_introspection_c.c
[9.580s] -- Symlinking: /home/simone/bookros2_ws/install/br2_tracking_msgs/local/lib/python3.10/dist-packages/br2_tracking_msgs/br2_tracking_msgs_s__rosidl_typesupport_c.cpython-310-x86_64-linux-gnu.so
[9.591s] -- Symlinking: /home/simone/bookros2_ws/install/br2_tracking_msgs/local/lib/python3.10/dist-packages/br2_tracking_msgs/br2_tracking_msgs_s__rosidl_typesupport_fastrtps_c.cpython-310-x86_64-linux-gnu.so
[9.608s] -- Symlinking: /home/simone/bookros2_ws/install/br2_tracking_msgs/local/lib/python3.10/dist-packages/br2_tracking_msgs/br2_tracking_msgs_s__rosidl_typesupport_introspection_c.cpython-310-x86_64-linux-gnu.so
[9.623s] -- Symlinking: /home/simone/bookros2_ws/install/br2_tracking_msgs/local/lib/python3.10/dist-packages/br2_tracking_msgs/libbr2_tracking_msgs__rosidl_generator_py.so
[9.639s] -- Symlinking: /home/simone/bookros2_ws/install/br2_tracking_msgs/local/lib/python3.10/dist-packages/br2_tracking_msgs/msg/__init__.py
[9.648s] -- Symlinking: /home/simone/bookros2_ws/install/br2_tracking_msgs/local/lib/python3.10/dist-packages/br2_tracking_msgs/msg/_pan_tilt_command.py
[9.660s] -- Symlinking: /home/simone/bookros2_ws/install/br2_tracking_msgs/local/lib/python3.10/dist-packages/br2_tracking_msgs/msg/_pan_tilt_command_s.c
[9.670s] -- Up-to-date symlink: /home/simone/bookros2_ws/install/br2_tracking_msgs/local/lib/python3.10/dist-packages/br2_tracking_msgs/br2_tracking_msgs_s__rosidl_typesupport_fastrtps_c.cpython-310-x86_64-linux-gnu.so
[9.671s] -- Up-to-date symlink: /home/simone/bookros2_ws/install/br2_tracking_msgs/local/lib/python3.10/dist-packages/br2_tracking_msgs/br2_tracking_msgs_s__rosidl_typesupport_introspection_c.cpython-310-x86_64-linux-gnu.so
[9.672s] -- Up-to-date symlink: /home/simone/bookros2_ws/install/br2_tracking_msgs/local/lib/python3.10/dist-packages/br2_tracking_msgs/br2_tracking_msgs_s__rosidl_typesupport_c.cpython-310-x86_64-linux-gnu.so
[9.673s] -- Symlinking: /home/simone/bookros2_ws/install/br2_tracking_msgs/share/br2_tracking_msgs/msg/PanTiltCommand.idl
[9.684s] -- Symlinking: /home/simone/bookros2_ws/install/br2_tracking_msgs/share/br2_tracking_msgs/msg/PanTiltCommand.msg
[9.697s] -- Symlinking: /home/simone/bookros2_ws/install/br2_tracking_msgs/share/ament_index/resource_index/package_run_dependencies/br2_tracking_msgs
[9.720s] -- Symlinking: /home/simone/bookros2_ws/install/br2_tracking_msgs/share/ament_index/resource_index/parent_prefix_path/br2_tracking_msgs
[9.736s] -- Symlinking: /home/simone/bookros2_ws/install/br2_tracking_msgs/share/br2_tracking_msgs/environment/ament_prefix_path.sh
[9.749s] -- Symlinking: /home/simone/bookros2_ws/install/br2_tracking_msgs/share/br2_tracking_msgs/environment/ament_prefix_path.dsv
[9.758s] -- Symlinking: /home/simone/bookros2_ws/install/br2_tracking_msgs/share/br2_tracking_msgs/environment/path.sh
[9.768s] -- Symlinking: /home/simone/bookros2_ws/install/br2_tracking_msgs/share/br2_tracking_msgs/environment/path.dsv
[9.778s] -- Symlinking: /home/simone/bookros2_ws/install/br2_tracking_msgs/share/br2_tracking_msgs/local_setup.bash
[9.788s] -- Symlinking: /home/simone/bookros2_ws/install/br2_tracking_msgs/share/br2_tracking_msgs/local_setup.sh
[9.798s] -- Symlinking: /home/simone/bookros2_ws/install/br2_tracking_msgs/share/br2_tracking_msgs/local_setup.zsh
[9.808s] -- Symlinking: /home/simone/bookros2_ws/install/br2_tracking_msgs/share/br2_tracking_msgs/local_setup.dsv
[9.818s] -- Symlinking: /home/simone/bookros2_ws/install/br2_tracking_msgs/share/br2_tracking_msgs/package.dsv
[9.829s] -- Symlinking: /home/simone/bookros2_ws/install/br2_tracking_msgs/share/ament_index/resource_index/packages/br2_tracking_msgs
[9.839s] -- Symlinking: /home/simone/bookros2_ws/install/br2_tracking_msgs/share/br2_tracking_msgs/cmake/rosidl_cmake-extras.cmake
[9.869s] -- Symlinking: /home/simone/bookros2_ws/install/br2_tracking_msgs/share/br2_tracking_msgs/cmake/ament_cmake_export_dependencies-extras.cmake
[9.880s] -- Symlinking: /home/simone/bookros2_ws/install/br2_tracking_msgs/share/br2_tracking_msgs/cmake/ament_cmake_export_include_directories-extras.cmake
[9.892s] -- Symlinking: /home/simone/bookros2_ws/install/br2_tracking_msgs/share/br2_tracking_msgs/cmake/ament_cmake_export_libraries-extras.cmake
[9.901s] -- Symlinking: /home/simone/bookros2_ws/install/br2_tracking_msgs/share/br2_tracking_msgs/cmake/ament_cmake_export_targets-extras.cmake
[9.919s] -- Symlinking: /home/simone/bookros2_ws/install/br2_tracking_msgs/share/br2_tracking_msgs/cmake/rosidl_cmake_export_typesupport_targets-extras.cmake
[9.929s] -- Symlinking: /home/simone/bookros2_ws/install/br2_tracking_msgs/share/br2_tracking_msgs/cmake/rosidl_cmake_export_typesupport_libraries-extras.cmake
[9.939s] -- Symlinking: /home/simone/bookros2_ws/install/br2_tracking_msgs/share/br2_tracking_msgs/cmake/br2_tracking_msgsConfig.cmake
[9.949s] -- Symlinking: /home/simone/bookros2_ws/install/br2_tracking_msgs/share/br2_tracking_msgs/cmake/br2_tracking_msgsConfig-version.cmake
[9.959s] -- Symlinking: /home/simone/bookros2_ws/install/br2_tracking_msgs/share/br2_tracking_msgs/package.xml
[9.972s] -- Installing: /home/simone/bookros2_ws/install/br2_tracking_msgs/lib/libbr2_tracking_msgs__rosidl_generator_c.so
[9.972s] -- Set runtime path of "/home/simone/bookros2_ws/install/br2_tracking_msgs/lib/libbr2_tracking_msgs__rosidl_generator_c.so" to ""
[9.973s] -- Installing: /home/simone/bookros2_ws/install/br2_tracking_msgs/lib/libbr2_tracking_msgs__rosidl_typesupport_fastrtps_c.so
[9.973s] -- Set runtime path of "/home/simone/bookros2_ws/install/br2_tracking_msgs/lib/libbr2_tracking_msgs__rosidl_typesupport_fastrtps_c.so" to ""
[9.973s] -- Installing: /home/simone/bookros2_ws/install/br2_tracking_msgs/lib/libbr2_tracking_msgs__rosidl_typesupport_fastrtps_cpp.so
[9.973s] -- Set runtime path of "/home/simone/bookros2_ws/install/br2_tracking_msgs/lib/libbr2_tracking_msgs__rosidl_typesupport_fastrtps_cpp.so" to ""
[9.973s] -- Installing: /home/simone/bookros2_ws/install/br2_tracking_msgs/lib/libbr2_tracking_msgs__rosidl_typesupport_introspection_c.so
[9.973s] -- Set runtime path of "/home/simone/bookros2_ws/install/br2_tracking_msgs/lib/libbr2_tracking_msgs__rosidl_typesupport_introspection_c.so" to ""
[9.973s] -- Installing: /home/simone/bookros2_ws/install/br2_tracking_msgs/lib/libbr2_tracking_msgs__rosidl_typesupport_c.so
[9.973s] -- Set runtime path of "/home/simone/bookros2_ws/install/br2_tracking_msgs/lib/libbr2_tracking_msgs__rosidl_typesupport_c.so" to ""
[9.973s] -- Installing: /home/simone/bookros2_ws/install/br2_tracking_msgs/lib/libbr2_tracking_msgs__rosidl_typesupport_introspection_cpp.so
[9.973s] -- Set runtime path of "/home/simone/bookros2_ws/install/br2_tracking_msgs/lib/libbr2_tracking_msgs__rosidl_typesupport_introspection_cpp.so" to ""
[9.974s] -- Installing: /home/simone/bookros2_ws/install/br2_tracking_msgs/lib/libbr2_tracking_msgs__rosidl_typesupport_cpp.so
[9.974s] -- Set runtime path of "/home/simone/bookros2_ws/install/br2_tracking_msgs/lib/libbr2_tracking_msgs__rosidl_typesupport_cpp.so" to ""
[10.053s] Listing '/home/simone/bookros2_ws/install/br2_tracking_msgs/local/lib/python3.10/dist-packages/br2_tracking_msgs'...
[10.054s] Compiling '/home/simone/bookros2_ws/install/br2_tracking_msgs/local/lib/python3.10/dist-packages/br2_tracking_msgs/__init__.py'...
[10.054s] Listing '/home/simone/bookros2_ws/install/br2_tracking_msgs/local/lib/python3.10/dist-packages/br2_tracking_msgs/msg'...
[10.054s] Compiling '/home/simone/bookros2_ws/install/br2_tracking_msgs/local/lib/python3.10/dist-packages/br2_tracking_msgs/msg/__init__.py'...
[10.054s] Compiling '/home/simone/bookros2_ws/install/br2_tracking_msgs/local/lib/python3.10/dist-packages/br2_tracking_msgs/msg/_pan_tilt_command.py'...
[10.074s] -- Installing: /home/simone/bookros2_ws/install/br2_tracking_msgs/lib/libbr2_tracking_msgs__rosidl_generator_py.so
[10.075s] -- Set runtime path of "/home/simone/bookros2_ws/install/br2_tracking_msgs/lib/libbr2_tracking_msgs__rosidl_generator_py.so" to ""
[10.075s] -- Installing: /home/simone/bookros2_ws/install/br2_tracking_msgs/share/br2_tracking_msgs/cmake/export_br2_tracking_msgs__rosidl_generator_cExport.cmake
[10.076s] -- Installing: /home/simone/bookros2_ws/install/br2_tracking_msgs/share/br2_tracking_msgs/cmake/export_br2_tracking_msgs__rosidl_generator_cExport-noconfig.cmake
[10.076s] -- Installing: /home/simone/bookros2_ws/install/br2_tracking_msgs/share/br2_tracking_msgs/cmake/export_br2_tracking_msgs__rosidl_typesupport_fastrtps_cExport.cmake
[10.076s] -- Installing: /home/simone/bookros2_ws/install/br2_tracking_msgs/share/br2_tracking_msgs/cmake/export_br2_tracking_msgs__rosidl_typesupport_fastrtps_cExport-noconfig.cmake
[10.077s] -- Installing: /home/simone/bookros2_ws/install/br2_tracking_msgs/share/br2_tracking_msgs/cmake/export_br2_tracking_msgs__rosidl_generator_cppExport.cmake
[10.077s] -- Installing: /home/simone/bookros2_ws/install/br2_tracking_msgs/share/br2_tracking_msgs/cmake/export_br2_tracking_msgs__rosidl_typesupport_fastrtps_cppExport.cmake
[10.077s] -- Installing: /home/simone/bookros2_ws/install/br2_tracking_msgs/share/br2_tracking_msgs/cmake/export_br2_tracking_msgs__rosidl_typesupport_fastrtps_cppExport-noconfig.cmake
[10.078s] -- Installing: /home/simone/bookros2_ws/install/br2_tracking_msgs/share/br2_tracking_msgs/cmake/br2_tracking_msgs__rosidl_typesupport_introspection_cExport.cmake
[10.078s] -- Installing: /home/simone/bookros2_ws/install/br2_tracking_msgs/share/br2_tracking_msgs/cmake/br2_tracking_msgs__rosidl_typesupport_introspection_cExport-noconfig.cmake
[10.078s] -- Installing: /home/simone/bookros2_ws/install/br2_tracking_msgs/share/br2_tracking_msgs/cmake/br2_tracking_msgs__rosidl_typesupport_cExport.cmake
[10.079s] -- Installing: /home/simone/bookros2_ws/install/br2_tracking_msgs/share/br2_tracking_msgs/cmake/br2_tracking_msgs__rosidl_typesupport_cExport-noconfig.cmake
[10.079s] -- Installing: /home/simone/bookros2_ws/install/br2_tracking_msgs/share/br2_tracking_msgs/cmake/br2_tracking_msgs__rosidl_typesupport_introspection_cppExport.cmake
[10.079s] -- Installing: /home/simone/bookros2_ws/install/br2_tracking_msgs/share/br2_tracking_msgs/cmake/br2_tracking_msgs__rosidl_typesupport_introspection_cppExport-noconfig.cmake
[10.079s] -- Installing: /home/simone/bookros2_ws/install/br2_tracking_msgs/share/br2_tracking_msgs/cmake/br2_tracking_msgs__rosidl_typesupport_cppExport.cmake
[10.079s] -- Installing: /home/simone/bookros2_ws/install/br2_tracking_msgs/share/br2_tracking_msgs/cmake/br2_tracking_msgs__rosidl_typesupport_cppExport-noconfig.cmake
[10.079s] -- Installing: /home/simone/bookros2_ws/install/br2_tracking_msgs/share/br2_tracking_msgs/cmake/export_br2_tracking_msgs__rosidl_generator_pyExport.cmake
[10.079s] -- Installing: /home/simone/bookros2_ws/install/br2_tracking_msgs/share/br2_tracking_msgs/cmake/export_br2_tracking_msgs__rosidl_generator_pyExport-noconfig.cmake
[10.080s] Invoked command in '/home/simone/bookros2_ws/build/br2_tracking_msgs' returned '0': CMAKE_PREFIX_PATH=/opt/ros/humble /usr/bin/cmake --install /home/simone/bookros2_ws/build/br2_tracking_msgs
