[1.545s] Invoking command in '/home/simone/bookros2_ws/build/br2_fsm_bumpgo_py': PYTHONPATH=/home/simone/bookros2_ws/build/br2_fsm_bumpgo_py/prefix_override:/home/simone/bookros2_ws/install/br2_fsm_bumpgo_py/lib/python3.10/site-packages:${PYTHONPATH} /usr/bin/python3 setup.py develop --uninstall --editable --build-directory /home/simone/bookros2_ws/build/br2_fsm_bumpgo_py/build
[2.088s] running develop
[2.089s] /usr/lib/python3/dist-packages/setuptools/command/easy_install.py:158: EasyInstallDeprecationWarning: easy_install command is deprecated. Use build and pip and other standards-based tools.
[2.089s]   warnings.warn(
[2.092s] /usr/lib/python3/dist-packages/setuptools/command/install.py:34: SetuptoolsDeprecationWarning: setup.py install is deprecated. Use build and pip and other standards-based tools.
[2.092s]   warnings.warn(
[2.229s] /usr/lib/python3/dist-packages/pkg_resources/__init__.py:116: PkgResourcesDeprecationWarning: 1.16.0-unknown is an invalid version and will not be supported in a future release
[2.229s]   warnings.warn(
[2.241s] /usr/lib/python3/dist-packages/pkg_resources/__init__.py:116: PkgResourcesDeprecationWarning: 1.1build1 is an invalid version and will not be supported in a future release
[2.241s]   warnings.warn(
[2.514s] Invoked command in '/home/simone/bookros2_ws/build/br2_fsm_bumpgo_py' returned '0': PYTHONPATH=/home/simone/bookros2_ws/build/br2_fsm_bumpgo_py/prefix_override:/home/simone/bookros2_ws/install/br2_fsm_bumpgo_py/lib/python3.10/site-packages:${PYTHONPATH} /usr/bin/python3 setup.py develop --uninstall --editable --build-directory /home/simone/bookros2_ws/build/br2_fsm_bumpgo_py/build
[2.526s] Invoking command in '/home/simone/bookros2_ws/src/book_ros2/br2_fsm_bumpgo_py': PYTHONPATH=/home/simone/bookros2_ws/build/br2_fsm_bumpgo_py/prefix_override:/home/simone/bookros2_ws/install/br2_fsm_bumpgo_py/lib/python3.10/site-packages:${PYTHONPATH} /usr/bin/python3 setup.py egg_info --egg-base ../../../build/br2_fsm_bumpgo_py build --build-base /home/simone/bookros2_ws/build/br2_fsm_bumpgo_py/build install --record /home/simone/bookros2_ws/build/br2_fsm_bumpgo_py/install.log --single-version-externally-managed
[3.020s] running egg_info
[3.021s] writing ../../../build/br2_fsm_bumpgo_py/br2_fsm_bumpgo_py.egg-info/PKG-INFO
[3.021s] writing dependency_links to ../../../build/br2_fsm_bumpgo_py/br2_fsm_bumpgo_py.egg-info/dependency_links.txt
[3.021s] writing entry points to ../../../build/br2_fsm_bumpgo_py/br2_fsm_bumpgo_py.egg-info/entry_points.txt
[3.022s] writing requirements to ../../../build/br2_fsm_bumpgo_py/br2_fsm_bumpgo_py.egg-info/requires.txt
[3.022s] writing top-level names to ../../../build/br2_fsm_bumpgo_py/br2_fsm_bumpgo_py.egg-info/top_level.txt
[3.038s] reading manifest file '../../../build/br2_fsm_bumpgo_py/br2_fsm_bumpgo_py.egg-info/SOURCES.txt'
[3.044s] writing manifest file '../../../build/br2_fsm_bumpgo_py/br2_fsm_bumpgo_py.egg-info/SOURCES.txt'
[3.045s] running build
[3.045s] running build_py
[3.045s] /usr/lib/python3/dist-packages/setuptools/command/install.py:34: SetuptoolsDeprecationWarning: setup.py install is deprecated. Use build and pip and other standards-based tools.
[3.045s]   warnings.warn(
[3.046s] running install
[3.047s] running install_lib
[3.047s] running install_data
[3.048s] running install_egg_info
[3.048s] removing '/home/simone/bookros2_ws/install/br2_fsm_bumpgo_py/lib/python3.10/site-packages/br2_fsm_bumpgo_py-0.0.0-py3.10.egg-info' (and everything under it)
[3.048s] Copying ../../../build/br2_fsm_bumpgo_py/br2_fsm_bumpgo_py.egg-info to /home/simone/bookros2_ws/install/br2_fsm_bumpgo_py/lib/python3.10/site-packages/br2_fsm_bumpgo_py-0.0.0-py3.10.egg-info
[3.054s] running install_scripts
[3.091s] Installing bump_go_ex1 script to /home/simone/bookros2_ws/install/br2_fsm_bumpgo_py/lib/br2_fsm_bumpgo_py
[3.092s] Installing bump_go_main script to /home/simone/bookros2_ws/install/br2_fsm_bumpgo_py/lib/br2_fsm_bumpgo_py
[3.093s] writing list of installed files to '/home/simone/bookros2_ws/build/br2_fsm_bumpgo_py/install.log'
[3.196s] Invoked command in '/home/simone/bookros2_ws/src/book_ros2/br2_fsm_bumpgo_py' returned '0': PYTHONPATH=/home/simone/bookros2_ws/build/br2_fsm_bumpgo_py/prefix_override:/home/simone/bookros2_ws/install/br2_fsm_bumpgo_py/lib/python3.10/site-packages:${PYTHONPATH} /usr/bin/python3 setup.py egg_info --egg-base ../../../build/br2_fsm_bumpgo_py build --build-base /home/simone/bookros2_ws/build/br2_fsm_bumpgo_py/build install --record /home/simone/bookros2_ws/build/br2_fsm_bumpgo_py/install.log --single-version-externally-managed
