[0.090s] Invoking command in '/home/simone/bookros2_ws/build/groot': CMAKE_PREFIX_PATH=${CMAKE_PREFIX_PATH}:/home/simone/bookros2_ws/install/launch_pal:/home/simone/bookros2_ws/install/br2_fsm_bumpgo_py:/opt/ros/humble /usr/bin/cmake --build /home/simone/bookros2_ws/build/groot -- -j5 -l5
[0.291s] [  1%] [34m[1mAutomatic MOC and UIC for target QtNodeEditor[0m
[0.389s] [  1%] Built target QtNodeEditor_autogen
[0.591s] [ 57%] Built target QtNodeEditor
[0.761s] [ 58%] [34m[1mAutomatic MOC and UIC for target behavior_tree_editor[0m
[0.893s] [ 58%] Built target behavior_tree_editor_autogen
[1.112s] [ 74%] Built target behavior_tree_editor
[1.222s] [ 75%] [34m[1mAutomatic MOC and UIC for target Groot[0m
[1.298s] [ 75%] Built target Groot_autogen
[1.381s] [ 76%] [34m[1mAutomatic MOC and UIC for target replay_test[0m
[1.497s] [ 76%] Built target replay_test_autogen
[1.639s] [ 82%] Built target Groot
[1.804s] [ 91%] Built target replay_test
[1.960s] [ 91%] [34m[1mAutomatic MOC and UIC for target editor_test[0m
[2.029s] [ 91%] Built target editor_test_autogen
[2.156s] [100%] Built target editor_test
[2.290s] Invoked command in '/home/simone/bookros2_ws/build/groot' returned '0': CMAKE_PREFIX_PATH=${CMAKE_PREFIX_PATH}:/home/simone/bookros2_ws/install/launch_pal:/home/simone/bookros2_ws/install/br2_fsm_bumpgo_py:/opt/ros/humble /usr/bin/cmake --build /home/simone/bookros2_ws/build/groot -- -j5 -l5
[2.833s] Invoking command in '/home/simone/bookros2_ws/build/groot': CMAKE_PREFIX_PATH=${CMAKE_PREFIX_PATH}:/home/simone/bookros2_ws/install/launch_pal:/home/simone/bookros2_ws/install/br2_fsm_bumpgo_py:/opt/ros/humble /usr/bin/cmake --install /home/simone/bookros2_ws/build/groot
[2.863s] -- Install configuration: ""
[2.863s] -- Execute custom install script
[2.876s] -- Up-to-date symlink: /home/simone/bookros2_ws/install/groot/lib/libbehavior_tree_editor.so
[2.877s] -- Up-to-date symlink: /home/simone/bookros2_ws/install/groot/lib/groot/Groot
[2.877s] -- Up-to-date symlink: /home/simone/bookros2_ws/install/groot/share/groot/environment/library_path.sh
[2.877s] -- Up-to-date symlink: /home/simone/bookros2_ws/install/groot/share/groot/environment/library_path.dsv
[2.877s] -- Up-to-date symlink: /home/simone/bookros2_ws/install/groot/share/ament_index/resource_index/package_run_dependencies/groot
[2.877s] -- Up-to-date symlink: /home/simone/bookros2_ws/install/groot/share/ament_index/resource_index/parent_prefix_path/groot
[2.877s] -- Up-to-date symlink: /home/simone/bookros2_ws/install/groot/share/groot/environment/ament_prefix_path.sh
[2.877s] -- Up-to-date symlink: /home/simone/bookros2_ws/install/groot/share/groot/environment/ament_prefix_path.dsv
[2.877s] -- Up-to-date symlink: /home/simone/bookros2_ws/install/groot/share/groot/environment/path.sh
[2.877s] -- Up-to-date symlink: /home/simone/bookros2_ws/install/groot/share/groot/environment/path.dsv
[2.878s] -- Up-to-date symlink: /home/simone/bookros2_ws/install/groot/share/groot/local_setup.bash
[2.920s] -- Up-to-date symlink: /home/simone/bookros2_ws/install/groot/share/groot/local_setup.sh
[2.920s] -- Up-to-date symlink: /home/simone/bookros2_ws/install/groot/share/groot/local_setup.zsh
[2.920s] -- Up-to-date symlink: /home/simone/bookros2_ws/install/groot/share/groot/local_setup.dsv
[2.920s] -- Symlinking: /home/simone/bookros2_ws/install/groot/share/groot/package.dsv
[2.921s] -- Up-to-date symlink: /home/simone/bookros2_ws/install/groot/share/ament_index/resource_index/packages/groot
[2.921s] -- Up-to-date symlink: /home/simone/bookros2_ws/install/groot/share/groot/cmake/ament_cmake_export_include_directories-extras.cmake
[2.921s] -- Up-to-date symlink: /home/simone/bookros2_ws/install/groot/share/groot/cmake/ament_cmake_export_dependencies-extras.cmake
[2.921s] -- Up-to-date symlink: /home/simone/bookros2_ws/install/groot/share/groot/cmake/ament_cmake_export_libraries-extras.cmake
[2.921s] -- Up-to-date symlink: /home/simone/bookros2_ws/install/groot/share/groot/cmake/grootConfig.cmake
[2.921s] -- Up-to-date symlink: /home/simone/bookros2_ws/install/groot/share/groot/cmake/grootConfig-version.cmake
[2.921s] -- Up-to-date symlink: /home/simone/bookros2_ws/install/groot/share/groot/package.xml
[2.950s] Invoked command in '/home/simone/bookros2_ws/build/groot' returned '0': CMAKE_PREFIX_PATH=${CMAKE_PREFIX_PATH}:/home/simone/bookros2_ws/install/launch_pal:/home/simone/bookros2_ws/install/br2_fsm_bumpgo_py:/opt/ros/humble /usr/bin/cmake --install /home/simone/bookros2_ws/build/groot
