[0.047s] Invoking command in '/home/simone/bookros2_ws/build/groot': CMAKE_PREFIX_PATH=/opt/ros/humble /usr/bin/cmake --build /home/simone/bookros2_ws/build/groot -- -j6 -l6
[0.111s] [  1%] [34m[1mAutomatic MOC and UIC for target QtNodeEditor[0m
[0.126s] [  1%] Built target QtNodeEditor_autogen
[0.185s] [ 57%] Built target QtNodeEditor
[0.200s] [ 58%] [34m[1mAutomatic MOC and UIC for target behavior_tree_editor[0m
[0.225s] [ 58%] Built target behavior_tree_editor_autogen
[0.261s] [ 74%] Built target behavior_tree_editor
[0.278s] [ 74%] [34m[1mAutomatic MOC and UIC for target editor_test[0m
[0.280s] [ 75%] [34m[1mAutomatic MOC and UIC for target Groot[0m
[0.281s] [ 76%] [34m[1mAutomatic MOC and UIC for target replay_test[0m
[0.293s] [ 76%] Built target Groot_autogen
[0.297s] [ 76%] Built target editor_test_autogen
[0.301s] [ 76%] Built target replay_test_autogen
[0.316s] [ 82%] Built target Groot
[0.325s] [ 91%] Built target editor_test
[0.334s] [100%] Built target replay_test
[0.414s] Invoked command in '/home/simone/bookros2_ws/build/groot' returned '0': CMAKE_PREFIX_PATH=/opt/ros/humble /usr/bin/cmake --build /home/simone/bookros2_ws/build/groot -- -j6 -l6
[0.488s] Invoking command in '/home/simone/bookros2_ws/build/groot': CMAKE_PREFIX_PATH=/opt/ros/humble /usr/bin/cmake --install /home/simone/bookros2_ws/build/groot
[0.500s] -- Install configuration: ""
[0.500s] -- Execute custom install script
[0.500s] -- Up-to-date symlink: /home/simone/bookros2_ws/install/groot/lib/libbehavior_tree_editor.so
[0.500s] -- Up-to-date symlink: /home/simone/bookros2_ws/install/groot/lib/groot/Groot
[0.500s] -- Up-to-date symlink: /home/simone/bookros2_ws/install/groot/share/groot/environment/library_path.sh
[0.500s] -- Up-to-date symlink: /home/simone/bookros2_ws/install/groot/share/groot/environment/library_path.dsv
[0.500s] -- Up-to-date symlink: /home/simone/bookros2_ws/install/groot/share/ament_index/resource_index/package_run_dependencies/groot
[0.500s] -- Up-to-date symlink: /home/simone/bookros2_ws/install/groot/share/ament_index/resource_index/parent_prefix_path/groot
[0.501s] -- Up-to-date symlink: /home/simone/bookros2_ws/install/groot/share/groot/environment/ament_prefix_path.sh
[0.501s] -- Up-to-date symlink: /home/simone/bookros2_ws/install/groot/share/groot/environment/ament_prefix_path.dsv
[0.501s] -- Up-to-date symlink: /home/simone/bookros2_ws/install/groot/share/groot/environment/path.sh
[0.501s] -- Up-to-date symlink: /home/simone/bookros2_ws/install/groot/share/groot/environment/path.dsv
[0.501s] -- Up-to-date symlink: /home/simone/bookros2_ws/install/groot/share/groot/local_setup.bash
[0.502s] -- Up-to-date symlink: /home/simone/bookros2_ws/install/groot/share/groot/local_setup.sh
[0.502s] -- Up-to-date symlink: /home/simone/bookros2_ws/install/groot/share/groot/local_setup.zsh
[0.502s] -- Up-to-date symlink: /home/simone/bookros2_ws/install/groot/share/groot/local_setup.dsv
[0.502s] -- Symlinking: /home/simone/bookros2_ws/install/groot/share/groot/package.dsv
[0.508s] -- Up-to-date symlink: /home/simone/bookros2_ws/install/groot/share/ament_index/resource_index/packages/groot
[0.509s] -- Up-to-date symlink: /home/simone/bookros2_ws/install/groot/share/groot/cmake/ament_cmake_export_include_directories-extras.cmake
[0.510s] -- Up-to-date symlink: /home/simone/bookros2_ws/install/groot/share/groot/cmake/ament_cmake_export_dependencies-extras.cmake
[0.511s] -- Up-to-date symlink: /home/simone/bookros2_ws/install/groot/share/groot/cmake/ament_cmake_export_libraries-extras.cmake
[0.511s] -- Up-to-date symlink: /home/simone/bookros2_ws/install/groot/share/groot/cmake/grootConfig.cmake
[0.512s] -- Up-to-date symlink: /home/simone/bookros2_ws/install/groot/share/groot/cmake/grootConfig-version.cmake
[0.512s] -- Up-to-date symlink: /home/simone/bookros2_ws/install/groot/share/groot/package.xml
[0.520s] Invoked command in '/home/simone/bookros2_ws/build/groot' returned '0': CMAKE_PREFIX_PATH=/opt/ros/humble /usr/bin/cmake --install /home/simone/bookros2_ws/build/groot
