[0.073s] Invoking command in '/home/simone/bookros2_ws/build/sam_bot_description': CMAKE_PREFIX_PATH=/opt/ros/humble /usr/bin/cmake --build /home/simone/bookros2_ws/build/sam_bot_description -- -j6 -l6
[0.137s] Invoked command in '/home/simone/bookros2_ws/build/sam_bot_description' returned '0': CMAKE_PREFIX_PATH=/opt/ros/humble /usr/bin/cmake --build /home/simone/bookros2_ws/build/sam_bot_description -- -j6 -l6
[0.183s] Invoking command in '/home/simone/bookros2_ws/build/sam_bot_description': CMAKE_PREFIX_PATH=/opt/ros/humble /usr/bin/cmake --install /home/simone/bookros2_ws/build/sam_bot_description
[0.189s] -- Install configuration: ""
[0.189s] -- Up-to-date: /home/simone/bookros2_ws/install/sam_bot_description/share/sam_bot_description/src
[0.190s] -- Installing: /home/simone/bookros2_ws/install/sam_bot_description/share/sam_bot_description/src/description
[0.190s] -- Installing: /home/simone/bookros2_ws/install/sam_bot_description/share/sam_bot_description/src/description/sam_bot_description.urdf
[0.190s] -- Up-to-date: /home/simone/bookros2_ws/install/sam_bot_description/share/sam_bot_description/launch
[0.190s] -- Up-to-date: /home/simone/bookros2_ws/install/sam_bot_description/share/sam_bot_description/launch/display.launch.py
[0.190s] -- Up-to-date: /home/simone/bookros2_ws/install/sam_bot_description/share/sam_bot_description/rviz
[0.191s] -- Up-to-date: /home/simone/bookros2_ws/install/sam_bot_description/share/sam_bot_description/rviz/urdf_config.rviz
[0.191s] -- Up-to-date: /home/simone/bookros2_ws/install/sam_bot_description/share/ament_index/resource_index/package_run_dependencies/sam_bot_description
[0.191s] -- Up-to-date: /home/simone/bookros2_ws/install/sam_bot_description/share/ament_index/resource_index/parent_prefix_path/sam_bot_description
[0.191s] -- Up-to-date: /home/simone/bookros2_ws/install/sam_bot_description/share/sam_bot_description/environment/ament_prefix_path.sh
[0.191s] -- Up-to-date: /home/simone/bookros2_ws/install/sam_bot_description/share/sam_bot_description/environment/ament_prefix_path.dsv
[0.191s] -- Up-to-date: /home/simone/bookros2_ws/install/sam_bot_description/share/sam_bot_description/environment/path.sh
[0.191s] -- Up-to-date: /home/simone/bookros2_ws/install/sam_bot_description/share/sam_bot_description/environment/path.dsv
[0.191s] -- Up-to-date: /home/simone/bookros2_ws/install/sam_bot_description/share/sam_bot_description/local_setup.bash
[0.191s] -- Up-to-date: /home/simone/bookros2_ws/install/sam_bot_description/share/sam_bot_description/local_setup.sh
[0.191s] -- Up-to-date: /home/simone/bookros2_ws/install/sam_bot_description/share/sam_bot_description/local_setup.zsh
[0.191s] -- Up-to-date: /home/simone/bookros2_ws/install/sam_bot_description/share/sam_bot_description/local_setup.dsv
[0.192s] -- Installing: /home/simone/bookros2_ws/install/sam_bot_description/share/sam_bot_description/package.dsv
[0.192s] -- Up-to-date: /home/simone/bookros2_ws/install/sam_bot_description/share/ament_index/resource_index/packages/sam_bot_description
[0.192s] -- Up-to-date: /home/simone/bookros2_ws/install/sam_bot_description/share/sam_bot_description/cmake/sam_bot_descriptionConfig.cmake
[0.192s] -- Up-to-date: /home/simone/bookros2_ws/install/sam_bot_description/share/sam_bot_description/cmake/sam_bot_descriptionConfig-version.cmake
[0.192s] -- Up-to-date: /home/simone/bookros2_ws/install/sam_bot_description/share/sam_bot_description/package.xml
[0.216s] Invoked command in '/home/simone/bookros2_ws/build/sam_bot_description' returned '0': CMAKE_PREFIX_PATH=/opt/ros/humble /usr/bin/cmake --install /home/simone/bookros2_ws/build/sam_bot_description
