[1.428s] Invoking command in '/home/simone/bookros2_ws/build/learning_tf2_py': PYTHONPATH=/home/simone/bookros2_ws/build/learning_tf2_py/prefix_override:/home/simone/bookros2_ws/install/learning_tf2_py/lib/python3.10/site-packages:${PYTHONPATH} /usr/bin/python3 setup.py develop --uninstall --editable --build-directory /home/simone/bookros2_ws/build/learning_tf2_py/build
[1.966s] running develop
[1.967s] /usr/lib/python3/dist-packages/setuptools/command/easy_install.py:158: EasyInstallDeprecationWarning: easy_install command is deprecated. Use build and pip and other standards-based tools.
[1.967s]   warnings.warn(
[1.967s] /usr/lib/python3/dist-packages/setuptools/command/install.py:34: SetuptoolsDeprecationWarning: setup.py install is deprecated. Use build and pip and other standards-based tools.
[1.967s]   warnings.warn(
[2.098s] /usr/lib/python3/dist-packages/pkg_resources/__init__.py:116: PkgResourcesDeprecationWarning: 1.16.0-unknown is an invalid version and will not be supported in a future release
[2.098s]   warnings.warn(
[2.098s] /usr/lib/python3/dist-packages/pkg_resources/__init__.py:116: PkgResourcesDeprecationWarning: 1.1build1 is an invalid version and will not be supported in a future release
[2.098s]   warnings.warn(
[2.307s] Removing /home/simone/bookros2_ws/install/learning_tf2_py/lib/python3.10/site-packages/learning-tf2-py.egg-link (link to .)
[2.476s] Invoked command in '/home/simone/bookros2_ws/build/learning_tf2_py' returned '0': PYTHONPATH=/home/simone/bookros2_ws/build/learning_tf2_py/prefix_override:/home/simone/bookros2_ws/install/learning_tf2_py/lib/python3.10/site-packages:${PYTHONPATH} /usr/bin/python3 setup.py develop --uninstall --editable --build-directory /home/simone/bookros2_ws/build/learning_tf2_py/build
[2.500s] Invoking command in '/home/simone/bookros2_ws/src/learning_tf2_py': PYTHONPATH=/home/simone/bookros2_ws/build/learning_tf2_py/prefix_override:/home/simone/bookros2_ws/install/learning_tf2_py/lib/python3.10/site-packages:${PYTHONPATH} /usr/bin/python3 setup.py egg_info --egg-base ../../build/learning_tf2_py build --build-base /home/simone/bookros2_ws/build/learning_tf2_py/build install --record /home/simone/bookros2_ws/build/learning_tf2_py/install.log --single-version-externally-managed
[2.939s] running egg_info
[2.941s] writing ../../build/learning_tf2_py/learning_tf2_py.egg-info/PKG-INFO
[2.942s] writing dependency_links to ../../build/learning_tf2_py/learning_tf2_py.egg-info/dependency_links.txt
[2.942s] writing entry points to ../../build/learning_tf2_py/learning_tf2_py.egg-info/entry_points.txt
[2.942s] writing requirements to ../../build/learning_tf2_py/learning_tf2_py.egg-info/requires.txt
[2.943s] writing top-level names to ../../build/learning_tf2_py/learning_tf2_py.egg-info/top_level.txt
[2.946s] reading manifest file '../../build/learning_tf2_py/learning_tf2_py.egg-info/SOURCES.txt'
[2.947s] writing manifest file '../../build/learning_tf2_py/learning_tf2_py.egg-info/SOURCES.txt'
[2.947s] running build
[2.947s] running build_py
[2.948s] copying learning_tf2_py/turtle_tf2_listener.py -> /home/simone/bookros2_ws/build/learning_tf2_py/build/lib/learning_tf2_py
[2.950s] running install
[2.951s] /usr/lib/python3/dist-packages/setuptools/command/install.py:34: SetuptoolsDeprecationWarning: setup.py install is deprecated. Use build and pip and other standards-based tools.
[2.951s]   warnings.warn(
[2.951s] running install_lib
[2.953s] creating /home/simone/bookros2_ws/install/learning_tf2_py/lib/python3.10/site-packages/learning_tf2_py
[2.953s] copying /home/simone/bookros2_ws/build/learning_tf2_py/build/lib/learning_tf2_py/__init__.py -> /home/simone/bookros2_ws/install/learning_tf2_py/lib/python3.10/site-packages/learning_tf2_py
[2.953s] copying /home/simone/bookros2_ws/build/learning_tf2_py/build/lib/learning_tf2_py/turtle_tf2_broadcaster.py -> /home/simone/bookros2_ws/install/learning_tf2_py/lib/python3.10/site-packages/learning_tf2_py
[2.963s] copying /home/simone/bookros2_ws/build/learning_tf2_py/build/lib/learning_tf2_py/turtle_tf2_listener.py -> /home/simone/bookros2_ws/install/learning_tf2_py/lib/python3.10/site-packages/learning_tf2_py
[2.963s] copying /home/simone/bookros2_ws/build/learning_tf2_py/build/lib/learning_tf2_py/static_turtle_tf2_broadcaster.py -> /home/simone/bookros2_ws/install/learning_tf2_py/lib/python3.10/site-packages/learning_tf2_py
[2.964s] byte-compiling /home/simone/bookros2_ws/install/learning_tf2_py/lib/python3.10/site-packages/learning_tf2_py/__init__.py to __init__.cpython-310.pyc
[2.964s] byte-compiling /home/simone/bookros2_ws/install/learning_tf2_py/lib/python3.10/site-packages/learning_tf2_py/turtle_tf2_broadcaster.py to turtle_tf2_broadcaster.cpython-310.pyc
[2.964s] byte-compiling /home/simone/bookros2_ws/install/learning_tf2_py/lib/python3.10/site-packages/learning_tf2_py/turtle_tf2_listener.py to turtle_tf2_listener.cpython-310.pyc
[2.964s] byte-compiling /home/simone/bookros2_ws/install/learning_tf2_py/lib/python3.10/site-packages/learning_tf2_py/static_turtle_tf2_broadcaster.py to static_turtle_tf2_broadcaster.cpython-310.pyc
[2.964s] running install_data
[2.964s] running install_egg_info
[2.980s] Copying ../../build/learning_tf2_py/learning_tf2_py.egg-info to /home/simone/bookros2_ws/install/learning_tf2_py/lib/python3.10/site-packages/learning_tf2_py-0.0.0-py3.10.egg-info
[2.980s] running install_scripts
[3.031s] Installing static_turtle_tf2_broadcaster script to /home/simone/bookros2_ws/install/learning_tf2_py/lib/learning_tf2_py
[3.033s] Installing turtle_tf2_broadcaster script to /home/simone/bookros2_ws/install/learning_tf2_py/lib/learning_tf2_py
[3.033s] writing list of installed files to '/home/simone/bookros2_ws/build/learning_tf2_py/install.log'
[3.118s] Invoked command in '/home/simone/bookros2_ws/src/learning_tf2_py' returned '0': PYTHONPATH=/home/simone/bookros2_ws/build/learning_tf2_py/prefix_override:/home/simone/bookros2_ws/install/learning_tf2_py/lib/python3.10/site-packages:${PYTHONPATH} /usr/bin/python3 setup.py egg_info --egg-base ../../build/learning_tf2_py build --build-base /home/simone/bookros2_ws/build/learning_tf2_py/build install --record /home/simone/bookros2_ws/build/learning_tf2_py/install.log --single-version-externally-managed
