[0.040s] Invoking command in '/home/simone/bookros2_ws/build/tiago_navigation': AMENT_PREFIX_PATH=/home/simone/bookros2_ws/install/tiago_2dnav:/home/simone/bookros2_ws/install/tiago_laser_sensors:/home/simone/bookros2_ws/install/pmb2_2dnav:/home/simone/bookros2_ws/install/pmb2_maps:/home/simone/bookros2_ws/install/pmb2_laser_sensors:/home/simone/bookros2_ws/install/launch_pal:${AMENT_PREFIX_PATH} CMAKE_PREFIX_PATH=/home/simone/bookros2_ws/install/tiago_2dnav:/home/simone/bookros2_ws/install/tiago_laser_sensors:/home/simone/bookros2_ws/install/pmb2_2dnav:/home/simone/bookros2_ws/install/pmb2_maps:/home/simone/bookros2_ws/install/pmb2_laser_sensors:/opt/ros/humble PYTHONPATH=/home/simone/bookros2_ws/build/launch_pal:/home/simone/bookros2_ws/install/launch_pal/lib/python3.10/site-packages:${PYTHONPATH} /usr/bin/cmake /home/simone/bookros2_ws/src/ThirdParty/tiago_navigation/tiago_navigation -DAMENT_CMAKE_SYMLINK_INSTALL=1 -DCMAKE_INSTALL_PREFIX=/home/simone/bookros2_ws/install/tiago_navigation
[0.167s] -- The C compiler identification is GNU 11.3.0
[0.260s] -- The CXX compiler identification is GNU 11.3.0
[0.283s] -- Detecting C compiler ABI info
[0.439s] -- Detecting C compiler ABI info - done
[0.464s] -- Check for working C compiler: /usr/bin/cc - skipped
[0.464s] -- Detecting C compile features
[0.465s] -- Detecting C compile features - done
[0.473s] -- Detecting CXX compiler ABI info
[0.648s] -- Detecting CXX compiler ABI info - done
[0.671s] -- Check for working CXX compiler: /usr/bin/c++ - skipped
[0.672s] -- Detecting CXX compile features
[0.674s] -- Detecting CXX compile features - done
[0.682s] -- Found ament_cmake_auto: 1.3.5 (/opt/ros/humble/share/ament_cmake_auto/cmake)
[1.064s] -- Found Python3: /usr/bin/python3.10 (found version "3.10.6") found components: Interpreter 
[1.214s] -- Override CMake install command with custom implementation using symlinks instead of copying resources
[1.426s] -- Configuring done
[1.433s] -- Generating done
[1.434s] -- Build files have been written to: /home/simone/bookros2_ws/build/tiago_navigation
[1.454s] Invoked command in '/home/simone/bookros2_ws/build/tiago_navigation' returned '0': AMENT_PREFIX_PATH=/home/simone/bookros2_ws/install/tiago_2dnav:/home/simone/bookros2_ws/install/tiago_laser_sensors:/home/simone/bookros2_ws/install/pmb2_2dnav:/home/simone/bookros2_ws/install/pmb2_maps:/home/simone/bookros2_ws/install/pmb2_laser_sensors:/home/simone/bookros2_ws/install/launch_pal:${AMENT_PREFIX_PATH} CMAKE_PREFIX_PATH=/home/simone/bookros2_ws/install/tiago_2dnav:/home/simone/bookros2_ws/install/tiago_laser_sensors:/home/simone/bookros2_ws/install/pmb2_2dnav:/home/simone/bookros2_ws/install/pmb2_maps:/home/simone/bookros2_ws/install/pmb2_laser_sensors:/opt/ros/humble PYTHONPATH=/home/simone/bookros2_ws/build/launch_pal:/home/simone/bookros2_ws/install/launch_pal/lib/python3.10/site-packages:${PYTHONPATH} /usr/bin/cmake /home/simone/bookros2_ws/src/ThirdParty/tiago_navigation/tiago_navigation -DAMENT_CMAKE_SYMLINK_INSTALL=1 -DCMAKE_INSTALL_PREFIX=/home/simone/bookros2_ws/install/tiago_navigation
[1.455s] Invoking command in '/home/simone/bookros2_ws/build/tiago_navigation': AMENT_PREFIX_PATH=/home/simone/bookros2_ws/install/tiago_2dnav:/home/simone/bookros2_ws/install/tiago_laser_sensors:/home/simone/bookros2_ws/install/pmb2_2dnav:/home/simone/bookros2_ws/install/pmb2_maps:/home/simone/bookros2_ws/install/pmb2_laser_sensors:/home/simone/bookros2_ws/install/launch_pal:${AMENT_PREFIX_PATH} CMAKE_PREFIX_PATH=/home/simone/bookros2_ws/install/tiago_2dnav:/home/simone/bookros2_ws/install/tiago_laser_sensors:/home/simone/bookros2_ws/install/pmb2_2dnav:/home/simone/bookros2_ws/install/pmb2_maps:/home/simone/bookros2_ws/install/pmb2_laser_sensors:/opt/ros/humble PYTHONPATH=/home/simone/bookros2_ws/build/launch_pal:/home/simone/bookros2_ws/install/launch_pal/lib/python3.10/site-packages:${PYTHONPATH} /usr/bin/cmake --build /home/simone/bookros2_ws/build/tiago_navigation -- -j5 -l5
[1.517s] Invoked command in '/home/simone/bookros2_ws/build/tiago_navigation' returned '0': AMENT_PREFIX_PATH=/home/simone/bookros2_ws/install/tiago_2dnav:/home/simone/bookros2_ws/install/tiago_laser_sensors:/home/simone/bookros2_ws/install/pmb2_2dnav:/home/simone/bookros2_ws/install/pmb2_maps:/home/simone/bookros2_ws/install/pmb2_laser_sensors:/home/simone/bookros2_ws/install/launch_pal:${AMENT_PREFIX_PATH} CMAKE_PREFIX_PATH=/home/simone/bookros2_ws/install/tiago_2dnav:/home/simone/bookros2_ws/install/tiago_laser_sensors:/home/simone/bookros2_ws/install/pmb2_2dnav:/home/simone/bookros2_ws/install/pmb2_maps:/home/simone/bookros2_ws/install/pmb2_laser_sensors:/opt/ros/humble PYTHONPATH=/home/simone/bookros2_ws/build/launch_pal:/home/simone/bookros2_ws/install/launch_pal/lib/python3.10/site-packages:${PYTHONPATH} /usr/bin/cmake --build /home/simone/bookros2_ws/build/tiago_navigation -- -j5 -l5
[1.548s] Invoking command in '/home/simone/bookros2_ws/build/tiago_navigation': AMENT_PREFIX_PATH=/home/simone/bookros2_ws/install/tiago_2dnav:/home/simone/bookros2_ws/install/tiago_laser_sensors:/home/simone/bookros2_ws/install/pmb2_2dnav:/home/simone/bookros2_ws/install/pmb2_maps:/home/simone/bookros2_ws/install/pmb2_laser_sensors:/home/simone/bookros2_ws/install/launch_pal:${AMENT_PREFIX_PATH} CMAKE_PREFIX_PATH=/home/simone/bookros2_ws/install/tiago_2dnav:/home/simone/bookros2_ws/install/tiago_laser_sensors:/home/simone/bookros2_ws/install/pmb2_2dnav:/home/simone/bookros2_ws/install/pmb2_maps:/home/simone/bookros2_ws/install/pmb2_laser_sensors:/opt/ros/humble PYTHONPATH=/home/simone/bookros2_ws/build/launch_pal:/home/simone/bookros2_ws/install/launch_pal/lib/python3.10/site-packages:${PYTHONPATH} /usr/bin/cmake --install /home/simone/bookros2_ws/build/tiago_navigation
[1.558s] -- Install configuration: ""
[1.560s] -- Execute custom install script
[1.561s] -- Symlinking: /home/simone/bookros2_ws/install/tiago_navigation/share/ament_index/resource_index/package_run_dependencies/tiago_navigation
[1.572s] -- Symlinking: /home/simone/bookros2_ws/install/tiago_navigation/share/ament_index/resource_index/parent_prefix_path/tiago_navigation
[1.583s] -- Symlinking: /home/simone/bookros2_ws/install/tiago_navigation/share/tiago_navigation/environment/ament_prefix_path.sh
[1.597s] -- Symlinking: /home/simone/bookros2_ws/install/tiago_navigation/share/tiago_navigation/environment/ament_prefix_path.dsv
[1.608s] -- Symlinking: /home/simone/bookros2_ws/install/tiago_navigation/share/tiago_navigation/environment/path.sh
[1.620s] -- Symlinking: /home/simone/bookros2_ws/install/tiago_navigation/share/tiago_navigation/environment/path.dsv
[1.632s] -- Symlinking: /home/simone/bookros2_ws/install/tiago_navigation/share/tiago_navigation/local_setup.bash
[1.644s] -- Symlinking: /home/simone/bookros2_ws/install/tiago_navigation/share/tiago_navigation/local_setup.sh
[1.663s] -- Symlinking: /home/simone/bookros2_ws/install/tiago_navigation/share/tiago_navigation/local_setup.zsh
[1.671s] -- Symlinking: /home/simone/bookros2_ws/install/tiago_navigation/share/tiago_navigation/local_setup.dsv
[1.686s] -- Symlinking: /home/simone/bookros2_ws/install/tiago_navigation/share/tiago_navigation/package.dsv
[1.699s] -- Symlinking: /home/simone/bookros2_ws/install/tiago_navigation/share/ament_index/resource_index/packages/tiago_navigation
[1.713s] -- Symlinking: /home/simone/bookros2_ws/install/tiago_navigation/share/tiago_navigation/cmake/tiago_navigationConfig.cmake
[1.730s] -- Symlinking: /home/simone/bookros2_ws/install/tiago_navigation/share/tiago_navigation/cmake/tiago_navigationConfig-version.cmake
[1.740s] -- Symlinking: /home/simone/bookros2_ws/install/tiago_navigation/share/tiago_navigation/package.xml
[1.763s] Invoked command in '/home/simone/bookros2_ws/build/tiago_navigation' returned '0': AMENT_PREFIX_PATH=/home/simone/bookros2_ws/install/tiago_2dnav:/home/simone/bookros2_ws/install/tiago_laser_sensors:/home/simone/bookros2_ws/install/pmb2_2dnav:/home/simone/bookros2_ws/install/pmb2_maps:/home/simone/bookros2_ws/install/pmb2_laser_sensors:/home/simone/bookros2_ws/install/launch_pal:${AMENT_PREFIX_PATH} CMAKE_PREFIX_PATH=/home/simone/bookros2_ws/install/tiago_2dnav:/home/simone/bookros2_ws/install/tiago_laser_sensors:/home/simone/bookros2_ws/install/pmb2_2dnav:/home/simone/bookros2_ws/install/pmb2_maps:/home/simone/bookros2_ws/install/pmb2_laser_sensors:/opt/ros/humble PYTHONPATH=/home/simone/bookros2_ws/build/launch_pal:/home/simone/bookros2_ws/install/launch_pal/lib/python3.10/site-packages:${PYTHONPATH} /usr/bin/cmake --install /home/simone/bookros2_ws/build/tiago_navigation
