running develop
/usr/lib/python3/dist-packages/setuptools/command/easy_install.py:158: EasyInstallDeprecationWarning: easy_install command is deprecated. Use build and pip and other standards-based tools.
  warnings.warn(
/usr/lib/python3/dist-packages/setuptools/command/install.py:34: SetuptoolsDeprecationWarning: setup.py install is deprecated. Use build and pip and other standards-based tools.
  warnings.warn(
/usr/lib/python3/dist-packages/pkg_resources/__init__.py:116: PkgResourcesDeprecationWarning: 1.16.0-unknown is an invalid version and will not be supported in a future release
  warnings.warn(
/usr/lib/python3/dist-packages/pkg_resources/__init__.py:116: PkgResourcesDeprecationWarning: 1.1build1 is an invalid version and will not be supported in a future release
  warnings.warn(
Removing /home/simone/bookros2_ws/install/br2_tf2_detector_py/lib/python3.10/site-packages/br2-tf2-detector-py.egg-link (link to .)
running egg_info
writing ../../../build/br2_tf2_detector_py/br2_tf2_detector_py.egg-info/PKG-INFO
writing dependency_links to ../../../build/br2_tf2_detector_py/br2_tf2_detector_py.egg-info/dependency_links.txt
writing entry points to ../../../build/br2_tf2_detector_py/br2_tf2_detector_py.egg-info/entry_points.txt
writing requirements to ../../../build/br2_tf2_detector_py/br2_tf2_detector_py.egg-info/requires.txt
writing top-level names to ../../../build/br2_tf2_detector_py/br2_tf2_detector_py.egg-info/top_level.txt
reading manifest file '../../../build/br2_tf2_detector_py/br2_tf2_detector_py.egg-info/SOURCES.txt'
writing manifest file '../../../build/br2_tf2_detector_py/br2_tf2_detector_py.egg-info/SOURCES.txt'
running build
running build_py
creating /home/simone/bookros2_ws/build/br2_tf2_detector_py/build
creating /home/simone/bookros2_ws/build/br2_tf2_detector_py/build/lib
creating /home/simone/bookros2_ws/build/br2_tf2_detector_py/build/lib/br2_tf2_detector_py
copying br2_tf2_detector_py/__init__.py -> /home/simone/bookros2_ws/build/br2_tf2_detector_py/build/lib/br2_tf2_detector_py
copying br2_tf2_detector_py/ObstacleMonitorNode.py -> /home/simone/bookros2_ws/build/br2_tf2_detector_py/build/lib/br2_tf2_detector_py
copying br2_tf2_detector_py/ObstacleDetectorNode.py -> /home/simone/bookros2_ws/build/br2_tf2_detector_py/build/lib/br2_tf2_detector_py
running install
running install_lib
creating /home/simone/bookros2_ws/install/br2_tf2_detector_py/lib/python3.10/site-packages/br2_tf2_detector_py
copying /home/simone/bookros2_ws/build/br2_tf2_detector_py/build/lib/br2_tf2_detector_py/__init__.py -> /home/simone/bookros2_ws/install/br2_tf2_detector_py/lib/python3.10/site-packages/br2_tf2_detector_py
copying /home/simone/bookros2_ws/build/br2_tf2_detector_py/build/lib/br2_tf2_detector_py/ObstacleMonitorNode.py -> /home/simone/bookros2_ws/install/br2_tf2_detector_py/lib/python3.10/site-packages/br2_tf2_detector_py
/usr/lib/python3/dist-packages/setuptools/command/install.py:34: SetuptoolsDeprecationWarning: setup.py install is deprecated. Use build and pip and other standards-based tools.
  warnings.warn(
copying /home/simone/bookros2_ws/build/br2_tf2_detector_py/build/lib/br2_tf2_detector_py/ObstacleDetectorNode.py -> /home/simone/bookros2_ws/install/br2_tf2_detector_py/lib/python3.10/site-packages/br2_tf2_detector_py
byte-compiling /home/simone/bookros2_ws/install/br2_tf2_detector_py/lib/python3.10/site-packages/br2_tf2_detector_py/__init__.py to __init__.cpython-310.pyc
byte-compiling /home/simone/bookros2_ws/install/br2_tf2_detector_py/lib/python3.10/site-packages/br2_tf2_detector_py/ObstacleMonitorNode.py to ObstacleMonitorNode.cpython-310.pyc
byte-compiling /home/simone/bookros2_ws/install/br2_tf2_detector_py/lib/python3.10/site-packages/br2_tf2_detector_py/ObstacleDetectorNode.py to ObstacleDetectorNode.cpython-310.pyc
running install_data
copying launch/detector_py.launch.py -> /home/simone/bookros2_ws/install/br2_tf2_detector_py/share/br2_tf2_detector_py/launch
running install_egg_info
Copying ../../../build/br2_tf2_detector_py/br2_tf2_detector_py.egg-info to /home/simone/bookros2_ws/install/br2_tf2_detector_py/lib/python3.10/site-packages/br2_tf2_detector_py-0.0.0-py3.10.egg-info
running install_scripts
Installing obstacle_detector_node script to /home/simone/bookros2_ws/install/br2_tf2_detector_py/lib/br2_tf2_detector_py
Installing obstacle_monitor_node script to /home/simone/bookros2_ws/install/br2_tf2_detector_py/lib/br2_tf2_detector_py
writing list of installed files to '/home/simone/bookros2_ws/build/br2_tf2_detector_py/install.log'
