[1.364s] Invoking command in '/home/simone/bookros2_ws/build/br2_tf2_detector_py': PYTHONPATH=/home/simone/bookros2_ws/build/br2_tf2_detector_py/prefix_override:/home/simone/bookros2_ws/install/br2_tf2_detector_py/lib/python3.10/site-packages:${PYTHONPATH} /usr/bin/python3 setup.py develop --uninstall --editable --build-directory /home/simone/bookros2_ws/build/br2_tf2_detector_py/build
[1.974s] running develop
[1.974s] /usr/lib/python3/dist-packages/setuptools/command/easy_install.py:158: EasyInstallDeprecationWarning: easy_install command is deprecated. Use build and pip and other standards-based tools.
[1.974s]   warnings.warn(
[1.977s] /usr/lib/python3/dist-packages/setuptools/command/install.py:34: SetuptoolsDeprecationWarning: setup.py install is deprecated. Use build and pip and other standards-based tools.
[1.977s]   warnings.warn(
[2.103s] /usr/lib/python3/dist-packages/pkg_resources/__init__.py:116: PkgResourcesDeprecationWarning: 1.16.0-unknown is an invalid version and will not be supported in a future release
[2.103s]   warnings.warn(
[2.104s] /usr/lib/python3/dist-packages/pkg_resources/__init__.py:116: PkgResourcesDeprecationWarning: 1.1build1 is an invalid version and will not be supported in a future release
[2.104s]   warnings.warn(
[2.309s] Removing /home/simone/bookros2_ws/install/br2_tf2_detector_py/lib/python3.10/site-packages/br2-tf2-detector-py.egg-link (link to .)
[2.434s] Invoked command in '/home/simone/bookros2_ws/build/br2_tf2_detector_py' returned '0': PYTHONPATH=/home/simone/bookros2_ws/build/br2_tf2_detector_py/prefix_override:/home/simone/bookros2_ws/install/br2_tf2_detector_py/lib/python3.10/site-packages:${PYTHONPATH} /usr/bin/python3 setup.py develop --uninstall --editable --build-directory /home/simone/bookros2_ws/build/br2_tf2_detector_py/build
[2.435s] Invoking command in '/home/simone/bookros2_ws/src/book_ros2/br2_tf2_detector_py': PYTHONPATH=/home/simone/bookros2_ws/build/br2_tf2_detector_py/prefix_override:/home/simone/bookros2_ws/install/br2_tf2_detector_py/lib/python3.10/site-packages:${PYTHONPATH} /usr/bin/python3 setup.py egg_info --egg-base ../../../build/br2_tf2_detector_py build --build-base /home/simone/bookros2_ws/build/br2_tf2_detector_py/build install --record /home/simone/bookros2_ws/build/br2_tf2_detector_py/install.log --single-version-externally-managed
[2.936s] running egg_info
[2.937s] writing ../../../build/br2_tf2_detector_py/br2_tf2_detector_py.egg-info/PKG-INFO
[2.937s] writing dependency_links to ../../../build/br2_tf2_detector_py/br2_tf2_detector_py.egg-info/dependency_links.txt
[2.937s] writing entry points to ../../../build/br2_tf2_detector_py/br2_tf2_detector_py.egg-info/entry_points.txt
[2.938s] writing requirements to ../../../build/br2_tf2_detector_py/br2_tf2_detector_py.egg-info/requires.txt
[2.938s] writing top-level names to ../../../build/br2_tf2_detector_py/br2_tf2_detector_py.egg-info/top_level.txt
[2.941s] reading manifest file '../../../build/br2_tf2_detector_py/br2_tf2_detector_py.egg-info/SOURCES.txt'
[2.943s] writing manifest file '../../../build/br2_tf2_detector_py/br2_tf2_detector_py.egg-info/SOURCES.txt'
[2.943s] running build
[2.943s] running build_py
[2.947s] creating /home/simone/bookros2_ws/build/br2_tf2_detector_py/build
[2.947s] creating /home/simone/bookros2_ws/build/br2_tf2_detector_py/build/lib
[2.947s] creating /home/simone/bookros2_ws/build/br2_tf2_detector_py/build/lib/br2_tf2_detector_py
[2.947s] copying br2_tf2_detector_py/__init__.py -> /home/simone/bookros2_ws/build/br2_tf2_detector_py/build/lib/br2_tf2_detector_py
[2.947s] copying br2_tf2_detector_py/ObstacleMonitorNode.py -> /home/simone/bookros2_ws/build/br2_tf2_detector_py/build/lib/br2_tf2_detector_py
[2.947s] copying br2_tf2_detector_py/ObstacleDetectorNode.py -> /home/simone/bookros2_ws/build/br2_tf2_detector_py/build/lib/br2_tf2_detector_py
[2.947s] running install
[2.948s] running install_lib
[2.948s] creating /home/simone/bookros2_ws/install/br2_tf2_detector_py/lib/python3.10/site-packages/br2_tf2_detector_py
[2.948s] copying /home/simone/bookros2_ws/build/br2_tf2_detector_py/build/lib/br2_tf2_detector_py/__init__.py -> /home/simone/bookros2_ws/install/br2_tf2_detector_py/lib/python3.10/site-packages/br2_tf2_detector_py
[2.948s] copying /home/simone/bookros2_ws/build/br2_tf2_detector_py/build/lib/br2_tf2_detector_py/ObstacleMonitorNode.py -> /home/simone/bookros2_ws/install/br2_tf2_detector_py/lib/python3.10/site-packages/br2_tf2_detector_py
[2.948s] /usr/lib/python3/dist-packages/setuptools/command/install.py:34: SetuptoolsDeprecationWarning: setup.py install is deprecated. Use build and pip and other standards-based tools.
[2.948s]   warnings.warn(
[2.948s] copying /home/simone/bookros2_ws/build/br2_tf2_detector_py/build/lib/br2_tf2_detector_py/ObstacleDetectorNode.py -> /home/simone/bookros2_ws/install/br2_tf2_detector_py/lib/python3.10/site-packages/br2_tf2_detector_py
[2.949s] byte-compiling /home/simone/bookros2_ws/install/br2_tf2_detector_py/lib/python3.10/site-packages/br2_tf2_detector_py/__init__.py to __init__.cpython-310.pyc
[2.950s] byte-compiling /home/simone/bookros2_ws/install/br2_tf2_detector_py/lib/python3.10/site-packages/br2_tf2_detector_py/ObstacleMonitorNode.py to ObstacleMonitorNode.cpython-310.pyc
[2.951s] byte-compiling /home/simone/bookros2_ws/install/br2_tf2_detector_py/lib/python3.10/site-packages/br2_tf2_detector_py/ObstacleDetectorNode.py to ObstacleDetectorNode.cpython-310.pyc
[2.952s] running install_data
[2.953s] copying launch/detector_py.launch.py -> /home/simone/bookros2_ws/install/br2_tf2_detector_py/share/br2_tf2_detector_py/launch
[2.953s] running install_egg_info
[2.957s] Copying ../../../build/br2_tf2_detector_py/br2_tf2_detector_py.egg-info to /home/simone/bookros2_ws/install/br2_tf2_detector_py/lib/python3.10/site-packages/br2_tf2_detector_py-0.0.0-py3.10.egg-info
[2.959s] running install_scripts
[3.006s] Installing obstacle_detector_node script to /home/simone/bookros2_ws/install/br2_tf2_detector_py/lib/br2_tf2_detector_py
[3.006s] Installing obstacle_monitor_node script to /home/simone/bookros2_ws/install/br2_tf2_detector_py/lib/br2_tf2_detector_py
[3.007s] writing list of installed files to '/home/simone/bookros2_ws/build/br2_tf2_detector_py/install.log'
[3.563s] Invoked command in '/home/simone/bookros2_ws/src/book_ros2/br2_tf2_detector_py' returned '0': PYTHONPATH=/home/simone/bookros2_ws/build/br2_tf2_detector_py/prefix_override:/home/simone/bookros2_ws/install/br2_tf2_detector_py/lib/python3.10/site-packages:${PYTHONPATH} /usr/bin/python3 setup.py egg_info --egg-base ../../../build/br2_tf2_detector_py build --build-base /home/simone/bookros2_ws/build/br2_tf2_detector_py/build install --record /home/simone/bookros2_ws/build/br2_tf2_detector_py/install.log --single-version-externally-managed
