[0.307s] Invoking command in '/home/simone/bookros2_ws/build/pmb2_laser_sensors': CMAKE_PREFIX_PATH=/opt/ros/humble /usr/bin/cmake --build /home/simone/bookros2_ws/build/pmb2_laser_sensors -- -j6 -l6
[0.359s] Invoked command in '/home/simone/bookros2_ws/build/pmb2_laser_sensors' returned '0': CMAKE_PREFIX_PATH=/opt/ros/humble /usr/bin/cmake --build /home/simone/bookros2_ws/build/pmb2_laser_sensors -- -j6 -l6
[0.378s] Invoking command in '/home/simone/bookros2_ws/build/pmb2_laser_sensors': CMAKE_PREFIX_PATH=/opt/ros/humble /usr/bin/cmake --install /home/simone/bookros2_ws/build/pmb2_laser_sensors
[0.391s] -- Install configuration: ""
[0.391s] -- Execute custom install script
[0.392s] -- Up-to-date symlink: /home/simone/bookros2_ws/install/pmb2_laser_sensors/share/pmb2_laser_sensors/config/sick-551_filter.yaml
[0.392s] -- Up-to-date symlink: /home/simone/bookros2_ws/install/pmb2_laser_sensors/share/pmb2_laser_sensors/config/sick-561_filter.yaml
[0.392s] -- Up-to-date symlink: /home/simone/bookros2_ws/install/pmb2_laser_sensors/share/pmb2_laser_sensors/config/sick-571_filter.yaml
[0.392s] -- Up-to-date symlink: /home/simone/bookros2_ws/install/pmb2_laser_sensors/share/pmb2_laser_sensors/config/sick_tim551_laser.yaml
[0.392s] -- Up-to-date symlink: /home/simone/bookros2_ws/install/pmb2_laser_sensors/share/pmb2_laser_sensors/config/sick_tim561_laser.yaml
[0.392s] -- Up-to-date symlink: /home/simone/bookros2_ws/install/pmb2_laser_sensors/share/pmb2_laser_sensors/config/sick_tim571_laser.yaml
[0.392s] -- Up-to-date symlink: /home/simone/bookros2_ws/install/pmb2_laser_sensors/share/pmb2_laser_sensors/launch/laser.launch.py
[0.393s] -- Up-to-date symlink: /home/simone/bookros2_ws/install/pmb2_laser_sensors/share/pmb2_laser_sensors/launch/laser_filters.launch.py
[0.393s] -- Up-to-date symlink: /home/simone/bookros2_ws/install/pmb2_laser_sensors/share/pmb2_laser_sensors/launch/sick-551_laser.launch.py
[0.393s] -- Up-to-date symlink: /home/simone/bookros2_ws/install/pmb2_laser_sensors/share/pmb2_laser_sensors/launch/sick-561_laser.launch.py
[0.393s] -- Up-to-date symlink: /home/simone/bookros2_ws/install/pmb2_laser_sensors/share/pmb2_laser_sensors/launch/sick-571_laser.launch.py
[0.393s] -- Up-to-date symlink: /home/simone/bookros2_ws/install/pmb2_laser_sensors/share/ament_index/resource_index/package_run_dependencies/pmb2_laser_sensors
[0.393s] -- Up-to-date symlink: /home/simone/bookros2_ws/install/pmb2_laser_sensors/share/ament_index/resource_index/parent_prefix_path/pmb2_laser_sensors
[0.393s] -- Up-to-date symlink: /home/simone/bookros2_ws/install/pmb2_laser_sensors/share/pmb2_laser_sensors/environment/ament_prefix_path.sh
[0.393s] -- Up-to-date symlink: /home/simone/bookros2_ws/install/pmb2_laser_sensors/share/pmb2_laser_sensors/environment/ament_prefix_path.dsv
[0.393s] -- Up-to-date symlink: /home/simone/bookros2_ws/install/pmb2_laser_sensors/share/pmb2_laser_sensors/environment/path.sh
[0.395s] -- Up-to-date symlink: /home/simone/bookros2_ws/install/pmb2_laser_sensors/share/pmb2_laser_sensors/environment/path.dsv
[0.395s] -- Up-to-date symlink: /home/simone/bookros2_ws/install/pmb2_laser_sensors/share/pmb2_laser_sensors/local_setup.bash
[0.395s] -- Up-to-date symlink: /home/simone/bookros2_ws/install/pmb2_laser_sensors/share/pmb2_laser_sensors/local_setup.sh
[0.395s] -- Up-to-date symlink: /home/simone/bookros2_ws/install/pmb2_laser_sensors/share/pmb2_laser_sensors/local_setup.zsh
[0.396s] -- Up-to-date symlink: /home/simone/bookros2_ws/install/pmb2_laser_sensors/share/pmb2_laser_sensors/local_setup.dsv
[0.396s] -- Symlinking: /home/simone/bookros2_ws/install/pmb2_laser_sensors/share/pmb2_laser_sensors/package.dsv
[0.397s] -- Up-to-date symlink: /home/simone/bookros2_ws/install/pmb2_laser_sensors/share/ament_index/resource_index/packages/pmb2_laser_sensors
[0.397s] -- Up-to-date symlink: /home/simone/bookros2_ws/install/pmb2_laser_sensors/share/pmb2_laser_sensors/cmake/pmb2_laser_sensorsConfig.cmake
[0.397s] -- Up-to-date symlink: /home/simone/bookros2_ws/install/pmb2_laser_sensors/share/pmb2_laser_sensors/cmake/pmb2_laser_sensorsConfig-version.cmake
[0.397s] -- Up-to-date symlink: /home/simone/bookros2_ws/install/pmb2_laser_sensors/share/pmb2_laser_sensors/package.xml
[0.423s] Invoked command in '/home/simone/bookros2_ws/build/pmb2_laser_sensors' returned '0': CMAKE_PREFIX_PATH=/opt/ros/humble /usr/bin/cmake --install /home/simone/bookros2_ws/build/pmb2_laser_sensors
