[0.035s] Invoking command in '/home/simone/bookros2_ws/build/pmb2_2dnav': AMENT_PREFIX_PATH=/home/simone/bookros2_ws/install/pmb2_maps:/home/simone/bookros2_ws/install/pmb2_laser_sensors:${AMENT_PREFIX_PATH} CMAKE_PREFIX_PATH=/home/simone/bookros2_ws/install/pmb2_maps:/home/simone/bookros2_ws/install/pmb2_laser_sensors:/opt/ros/humble /usr/bin/cmake --build /home/simone/bookros2_ws/build/pmb2_2dnav -- -j6 -l6
[0.075s] Invoked command in '/home/simone/bookros2_ws/build/pmb2_2dnav' returned '0': AMENT_PREFIX_PATH=/home/simone/bookros2_ws/install/pmb2_maps:/home/simone/bookros2_ws/install/pmb2_laser_sensors:${AMENT_PREFIX_PATH} CMAKE_PREFIX_PATH=/home/simone/bookros2_ws/install/pmb2_maps:/home/simone/bookros2_ws/install/pmb2_laser_sensors:/opt/ros/humble /usr/bin/cmake --build /home/simone/bookros2_ws/build/pmb2_2dnav -- -j6 -l6
[0.113s] Invoking command in '/home/simone/bookros2_ws/build/pmb2_2dnav': AMENT_PREFIX_PATH=/home/simone/bookros2_ws/install/pmb2_maps:/home/simone/bookros2_ws/install/pmb2_laser_sensors:${AMENT_PREFIX_PATH} CMAKE_PREFIX_PATH=/home/simone/bookros2_ws/install/pmb2_maps:/home/simone/bookros2_ws/install/pmb2_laser_sensors:/opt/ros/humble /usr/bin/cmake --install /home/simone/bookros2_ws/build/pmb2_2dnav
[0.131s] -- Install configuration: ""
[0.132s] -- Execute custom install script
[0.133s] -- Up-to-date symlink: /home/simone/bookros2_ws/install/pmb2_2dnav/lib/pmb2_2dnav/record_mapping.sh
[0.136s] -- Up-to-date symlink: /home/simone/bookros2_ws/install/pmb2_2dnav/lib/pmb2_2dnav/record_move_base.sh
[0.138s] -- Up-to-date symlink: /home/simone/bookros2_ws/install/pmb2_2dnav/lib/pmb2_2dnav/record_odom.sh
[0.139s] -- Up-to-date symlink: /home/simone/bookros2_ws/install/pmb2_2dnav/lib/pmb2_2dnav/record_patrol.sh
[0.139s] -- Up-to-date symlink: /home/simone/bookros2_ws/install/pmb2_2dnav/lib/pmb2_2dnav/record_rgbd.sh
[0.142s] -- Up-to-date symlink: /home/simone/bookros2_ws/install/pmb2_2dnav/share/pmb2_2dnav/config/rviz/advanced_navigation.rviz
[0.143s] -- Up-to-date symlink: /home/simone/bookros2_ws/install/pmb2_2dnav/share/pmb2_2dnav/config/rviz/navigation.rviz
[0.144s] -- Up-to-date symlink: /home/simone/bookros2_ws/install/pmb2_2dnav/share/pmb2_2dnav/launch/pmb2_nav_bringup.launch.py
[0.145s] -- Up-to-date symlink: /home/simone/bookros2_ws/install/pmb2_2dnav/share/pmb2_2dnav/launch/pmb2_sim_nav_bringup.launch.py
[0.154s] -- Up-to-date symlink: /home/simone/bookros2_ws/install/pmb2_2dnav/share/pmb2_2dnav/params/pmb2_nav.yaml
[0.157s] -- Up-to-date symlink: /home/simone/bookros2_ws/install/pmb2_2dnav/share/pmb2_2dnav/params/pmb2_remappings.yaml
[0.157s] -- Up-to-date symlink: /home/simone/bookros2_ws/install/pmb2_2dnav/share/ament_index/resource_index/package_run_dependencies/pmb2_2dnav
[0.157s] -- Up-to-date symlink: /home/simone/bookros2_ws/install/pmb2_2dnav/share/ament_index/resource_index/parent_prefix_path/pmb2_2dnav
[0.157s] -- Up-to-date symlink: /home/simone/bookros2_ws/install/pmb2_2dnav/share/pmb2_2dnav/environment/ament_prefix_path.sh
[0.157s] -- Up-to-date symlink: /home/simone/bookros2_ws/install/pmb2_2dnav/share/pmb2_2dnav/environment/ament_prefix_path.dsv
[0.157s] -- Up-to-date symlink: /home/simone/bookros2_ws/install/pmb2_2dnav/share/pmb2_2dnav/environment/path.sh
[0.157s] -- Up-to-date symlink: /home/simone/bookros2_ws/install/pmb2_2dnav/share/pmb2_2dnav/environment/path.dsv
[0.157s] -- Up-to-date symlink: /home/simone/bookros2_ws/install/pmb2_2dnav/share/pmb2_2dnav/local_setup.bash
[0.157s] -- Up-to-date symlink: /home/simone/bookros2_ws/install/pmb2_2dnav/share/pmb2_2dnav/local_setup.sh
[0.157s] -- Up-to-date symlink: /home/simone/bookros2_ws/install/pmb2_2dnav/share/pmb2_2dnav/local_setup.zsh
[0.158s] -- Up-to-date symlink: /home/simone/bookros2_ws/install/pmb2_2dnav/share/pmb2_2dnav/local_setup.dsv
[0.158s] -- Symlinking: /home/simone/bookros2_ws/install/pmb2_2dnav/share/pmb2_2dnav/package.dsv
[0.164s] -- Up-to-date symlink: /home/simone/bookros2_ws/install/pmb2_2dnav/share/ament_index/resource_index/packages/pmb2_2dnav
[0.164s] -- Up-to-date symlink: /home/simone/bookros2_ws/install/pmb2_2dnav/share/pmb2_2dnav/cmake/pmb2_2dnavConfig.cmake
[0.165s] -- Up-to-date symlink: /home/simone/bookros2_ws/install/pmb2_2dnav/share/pmb2_2dnav/cmake/pmb2_2dnavConfig-version.cmake
[0.165s] -- Up-to-date symlink: /home/simone/bookros2_ws/install/pmb2_2dnav/share/pmb2_2dnav/package.xml
[0.191s] Invoked command in '/home/simone/bookros2_ws/build/pmb2_2dnav' returned '0': AMENT_PREFIX_PATH=/home/simone/bookros2_ws/install/pmb2_maps:/home/simone/bookros2_ws/install/pmb2_laser_sensors:${AMENT_PREFIX_PATH} CMAKE_PREFIX_PATH=/home/simone/bookros2_ws/install/pmb2_maps:/home/simone/bookros2_ws/install/pmb2_laser_sensors:/opt/ros/humble /usr/bin/cmake --install /home/simone/bookros2_ws/build/pmb2_2dnav
