[0.851s] Invoking command in '/home/simone/bookros2_ws/build/br2_fsm_bumpgo_py': PYTHONPATH=/home/simone/bookros2_ws/build/br2_fsm_bumpgo_py/prefix_override:/home/simone/bookros2_ws/install/br2_fsm_bumpgo_py/lib/python3.10/site-packages:${PYTHONPATH} /usr/bin/python3 setup.py develop --uninstall --editable --build-directory /home/simone/bookros2_ws/build/br2_fsm_bumpgo_py/build
[1.236s] running develop
[1.236s] /usr/lib/python3/dist-packages/setuptools/command/easy_install.py:158: EasyInstallDeprecationWarning: easy_install command is deprecated. Use build and pip and other standards-based tools.
[1.236s]   warnings.warn(
[1.244s] /usr/lib/python3/dist-packages/setuptools/command/install.py:34: SetuptoolsDeprecationWarning: setup.py install is deprecated. Use build and pip and other standards-based tools.
[1.244s]   warnings.warn(
[1.322s] /usr/lib/python3/dist-packages/pkg_resources/__init__.py:116: PkgResourcesDeprecationWarning: 1.16.0-unknown is an invalid version and will not be supported in a future release
[1.323s]   warnings.warn(
[1.323s] /usr/lib/python3/dist-packages/pkg_resources/__init__.py:116: PkgResourcesDeprecationWarning: 1.1build1 is an invalid version and will not be supported in a future release
[1.323s]   warnings.warn(
[1.521s] Invoked command in '/home/simone/bookros2_ws/build/br2_fsm_bumpgo_py' returned '0': PYTHONPATH=/home/simone/bookros2_ws/build/br2_fsm_bumpgo_py/prefix_override:/home/simone/bookros2_ws/install/br2_fsm_bumpgo_py/lib/python3.10/site-packages:${PYTHONPATH} /usr/bin/python3 setup.py develop --uninstall --editable --build-directory /home/simone/bookros2_ws/build/br2_fsm_bumpgo_py/build
[1.522s] Invoking command in '/home/simone/bookros2_ws/src/book_ros2/br2_fsm_bumpgo_py': PYTHONPATH=/home/simone/bookros2_ws/build/br2_fsm_bumpgo_py/prefix_override:/home/simone/bookros2_ws/install/br2_fsm_bumpgo_py/lib/python3.10/site-packages:${PYTHONPATH} /usr/bin/python3 setup.py egg_info --egg-base ../../../build/br2_fsm_bumpgo_py build --build-base /home/simone/bookros2_ws/build/br2_fsm_bumpgo_py/build install --record /home/simone/bookros2_ws/build/br2_fsm_bumpgo_py/install.log --single-version-externally-managed
[1.825s] running egg_info
[1.826s] writing ../../../build/br2_fsm_bumpgo_py/br2_fsm_bumpgo_py.egg-info/PKG-INFO
[1.827s] writing dependency_links to ../../../build/br2_fsm_bumpgo_py/br2_fsm_bumpgo_py.egg-info/dependency_links.txt
[1.827s] writing entry points to ../../../build/br2_fsm_bumpgo_py/br2_fsm_bumpgo_py.egg-info/entry_points.txt
[1.830s] writing requirements to ../../../build/br2_fsm_bumpgo_py/br2_fsm_bumpgo_py.egg-info/requires.txt
[1.830s] writing top-level names to ../../../build/br2_fsm_bumpgo_py/br2_fsm_bumpgo_py.egg-info/top_level.txt
[1.838s] reading manifest file '../../../build/br2_fsm_bumpgo_py/br2_fsm_bumpgo_py.egg-info/SOURCES.txt'
[1.839s] writing manifest file '../../../build/br2_fsm_bumpgo_py/br2_fsm_bumpgo_py.egg-info/SOURCES.txt'
[1.839s] running build
[1.841s] running build_py
[1.842s] running install
[1.842s] /usr/lib/python3/dist-packages/setuptools/command/install.py:34: SetuptoolsDeprecationWarning: setup.py install is deprecated. Use build and pip and other standards-based tools.
[1.842s]   warnings.warn(
[1.842s] running install_lib
[1.842s] running install_data
[1.842s] running install_egg_info
[1.842s] removing '/home/simone/bookros2_ws/install/br2_fsm_bumpgo_py/lib/python3.10/site-packages/br2_fsm_bumpgo_py-0.0.0-py3.10.egg-info' (and everything under it)
[1.842s] Copying ../../../build/br2_fsm_bumpgo_py/br2_fsm_bumpgo_py.egg-info to /home/simone/bookros2_ws/install/br2_fsm_bumpgo_py/lib/python3.10/site-packages/br2_fsm_bumpgo_py-0.0.0-py3.10.egg-info
[1.843s] running install_scripts
[1.871s] Installing bump_go_ex1 script to /home/simone/bookros2_ws/install/br2_fsm_bumpgo_py/lib/br2_fsm_bumpgo_py
[1.871s] Installing bump_go_main script to /home/simone/bookros2_ws/install/br2_fsm_bumpgo_py/lib/br2_fsm_bumpgo_py
[1.871s] writing list of installed files to '/home/simone/bookros2_ws/build/br2_fsm_bumpgo_py/install.log'
[1.912s] Invoked command in '/home/simone/bookros2_ws/src/book_ros2/br2_fsm_bumpgo_py' returned '0': PYTHONPATH=/home/simone/bookros2_ws/build/br2_fsm_bumpgo_py/prefix_override:/home/simone/bookros2_ws/install/br2_fsm_bumpgo_py/lib/python3.10/site-packages:${PYTHONPATH} /usr/bin/python3 setup.py egg_info --egg-base ../../../build/br2_fsm_bumpgo_py build --build-base /home/simone/bookros2_ws/build/br2_fsm_bumpgo_py/build install --record /home/simone/bookros2_ws/build/br2_fsm_bumpgo_py/install.log --single-version-externally-managed
