[0.977s] Invoking command in '/home/simone/bookros2_ws/build/launch_pal': PYTHONPATH=/home/simone/bookros2_ws/build/launch_pal/prefix_override:/home/simone/bookros2_ws/install/launch_pal/lib/python3.10/site-packages:${PYTHONPATH} /usr/bin/python3 setup.py develop --editable --build-directory /home/simone/bookros2_ws/build/launch_pal/build --no-deps install_data
[1.418s] running develop
[1.419s] /usr/lib/python3/dist-packages/setuptools/command/easy_install.py:158: EasyInstallDeprecationWarning: easy_install command is deprecated. Use build and pip and other standards-based tools.
[1.419s]   warnings.warn(
[1.422s] /usr/lib/python3/dist-packages/setuptools/command/install.py:34: SetuptoolsDeprecationWarning: setup.py install is deprecated. Use build and pip and other standards-based tools.
[1.422s]   warnings.warn(
[1.508s] /usr/lib/python3/dist-packages/pkg_resources/__init__.py:116: PkgResourcesDeprecationWarning: 1.16.0-unknown is an invalid version and will not be supported in a future release
[1.510s]   warnings.warn(
[1.510s] /usr/lib/python3/dist-packages/pkg_resources/__init__.py:116: PkgResourcesDeprecationWarning: 1.1build1 is an invalid version and will not be supported in a future release
[1.510s]   warnings.warn(
[1.651s] running egg_info
[1.651s] writing launch_pal.egg-info/PKG-INFO
[1.652s] writing dependency_links to launch_pal.egg-info/dependency_links.txt
[1.652s] writing entry points to launch_pal.egg-info/entry_points.txt
[1.652s] writing requirements to launch_pal.egg-info/requires.txt
[1.652s] writing top-level names to launch_pal.egg-info/top_level.txt
[1.654s] reading manifest file 'launch_pal.egg-info/SOURCES.txt'
[1.655s] writing manifest file 'launch_pal.egg-info/SOURCES.txt'
[1.657s] running build_ext
[1.657s] Creating /home/simone/bookros2_ws/install/launch_pal/lib/python3.10/site-packages/launch-pal.egg-link (link to .)
[1.658s] 
[1.658s] Installed /home/simone/bookros2_ws/build/launch_pal
[1.658s] running install_data
[1.858s] Invoked command in '/home/simone/bookros2_ws/build/launch_pal' returned '0': PYTHONPATH=/home/simone/bookros2_ws/build/launch_pal/prefix_override:/home/simone/bookros2_ws/install/launch_pal/lib/python3.10/site-packages:${PYTHONPATH} /usr/bin/python3 setup.py develop --editable --build-directory /home/simone/bookros2_ws/build/launch_pal/build --no-deps install_data
