[0.401s] DEBUG:colcon:Command line arguments: ['/usr/bin/colcon', 'list', '-p', '--base-paths', '/home/simone/bookros2_ws']
[0.402s] DEBUG:colcon:Parsed command line arguments: Namespace(log_base=None, log_level=None, verb_name='list', build_base='build', ignore_user_meta=False, metas=['./colcon.meta'], base_paths=['/home/simone/bookros2_ws'], packages_ignore=None, packages_ignore_regex=None, paths=None, packages_up_to=None, packages_up_to_regex=None, packages_above=None, packages_above_and_dependencies=None, packages_above_depth=None, packages_select_by_dep=None, packages_skip_by_dep=None, packages_skip_up_to=None, packages_select_build_failed=False, packages_skip_build_finished=False, packages_select_test_failures=False, packages_skip_test_passed=False, packages_select=None, packages_skip=None, packages_select_regex=None, packages_skip_regex=None, packages_start=None, packages_end=None, allow_overriding=[], topological_order=False, names_only=False, paths_only=True, topological_graph=False, topological_graph_dot=False, topological_graph_density=False, topological_graph_legend=False, topological_graph_dot_cluster=False, topological_graph_dot_include_skipped=False, verb_parser=<colcon_defaults.argument_parser.defaults.DefaultArgumentsDecorator object at 0x7fe1ee7f2a40>, verb_extension=<colcon_package_information.verb.list.ListVerb object at 0x7fe1ee7b1900>, main=<bound method ListVerb.main of <colcon_package_information.verb.list.ListVerb object at 0x7fe1ee7b1900>>)
[0.445s] Level 1:colcon.colcon_core.package_discovery:discover_packages(colcon_meta) check parameters
[0.445s] Level 1:colcon.colcon_core.package_discovery:discover_packages(recursive) check parameters
[0.445s] Level 1:colcon.colcon_core.package_discovery:discover_packages(ignore) check parameters
[0.445s] Level 1:colcon.colcon_core.package_discovery:discover_packages(path) check parameters
[0.445s] Level 1:colcon.colcon_core.package_discovery:discover_packages(recursive) discover
[0.445s] INFO:colcon.colcon_core.package_discovery:Crawling recursively for packages in '/home/simone/bookros2_ws'
[0.445s] Level 1:colcon.colcon_core.package_identification:_identify(/home/simone/bookros2_ws) by extensions ['ignore', 'ignore_ament_install']
[0.445s] Level 1:colcon.colcon_core.package_identification:_identify(/home/simone/bookros2_ws) by extension 'ignore'
[0.445s] Level 1:colcon.colcon_core.package_identification:_identify(/home/simone/bookros2_ws) by extension 'ignore_ament_install'
[0.446s] Level 1:colcon.colcon_core.package_identification:_identify(/home/simone/bookros2_ws) by extensions ['colcon_pkg']
[0.446s] Level 1:colcon.colcon_core.package_identification:_identify(/home/simone/bookros2_ws) by extension 'colcon_pkg'
[0.446s] Level 1:colcon.colcon_core.package_identification:_identify(/home/simone/bookros2_ws) by extensions ['colcon_meta']
[0.446s] Level 1:colcon.colcon_core.package_identification:_identify(/home/simone/bookros2_ws) by extension 'colcon_meta'
[0.446s] Level 1:colcon.colcon_core.package_identification:_identify(/home/simone/bookros2_ws) by extensions ['ros']
[0.446s] Level 1:colcon.colcon_core.package_identification:_identify(/home/simone/bookros2_ws) by extension 'ros'
[0.461s] Level 1:colcon.colcon_core.package_identification:_identify(/home/simone/bookros2_ws) by extensions ['cmake', 'python']
[0.461s] Level 1:colcon.colcon_core.package_identification:_identify(/home/simone/bookros2_ws) by extension 'cmake'
[0.461s] Level 1:colcon.colcon_core.package_identification:_identify(/home/simone/bookros2_ws) by extension 'python'
[0.461s] Level 1:colcon.colcon_core.package_identification:_identify(/home/simone/bookros2_ws) by extensions ['python_setup_py']
[0.461s] Level 1:colcon.colcon_core.package_identification:_identify(/home/simone/bookros2_ws) by extension 'python_setup_py'
[0.462s] Level 1:colcon.colcon_core.package_identification:_identify(/home/simone/bookros2_ws/build) by extensions ['ignore', 'ignore_ament_install']
[0.462s] Level 1:colcon.colcon_core.package_identification:_identify(/home/simone/bookros2_ws/build) by extension 'ignore'
[0.462s] Level 1:colcon.colcon_core.package_identification:_identify(/home/simone/bookros2_ws/build) ignored
[0.462s] Level 1:colcon.colcon_core.package_identification:_identify(/home/simone/bookros2_ws/install) by extensions ['ignore', 'ignore_ament_install']
[0.462s] Level 1:colcon.colcon_core.package_identification:_identify(/home/simone/bookros2_ws/install) by extension 'ignore'
[0.462s] Level 1:colcon.colcon_core.package_identification:_identify(/home/simone/bookros2_ws/install) ignored
[0.463s] Level 1:colcon.colcon_core.package_identification:_identify(/home/simone/bookros2_ws/log) by extensions ['ignore', 'ignore_ament_install']
[0.463s] Level 1:colcon.colcon_core.package_identification:_identify(/home/simone/bookros2_ws/log) by extension 'ignore'
[0.463s] Level 1:colcon.colcon_core.package_identification:_identify(/home/simone/bookros2_ws/log) ignored
[0.463s] Level 1:colcon.colcon_core.package_identification:_identify(/home/simone/bookros2_ws/src) by extensions ['ignore', 'ignore_ament_install']
[0.463s] Level 1:colcon.colcon_core.package_identification:_identify(/home/simone/bookros2_ws/src) by extension 'ignore'
[0.463s] Level 1:colcon.colcon_core.package_identification:_identify(/home/simone/bookros2_ws/src) by extension 'ignore_ament_install'
[0.463s] Level 1:colcon.colcon_core.package_identification:_identify(/home/simone/bookros2_ws/src) by extensions ['colcon_pkg']
[0.463s] Level 1:colcon.colcon_core.package_identification:_identify(/home/simone/bookros2_ws/src) by extension 'colcon_pkg'
[0.463s] Level 1:colcon.colcon_core.package_identification:_identify(/home/simone/bookros2_ws/src) by extensions ['colcon_meta']
[0.463s] Level 1:colcon.colcon_core.package_identification:_identify(/home/simone/bookros2_ws/src) by extension 'colcon_meta'
[0.463s] Level 1:colcon.colcon_core.package_identification:_identify(/home/simone/bookros2_ws/src) by extensions ['ros']
[0.463s] Level 1:colcon.colcon_core.package_identification:_identify(/home/simone/bookros2_ws/src) by extension 'ros'
[0.463s] Level 1:colcon.colcon_core.package_identification:_identify(/home/simone/bookros2_ws/src) by extensions ['cmake', 'python']
[0.464s] Level 1:colcon.colcon_core.package_identification:_identify(/home/simone/bookros2_ws/src) by extension 'cmake'
[0.464s] Level 1:colcon.colcon_core.package_identification:_identify(/home/simone/bookros2_ws/src) by extension 'python'
[0.464s] Level 1:colcon.colcon_core.package_identification:_identify(/home/simone/bookros2_ws/src) by extensions ['python_setup_py']
[0.464s] Level 1:colcon.colcon_core.package_identification:_identify(/home/simone/bookros2_ws/src) by extension 'python_setup_py'
[0.464s] Level 1:colcon.colcon_core.package_identification:_identify(/home/simone/bookros2_ws/src/ThirdParty) by extensions ['ignore', 'ignore_ament_install']
[0.464s] Level 1:colcon.colcon_core.package_identification:_identify(/home/simone/bookros2_ws/src/ThirdParty) by extension 'ignore'
[0.464s] Level 1:colcon.colcon_core.package_identification:_identify(/home/simone/bookros2_ws/src/ThirdParty) by extension 'ignore_ament_install'
[0.464s] Level 1:colcon.colcon_core.package_identification:_identify(/home/simone/bookros2_ws/src/ThirdParty) by extensions ['colcon_pkg']
[0.464s] Level 1:colcon.colcon_core.package_identification:_identify(/home/simone/bookros2_ws/src/ThirdParty) by extension 'colcon_pkg'
[0.464s] Level 1:colcon.colcon_core.package_identification:_identify(/home/simone/bookros2_ws/src/ThirdParty) by extensions ['colcon_meta']
[0.464s] Level 1:colcon.colcon_core.package_identification:_identify(/home/simone/bookros2_ws/src/ThirdParty) by extension 'colcon_meta'
[0.464s] Level 1:colcon.colcon_core.package_identification:_identify(/home/simone/bookros2_ws/src/ThirdParty) by extensions ['ros']
[0.464s] Level 1:colcon.colcon_core.package_identification:_identify(/home/simone/bookros2_ws/src/ThirdParty) by extension 'ros'
[0.465s] Level 1:colcon.colcon_core.package_identification:_identify(/home/simone/bookros2_ws/src/ThirdParty) by extensions ['cmake', 'python']
[0.465s] Level 1:colcon.colcon_core.package_identification:_identify(/home/simone/bookros2_ws/src/ThirdParty) by extension 'cmake'
[0.465s] Level 1:colcon.colcon_core.package_identification:_identify(/home/simone/bookros2_ws/src/ThirdParty) by extension 'python'
[0.465s] Level 1:colcon.colcon_core.package_identification:_identify(/home/simone/bookros2_ws/src/ThirdParty) by extensions ['python_setup_py']
[0.465s] Level 1:colcon.colcon_core.package_identification:_identify(/home/simone/bookros2_ws/src/ThirdParty) by extension 'python_setup_py'
[0.465s] Level 1:colcon.colcon_core.package_identification:_identify(/home/simone/bookros2_ws/src/ThirdParty/Groot) by extensions ['ignore', 'ignore_ament_install']
[0.465s] Level 1:colcon.colcon_core.package_identification:_identify(/home/simone/bookros2_ws/src/ThirdParty/Groot) by extension 'ignore'
[0.465s] Level 1:colcon.colcon_core.package_identification:_identify(/home/simone/bookros2_ws/src/ThirdParty/Groot) by extension 'ignore_ament_install'
[0.465s] Level 1:colcon.colcon_core.package_identification:_identify(/home/simone/bookros2_ws/src/ThirdParty/Groot) by extensions ['colcon_pkg']
[0.465s] Level 1:colcon.colcon_core.package_identification:_identify(/home/simone/bookros2_ws/src/ThirdParty/Groot) by extension 'colcon_pkg'
[0.466s] Level 1:colcon.colcon_core.package_identification:_identify(/home/simone/bookros2_ws/src/ThirdParty/Groot) by extensions ['colcon_meta']
[0.466s] Level 1:colcon.colcon_core.package_identification:_identify(/home/simone/bookros2_ws/src/ThirdParty/Groot) by extension 'colcon_meta'
[0.466s] Level 1:colcon.colcon_core.package_identification:_identify(/home/simone/bookros2_ws/src/ThirdParty/Groot) by extensions ['ros']
[0.466s] Level 1:colcon.colcon_core.package_identification:_identify(/home/simone/bookros2_ws/src/ThirdParty/Groot) by extension 'ros'
[0.473s] DEBUG:colcon.colcon_core.package_identification:Package '/home/simone/bookros2_ws/src/ThirdParty/Groot' with type 'ros.ament_cmake' and name 'groot'
[0.474s] Level 1:colcon.colcon_core.package_identification:_identify(/home/simone/bookros2_ws/src/ThirdParty/hey5_description) by extensions ['ignore', 'ignore_ament_install']
[0.474s] Level 1:colcon.colcon_core.package_identification:_identify(/home/simone/bookros2_ws/src/ThirdParty/hey5_description) by extension 'ignore'
[0.474s] Level 1:colcon.colcon_core.package_identification:_identify(/home/simone/bookros2_ws/src/ThirdParty/hey5_description) by extension 'ignore_ament_install'
[0.474s] Level 1:colcon.colcon_core.package_identification:_identify(/home/simone/bookros2_ws/src/ThirdParty/hey5_description) by extensions ['colcon_pkg']
[0.474s] Level 1:colcon.colcon_core.package_identification:_identify(/home/simone/bookros2_ws/src/ThirdParty/hey5_description) by extension 'colcon_pkg'
[0.474s] Level 1:colcon.colcon_core.package_identification:_identify(/home/simone/bookros2_ws/src/ThirdParty/hey5_description) by extensions ['colcon_meta']
[0.474s] Level 1:colcon.colcon_core.package_identification:_identify(/home/simone/bookros2_ws/src/ThirdParty/hey5_description) by extension 'colcon_meta'
[0.474s] Level 1:colcon.colcon_core.package_identification:_identify(/home/simone/bookros2_ws/src/ThirdParty/hey5_description) by extensions ['ros']
[0.474s] Level 1:colcon.colcon_core.package_identification:_identify(/home/simone/bookros2_ws/src/ThirdParty/hey5_description) by extension 'ros'
[0.475s] DEBUG:colcon.colcon_core.package_identification:Package '/home/simone/bookros2_ws/src/ThirdParty/hey5_description' with type 'ros.ament_cmake' and name 'hey5_description'
[0.475s] Level 1:colcon.colcon_core.package_identification:_identify(/home/simone/bookros2_ws/src/ThirdParty/launch_pal) by extensions ['ignore', 'ignore_ament_install']
[0.475s] Level 1:colcon.colcon_core.package_identification:_identify(/home/simone/bookros2_ws/src/ThirdParty/launch_pal) by extension 'ignore'
[0.475s] Level 1:colcon.colcon_core.package_identification:_identify(/home/simone/bookros2_ws/src/ThirdParty/launch_pal) by extension 'ignore_ament_install'
[0.475s] Level 1:colcon.colcon_core.package_identification:_identify(/home/simone/bookros2_ws/src/ThirdParty/launch_pal) by extensions ['colcon_pkg']
[0.475s] Level 1:colcon.colcon_core.package_identification:_identify(/home/simone/bookros2_ws/src/ThirdParty/launch_pal) by extension 'colcon_pkg'
[0.475s] Level 1:colcon.colcon_core.package_identification:_identify(/home/simone/bookros2_ws/src/ThirdParty/launch_pal) by extensions ['colcon_meta']
[0.475s] Level 1:colcon.colcon_core.package_identification:_identify(/home/simone/bookros2_ws/src/ThirdParty/launch_pal) by extension 'colcon_meta'
[0.475s] Level 1:colcon.colcon_core.package_identification:_identify(/home/simone/bookros2_ws/src/ThirdParty/launch_pal) by extensions ['ros']
[0.475s] Level 1:colcon.colcon_core.package_identification:_identify(/home/simone/bookros2_ws/src/ThirdParty/launch_pal) by extension 'ros'
[0.477s] DEBUG:colcon.colcon_core.package_identification:Package '/home/simone/bookros2_ws/src/ThirdParty/launch_pal' with type 'ros.ament_python' and name 'launch_pal'
[0.477s] Level 1:colcon.colcon_core.package_identification:_identify(/home/simone/bookros2_ws/src/ThirdParty/pal_gazebo_worlds) by extensions ['ignore', 'ignore_ament_install']
[0.477s] Level 1:colcon.colcon_core.package_identification:_identify(/home/simone/bookros2_ws/src/ThirdParty/pal_gazebo_worlds) by extension 'ignore'
[0.477s] Level 1:colcon.colcon_core.package_identification:_identify(/home/simone/bookros2_ws/src/ThirdParty/pal_gazebo_worlds) by extension 'ignore_ament_install'
[0.477s] Level 1:colcon.colcon_core.package_identification:_identify(/home/simone/bookros2_ws/src/ThirdParty/pal_gazebo_worlds) by extensions ['colcon_pkg']
[0.477s] Level 1:colcon.colcon_core.package_identification:_identify(/home/simone/bookros2_ws/src/ThirdParty/pal_gazebo_worlds) by extension 'colcon_pkg'
[0.477s] Level 1:colcon.colcon_core.package_identification:_identify(/home/simone/bookros2_ws/src/ThirdParty/pal_gazebo_worlds) by extensions ['colcon_meta']
[0.477s] Level 1:colcon.colcon_core.package_identification:_identify(/home/simone/bookros2_ws/src/ThirdParty/pal_gazebo_worlds) by extension 'colcon_meta'
[0.477s] Level 1:colcon.colcon_core.package_identification:_identify(/home/simone/bookros2_ws/src/ThirdParty/pal_gazebo_worlds) by extensions ['ros']
[0.477s] Level 1:colcon.colcon_core.package_identification:_identify(/home/simone/bookros2_ws/src/ThirdParty/pal_gazebo_worlds) by extension 'ros'
[0.478s] DEBUG:colcon.colcon_core.package_identification:Package '/home/simone/bookros2_ws/src/ThirdParty/pal_gazebo_worlds' with type 'ros.ament_cmake' and name 'pal_gazebo_worlds'
[0.478s] Level 1:colcon.colcon_core.package_identification:_identify(/home/simone/bookros2_ws/src/ThirdParty/pal_gripper) by extensions ['ignore', 'ignore_ament_install']
[0.478s] Level 1:colcon.colcon_core.package_identification:_identify(/home/simone/bookros2_ws/src/ThirdParty/pal_gripper) by extension 'ignore'
[0.478s] Level 1:colcon.colcon_core.package_identification:_identify(/home/simone/bookros2_ws/src/ThirdParty/pal_gripper) by extension 'ignore_ament_install'
[0.478s] Level 1:colcon.colcon_core.package_identification:_identify(/home/simone/bookros2_ws/src/ThirdParty/pal_gripper) by extensions ['colcon_pkg']
[0.478s] Level 1:colcon.colcon_core.package_identification:_identify(/home/simone/bookros2_ws/src/ThirdParty/pal_gripper) by extension 'colcon_pkg'
[0.478s] Level 1:colcon.colcon_core.package_identification:_identify(/home/simone/bookros2_ws/src/ThirdParty/pal_gripper) by extensions ['colcon_meta']
[0.478s] Level 1:colcon.colcon_core.package_identification:_identify(/home/simone/bookros2_ws/src/ThirdParty/pal_gripper) by extension 'colcon_meta'
[0.478s] Level 1:colcon.colcon_core.package_identification:_identify(/home/simone/bookros2_ws/src/ThirdParty/pal_gripper) by extensions ['ros']
[0.478s] Level 1:colcon.colcon_core.package_identification:_identify(/home/simone/bookros2_ws/src/ThirdParty/pal_gripper) by extension 'ros'
[0.478s] Level 1:colcon.colcon_core.package_identification:_identify(/home/simone/bookros2_ws/src/ThirdParty/pal_gripper) by extensions ['cmake', 'python']
[0.478s] Level 1:colcon.colcon_core.package_identification:_identify(/home/simone/bookros2_ws/src/ThirdParty/pal_gripper) by extension 'cmake'
[0.478s] Level 1:colcon.colcon_core.package_identification:_identify(/home/simone/bookros2_ws/src/ThirdParty/pal_gripper) by extension 'python'
[0.478s] Level 1:colcon.colcon_core.package_identification:_identify(/home/simone/bookros2_ws/src/ThirdParty/pal_gripper) by extensions ['python_setup_py']
[0.478s] Level 1:colcon.colcon_core.package_identification:_identify(/home/simone/bookros2_ws/src/ThirdParty/pal_gripper) by extension 'python_setup_py'
[0.479s] Level 1:colcon.colcon_core.package_identification:_identify(/home/simone/bookros2_ws/src/ThirdParty/pal_gripper/pal_gripper) by extensions ['ignore', 'ignore_ament_install']
[0.479s] Level 1:colcon.colcon_core.package_identification:_identify(/home/simone/bookros2_ws/src/ThirdParty/pal_gripper/pal_gripper) by extension 'ignore'
[0.479s] Level 1:colcon.colcon_core.package_identification:_identify(/home/simone/bookros2_ws/src/ThirdParty/pal_gripper/pal_gripper) by extension 'ignore_ament_install'
[0.479s] Level 1:colcon.colcon_core.package_identification:_identify(/home/simone/bookros2_ws/src/ThirdParty/pal_gripper/pal_gripper) by extensions ['colcon_pkg']
[0.479s] Level 1:colcon.colcon_core.package_identification:_identify(/home/simone/bookros2_ws/src/ThirdParty/pal_gripper/pal_gripper) by extension 'colcon_pkg'
[0.479s] Level 1:colcon.colcon_core.package_identification:_identify(/home/simone/bookros2_ws/src/ThirdParty/pal_gripper/pal_gripper) by extensions ['colcon_meta']
[0.479s] Level 1:colcon.colcon_core.package_identification:_identify(/home/simone/bookros2_ws/src/ThirdParty/pal_gripper/pal_gripper) by extension 'colcon_meta'
[0.479s] Level 1:colcon.colcon_core.package_identification:_identify(/home/simone/bookros2_ws/src/ThirdParty/pal_gripper/pal_gripper) by extensions ['ros']
[0.479s] Level 1:colcon.colcon_core.package_identification:_identify(/home/simone/bookros2_ws/src/ThirdParty/pal_gripper/pal_gripper) by extension 'ros'
[0.480s] DEBUG:colcon.colcon_core.package_identification:Package '/home/simone/bookros2_ws/src/ThirdParty/pal_gripper/pal_gripper' with type 'ros.ament_cmake' and name 'pal_gripper'
[0.480s] Level 1:colcon.colcon_core.package_identification:_identify(/home/simone/bookros2_ws/src/ThirdParty/pal_gripper/pal_gripper_controller_configuration) by extensions ['ignore', 'ignore_ament_install']
[0.480s] Level 1:colcon.colcon_core.package_identification:_identify(/home/simone/bookros2_ws/src/ThirdParty/pal_gripper/pal_gripper_controller_configuration) by extension 'ignore'
[0.480s] Level 1:colcon.colcon_core.package_identification:_identify(/home/simone/bookros2_ws/src/ThirdParty/pal_gripper/pal_gripper_controller_configuration) by extension 'ignore_ament_install'
[0.480s] Level 1:colcon.colcon_core.package_identification:_identify(/home/simone/bookros2_ws/src/ThirdParty/pal_gripper/pal_gripper_controller_configuration) by extensions ['colcon_pkg']
[0.480s] Level 1:colcon.colcon_core.package_identification:_identify(/home/simone/bookros2_ws/src/ThirdParty/pal_gripper/pal_gripper_controller_configuration) by extension 'colcon_pkg'
[0.480s] Level 1:colcon.colcon_core.package_identification:_identify(/home/simone/bookros2_ws/src/ThirdParty/pal_gripper/pal_gripper_controller_configuration) by extensions ['colcon_meta']
[0.480s] Level 1:colcon.colcon_core.package_identification:_identify(/home/simone/bookros2_ws/src/ThirdParty/pal_gripper/pal_gripper_controller_configuration) by extension 'colcon_meta'
[0.480s] Level 1:colcon.colcon_core.package_identification:_identify(/home/simone/bookros2_ws/src/ThirdParty/pal_gripper/pal_gripper_controller_configuration) by extensions ['ros']
[0.480s] Level 1:colcon.colcon_core.package_identification:_identify(/home/simone/bookros2_ws/src/ThirdParty/pal_gripper/pal_gripper_controller_configuration) by extension 'ros'
[0.481s] DEBUG:colcon.colcon_core.package_identification:Package '/home/simone/bookros2_ws/src/ThirdParty/pal_gripper/pal_gripper_controller_configuration' with type 'ros.ament_cmake' and name 'pal_gripper_controller_configuration'
[0.481s] Level 1:colcon.colcon_core.package_identification:_identify(/home/simone/bookros2_ws/src/ThirdParty/pal_gripper/pal_gripper_controller_configuration_gazebo) by extensions ['ignore', 'ignore_ament_install']
[0.481s] Level 1:colcon.colcon_core.package_identification:_identify(/home/simone/bookros2_ws/src/ThirdParty/pal_gripper/pal_gripper_controller_configuration_gazebo) by extension 'ignore'
[0.481s] Level 1:colcon.colcon_core.package_identification:_identify(/home/simone/bookros2_ws/src/ThirdParty/pal_gripper/pal_gripper_controller_configuration_gazebo) ignored
[0.481s] Level 1:colcon.colcon_core.package_identification:_identify(/home/simone/bookros2_ws/src/ThirdParty/pal_gripper/pal_gripper_description) by extensions ['ignore', 'ignore_ament_install']
[0.481s] Level 1:colcon.colcon_core.package_identification:_identify(/home/simone/bookros2_ws/src/ThirdParty/pal_gripper/pal_gripper_description) by extension 'ignore'
[0.481s] Level 1:colcon.colcon_core.package_identification:_identify(/home/simone/bookros2_ws/src/ThirdParty/pal_gripper/pal_gripper_description) by extension 'ignore_ament_install'
[0.481s] Level 1:colcon.colcon_core.package_identification:_identify(/home/simone/bookros2_ws/src/ThirdParty/pal_gripper/pal_gripper_description) by extensions ['colcon_pkg']
[0.481s] Level 1:colcon.colcon_core.package_identification:_identify(/home/simone/bookros2_ws/src/ThirdParty/pal_gripper/pal_gripper_description) by extension 'colcon_pkg'
[0.482s] Level 1:colcon.colcon_core.package_identification:_identify(/home/simone/bookros2_ws/src/ThirdParty/pal_gripper/pal_gripper_description) by extensions ['colcon_meta']
[0.482s] Level 1:colcon.colcon_core.package_identification:_identify(/home/simone/bookros2_ws/src/ThirdParty/pal_gripper/pal_gripper_description) by extension 'colcon_meta'
[0.482s] Level 1:colcon.colcon_core.package_identification:_identify(/home/simone/bookros2_ws/src/ThirdParty/pal_gripper/pal_gripper_description) by extensions ['ros']
[0.482s] Level 1:colcon.colcon_core.package_identification:_identify(/home/simone/bookros2_ws/src/ThirdParty/pal_gripper/pal_gripper_description) by extension 'ros'
[0.482s] DEBUG:colcon.colcon_core.package_identification:Package '/home/simone/bookros2_ws/src/ThirdParty/pal_gripper/pal_gripper_description' with type 'ros.ament_cmake' and name 'pal_gripper_description'
[0.483s] Level 1:colcon.colcon_core.package_identification:_identify(/home/simone/bookros2_ws/src/ThirdParty/pal_gripper/pal_gripper_gazebo) by extensions ['ignore', 'ignore_ament_install']
[0.483s] Level 1:colcon.colcon_core.package_identification:_identify(/home/simone/bookros2_ws/src/ThirdParty/pal_gripper/pal_gripper_gazebo) by extension 'ignore'
[0.483s] Level 1:colcon.colcon_core.package_identification:_identify(/home/simone/bookros2_ws/src/ThirdParty/pal_gripper/pal_gripper_gazebo) ignored
[0.483s] Level 1:colcon.colcon_core.package_identification:_identify(/home/simone/bookros2_ws/src/ThirdParty/pal_gripper/pal_parallel_gripper_wrapper) by extensions ['ignore', 'ignore_ament_install']
[0.483s] Level 1:colcon.colcon_core.package_identification:_identify(/home/simone/bookros2_ws/src/ThirdParty/pal_gripper/pal_parallel_gripper_wrapper) by extension 'ignore'
[0.483s] Level 1:colcon.colcon_core.package_identification:_identify(/home/simone/bookros2_ws/src/ThirdParty/pal_gripper/pal_parallel_gripper_wrapper) ignored
[0.483s] Level 1:colcon.colcon_core.package_identification:_identify(/home/simone/bookros2_ws/src/ThirdParty/pmb2_navigation) by extensions ['ignore', 'ignore_ament_install']
[0.483s] Level 1:colcon.colcon_core.package_identification:_identify(/home/simone/bookros2_ws/src/ThirdParty/pmb2_navigation) by extension 'ignore'
[0.483s] Level 1:colcon.colcon_core.package_identification:_identify(/home/simone/bookros2_ws/src/ThirdParty/pmb2_navigation) by extension 'ignore_ament_install'
[0.483s] Level 1:colcon.colcon_core.package_identification:_identify(/home/simone/bookros2_ws/src/ThirdParty/pmb2_navigation) by extensions ['colcon_pkg']
[0.483s] Level 1:colcon.colcon_core.package_identification:_identify(/home/simone/bookros2_ws/src/ThirdParty/pmb2_navigation) by extension 'colcon_pkg'
[0.483s] Level 1:colcon.colcon_core.package_identification:_identify(/home/simone/bookros2_ws/src/ThirdParty/pmb2_navigation) by extensions ['colcon_meta']
[0.483s] Level 1:colcon.colcon_core.package_identification:_identify(/home/simone/bookros2_ws/src/ThirdParty/pmb2_navigation) by extension 'colcon_meta'
[0.483s] Level 1:colcon.colcon_core.package_identification:_identify(/home/simone/bookros2_ws/src/ThirdParty/pmb2_navigation) by extensions ['ros']
[0.483s] Level 1:colcon.colcon_core.package_identification:_identify(/home/simone/bookros2_ws/src/ThirdParty/pmb2_navigation) by extension 'ros'
[0.483s] Level 1:colcon.colcon_core.package_identification:_identify(/home/simone/bookros2_ws/src/ThirdParty/pmb2_navigation) by extensions ['cmake', 'python']
[0.484s] Level 1:colcon.colcon_core.package_identification:_identify(/home/simone/bookros2_ws/src/ThirdParty/pmb2_navigation) by extension 'cmake'
[0.484s] Level 1:colcon.colcon_core.package_identification:_identify(/home/simone/bookros2_ws/src/ThirdParty/pmb2_navigation) by extension 'python'
[0.484s] Level 1:colcon.colcon_core.package_identification:_identify(/home/simone/bookros2_ws/src/ThirdParty/pmb2_navigation) by extensions ['python_setup_py']
[0.484s] Level 1:colcon.colcon_core.package_identification:_identify(/home/simone/bookros2_ws/src/ThirdParty/pmb2_navigation) by extension 'python_setup_py'
[0.484s] Level 1:colcon.colcon_core.package_identification:_identify(/home/simone/bookros2_ws/src/ThirdParty/pmb2_navigation/pmb2_2dnav) by extensions ['ignore', 'ignore_ament_install']
[0.484s] Level 1:colcon.colcon_core.package_identification:_identify(/home/simone/bookros2_ws/src/ThirdParty/pmb2_navigation/pmb2_2dnav) by extension 'ignore'
[0.484s] Level 1:colcon.colcon_core.package_identification:_identify(/home/simone/bookros2_ws/src/ThirdParty/pmb2_navigation/pmb2_2dnav) by extension 'ignore_ament_install'
[0.484s] Level 1:colcon.colcon_core.package_identification:_identify(/home/simone/bookros2_ws/src/ThirdParty/pmb2_navigation/pmb2_2dnav) by extensions ['colcon_pkg']
[0.484s] Level 1:colcon.colcon_core.package_identification:_identify(/home/simone/bookros2_ws/src/ThirdParty/pmb2_navigation/pmb2_2dnav) by extension 'colcon_pkg'
[0.484s] Level 1:colcon.colcon_core.package_identification:_identify(/home/simone/bookros2_ws/src/ThirdParty/pmb2_navigation/pmb2_2dnav) by extensions ['colcon_meta']
[0.484s] Level 1:colcon.colcon_core.package_identification:_identify(/home/simone/bookros2_ws/src/ThirdParty/pmb2_navigation/pmb2_2dnav) by extension 'colcon_meta'
[0.484s] Level 1:colcon.colcon_core.package_identification:_identify(/home/simone/bookros2_ws/src/ThirdParty/pmb2_navigation/pmb2_2dnav) by extensions ['ros']
[0.484s] Level 1:colcon.colcon_core.package_identification:_identify(/home/simone/bookros2_ws/src/ThirdParty/pmb2_navigation/pmb2_2dnav) by extension 'ros'
[0.486s] DEBUG:colcon.colcon_core.package_identification:Package '/home/simone/bookros2_ws/src/ThirdParty/pmb2_navigation/pmb2_2dnav' with type 'ros.ament_cmake' and name 'pmb2_2dnav'
[0.486s] Level 1:colcon.colcon_core.package_identification:_identify(/home/simone/bookros2_ws/src/ThirdParty/pmb2_navigation/pmb2_laser_sensors) by extensions ['ignore', 'ignore_ament_install']
[0.486s] Level 1:colcon.colcon_core.package_identification:_identify(/home/simone/bookros2_ws/src/ThirdParty/pmb2_navigation/pmb2_laser_sensors) by extension 'ignore'
[0.486s] Level 1:colcon.colcon_core.package_identification:_identify(/home/simone/bookros2_ws/src/ThirdParty/pmb2_navigation/pmb2_laser_sensors) by extension 'ignore_ament_install'
[0.486s] Level 1:colcon.colcon_core.package_identification:_identify(/home/simone/bookros2_ws/src/ThirdParty/pmb2_navigation/pmb2_laser_sensors) by extensions ['colcon_pkg']
[0.486s] Level 1:colcon.colcon_core.package_identification:_identify(/home/simone/bookros2_ws/src/ThirdParty/pmb2_navigation/pmb2_laser_sensors) by extension 'colcon_pkg'
[0.486s] Level 1:colcon.colcon_core.package_identification:_identify(/home/simone/bookros2_ws/src/ThirdParty/pmb2_navigation/pmb2_laser_sensors) by extensions ['colcon_meta']
[0.486s] Level 1:colcon.colcon_core.package_identification:_identify(/home/simone/bookros2_ws/src/ThirdParty/pmb2_navigation/pmb2_laser_sensors) by extension 'colcon_meta'
[0.487s] Level 1:colcon.colcon_core.package_identification:_identify(/home/simone/bookros2_ws/src/ThirdParty/pmb2_navigation/pmb2_laser_sensors) by extensions ['ros']
[0.487s] Level 1:colcon.colcon_core.package_identification:_identify(/home/simone/bookros2_ws/src/ThirdParty/pmb2_navigation/pmb2_laser_sensors) by extension 'ros'
[0.488s] DEBUG:colcon.colcon_core.package_identification:Package '/home/simone/bookros2_ws/src/ThirdParty/pmb2_navigation/pmb2_laser_sensors' with type 'ros.ament_cmake' and name 'pmb2_laser_sensors'
[0.488s] Level 1:colcon.colcon_core.package_identification:_identify(/home/simone/bookros2_ws/src/ThirdParty/pmb2_navigation/pmb2_maps) by extensions ['ignore', 'ignore_ament_install']
[0.488s] Level 1:colcon.colcon_core.package_identification:_identify(/home/simone/bookros2_ws/src/ThirdParty/pmb2_navigation/pmb2_maps) by extension 'ignore'
[0.488s] Level 1:colcon.colcon_core.package_identification:_identify(/home/simone/bookros2_ws/src/ThirdParty/pmb2_navigation/pmb2_maps) by extension 'ignore_ament_install'
[0.488s] Level 1:colcon.colcon_core.package_identification:_identify(/home/simone/bookros2_ws/src/ThirdParty/pmb2_navigation/pmb2_maps) by extensions ['colcon_pkg']
[0.488s] Level 1:colcon.colcon_core.package_identification:_identify(/home/simone/bookros2_ws/src/ThirdParty/pmb2_navigation/pmb2_maps) by extension 'colcon_pkg'
[0.488s] Level 1:colcon.colcon_core.package_identification:_identify(/home/simone/bookros2_ws/src/ThirdParty/pmb2_navigation/pmb2_maps) by extensions ['colcon_meta']
[0.488s] Level 1:colcon.colcon_core.package_identification:_identify(/home/simone/bookros2_ws/src/ThirdParty/pmb2_navigation/pmb2_maps) by extension 'colcon_meta'
[0.488s] Level 1:colcon.colcon_core.package_identification:_identify(/home/simone/bookros2_ws/src/ThirdParty/pmb2_navigation/pmb2_maps) by extensions ['ros']
[0.488s] Level 1:colcon.colcon_core.package_identification:_identify(/home/simone/bookros2_ws/src/ThirdParty/pmb2_navigation/pmb2_maps) by extension 'ros'
[0.489s] DEBUG:colcon.colcon_core.package_identification:Package '/home/simone/bookros2_ws/src/ThirdParty/pmb2_navigation/pmb2_maps' with type 'ros.ament_cmake' and name 'pmb2_maps'
[0.489s] Level 1:colcon.colcon_core.package_identification:_identify(/home/simone/bookros2_ws/src/ThirdParty/pmb2_navigation/pmb2_navigation) by extensions ['ignore', 'ignore_ament_install']
[0.489s] Level 1:colcon.colcon_core.package_identification:_identify(/home/simone/bookros2_ws/src/ThirdParty/pmb2_navigation/pmb2_navigation) by extension 'ignore'
[0.489s] Level 1:colcon.colcon_core.package_identification:_identify(/home/simone/bookros2_ws/src/ThirdParty/pmb2_navigation/pmb2_navigation) by extension 'ignore_ament_install'
[0.489s] Level 1:colcon.colcon_core.package_identification:_identify(/home/simone/bookros2_ws/src/ThirdParty/pmb2_navigation/pmb2_navigation) by extensions ['colcon_pkg']
[0.489s] Level 1:colcon.colcon_core.package_identification:_identify(/home/simone/bookros2_ws/src/ThirdParty/pmb2_navigation/pmb2_navigation) by extension 'colcon_pkg'
[0.489s] Level 1:colcon.colcon_core.package_identification:_identify(/home/simone/bookros2_ws/src/ThirdParty/pmb2_navigation/pmb2_navigation) by extensions ['colcon_meta']
[0.489s] Level 1:colcon.colcon_core.package_identification:_identify(/home/simone/bookros2_ws/src/ThirdParty/pmb2_navigation/pmb2_navigation) by extension 'colcon_meta'
[0.489s] Level 1:colcon.colcon_core.package_identification:_identify(/home/simone/bookros2_ws/src/ThirdParty/pmb2_navigation/pmb2_navigation) by extensions ['ros']
[0.489s] Level 1:colcon.colcon_core.package_identification:_identify(/home/simone/bookros2_ws/src/ThirdParty/pmb2_navigation/pmb2_navigation) by extension 'ros'
[0.490s] DEBUG:colcon.colcon_core.package_identification:Package '/home/simone/bookros2_ws/src/ThirdParty/pmb2_navigation/pmb2_navigation' with type 'ros.ament_cmake' and name 'pmb2_navigation'
[0.490s] Level 1:colcon.colcon_core.package_identification:_identify(/home/simone/bookros2_ws/src/ThirdParty/pmb2_navigation/pmb2_rgbd_sensors) by extensions ['ignore', 'ignore_ament_install']
[0.490s] Level 1:colcon.colcon_core.package_identification:_identify(/home/simone/bookros2_ws/src/ThirdParty/pmb2_navigation/pmb2_rgbd_sensors) by extension 'ignore'
[0.490s] Level 1:colcon.colcon_core.package_identification:_identify(/home/simone/bookros2_ws/src/ThirdParty/pmb2_navigation/pmb2_rgbd_sensors) ignored
[0.490s] Level 1:colcon.colcon_core.package_identification:_identify(/home/simone/bookros2_ws/src/ThirdParty/pmb2_robot) by extensions ['ignore', 'ignore_ament_install']
[0.490s] Level 1:colcon.colcon_core.package_identification:_identify(/home/simone/bookros2_ws/src/ThirdParty/pmb2_robot) by extension 'ignore'
[0.490s] Level 1:colcon.colcon_core.package_identification:_identify(/home/simone/bookros2_ws/src/ThirdParty/pmb2_robot) by extension 'ignore_ament_install'
[0.490s] Level 1:colcon.colcon_core.package_identification:_identify(/home/simone/bookros2_ws/src/ThirdParty/pmb2_robot) by extensions ['colcon_pkg']
[0.490s] Level 1:colcon.colcon_core.package_identification:_identify(/home/simone/bookros2_ws/src/ThirdParty/pmb2_robot) by extension 'colcon_pkg'
[0.490s] Level 1:colcon.colcon_core.package_identification:_identify(/home/simone/bookros2_ws/src/ThirdParty/pmb2_robot) by extensions ['colcon_meta']
[0.490s] Level 1:colcon.colcon_core.package_identification:_identify(/home/simone/bookros2_ws/src/ThirdParty/pmb2_robot) by extension 'colcon_meta'
[0.490s] Level 1:colcon.colcon_core.package_identification:_identify(/home/simone/bookros2_ws/src/ThirdParty/pmb2_robot) by extensions ['ros']
[0.491s] Level 1:colcon.colcon_core.package_identification:_identify(/home/simone/bookros2_ws/src/ThirdParty/pmb2_robot) by extension 'ros'
[0.491s] Level 1:colcon.colcon_core.package_identification:_identify(/home/simone/bookros2_ws/src/ThirdParty/pmb2_robot) by extensions ['cmake', 'python']
[0.491s] Level 1:colcon.colcon_core.package_identification:_identify(/home/simone/bookros2_ws/src/ThirdParty/pmb2_robot) by extension 'cmake'
[0.491s] Level 1:colcon.colcon_core.package_identification:_identify(/home/simone/bookros2_ws/src/ThirdParty/pmb2_robot) by extension 'python'
[0.491s] Level 1:colcon.colcon_core.package_identification:_identify(/home/simone/bookros2_ws/src/ThirdParty/pmb2_robot) by extensions ['python_setup_py']
[0.491s] Level 1:colcon.colcon_core.package_identification:_identify(/home/simone/bookros2_ws/src/ThirdParty/pmb2_robot) by extension 'python_setup_py'
[0.491s] Level 1:colcon.colcon_core.package_identification:_identify(/home/simone/bookros2_ws/src/ThirdParty/pmb2_robot/pmb2_bringup) by extensions ['ignore', 'ignore_ament_install']
[0.491s] Level 1:colcon.colcon_core.package_identification:_identify(/home/simone/bookros2_ws/src/ThirdParty/pmb2_robot/pmb2_bringup) by extension 'ignore'
[0.491s] Level 1:colcon.colcon_core.package_identification:_identify(/home/simone/bookros2_ws/src/ThirdParty/pmb2_robot/pmb2_bringup) by extension 'ignore_ament_install'
[0.491s] Level 1:colcon.colcon_core.package_identification:_identify(/home/simone/bookros2_ws/src/ThirdParty/pmb2_robot/pmb2_bringup) by extensions ['colcon_pkg']
[0.491s] Level 1:colcon.colcon_core.package_identification:_identify(/home/simone/bookros2_ws/src/ThirdParty/pmb2_robot/pmb2_bringup) by extension 'colcon_pkg'
[0.491s] Level 1:colcon.colcon_core.package_identification:_identify(/home/simone/bookros2_ws/src/ThirdParty/pmb2_robot/pmb2_bringup) by extensions ['colcon_meta']
[0.491s] Level 1:colcon.colcon_core.package_identification:_identify(/home/simone/bookros2_ws/src/ThirdParty/pmb2_robot/pmb2_bringup) by extension 'colcon_meta'
[0.491s] Level 1:colcon.colcon_core.package_identification:_identify(/home/simone/bookros2_ws/src/ThirdParty/pmb2_robot/pmb2_bringup) by extensions ['ros']
[0.491s] Level 1:colcon.colcon_core.package_identification:_identify(/home/simone/bookros2_ws/src/ThirdParty/pmb2_robot/pmb2_bringup) by extension 'ros'
[0.492s] DEBUG:colcon.colcon_core.package_identification:Package '/home/simone/bookros2_ws/src/ThirdParty/pmb2_robot/pmb2_bringup' with type 'ros.ament_cmake' and name 'pmb2_bringup'
[0.492s] Level 1:colcon.colcon_core.package_identification:_identify(/home/simone/bookros2_ws/src/ThirdParty/pmb2_robot/pmb2_controller_configuration) by extensions ['ignore', 'ignore_ament_install']
[0.493s] Level 1:colcon.colcon_core.package_identification:_identify(/home/simone/bookros2_ws/src/ThirdParty/pmb2_robot/pmb2_controller_configuration) by extension 'ignore'
[0.493s] Level 1:colcon.colcon_core.package_identification:_identify(/home/simone/bookros2_ws/src/ThirdParty/pmb2_robot/pmb2_controller_configuration) by extension 'ignore_ament_install'
[0.493s] Level 1:colcon.colcon_core.package_identification:_identify(/home/simone/bookros2_ws/src/ThirdParty/pmb2_robot/pmb2_controller_configuration) by extensions ['colcon_pkg']
[0.493s] Level 1:colcon.colcon_core.package_identification:_identify(/home/simone/bookros2_ws/src/ThirdParty/pmb2_robot/pmb2_controller_configuration) by extension 'colcon_pkg'
[0.493s] Level 1:colcon.colcon_core.package_identification:_identify(/home/simone/bookros2_ws/src/ThirdParty/pmb2_robot/pmb2_controller_configuration) by extensions ['colcon_meta']
[0.493s] Level 1:colcon.colcon_core.package_identification:_identify(/home/simone/bookros2_ws/src/ThirdParty/pmb2_robot/pmb2_controller_configuration) by extension 'colcon_meta'
[0.493s] Level 1:colcon.colcon_core.package_identification:_identify(/home/simone/bookros2_ws/src/ThirdParty/pmb2_robot/pmb2_controller_configuration) by extensions ['ros']
[0.493s] Level 1:colcon.colcon_core.package_identification:_identify(/home/simone/bookros2_ws/src/ThirdParty/pmb2_robot/pmb2_controller_configuration) by extension 'ros'
[0.494s] DEBUG:colcon.colcon_core.package_identification:Package '/home/simone/bookros2_ws/src/ThirdParty/pmb2_robot/pmb2_controller_configuration' with type 'ros.ament_cmake' and name 'pmb2_controller_configuration'
[0.494s] Level 1:colcon.colcon_core.package_identification:_identify(/home/simone/bookros2_ws/src/ThirdParty/pmb2_robot/pmb2_description) by extensions ['ignore', 'ignore_ament_install']
[0.494s] Level 1:colcon.colcon_core.package_identification:_identify(/home/simone/bookros2_ws/src/ThirdParty/pmb2_robot/pmb2_description) by extension 'ignore'
[0.494s] Level 1:colcon.colcon_core.package_identification:_identify(/home/simone/bookros2_ws/src/ThirdParty/pmb2_robot/pmb2_description) by extension 'ignore_ament_install'
[0.494s] Level 1:colcon.colcon_core.package_identification:_identify(/home/simone/bookros2_ws/src/ThirdParty/pmb2_robot/pmb2_description) by extensions ['colcon_pkg']
[0.494s] Level 1:colcon.colcon_core.package_identification:_identify(/home/simone/bookros2_ws/src/ThirdParty/pmb2_robot/pmb2_description) by extension 'colcon_pkg'
[0.494s] Level 1:colcon.colcon_core.package_identification:_identify(/home/simone/bookros2_ws/src/ThirdParty/pmb2_robot/pmb2_description) by extensions ['colcon_meta']
[0.494s] Level 1:colcon.colcon_core.package_identification:_identify(/home/simone/bookros2_ws/src/ThirdParty/pmb2_robot/pmb2_description) by extension 'colcon_meta'
[0.495s] Level 1:colcon.colcon_core.package_identification:_identify(/home/simone/bookros2_ws/src/ThirdParty/pmb2_robot/pmb2_description) by extensions ['ros']
[0.495s] Level 1:colcon.colcon_core.package_identification:_identify(/home/simone/bookros2_ws/src/ThirdParty/pmb2_robot/pmb2_description) by extension 'ros'
[0.496s] DEBUG:colcon.colcon_core.package_identification:Package '/home/simone/bookros2_ws/src/ThirdParty/pmb2_robot/pmb2_description' with type 'ros.ament_cmake' and name 'pmb2_description'
[0.496s] Level 1:colcon.colcon_core.package_identification:_identify(/home/simone/bookros2_ws/src/ThirdParty/pmb2_robot/pmb2_robot) by extensions ['ignore', 'ignore_ament_install']
[0.496s] Level 1:colcon.colcon_core.package_identification:_identify(/home/simone/bookros2_ws/src/ThirdParty/pmb2_robot/pmb2_robot) by extension 'ignore'
[0.496s] Level 1:colcon.colcon_core.package_identification:_identify(/home/simone/bookros2_ws/src/ThirdParty/pmb2_robot/pmb2_robot) by extension 'ignore_ament_install'
[0.496s] Level 1:colcon.colcon_core.package_identification:_identify(/home/simone/bookros2_ws/src/ThirdParty/pmb2_robot/pmb2_robot) by extensions ['colcon_pkg']
[0.496s] Level 1:colcon.colcon_core.package_identification:_identify(/home/simone/bookros2_ws/src/ThirdParty/pmb2_robot/pmb2_robot) by extension 'colcon_pkg'
[0.496s] Level 1:colcon.colcon_core.package_identification:_identify(/home/simone/bookros2_ws/src/ThirdParty/pmb2_robot/pmb2_robot) by extensions ['colcon_meta']
[0.496s] Level 1:colcon.colcon_core.package_identification:_identify(/home/simone/bookros2_ws/src/ThirdParty/pmb2_robot/pmb2_robot) by extension 'colcon_meta'
[0.496s] Level 1:colcon.colcon_core.package_identification:_identify(/home/simone/bookros2_ws/src/ThirdParty/pmb2_robot/pmb2_robot) by extensions ['ros']
[0.496s] Level 1:colcon.colcon_core.package_identification:_identify(/home/simone/bookros2_ws/src/ThirdParty/pmb2_robot/pmb2_robot) by extension 'ros'
[0.497s] DEBUG:colcon.colcon_core.package_identification:Package '/home/simone/bookros2_ws/src/ThirdParty/pmb2_robot/pmb2_robot' with type 'ros.ament_cmake' and name 'pmb2_robot'
[0.497s] Level 1:colcon.colcon_core.package_identification:_identify(/home/simone/bookros2_ws/src/ThirdParty/tiago_moveit_config) by extensions ['ignore', 'ignore_ament_install']
[0.497s] Level 1:colcon.colcon_core.package_identification:_identify(/home/simone/bookros2_ws/src/ThirdParty/tiago_moveit_config) by extension 'ignore'
[0.497s] Level 1:colcon.colcon_core.package_identification:_identify(/home/simone/bookros2_ws/src/ThirdParty/tiago_moveit_config) by extension 'ignore_ament_install'
[0.497s] Level 1:colcon.colcon_core.package_identification:_identify(/home/simone/bookros2_ws/src/ThirdParty/tiago_moveit_config) by extensions ['colcon_pkg']
[0.498s] Level 1:colcon.colcon_core.package_identification:_identify(/home/simone/bookros2_ws/src/ThirdParty/tiago_moveit_config) by extension 'colcon_pkg'
[0.498s] Level 1:colcon.colcon_core.package_identification:_identify(/home/simone/bookros2_ws/src/ThirdParty/tiago_moveit_config) by extensions ['colcon_meta']
[0.498s] Level 1:colcon.colcon_core.package_identification:_identify(/home/simone/bookros2_ws/src/ThirdParty/tiago_moveit_config) by extension 'colcon_meta'
[0.498s] Level 1:colcon.colcon_core.package_identification:_identify(/home/simone/bookros2_ws/src/ThirdParty/tiago_moveit_config) by extensions ['ros']
[0.498s] Level 1:colcon.colcon_core.package_identification:_identify(/home/simone/bookros2_ws/src/ThirdParty/tiago_moveit_config) by extension 'ros'
[0.499s] DEBUG:colcon.colcon_core.package_identification:Package '/home/simone/bookros2_ws/src/ThirdParty/tiago_moveit_config' with type 'ros.ament_cmake' and name 'tiago_moveit_config'
[0.499s] Level 1:colcon.colcon_core.package_identification:_identify(/home/simone/bookros2_ws/src/ThirdParty/tiago_navigation) by extensions ['ignore', 'ignore_ament_install']
[0.499s] Level 1:colcon.colcon_core.package_identification:_identify(/home/simone/bookros2_ws/src/ThirdParty/tiago_navigation) by extension 'ignore'
[0.499s] Level 1:colcon.colcon_core.package_identification:_identify(/home/simone/bookros2_ws/src/ThirdParty/tiago_navigation) by extension 'ignore_ament_install'
[0.499s] Level 1:colcon.colcon_core.package_identification:_identify(/home/simone/bookros2_ws/src/ThirdParty/tiago_navigation) by extensions ['colcon_pkg']
[0.501s] Level 1:colcon.colcon_core.package_identification:_identify(/home/simone/bookros2_ws/src/ThirdParty/tiago_navigation) by extension 'colcon_pkg'
[0.501s] Level 1:colcon.colcon_core.package_identification:_identify(/home/simone/bookros2_ws/src/ThirdParty/tiago_navigation) by extensions ['colcon_meta']
[0.501s] Level 1:colcon.colcon_core.package_identification:_identify(/home/simone/bookros2_ws/src/ThirdParty/tiago_navigation) by extension 'colcon_meta'
[0.501s] Level 1:colcon.colcon_core.package_identification:_identify(/home/simone/bookros2_ws/src/ThirdParty/tiago_navigation) by extensions ['ros']
[0.501s] Level 1:colcon.colcon_core.package_identification:_identify(/home/simone/bookros2_ws/src/ThirdParty/tiago_navigation) by extension 'ros'
[0.501s] Level 1:colcon.colcon_core.package_identification:_identify(/home/simone/bookros2_ws/src/ThirdParty/tiago_navigation) by extensions ['cmake', 'python']
[0.501s] Level 1:colcon.colcon_core.package_identification:_identify(/home/simone/bookros2_ws/src/ThirdParty/tiago_navigation) by extension 'cmake'
[0.501s] Level 1:colcon.colcon_core.package_identification:_identify(/home/simone/bookros2_ws/src/ThirdParty/tiago_navigation) by extension 'python'
[0.501s] Level 1:colcon.colcon_core.package_identification:_identify(/home/simone/bookros2_ws/src/ThirdParty/tiago_navigation) by extensions ['python_setup_py']
[0.501s] Level 1:colcon.colcon_core.package_identification:_identify(/home/simone/bookros2_ws/src/ThirdParty/tiago_navigation) by extension 'python_setup_py'
[0.501s] Level 1:colcon.colcon_core.package_identification:_identify(/home/simone/bookros2_ws/src/ThirdParty/tiago_navigation/tiago_2dnav) by extensions ['ignore', 'ignore_ament_install']
[0.501s] Level 1:colcon.colcon_core.package_identification:_identify(/home/simone/bookros2_ws/src/ThirdParty/tiago_navigation/tiago_2dnav) by extension 'ignore'
[0.501s] Level 1:colcon.colcon_core.package_identification:_identify(/home/simone/bookros2_ws/src/ThirdParty/tiago_navigation/tiago_2dnav) by extension 'ignore_ament_install'
[0.501s] Level 1:colcon.colcon_core.package_identification:_identify(/home/simone/bookros2_ws/src/ThirdParty/tiago_navigation/tiago_2dnav) by extensions ['colcon_pkg']
[0.501s] Level 1:colcon.colcon_core.package_identification:_identify(/home/simone/bookros2_ws/src/ThirdParty/tiago_navigation/tiago_2dnav) by extension 'colcon_pkg'
[0.501s] Level 1:colcon.colcon_core.package_identification:_identify(/home/simone/bookros2_ws/src/ThirdParty/tiago_navigation/tiago_2dnav) by extensions ['colcon_meta']
[0.501s] Level 1:colcon.colcon_core.package_identification:_identify(/home/simone/bookros2_ws/src/ThirdParty/tiago_navigation/tiago_2dnav) by extension 'colcon_meta'
[0.502s] Level 1:colcon.colcon_core.package_identification:_identify(/home/simone/bookros2_ws/src/ThirdParty/tiago_navigation/tiago_2dnav) by extensions ['ros']
[0.502s] Level 1:colcon.colcon_core.package_identification:_identify(/home/simone/bookros2_ws/src/ThirdParty/tiago_navigation/tiago_2dnav) by extension 'ros'
[0.502s] DEBUG:colcon.colcon_core.package_identification:Package '/home/simone/bookros2_ws/src/ThirdParty/tiago_navigation/tiago_2dnav' with type 'ros.ament_cmake' and name 'tiago_2dnav'
[0.502s] Level 1:colcon.colcon_core.package_identification:_identify(/home/simone/bookros2_ws/src/ThirdParty/tiago_navigation/tiago_laser_sensors) by extensions ['ignore', 'ignore_ament_install']
[0.502s] Level 1:colcon.colcon_core.package_identification:_identify(/home/simone/bookros2_ws/src/ThirdParty/tiago_navigation/tiago_laser_sensors) by extension 'ignore'
[0.503s] Level 1:colcon.colcon_core.package_identification:_identify(/home/simone/bookros2_ws/src/ThirdParty/tiago_navigation/tiago_laser_sensors) by extension 'ignore_ament_install'
[0.503s] Level 1:colcon.colcon_core.package_identification:_identify(/home/simone/bookros2_ws/src/ThirdParty/tiago_navigation/tiago_laser_sensors) by extensions ['colcon_pkg']
[0.503s] Level 1:colcon.colcon_core.package_identification:_identify(/home/simone/bookros2_ws/src/ThirdParty/tiago_navigation/tiago_laser_sensors) by extension 'colcon_pkg'
[0.503s] Level 1:colcon.colcon_core.package_identification:_identify(/home/simone/bookros2_ws/src/ThirdParty/tiago_navigation/tiago_laser_sensors) by extensions ['colcon_meta']
[0.503s] Level 1:colcon.colcon_core.package_identification:_identify(/home/simone/bookros2_ws/src/ThirdParty/tiago_navigation/tiago_laser_sensors) by extension 'colcon_meta'
[0.503s] Level 1:colcon.colcon_core.package_identification:_identify(/home/simone/bookros2_ws/src/ThirdParty/tiago_navigation/tiago_laser_sensors) by extensions ['ros']
[0.503s] Level 1:colcon.colcon_core.package_identification:_identify(/home/simone/bookros2_ws/src/ThirdParty/tiago_navigation/tiago_laser_sensors) by extension 'ros'
[0.504s] DEBUG:colcon.colcon_core.package_identification:Package '/home/simone/bookros2_ws/src/ThirdParty/tiago_navigation/tiago_laser_sensors' with type 'ros.ament_cmake' and name 'tiago_laser_sensors'
[0.504s] Level 1:colcon.colcon_core.package_identification:_identify(/home/simone/bookros2_ws/src/ThirdParty/tiago_navigation/tiago_navigation) by extensions ['ignore', 'ignore_ament_install']
[0.504s] Level 1:colcon.colcon_core.package_identification:_identify(/home/simone/bookros2_ws/src/ThirdParty/tiago_navigation/tiago_navigation) by extension 'ignore'
[0.504s] Level 1:colcon.colcon_core.package_identification:_identify(/home/simone/bookros2_ws/src/ThirdParty/tiago_navigation/tiago_navigation) by extension 'ignore_ament_install'
[0.504s] Level 1:colcon.colcon_core.package_identification:_identify(/home/simone/bookros2_ws/src/ThirdParty/tiago_navigation/tiago_navigation) by extensions ['colcon_pkg']
[0.504s] Level 1:colcon.colcon_core.package_identification:_identify(/home/simone/bookros2_ws/src/ThirdParty/tiago_navigation/tiago_navigation) by extension 'colcon_pkg'
[0.504s] Level 1:colcon.colcon_core.package_identification:_identify(/home/simone/bookros2_ws/src/ThirdParty/tiago_navigation/tiago_navigation) by extensions ['colcon_meta']
[0.504s] Level 1:colcon.colcon_core.package_identification:_identify(/home/simone/bookros2_ws/src/ThirdParty/tiago_navigation/tiago_navigation) by extension 'colcon_meta'
[0.504s] Level 1:colcon.colcon_core.package_identification:_identify(/home/simone/bookros2_ws/src/ThirdParty/tiago_navigation/tiago_navigation) by extensions ['ros']
[0.504s] Level 1:colcon.colcon_core.package_identification:_identify(/home/simone/bookros2_ws/src/ThirdParty/tiago_navigation/tiago_navigation) by extension 'ros'
[0.505s] DEBUG:colcon.colcon_core.package_identification:Package '/home/simone/bookros2_ws/src/ThirdParty/tiago_navigation/tiago_navigation' with type 'ros.ament_cmake' and name 'tiago_navigation'
[0.505s] Level 1:colcon.colcon_core.package_identification:_identify(/home/simone/bookros2_ws/src/ThirdParty/tiago_robot) by extensions ['ignore', 'ignore_ament_install']
[0.505s] Level 1:colcon.colcon_core.package_identification:_identify(/home/simone/bookros2_ws/src/ThirdParty/tiago_robot) by extension 'ignore'
[0.505s] Level 1:colcon.colcon_core.package_identification:_identify(/home/simone/bookros2_ws/src/ThirdParty/tiago_robot) by extension 'ignore_ament_install'
[0.505s] Level 1:colcon.colcon_core.package_identification:_identify(/home/simone/bookros2_ws/src/ThirdParty/tiago_robot) by extensions ['colcon_pkg']
[0.505s] Level 1:colcon.colcon_core.package_identification:_identify(/home/simone/bookros2_ws/src/ThirdParty/tiago_robot) by extension 'colcon_pkg'
[0.505s] Level 1:colcon.colcon_core.package_identification:_identify(/home/simone/bookros2_ws/src/ThirdParty/tiago_robot) by extensions ['colcon_meta']
[0.505s] Level 1:colcon.colcon_core.package_identification:_identify(/home/simone/bookros2_ws/src/ThirdParty/tiago_robot) by extension 'colcon_meta'
[0.506s] Level 1:colcon.colcon_core.package_identification:_identify(/home/simone/bookros2_ws/src/ThirdParty/tiago_robot) by extensions ['ros']
[0.506s] Level 1:colcon.colcon_core.package_identification:_identify(/home/simone/bookros2_ws/src/ThirdParty/tiago_robot) by extension 'ros'
[0.506s] Level 1:colcon.colcon_core.package_identification:_identify(/home/simone/bookros2_ws/src/ThirdParty/tiago_robot) by extensions ['cmake', 'python']
[0.506s] Level 1:colcon.colcon_core.package_identification:_identify(/home/simone/bookros2_ws/src/ThirdParty/tiago_robot) by extension 'cmake'
[0.506s] Level 1:colcon.colcon_core.package_identification:_identify(/home/simone/bookros2_ws/src/ThirdParty/tiago_robot) by extension 'python'
[0.506s] Level 1:colcon.colcon_core.package_identification:_identify(/home/simone/bookros2_ws/src/ThirdParty/tiago_robot) by extensions ['python_setup_py']
[0.506s] Level 1:colcon.colcon_core.package_identification:_identify(/home/simone/bookros2_ws/src/ThirdParty/tiago_robot) by extension 'python_setup_py'
[0.506s] Level 1:colcon.colcon_core.package_identification:_identify(/home/simone/bookros2_ws/src/ThirdParty/tiago_robot/tiago_bringup) by extensions ['ignore', 'ignore_ament_install']
[0.506s] Level 1:colcon.colcon_core.package_identification:_identify(/home/simone/bookros2_ws/src/ThirdParty/tiago_robot/tiago_bringup) by extension 'ignore'
[0.506s] Level 1:colcon.colcon_core.package_identification:_identify(/home/simone/bookros2_ws/src/ThirdParty/tiago_robot/tiago_bringup) by extension 'ignore_ament_install'
[0.506s] Level 1:colcon.colcon_core.package_identification:_identify(/home/simone/bookros2_ws/src/ThirdParty/tiago_robot/tiago_bringup) by extensions ['colcon_pkg']
[0.506s] Level 1:colcon.colcon_core.package_identification:_identify(/home/simone/bookros2_ws/src/ThirdParty/tiago_robot/tiago_bringup) by extension 'colcon_pkg'
[0.506s] Level 1:colcon.colcon_core.package_identification:_identify(/home/simone/bookros2_ws/src/ThirdParty/tiago_robot/tiago_bringup) by extensions ['colcon_meta']
[0.506s] Level 1:colcon.colcon_core.package_identification:_identify(/home/simone/bookros2_ws/src/ThirdParty/tiago_robot/tiago_bringup) by extension 'colcon_meta'
[0.506s] Level 1:colcon.colcon_core.package_identification:_identify(/home/simone/bookros2_ws/src/ThirdParty/tiago_robot/tiago_bringup) by extensions ['ros']
[0.506s] Level 1:colcon.colcon_core.package_identification:_identify(/home/simone/bookros2_ws/src/ThirdParty/tiago_robot/tiago_bringup) by extension 'ros'
[0.507s] DEBUG:colcon.colcon_core.package_identification:Package '/home/simone/bookros2_ws/src/ThirdParty/tiago_robot/tiago_bringup' with type 'ros.ament_cmake' and name 'tiago_bringup'
[0.507s] Level 1:colcon.colcon_core.package_identification:_identify(/home/simone/bookros2_ws/src/ThirdParty/tiago_robot/tiago_controller_configuration) by extensions ['ignore', 'ignore_ament_install']
[0.507s] Level 1:colcon.colcon_core.package_identification:_identify(/home/simone/bookros2_ws/src/ThirdParty/tiago_robot/tiago_controller_configuration) by extension 'ignore'
[0.508s] Level 1:colcon.colcon_core.package_identification:_identify(/home/simone/bookros2_ws/src/ThirdParty/tiago_robot/tiago_controller_configuration) by extension 'ignore_ament_install'
[0.508s] Level 1:colcon.colcon_core.package_identification:_identify(/home/simone/bookros2_ws/src/ThirdParty/tiago_robot/tiago_controller_configuration) by extensions ['colcon_pkg']
[0.508s] Level 1:colcon.colcon_core.package_identification:_identify(/home/simone/bookros2_ws/src/ThirdParty/tiago_robot/tiago_controller_configuration) by extension 'colcon_pkg'
[0.508s] Level 1:colcon.colcon_core.package_identification:_identify(/home/simone/bookros2_ws/src/ThirdParty/tiago_robot/tiago_controller_configuration) by extensions ['colcon_meta']
[0.508s] Level 1:colcon.colcon_core.package_identification:_identify(/home/simone/bookros2_ws/src/ThirdParty/tiago_robot/tiago_controller_configuration) by extension 'colcon_meta'
[0.508s] Level 1:colcon.colcon_core.package_identification:_identify(/home/simone/bookros2_ws/src/ThirdParty/tiago_robot/tiago_controller_configuration) by extensions ['ros']
[0.508s] Level 1:colcon.colcon_core.package_identification:_identify(/home/simone/bookros2_ws/src/ThirdParty/tiago_robot/tiago_controller_configuration) by extension 'ros'
[0.509s] DEBUG:colcon.colcon_core.package_identification:Package '/home/simone/bookros2_ws/src/ThirdParty/tiago_robot/tiago_controller_configuration' with type 'ros.ament_cmake' and name 'tiago_controller_configuration'
[0.509s] Level 1:colcon.colcon_core.package_identification:_identify(/home/simone/bookros2_ws/src/ThirdParty/tiago_robot/tiago_description) by extensions ['ignore', 'ignore_ament_install']
[0.509s] Level 1:colcon.colcon_core.package_identification:_identify(/home/simone/bookros2_ws/src/ThirdParty/tiago_robot/tiago_description) by extension 'ignore'
[0.509s] Level 1:colcon.colcon_core.package_identification:_identify(/home/simone/bookros2_ws/src/ThirdParty/tiago_robot/tiago_description) by extension 'ignore_ament_install'
[0.509s] Level 1:colcon.colcon_core.package_identification:_identify(/home/simone/bookros2_ws/src/ThirdParty/tiago_robot/tiago_description) by extensions ['colcon_pkg']
[0.509s] Level 1:colcon.colcon_core.package_identification:_identify(/home/simone/bookros2_ws/src/ThirdParty/tiago_robot/tiago_description) by extension 'colcon_pkg'
[0.509s] Level 1:colcon.colcon_core.package_identification:_identify(/home/simone/bookros2_ws/src/ThirdParty/tiago_robot/tiago_description) by extensions ['colcon_meta']
[0.509s] Level 1:colcon.colcon_core.package_identification:_identify(/home/simone/bookros2_ws/src/ThirdParty/tiago_robot/tiago_description) by extension 'colcon_meta'
[0.509s] Level 1:colcon.colcon_core.package_identification:_identify(/home/simone/bookros2_ws/src/ThirdParty/tiago_robot/tiago_description) by extensions ['ros']
[0.509s] Level 1:colcon.colcon_core.package_identification:_identify(/home/simone/bookros2_ws/src/ThirdParty/tiago_robot/tiago_description) by extension 'ros'
[0.510s] DEBUG:colcon.colcon_core.package_identification:Package '/home/simone/bookros2_ws/src/ThirdParty/tiago_robot/tiago_description' with type 'ros.ament_cmake' and name 'tiago_description'
[0.510s] Level 1:colcon.colcon_core.package_identification:_identify(/home/simone/bookros2_ws/src/ThirdParty/tiago_robot/tiago_robot) by extensions ['ignore', 'ignore_ament_install']
[0.510s] Level 1:colcon.colcon_core.package_identification:_identify(/home/simone/bookros2_ws/src/ThirdParty/tiago_robot/tiago_robot) by extension 'ignore'
[0.510s] Level 1:colcon.colcon_core.package_identification:_identify(/home/simone/bookros2_ws/src/ThirdParty/tiago_robot/tiago_robot) by extension 'ignore_ament_install'
[0.510s] Level 1:colcon.colcon_core.package_identification:_identify(/home/simone/bookros2_ws/src/ThirdParty/tiago_robot/tiago_robot) by extensions ['colcon_pkg']
[0.510s] Level 1:colcon.colcon_core.package_identification:_identify(/home/simone/bookros2_ws/src/ThirdParty/tiago_robot/tiago_robot) by extension 'colcon_pkg'
[0.510s] Level 1:colcon.colcon_core.package_identification:_identify(/home/simone/bookros2_ws/src/ThirdParty/tiago_robot/tiago_robot) by extensions ['colcon_meta']
[0.510s] Level 1:colcon.colcon_core.package_identification:_identify(/home/simone/bookros2_ws/src/ThirdParty/tiago_robot/tiago_robot) by extension 'colcon_meta'
[0.511s] Level 1:colcon.colcon_core.package_identification:_identify(/home/simone/bookros2_ws/src/ThirdParty/tiago_robot/tiago_robot) by extensions ['ros']
[0.511s] Level 1:colcon.colcon_core.package_identification:_identify(/home/simone/bookros2_ws/src/ThirdParty/tiago_robot/tiago_robot) by extension 'ros'
[0.511s] DEBUG:colcon.colcon_core.package_identification:Package '/home/simone/bookros2_ws/src/ThirdParty/tiago_robot/tiago_robot' with type 'ros.ament_cmake' and name 'tiago_robot'
[0.511s] Level 1:colcon.colcon_core.package_identification:_identify(/home/simone/bookros2_ws/src/ThirdParty/tiago_simulation) by extensions ['ignore', 'ignore_ament_install']
[0.511s] Level 1:colcon.colcon_core.package_identification:_identify(/home/simone/bookros2_ws/src/ThirdParty/tiago_simulation) by extension 'ignore'
[0.511s] Level 1:colcon.colcon_core.package_identification:_identify(/home/simone/bookros2_ws/src/ThirdParty/tiago_simulation) by extension 'ignore_ament_install'
[0.511s] Level 1:colcon.colcon_core.package_identification:_identify(/home/simone/bookros2_ws/src/ThirdParty/tiago_simulation) by extensions ['colcon_pkg']
[0.511s] Level 1:colcon.colcon_core.package_identification:_identify(/home/simone/bookros2_ws/src/ThirdParty/tiago_simulation) by extension 'colcon_pkg'
[0.512s] Level 1:colcon.colcon_core.package_identification:_identify(/home/simone/bookros2_ws/src/ThirdParty/tiago_simulation) by extensions ['colcon_meta']
[0.512s] Level 1:colcon.colcon_core.package_identification:_identify(/home/simone/bookros2_ws/src/ThirdParty/tiago_simulation) by extension 'colcon_meta'
[0.512s] Level 1:colcon.colcon_core.package_identification:_identify(/home/simone/bookros2_ws/src/ThirdParty/tiago_simulation) by extensions ['ros']
[0.512s] Level 1:colcon.colcon_core.package_identification:_identify(/home/simone/bookros2_ws/src/ThirdParty/tiago_simulation) by extension 'ros'
[0.512s] Level 1:colcon.colcon_core.package_identification:_identify(/home/simone/bookros2_ws/src/ThirdParty/tiago_simulation) by extensions ['cmake', 'python']
[0.512s] Level 1:colcon.colcon_core.package_identification:_identify(/home/simone/bookros2_ws/src/ThirdParty/tiago_simulation) by extension 'cmake'
[0.512s] Level 1:colcon.colcon_core.package_identification:_identify(/home/simone/bookros2_ws/src/ThirdParty/tiago_simulation) by extension 'python'
[0.512s] Level 1:colcon.colcon_core.package_identification:_identify(/home/simone/bookros2_ws/src/ThirdParty/tiago_simulation) by extensions ['python_setup_py']
[0.512s] Level 1:colcon.colcon_core.package_identification:_identify(/home/simone/bookros2_ws/src/ThirdParty/tiago_simulation) by extension 'python_setup_py'
[0.512s] Level 1:colcon.colcon_core.package_identification:_identify(/home/simone/bookros2_ws/src/ThirdParty/tiago_simulation/doc) by extensions ['ignore', 'ignore_ament_install']
[0.512s] Level 1:colcon.colcon_core.package_identification:_identify(/home/simone/bookros2_ws/src/ThirdParty/tiago_simulation/doc) by extension 'ignore'
[0.512s] Level 1:colcon.colcon_core.package_identification:_identify(/home/simone/bookros2_ws/src/ThirdParty/tiago_simulation/doc) by extension 'ignore_ament_install'
[0.512s] Level 1:colcon.colcon_core.package_identification:_identify(/home/simone/bookros2_ws/src/ThirdParty/tiago_simulation/doc) by extensions ['colcon_pkg']
[0.512s] Level 1:colcon.colcon_core.package_identification:_identify(/home/simone/bookros2_ws/src/ThirdParty/tiago_simulation/doc) by extension 'colcon_pkg'
[0.512s] Level 1:colcon.colcon_core.package_identification:_identify(/home/simone/bookros2_ws/src/ThirdParty/tiago_simulation/doc) by extensions ['colcon_meta']
[0.512s] Level 1:colcon.colcon_core.package_identification:_identify(/home/simone/bookros2_ws/src/ThirdParty/tiago_simulation/doc) by extension 'colcon_meta'
[0.512s] Level 1:colcon.colcon_core.package_identification:_identify(/home/simone/bookros2_ws/src/ThirdParty/tiago_simulation/doc) by extensions ['ros']
[0.512s] Level 1:colcon.colcon_core.package_identification:_identify(/home/simone/bookros2_ws/src/ThirdParty/tiago_simulation/doc) by extension 'ros'
[0.513s] Level 1:colcon.colcon_core.package_identification:_identify(/home/simone/bookros2_ws/src/ThirdParty/tiago_simulation/doc) by extensions ['cmake', 'python']
[0.513s] Level 1:colcon.colcon_core.package_identification:_identify(/home/simone/bookros2_ws/src/ThirdParty/tiago_simulation/doc) by extension 'cmake'
[0.513s] Level 1:colcon.colcon_core.package_identification:_identify(/home/simone/bookros2_ws/src/ThirdParty/tiago_simulation/doc) by extension 'python'
[0.513s] Level 1:colcon.colcon_core.package_identification:_identify(/home/simone/bookros2_ws/src/ThirdParty/tiago_simulation/doc) by extensions ['python_setup_py']
[0.513s] Level 1:colcon.colcon_core.package_identification:_identify(/home/simone/bookros2_ws/src/ThirdParty/tiago_simulation/doc) by extension 'python_setup_py'
[0.513s] Level 1:colcon.colcon_core.package_identification:_identify(/home/simone/bookros2_ws/src/ThirdParty/tiago_simulation/doc/media) by extensions ['ignore', 'ignore_ament_install']
[0.513s] Level 1:colcon.colcon_core.package_identification:_identify(/home/simone/bookros2_ws/src/ThirdParty/tiago_simulation/doc/media) by extension 'ignore'
[0.513s] Level 1:colcon.colcon_core.package_identification:_identify(/home/simone/bookros2_ws/src/ThirdParty/tiago_simulation/doc/media) by extension 'ignore_ament_install'
[0.513s] Level 1:colcon.colcon_core.package_identification:_identify(/home/simone/bookros2_ws/src/ThirdParty/tiago_simulation/doc/media) by extensions ['colcon_pkg']
[0.513s] Level 1:colcon.colcon_core.package_identification:_identify(/home/simone/bookros2_ws/src/ThirdParty/tiago_simulation/doc/media) by extension 'colcon_pkg'
[0.513s] Level 1:colcon.colcon_core.package_identification:_identify(/home/simone/bookros2_ws/src/ThirdParty/tiago_simulation/doc/media) by extensions ['colcon_meta']
[0.513s] Level 1:colcon.colcon_core.package_identification:_identify(/home/simone/bookros2_ws/src/ThirdParty/tiago_simulation/doc/media) by extension 'colcon_meta'
[0.513s] Level 1:colcon.colcon_core.package_identification:_identify(/home/simone/bookros2_ws/src/ThirdParty/tiago_simulation/doc/media) by extensions ['ros']
[0.513s] Level 1:colcon.colcon_core.package_identification:_identify(/home/simone/bookros2_ws/src/ThirdParty/tiago_simulation/doc/media) by extension 'ros'
[0.513s] Level 1:colcon.colcon_core.package_identification:_identify(/home/simone/bookros2_ws/src/ThirdParty/tiago_simulation/doc/media) by extensions ['cmake', 'python']
[0.513s] Level 1:colcon.colcon_core.package_identification:_identify(/home/simone/bookros2_ws/src/ThirdParty/tiago_simulation/doc/media) by extension 'cmake'
[0.513s] Level 1:colcon.colcon_core.package_identification:_identify(/home/simone/bookros2_ws/src/ThirdParty/tiago_simulation/doc/media) by extension 'python'
[0.514s] Level 1:colcon.colcon_core.package_identification:_identify(/home/simone/bookros2_ws/src/ThirdParty/tiago_simulation/doc/media) by extensions ['python_setup_py']
[0.514s] Level 1:colcon.colcon_core.package_identification:_identify(/home/simone/bookros2_ws/src/ThirdParty/tiago_simulation/doc/media) by extension 'python_setup_py'
[0.514s] Level 1:colcon.colcon_core.package_identification:_identify(/home/simone/bookros2_ws/src/ThirdParty/tiago_simulation/tiago_gazebo) by extensions ['ignore', 'ignore_ament_install']
[0.514s] Level 1:colcon.colcon_core.package_identification:_identify(/home/simone/bookros2_ws/src/ThirdParty/tiago_simulation/tiago_gazebo) by extension 'ignore'
[0.514s] Level 1:colcon.colcon_core.package_identification:_identify(/home/simone/bookros2_ws/src/ThirdParty/tiago_simulation/tiago_gazebo) by extension 'ignore_ament_install'
[0.514s] Level 1:colcon.colcon_core.package_identification:_identify(/home/simone/bookros2_ws/src/ThirdParty/tiago_simulation/tiago_gazebo) by extensions ['colcon_pkg']
[0.514s] Level 1:colcon.colcon_core.package_identification:_identify(/home/simone/bookros2_ws/src/ThirdParty/tiago_simulation/tiago_gazebo) by extension 'colcon_pkg'
[0.514s] Level 1:colcon.colcon_core.package_identification:_identify(/home/simone/bookros2_ws/src/ThirdParty/tiago_simulation/tiago_gazebo) by extensions ['colcon_meta']
[0.514s] Level 1:colcon.colcon_core.package_identification:_identify(/home/simone/bookros2_ws/src/ThirdParty/tiago_simulation/tiago_gazebo) by extension 'colcon_meta'
[0.514s] Level 1:colcon.colcon_core.package_identification:_identify(/home/simone/bookros2_ws/src/ThirdParty/tiago_simulation/tiago_gazebo) by extensions ['ros']
[0.514s] Level 1:colcon.colcon_core.package_identification:_identify(/home/simone/bookros2_ws/src/ThirdParty/tiago_simulation/tiago_gazebo) by extension 'ros'
[0.516s] DEBUG:colcon.colcon_core.package_identification:Package '/home/simone/bookros2_ws/src/ThirdParty/tiago_simulation/tiago_gazebo' with type 'ros.ament_cmake' and name 'tiago_gazebo'
[0.516s] Level 1:colcon.colcon_core.package_identification:_identify(/home/simone/bookros2_ws/src/ThirdParty/tiago_simulation/tiago_multi) by extensions ['ignore', 'ignore_ament_install']
[0.516s] Level 1:colcon.colcon_core.package_identification:_identify(/home/simone/bookros2_ws/src/ThirdParty/tiago_simulation/tiago_multi) by extension 'ignore'
[0.516s] Level 1:colcon.colcon_core.package_identification:_identify(/home/simone/bookros2_ws/src/ThirdParty/tiago_simulation/tiago_multi) ignored
[0.516s] Level 1:colcon.colcon_core.package_identification:_identify(/home/simone/bookros2_ws/src/ThirdParty/tiago_simulation/tiago_simulation) by extensions ['ignore', 'ignore_ament_install']
[0.516s] Level 1:colcon.colcon_core.package_identification:_identify(/home/simone/bookros2_ws/src/ThirdParty/tiago_simulation/tiago_simulation) by extension 'ignore'
[0.516s] Level 1:colcon.colcon_core.package_identification:_identify(/home/simone/bookros2_ws/src/ThirdParty/tiago_simulation/tiago_simulation) by extension 'ignore_ament_install'
[0.516s] Level 1:colcon.colcon_core.package_identification:_identify(/home/simone/bookros2_ws/src/ThirdParty/tiago_simulation/tiago_simulation) by extensions ['colcon_pkg']
[0.516s] Level 1:colcon.colcon_core.package_identification:_identify(/home/simone/bookros2_ws/src/ThirdParty/tiago_simulation/tiago_simulation) by extension 'colcon_pkg'
[0.516s] Level 1:colcon.colcon_core.package_identification:_identify(/home/simone/bookros2_ws/src/ThirdParty/tiago_simulation/tiago_simulation) by extensions ['colcon_meta']
[0.516s] Level 1:colcon.colcon_core.package_identification:_identify(/home/simone/bookros2_ws/src/ThirdParty/tiago_simulation/tiago_simulation) by extension 'colcon_meta'
[0.516s] Level 1:colcon.colcon_core.package_identification:_identify(/home/simone/bookros2_ws/src/ThirdParty/tiago_simulation/tiago_simulation) by extensions ['ros']
[0.516s] Level 1:colcon.colcon_core.package_identification:_identify(/home/simone/bookros2_ws/src/ThirdParty/tiago_simulation/tiago_simulation) by extension 'ros'
[0.517s] DEBUG:colcon.colcon_core.package_identification:Package '/home/simone/bookros2_ws/src/ThirdParty/tiago_simulation/tiago_simulation' with type 'ros.ament_cmake' and name 'tiago_simulation'
[0.517s] Level 1:colcon.colcon_core.package_identification:_identify(/home/simone/bookros2_ws/src/ThirdParty/urdf_test) by extensions ['ignore', 'ignore_ament_install']
[0.517s] Level 1:colcon.colcon_core.package_identification:_identify(/home/simone/bookros2_ws/src/ThirdParty/urdf_test) by extension 'ignore'
[0.517s] Level 1:colcon.colcon_core.package_identification:_identify(/home/simone/bookros2_ws/src/ThirdParty/urdf_test) by extension 'ignore_ament_install'
[0.517s] Level 1:colcon.colcon_core.package_identification:_identify(/home/simone/bookros2_ws/src/ThirdParty/urdf_test) by extensions ['colcon_pkg']
[0.517s] Level 1:colcon.colcon_core.package_identification:_identify(/home/simone/bookros2_ws/src/ThirdParty/urdf_test) by extension 'colcon_pkg'
[0.517s] Level 1:colcon.colcon_core.package_identification:_identify(/home/simone/bookros2_ws/src/ThirdParty/urdf_test) by extensions ['colcon_meta']
[0.517s] Level 1:colcon.colcon_core.package_identification:_identify(/home/simone/bookros2_ws/src/ThirdParty/urdf_test) by extension 'colcon_meta'
[0.518s] Level 1:colcon.colcon_core.package_identification:_identify(/home/simone/bookros2_ws/src/ThirdParty/urdf_test) by extensions ['ros']
[0.518s] Level 1:colcon.colcon_core.package_identification:_identify(/home/simone/bookros2_ws/src/ThirdParty/urdf_test) by extension 'ros'
[0.518s] DEBUG:colcon.colcon_core.package_identification:Package '/home/simone/bookros2_ws/src/ThirdParty/urdf_test' with type 'ros.ament_cmake' and name 'urdf_test'
[0.518s] Level 1:colcon.colcon_core.package_identification:_identify(/home/simone/bookros2_ws/src/book_ros2) by extensions ['ignore', 'ignore_ament_install']
[0.518s] Level 1:colcon.colcon_core.package_identification:_identify(/home/simone/bookros2_ws/src/book_ros2) by extension 'ignore'
[0.519s] Level 1:colcon.colcon_core.package_identification:_identify(/home/simone/bookros2_ws/src/book_ros2) by extension 'ignore_ament_install'
[0.519s] Level 1:colcon.colcon_core.package_identification:_identify(/home/simone/bookros2_ws/src/book_ros2) by extensions ['colcon_pkg']
[0.519s] Level 1:colcon.colcon_core.package_identification:_identify(/home/simone/bookros2_ws/src/book_ros2) by extension 'colcon_pkg'
[0.519s] Level 1:colcon.colcon_core.package_identification:_identify(/home/simone/bookros2_ws/src/book_ros2) by extensions ['colcon_meta']
[0.519s] Level 1:colcon.colcon_core.package_identification:_identify(/home/simone/bookros2_ws/src/book_ros2) by extension 'colcon_meta'
[0.519s] Level 1:colcon.colcon_core.package_identification:_identify(/home/simone/bookros2_ws/src/book_ros2) by extensions ['ros']
[0.519s] Level 1:colcon.colcon_core.package_identification:_identify(/home/simone/bookros2_ws/src/book_ros2) by extension 'ros'
[0.519s] Level 1:colcon.colcon_core.package_identification:_identify(/home/simone/bookros2_ws/src/book_ros2) by extensions ['cmake', 'python']
[0.519s] Level 1:colcon.colcon_core.package_identification:_identify(/home/simone/bookros2_ws/src/book_ros2) by extension 'cmake'
[0.519s] Level 1:colcon.colcon_core.package_identification:_identify(/home/simone/bookros2_ws/src/book_ros2) by extension 'python'
[0.519s] Level 1:colcon.colcon_core.package_identification:_identify(/home/simone/bookros2_ws/src/book_ros2) by extensions ['python_setup_py']
[0.519s] Level 1:colcon.colcon_core.package_identification:_identify(/home/simone/bookros2_ws/src/book_ros2) by extension 'python_setup_py'
[0.519s] Level 1:colcon.colcon_core.package_identification:_identify(/home/simone/bookros2_ws/src/book_ros2/br2_basics) by extensions ['ignore', 'ignore_ament_install']
[0.519s] Level 1:colcon.colcon_core.package_identification:_identify(/home/simone/bookros2_ws/src/book_ros2/br2_basics) by extension 'ignore'
[0.519s] Level 1:colcon.colcon_core.package_identification:_identify(/home/simone/bookros2_ws/src/book_ros2/br2_basics) by extension 'ignore_ament_install'
[0.519s] Level 1:colcon.colcon_core.package_identification:_identify(/home/simone/bookros2_ws/src/book_ros2/br2_basics) by extensions ['colcon_pkg']
[0.519s] Level 1:colcon.colcon_core.package_identification:_identify(/home/simone/bookros2_ws/src/book_ros2/br2_basics) by extension 'colcon_pkg'
[0.519s] Level 1:colcon.colcon_core.package_identification:_identify(/home/simone/bookros2_ws/src/book_ros2/br2_basics) by extensions ['colcon_meta']
[0.519s] Level 1:colcon.colcon_core.package_identification:_identify(/home/simone/bookros2_ws/src/book_ros2/br2_basics) by extension 'colcon_meta'
[0.520s] Level 1:colcon.colcon_core.package_identification:_identify(/home/simone/bookros2_ws/src/book_ros2/br2_basics) by extensions ['ros']
[0.520s] Level 1:colcon.colcon_core.package_identification:_identify(/home/simone/bookros2_ws/src/book_ros2/br2_basics) by extension 'ros'
[0.520s] DEBUG:colcon.colcon_core.package_identification:Package '/home/simone/bookros2_ws/src/book_ros2/br2_basics' with type 'ros.ament_cmake' and name 'br2_basics'
[0.520s] Level 1:colcon.colcon_core.package_identification:_identify(/home/simone/bookros2_ws/src/book_ros2/br2_bt_bumpgo) by extensions ['ignore', 'ignore_ament_install']
[0.521s] Level 1:colcon.colcon_core.package_identification:_identify(/home/simone/bookros2_ws/src/book_ros2/br2_bt_bumpgo) by extension 'ignore'
[0.521s] Level 1:colcon.colcon_core.package_identification:_identify(/home/simone/bookros2_ws/src/book_ros2/br2_bt_bumpgo) by extension 'ignore_ament_install'
[0.521s] Level 1:colcon.colcon_core.package_identification:_identify(/home/simone/bookros2_ws/src/book_ros2/br2_bt_bumpgo) by extensions ['colcon_pkg']
[0.521s] Level 1:colcon.colcon_core.package_identification:_identify(/home/simone/bookros2_ws/src/book_ros2/br2_bt_bumpgo) by extension 'colcon_pkg'
[0.521s] Level 1:colcon.colcon_core.package_identification:_identify(/home/simone/bookros2_ws/src/book_ros2/br2_bt_bumpgo) by extensions ['colcon_meta']
[0.521s] Level 1:colcon.colcon_core.package_identification:_identify(/home/simone/bookros2_ws/src/book_ros2/br2_bt_bumpgo) by extension 'colcon_meta'
[0.521s] Level 1:colcon.colcon_core.package_identification:_identify(/home/simone/bookros2_ws/src/book_ros2/br2_bt_bumpgo) by extensions ['ros']
[0.521s] Level 1:colcon.colcon_core.package_identification:_identify(/home/simone/bookros2_ws/src/book_ros2/br2_bt_bumpgo) by extension 'ros'
[0.522s] DEBUG:colcon.colcon_core.package_identification:Package '/home/simone/bookros2_ws/src/book_ros2/br2_bt_bumpgo' with type 'ros.ament_cmake' and name 'br2_bt_bumpgo'
[0.522s] Level 1:colcon.colcon_core.package_identification:_identify(/home/simone/bookros2_ws/src/book_ros2/br2_bt_patrolling) by extensions ['ignore', 'ignore_ament_install']
[0.522s] Level 1:colcon.colcon_core.package_identification:_identify(/home/simone/bookros2_ws/src/book_ros2/br2_bt_patrolling) by extension 'ignore'
[0.522s] Level 1:colcon.colcon_core.package_identification:_identify(/home/simone/bookros2_ws/src/book_ros2/br2_bt_patrolling) by extension 'ignore_ament_install'
[0.523s] Level 1:colcon.colcon_core.package_identification:_identify(/home/simone/bookros2_ws/src/book_ros2/br2_bt_patrolling) by extensions ['colcon_pkg']
[0.523s] Level 1:colcon.colcon_core.package_identification:_identify(/home/simone/bookros2_ws/src/book_ros2/br2_bt_patrolling) by extension 'colcon_pkg'
[0.523s] Level 1:colcon.colcon_core.package_identification:_identify(/home/simone/bookros2_ws/src/book_ros2/br2_bt_patrolling) by extensions ['colcon_meta']
[0.523s] Level 1:colcon.colcon_core.package_identification:_identify(/home/simone/bookros2_ws/src/book_ros2/br2_bt_patrolling) by extension 'colcon_meta'
[0.523s] Level 1:colcon.colcon_core.package_identification:_identify(/home/simone/bookros2_ws/src/book_ros2/br2_bt_patrolling) by extensions ['ros']
[0.523s] Level 1:colcon.colcon_core.package_identification:_identify(/home/simone/bookros2_ws/src/book_ros2/br2_bt_patrolling) by extension 'ros'
[0.525s] DEBUG:colcon.colcon_core.package_identification:Package '/home/simone/bookros2_ws/src/book_ros2/br2_bt_patrolling' with type 'ros.ament_cmake' and name 'br2_bt_patrolling'
[0.525s] Level 1:colcon.colcon_core.package_identification:_identify(/home/simone/bookros2_ws/src/book_ros2/br2_fsm_bumpgo_cpp) by extensions ['ignore', 'ignore_ament_install']
[0.525s] Level 1:colcon.colcon_core.package_identification:_identify(/home/simone/bookros2_ws/src/book_ros2/br2_fsm_bumpgo_cpp) by extension 'ignore'
[0.525s] Level 1:colcon.colcon_core.package_identification:_identify(/home/simone/bookros2_ws/src/book_ros2/br2_fsm_bumpgo_cpp) by extension 'ignore_ament_install'
[0.525s] Level 1:colcon.colcon_core.package_identification:_identify(/home/simone/bookros2_ws/src/book_ros2/br2_fsm_bumpgo_cpp) by extensions ['colcon_pkg']
[0.525s] Level 1:colcon.colcon_core.package_identification:_identify(/home/simone/bookros2_ws/src/book_ros2/br2_fsm_bumpgo_cpp) by extension 'colcon_pkg'
[0.525s] Level 1:colcon.colcon_core.package_identification:_identify(/home/simone/bookros2_ws/src/book_ros2/br2_fsm_bumpgo_cpp) by extensions ['colcon_meta']
[0.525s] Level 1:colcon.colcon_core.package_identification:_identify(/home/simone/bookros2_ws/src/book_ros2/br2_fsm_bumpgo_cpp) by extension 'colcon_meta'
[0.525s] Level 1:colcon.colcon_core.package_identification:_identify(/home/simone/bookros2_ws/src/book_ros2/br2_fsm_bumpgo_cpp) by extensions ['ros']
[0.525s] Level 1:colcon.colcon_core.package_identification:_identify(/home/simone/bookros2_ws/src/book_ros2/br2_fsm_bumpgo_cpp) by extension 'ros'
[0.526s] DEBUG:colcon.colcon_core.package_identification:Package '/home/simone/bookros2_ws/src/book_ros2/br2_fsm_bumpgo_cpp' with type 'ros.ament_cmake' and name 'br2_fsm_bumpgo_cpp'
[0.527s] Level 1:colcon.colcon_core.package_identification:_identify(/home/simone/bookros2_ws/src/book_ros2/br2_fsm_bumpgo_py) by extensions ['ignore', 'ignore_ament_install']
[0.527s] Level 1:colcon.colcon_core.package_identification:_identify(/home/simone/bookros2_ws/src/book_ros2/br2_fsm_bumpgo_py) by extension 'ignore'
[0.527s] Level 1:colcon.colcon_core.package_identification:_identify(/home/simone/bookros2_ws/src/book_ros2/br2_fsm_bumpgo_py) by extension 'ignore_ament_install'
[0.527s] Level 1:colcon.colcon_core.package_identification:_identify(/home/simone/bookros2_ws/src/book_ros2/br2_fsm_bumpgo_py) by extensions ['colcon_pkg']
[0.527s] Level 1:colcon.colcon_core.package_identification:_identify(/home/simone/bookros2_ws/src/book_ros2/br2_fsm_bumpgo_py) by extension 'colcon_pkg'
[0.527s] Level 1:colcon.colcon_core.package_identification:_identify(/home/simone/bookros2_ws/src/book_ros2/br2_fsm_bumpgo_py) by extensions ['colcon_meta']
[0.527s] Level 1:colcon.colcon_core.package_identification:_identify(/home/simone/bookros2_ws/src/book_ros2/br2_fsm_bumpgo_py) by extension 'colcon_meta'
[0.527s] Level 1:colcon.colcon_core.package_identification:_identify(/home/simone/bookros2_ws/src/book_ros2/br2_fsm_bumpgo_py) by extensions ['ros']
[0.527s] Level 1:colcon.colcon_core.package_identification:_identify(/home/simone/bookros2_ws/src/book_ros2/br2_fsm_bumpgo_py) by extension 'ros'
[0.528s] DEBUG:colcon.colcon_core.package_identification:Package '/home/simone/bookros2_ws/src/book_ros2/br2_fsm_bumpgo_py' with type 'ros.ament_python' and name 'br2_fsm_bumpgo_py'
[0.528s] Level 1:colcon.colcon_core.package_identification:_identify(/home/simone/bookros2_ws/src/book_ros2/br2_navigation) by extensions ['ignore', 'ignore_ament_install']
[0.529s] Level 1:colcon.colcon_core.package_identification:_identify(/home/simone/bookros2_ws/src/book_ros2/br2_navigation) by extension 'ignore'
[0.529s] Level 1:colcon.colcon_core.package_identification:_identify(/home/simone/bookros2_ws/src/book_ros2/br2_navigation) by extension 'ignore_ament_install'
[0.529s] Level 1:colcon.colcon_core.package_identification:_identify(/home/simone/bookros2_ws/src/book_ros2/br2_navigation) by extensions ['colcon_pkg']
[0.529s] Level 1:colcon.colcon_core.package_identification:_identify(/home/simone/bookros2_ws/src/book_ros2/br2_navigation) by extension 'colcon_pkg'
[0.529s] Level 1:colcon.colcon_core.package_identification:_identify(/home/simone/bookros2_ws/src/book_ros2/br2_navigation) by extensions ['colcon_meta']
[0.529s] Level 1:colcon.colcon_core.package_identification:_identify(/home/simone/bookros2_ws/src/book_ros2/br2_navigation) by extension 'colcon_meta'
[0.529s] Level 1:colcon.colcon_core.package_identification:_identify(/home/simone/bookros2_ws/src/book_ros2/br2_navigation) by extensions ['ros']
[0.529s] Level 1:colcon.colcon_core.package_identification:_identify(/home/simone/bookros2_ws/src/book_ros2/br2_navigation) by extension 'ros'
[0.530s] DEBUG:colcon.colcon_core.package_identification:Package '/home/simone/bookros2_ws/src/book_ros2/br2_navigation' with type 'ros.ament_cmake' and name 'br2_navigation'
[0.530s] Level 1:colcon.colcon_core.package_identification:_identify(/home/simone/bookros2_ws/src/book_ros2/br2_tf2_detector) by extensions ['ignore', 'ignore_ament_install']
[0.530s] Level 1:colcon.colcon_core.package_identification:_identify(/home/simone/bookros2_ws/src/book_ros2/br2_tf2_detector) by extension 'ignore'
[0.530s] Level 1:colcon.colcon_core.package_identification:_identify(/home/simone/bookros2_ws/src/book_ros2/br2_tf2_detector) by extension 'ignore_ament_install'
[0.530s] Level 1:colcon.colcon_core.package_identification:_identify(/home/simone/bookros2_ws/src/book_ros2/br2_tf2_detector) by extensions ['colcon_pkg']
[0.530s] Level 1:colcon.colcon_core.package_identification:_identify(/home/simone/bookros2_ws/src/book_ros2/br2_tf2_detector) by extension 'colcon_pkg'
[0.530s] Level 1:colcon.colcon_core.package_identification:_identify(/home/simone/bookros2_ws/src/book_ros2/br2_tf2_detector) by extensions ['colcon_meta']
[0.530s] Level 1:colcon.colcon_core.package_identification:_identify(/home/simone/bookros2_ws/src/book_ros2/br2_tf2_detector) by extension 'colcon_meta'
[0.530s] Level 1:colcon.colcon_core.package_identification:_identify(/home/simone/bookros2_ws/src/book_ros2/br2_tf2_detector) by extensions ['ros']
[0.530s] Level 1:colcon.colcon_core.package_identification:_identify(/home/simone/bookros2_ws/src/book_ros2/br2_tf2_detector) by extension 'ros'
[0.532s] DEBUG:colcon.colcon_core.package_identification:Package '/home/simone/bookros2_ws/src/book_ros2/br2_tf2_detector' with type 'ros.ament_cmake' and name 'br2_tf2_detector'
[0.532s] Level 1:colcon.colcon_core.package_identification:_identify(/home/simone/bookros2_ws/src/book_ros2/br2_tf2_detector_py) by extensions ['ignore', 'ignore_ament_install']
[0.532s] Level 1:colcon.colcon_core.package_identification:_identify(/home/simone/bookros2_ws/src/book_ros2/br2_tf2_detector_py) by extension 'ignore'
[0.532s] Level 1:colcon.colcon_core.package_identification:_identify(/home/simone/bookros2_ws/src/book_ros2/br2_tf2_detector_py) by extension 'ignore_ament_install'
[0.532s] Level 1:colcon.colcon_core.package_identification:_identify(/home/simone/bookros2_ws/src/book_ros2/br2_tf2_detector_py) by extensions ['colcon_pkg']
[0.532s] Level 1:colcon.colcon_core.package_identification:_identify(/home/simone/bookros2_ws/src/book_ros2/br2_tf2_detector_py) by extension 'colcon_pkg'
[0.532s] Level 1:colcon.colcon_core.package_identification:_identify(/home/simone/bookros2_ws/src/book_ros2/br2_tf2_detector_py) by extensions ['colcon_meta']
[0.532s] Level 1:colcon.colcon_core.package_identification:_identify(/home/simone/bookros2_ws/src/book_ros2/br2_tf2_detector_py) by extension 'colcon_meta'
[0.533s] Level 1:colcon.colcon_core.package_identification:_identify(/home/simone/bookros2_ws/src/book_ros2/br2_tf2_detector_py) by extensions ['ros']
[0.533s] Level 1:colcon.colcon_core.package_identification:_identify(/home/simone/bookros2_ws/src/book_ros2/br2_tf2_detector_py) by extension 'ros'
[0.534s] DEBUG:colcon.colcon_core.package_identification:Package '/home/simone/bookros2_ws/src/book_ros2/br2_tf2_detector_py' with type 'ros.ament_python' and name 'br2_tf2_detector_py'
[0.534s] Level 1:colcon.colcon_core.package_identification:_identify(/home/simone/bookros2_ws/src/book_ros2/br2_tiago) by extensions ['ignore', 'ignore_ament_install']
[0.534s] Level 1:colcon.colcon_core.package_identification:_identify(/home/simone/bookros2_ws/src/book_ros2/br2_tiago) by extension 'ignore'
[0.534s] Level 1:colcon.colcon_core.package_identification:_identify(/home/simone/bookros2_ws/src/book_ros2/br2_tiago) by extension 'ignore_ament_install'
[0.534s] Level 1:colcon.colcon_core.package_identification:_identify(/home/simone/bookros2_ws/src/book_ros2/br2_tiago) by extensions ['colcon_pkg']
[0.534s] Level 1:colcon.colcon_core.package_identification:_identify(/home/simone/bookros2_ws/src/book_ros2/br2_tiago) by extension 'colcon_pkg'
[0.534s] Level 1:colcon.colcon_core.package_identification:_identify(/home/simone/bookros2_ws/src/book_ros2/br2_tiago) by extensions ['colcon_meta']
[0.534s] Level 1:colcon.colcon_core.package_identification:_identify(/home/simone/bookros2_ws/src/book_ros2/br2_tiago) by extension 'colcon_meta'
[0.534s] Level 1:colcon.colcon_core.package_identification:_identify(/home/simone/bookros2_ws/src/book_ros2/br2_tiago) by extensions ['ros']
[0.534s] Level 1:colcon.colcon_core.package_identification:_identify(/home/simone/bookros2_ws/src/book_ros2/br2_tiago) by extension 'ros'
[0.535s] DEBUG:colcon.colcon_core.package_identification:Package '/home/simone/bookros2_ws/src/book_ros2/br2_tiago' with type 'ros.ament_cmake' and name 'br2_tiago'
[0.535s] Level 1:colcon.colcon_core.package_identification:_identify(/home/simone/bookros2_ws/src/book_ros2/br2_tracking) by extensions ['ignore', 'ignore_ament_install']
[0.535s] Level 1:colcon.colcon_core.package_identification:_identify(/home/simone/bookros2_ws/src/book_ros2/br2_tracking) by extension 'ignore'
[0.535s] Level 1:colcon.colcon_core.package_identification:_identify(/home/simone/bookros2_ws/src/book_ros2/br2_tracking) by extension 'ignore_ament_install'
[0.535s] Level 1:colcon.colcon_core.package_identification:_identify(/home/simone/bookros2_ws/src/book_ros2/br2_tracking) by extensions ['colcon_pkg']
[0.535s] Level 1:colcon.colcon_core.package_identification:_identify(/home/simone/bookros2_ws/src/book_ros2/br2_tracking) by extension 'colcon_pkg'
[0.535s] Level 1:colcon.colcon_core.package_identification:_identify(/home/simone/bookros2_ws/src/book_ros2/br2_tracking) by extensions ['colcon_meta']
[0.536s] Level 1:colcon.colcon_core.package_identification:_identify(/home/simone/bookros2_ws/src/book_ros2/br2_tracking) by extension 'colcon_meta'
[0.536s] Level 1:colcon.colcon_core.package_identification:_identify(/home/simone/bookros2_ws/src/book_ros2/br2_tracking) by extensions ['ros']
[0.536s] Level 1:colcon.colcon_core.package_identification:_identify(/home/simone/bookros2_ws/src/book_ros2/br2_tracking) by extension 'ros'
[0.538s] DEBUG:colcon.colcon_core.package_identification:Package '/home/simone/bookros2_ws/src/book_ros2/br2_tracking' with type 'ros.ament_cmake' and name 'br2_tracking'
[0.538s] Level 1:colcon.colcon_core.package_identification:_identify(/home/simone/bookros2_ws/src/book_ros2/br2_tracking_msgs) by extensions ['ignore', 'ignore_ament_install']
[0.538s] Level 1:colcon.colcon_core.package_identification:_identify(/home/simone/bookros2_ws/src/book_ros2/br2_tracking_msgs) by extension 'ignore'
[0.538s] Level 1:colcon.colcon_core.package_identification:_identify(/home/simone/bookros2_ws/src/book_ros2/br2_tracking_msgs) by extension 'ignore_ament_install'
[0.538s] Level 1:colcon.colcon_core.package_identification:_identify(/home/simone/bookros2_ws/src/book_ros2/br2_tracking_msgs) by extensions ['colcon_pkg']
[0.538s] Level 1:colcon.colcon_core.package_identification:_identify(/home/simone/bookros2_ws/src/book_ros2/br2_tracking_msgs) by extension 'colcon_pkg'
[0.539s] Level 1:colcon.colcon_core.package_identification:_identify(/home/simone/bookros2_ws/src/book_ros2/br2_tracking_msgs) by extensions ['colcon_meta']
[0.539s] Level 1:colcon.colcon_core.package_identification:_identify(/home/simone/bookros2_ws/src/book_ros2/br2_tracking_msgs) by extension 'colcon_meta'
[0.539s] Level 1:colcon.colcon_core.package_identification:_identify(/home/simone/bookros2_ws/src/book_ros2/br2_tracking_msgs) by extensions ['ros']
[0.539s] Level 1:colcon.colcon_core.package_identification:_identify(/home/simone/bookros2_ws/src/book_ros2/br2_tracking_msgs) by extension 'ros'
[0.541s] DEBUG:colcon.colcon_core.package_identification:Package '/home/simone/bookros2_ws/src/book_ros2/br2_tracking_msgs' with type 'ros.ament_cmake' and name 'br2_tracking_msgs'
[0.541s] Level 1:colcon.colcon_core.package_identification:_identify(/home/simone/bookros2_ws/src/book_ros2/br2_vff_avoidance) by extensions ['ignore', 'ignore_ament_install']
[0.541s] Level 1:colcon.colcon_core.package_identification:_identify(/home/simone/bookros2_ws/src/book_ros2/br2_vff_avoidance) by extension 'ignore'
[0.541s] Level 1:colcon.colcon_core.package_identification:_identify(/home/simone/bookros2_ws/src/book_ros2/br2_vff_avoidance) by extension 'ignore_ament_install'
[0.541s] Level 1:colcon.colcon_core.package_identification:_identify(/home/simone/bookros2_ws/src/book_ros2/br2_vff_avoidance) by extensions ['colcon_pkg']
[0.542s] Level 1:colcon.colcon_core.package_identification:_identify(/home/simone/bookros2_ws/src/book_ros2/br2_vff_avoidance) by extension 'colcon_pkg'
[0.542s] Level 1:colcon.colcon_core.package_identification:_identify(/home/simone/bookros2_ws/src/book_ros2/br2_vff_avoidance) by extensions ['colcon_meta']
[0.542s] Level 1:colcon.colcon_core.package_identification:_identify(/home/simone/bookros2_ws/src/book_ros2/br2_vff_avoidance) by extension 'colcon_meta'
[0.542s] Level 1:colcon.colcon_core.package_identification:_identify(/home/simone/bookros2_ws/src/book_ros2/br2_vff_avoidance) by extensions ['ros']
[0.542s] Level 1:colcon.colcon_core.package_identification:_identify(/home/simone/bookros2_ws/src/book_ros2/br2_vff_avoidance) by extension 'ros'
[0.543s] DEBUG:colcon.colcon_core.package_identification:Package '/home/simone/bookros2_ws/src/book_ros2/br2_vff_avoidance' with type 'ros.ament_cmake' and name 'br2_vff_avoidance'
[0.543s] Level 1:colcon.colcon_core.package_identification:_identify(/home/simone/bookros2_ws/src/learning_tf2_py) by extensions ['ignore', 'ignore_ament_install']
[0.543s] Level 1:colcon.colcon_core.package_identification:_identify(/home/simone/bookros2_ws/src/learning_tf2_py) by extension 'ignore'
[0.544s] Level 1:colcon.colcon_core.package_identification:_identify(/home/simone/bookros2_ws/src/learning_tf2_py) by extension 'ignore_ament_install'
[0.544s] Level 1:colcon.colcon_core.package_identification:_identify(/home/simone/bookros2_ws/src/learning_tf2_py) by extensions ['colcon_pkg']
[0.544s] Level 1:colcon.colcon_core.package_identification:_identify(/home/simone/bookros2_ws/src/learning_tf2_py) by extension 'colcon_pkg'
[0.544s] Level 1:colcon.colcon_core.package_identification:_identify(/home/simone/bookros2_ws/src/learning_tf2_py) by extensions ['colcon_meta']
[0.544s] Level 1:colcon.colcon_core.package_identification:_identify(/home/simone/bookros2_ws/src/learning_tf2_py) by extension 'colcon_meta'
[0.544s] Level 1:colcon.colcon_core.package_identification:_identify(/home/simone/bookros2_ws/src/learning_tf2_py) by extensions ['ros']
[0.544s] Level 1:colcon.colcon_core.package_identification:_identify(/home/simone/bookros2_ws/src/learning_tf2_py) by extension 'ros'
[0.545s] DEBUG:colcon.colcon_core.package_identification:Package '/home/simone/bookros2_ws/src/learning_tf2_py' with type 'ros.ament_python' and name 'learning_tf2_py'
[0.545s] Level 1:colcon.colcon_core.package_identification:_identify(/home/simone/bookros2_ws/src/sam_bot_description) by extensions ['ignore', 'ignore_ament_install']
[0.545s] Level 1:colcon.colcon_core.package_identification:_identify(/home/simone/bookros2_ws/src/sam_bot_description) by extension 'ignore'
[0.545s] Level 1:colcon.colcon_core.package_identification:_identify(/home/simone/bookros2_ws/src/sam_bot_description) by extension 'ignore_ament_install'
[0.545s] Level 1:colcon.colcon_core.package_identification:_identify(/home/simone/bookros2_ws/src/sam_bot_description) by extensions ['colcon_pkg']
[0.545s] Level 1:colcon.colcon_core.package_identification:_identify(/home/simone/bookros2_ws/src/sam_bot_description) by extension 'colcon_pkg'
[0.545s] Level 1:colcon.colcon_core.package_identification:_identify(/home/simone/bookros2_ws/src/sam_bot_description) by extensions ['colcon_meta']
[0.545s] Level 1:colcon.colcon_core.package_identification:_identify(/home/simone/bookros2_ws/src/sam_bot_description) by extension 'colcon_meta'
[0.546s] Level 1:colcon.colcon_core.package_identification:_identify(/home/simone/bookros2_ws/src/sam_bot_description) by extensions ['ros']
[0.546s] Level 1:colcon.colcon_core.package_identification:_identify(/home/simone/bookros2_ws/src/sam_bot_description) by extension 'ros'
[0.546s] DEBUG:colcon.colcon_core.package_identification:Package '/home/simone/bookros2_ws/src/sam_bot_description' with type 'ros.ament_cmake' and name 'sam_bot_description'
[0.546s] Level 1:colcon.colcon_core.package_discovery:discover_packages(recursive) using defaults
