[0.035s] Invoking command in '/home/simone/bookros2_ws/build/br2_vff_avoidance': CMAKE_PREFIX_PATH=/opt/ros/humble /usr/bin/cmake --build /home/simone/bookros2_ws/build/br2_vff_avoidance -- -j6 -l6
[0.104s] [ 20%] Built target gtest_main
[0.114s] [ 40%] Built target gtest
[0.121s] [ 60%] Built target br2_vff_avoidance
[0.161s] [ 80%] Built target vff_test
[0.161s] [100%] Built target avoidance_vff
[0.180s] Invoked command in '/home/simone/bookros2_ws/build/br2_vff_avoidance' returned '0': CMAKE_PREFIX_PATH=/opt/ros/humble /usr/bin/cmake --build /home/simone/bookros2_ws/build/br2_vff_avoidance -- -j6 -l6
[0.532s] Invoking command in '/home/simone/bookros2_ws/build/br2_vff_avoidance': CMAKE_PREFIX_PATH=/opt/ros/humble /usr/bin/cmake --install /home/simone/bookros2_ws/build/br2_vff_avoidance
[0.545s] -- Install configuration: "Debug"
[0.547s] -- Execute custom install script
[0.549s] -- Up-to-date symlink: /home/simone/bookros2_ws/install/br2_vff_avoidance/lib/libbr2_vff_avoidance.so
[0.549s] -- Up-to-date symlink: /home/simone/bookros2_ws/install/br2_vff_avoidance/lib/br2_vff_avoidance/avoidance_vff
[0.551s] -- Up-to-date symlink: /home/simone/bookros2_ws/install/br2_vff_avoidance/share/br2_vff_avoidance/launch/avoidance_vff.launch.py
[0.552s] -- Up-to-date symlink: /home/simone/bookros2_ws/install/br2_vff_avoidance/share/ament_index/resource_index/package_run_dependencies/br2_vff_avoidance
[0.552s] -- Up-to-date symlink: /home/simone/bookros2_ws/install/br2_vff_avoidance/share/ament_index/resource_index/parent_prefix_path/br2_vff_avoidance
[0.553s] -- Up-to-date symlink: /home/simone/bookros2_ws/install/br2_vff_avoidance/share/br2_vff_avoidance/environment/ament_prefix_path.sh
[0.553s] -- Up-to-date symlink: /home/simone/bookros2_ws/install/br2_vff_avoidance/share/br2_vff_avoidance/environment/ament_prefix_path.dsv
[0.554s] -- Up-to-date symlink: /home/simone/bookros2_ws/install/br2_vff_avoidance/share/br2_vff_avoidance/environment/path.sh
[0.554s] -- Up-to-date symlink: /home/simone/bookros2_ws/install/br2_vff_avoidance/share/br2_vff_avoidance/environment/path.dsv
[0.555s] -- Up-to-date symlink: /home/simone/bookros2_ws/install/br2_vff_avoidance/share/br2_vff_avoidance/local_setup.bash
[0.556s] -- Up-to-date symlink: /home/simone/bookros2_ws/install/br2_vff_avoidance/share/br2_vff_avoidance/local_setup.sh
[0.556s] -- Up-to-date symlink: /home/simone/bookros2_ws/install/br2_vff_avoidance/share/br2_vff_avoidance/local_setup.zsh
[0.556s] -- Up-to-date symlink: /home/simone/bookros2_ws/install/br2_vff_avoidance/share/br2_vff_avoidance/local_setup.dsv
[0.557s] -- Symlinking: /home/simone/bookros2_ws/install/br2_vff_avoidance/share/br2_vff_avoidance/package.dsv
[0.570s] -- Up-to-date symlink: /home/simone/bookros2_ws/install/br2_vff_avoidance/share/ament_index/resource_index/packages/br2_vff_avoidance
[0.571s] -- Up-to-date symlink: /home/simone/bookros2_ws/install/br2_vff_avoidance/share/br2_vff_avoidance/cmake/ament_cmake_export_dependencies-extras.cmake
[0.572s] -- Up-to-date symlink: /home/simone/bookros2_ws/install/br2_vff_avoidance/share/br2_vff_avoidance/cmake/br2_vff_avoidanceConfig.cmake
[0.572s] -- Up-to-date symlink: /home/simone/bookros2_ws/install/br2_vff_avoidance/share/br2_vff_avoidance/cmake/br2_vff_avoidanceConfig-version.cmake
[0.572s] -- Up-to-date symlink: /home/simone/bookros2_ws/install/br2_vff_avoidance/share/br2_vff_avoidance/package.xml
[0.580s] Invoked command in '/home/simone/bookros2_ws/build/br2_vff_avoidance' returned '0': CMAKE_PREFIX_PATH=/opt/ros/humble /usr/bin/cmake --install /home/simone/bookros2_ws/build/br2_vff_avoidance
