[0.026s] Invoking command in '/home/simone/bookros2_ws/build/groot': CMAKE_PREFIX_PATH=/opt/ros/humble /usr/bin/cmake --build /home/simone/bookros2_ws/build/groot -- -j6 -l6
[0.168s] [  1%] [34m[1mAutomatic MOC and UIC for target QtNodeEditor[0m
[0.207s] [  1%] Built target QtNodeEditor_autogen
[0.310s] [ 57%] Built target QtNodeEditor
[0.337s] [ 58%] [34m[1mAutomatic MOC and UIC for target behavior_tree_editor[0m
[0.383s] [ 58%] Built target behavior_tree_editor_autogen
[0.438s] [ 74%] Built target behavior_tree_editor
[0.457s] [ 76%] [34m[1mAutomatic MOC and UIC for target replay_test[0m
[0.458s] [ 76%] [34m[1mAutomatic MOC and UIC for target Groot[0m
[0.463s] [ 76%] [34m[1mAutomatic MOC and UIC for target editor_test[0m
[0.486s] [ 76%] Built target replay_test_autogen
[0.487s] [ 76%] Built target Groot_autogen
[0.492s] [ 76%] Built target editor_test_autogen
[0.519s] [ 82%] Built target Groot
[0.529s] [ 92%] Built target editor_test
[0.530s] [100%] Built target replay_test
[0.759s] Invoked command in '/home/simone/bookros2_ws/build/groot' returned '0': CMAKE_PREFIX_PATH=/opt/ros/humble /usr/bin/cmake --build /home/simone/bookros2_ws/build/groot -- -j6 -l6
[1.024s] Invoking command in '/home/simone/bookros2_ws/build/groot': CMAKE_PREFIX_PATH=/opt/ros/humble /usr/bin/cmake --install /home/simone/bookros2_ws/build/groot
[1.035s] -- Install configuration: ""
[1.036s] -- Execute custom install script
[1.036s] -- Up-to-date symlink: /home/simone/bookros2_ws/install/groot/lib/libbehavior_tree_editor.so
[1.037s] -- Up-to-date symlink: /home/simone/bookros2_ws/install/groot/lib/groot/Groot
[1.037s] -- Up-to-date symlink: /home/simone/bookros2_ws/install/groot/share/groot/environment/library_path.sh
[1.038s] -- Up-to-date symlink: /home/simone/bookros2_ws/install/groot/share/groot/environment/library_path.dsv
[1.038s] -- Up-to-date symlink: /home/simone/bookros2_ws/install/groot/share/ament_index/resource_index/package_run_dependencies/groot
[1.038s] -- Up-to-date symlink: /home/simone/bookros2_ws/install/groot/share/ament_index/resource_index/parent_prefix_path/groot
[1.039s] -- Up-to-date symlink: /home/simone/bookros2_ws/install/groot/share/groot/environment/ament_prefix_path.sh
[1.039s] -- Up-to-date symlink: /home/simone/bookros2_ws/install/groot/share/groot/environment/ament_prefix_path.dsv
[1.039s] -- Up-to-date symlink: /home/simone/bookros2_ws/install/groot/share/groot/environment/path.sh
[1.040s] -- Up-to-date symlink: /home/simone/bookros2_ws/install/groot/share/groot/environment/path.dsv
[1.040s] -- Up-to-date symlink: /home/simone/bookros2_ws/install/groot/share/groot/local_setup.bash
[1.040s] -- Up-to-date symlink: /home/simone/bookros2_ws/install/groot/share/groot/local_setup.sh
[1.041s] -- Up-to-date symlink: /home/simone/bookros2_ws/install/groot/share/groot/local_setup.zsh
[1.041s] -- Up-to-date symlink: /home/simone/bookros2_ws/install/groot/share/groot/local_setup.dsv
[1.041s] -- Symlinking: /home/simone/bookros2_ws/install/groot/share/groot/package.dsv
[1.049s] -- Up-to-date symlink: /home/simone/bookros2_ws/install/groot/share/ament_index/resource_index/packages/groot
[1.049s] -- Up-to-date symlink: /home/simone/bookros2_ws/install/groot/share/groot/cmake/ament_cmake_export_include_directories-extras.cmake
[1.050s] -- Up-to-date symlink: /home/simone/bookros2_ws/install/groot/share/groot/cmake/ament_cmake_export_dependencies-extras.cmake
[1.050s] -- Up-to-date symlink: /home/simone/bookros2_ws/install/groot/share/groot/cmake/ament_cmake_export_libraries-extras.cmake
[1.050s] -- Up-to-date symlink: /home/simone/bookros2_ws/install/groot/share/groot/cmake/grootConfig.cmake
[1.050s] -- Up-to-date symlink: /home/simone/bookros2_ws/install/groot/share/groot/cmake/grootConfig-version.cmake
[1.051s] -- Up-to-date symlink: /home/simone/bookros2_ws/install/groot/share/groot/package.xml
[1.059s] Invoked command in '/home/simone/bookros2_ws/build/groot' returned '0': CMAKE_PREFIX_PATH=/opt/ros/humble /usr/bin/cmake --install /home/simone/bookros2_ws/build/groot
