[0.154s] Invoking command in '/home/simone/bookros2_ws/build/tiago_controller_configuration': CMAKE_PREFIX_PATH=/home/simone/bookros2_ws/install/pal_gripper_controller_configuration:/home/simone/bookros2_ws/install/urdf_test:/home/simone/bookros2_ws/install/tiago_simulation:/home/simone/bookros2_ws/install/tiago_robot:/home/simone/bookros2_ws/install/tiago_navigation:/home/simone/bookros2_ws/install/tiago_gazebo:/home/simone/bookros2_ws/install/tiago_moveit_config:/home/simone/bookros2_ws/install/tiago_laser_sensors:/home/simone/bookros2_ws/install/tiago_bringup:/home/simone/bookros2_ws/install/tiago_description:/home/simone/bookros2_ws/install/tiago_controller_configuration:/home/simone/bookros2_ws/install/tiago_2dnav:/home/simone/bookros2_ws/install/pmb2_robot:/home/simone/bookros2_ws/install/pmb2_navigation:/home/simone/bookros2_ws/install/pmb2_2dnav:/home/simone/bookros2_ws/install/pmb2_maps:/home/simone/bookros2_ws/install/pmb2_laser_sensors:/home/simone/bookros2_ws/install/pmb2_bringup:/home/simone/bookros2_ws/install/pmb2_description:/home/simone/bookros2_ws/install/pmb2_controller_configuration:/home/simone/bookros2_ws/install/pal_gripper:/home/simone/bookros2_ws/install/pal_gripper_description:/home/simone/bookros2_ws/install/pal_gazebo_worlds:/home/simone/bookros2_ws/install/hey5_description:/home/simone/bookros2_ws/install/groot:/home/simone/bookros2_ws/install/br2_vff_avoidance:/home/simone/bookros2_ws/install/br2_tracking:/home/simone/bookros2_ws/install/br2_tracking_msgs:/home/simone/bookros2_ws/install/br2_tiago:/home/simone/bookros2_ws/install/br2_tf2_detector:/home/simone/bookros2_ws/install/br2_navigation:/home/simone/bookros2_ws/install/br2_fsm_bumpgo_cpp:/home/simone/bookros2_ws/install/br2_bt_patrolling:/home/simone/bookros2_ws/install/br2_bt_bumpgo:/home/simone/bookros2_ws/install/br2_basics:/home/simone/bookros2_ws/install/launch_pal:/home/simone/bookros2_ws/install/br2_fsm_bumpgo_py:/opt/ros/humble /usr/bin/cmake --build /home/simone/bookros2_ws/build/tiago_controller_configuration -- -j5 -l5
[0.323s] Invoked command in '/home/simone/bookros2_ws/build/tiago_controller_configuration' returned '0': CMAKE_PREFIX_PATH=/home/simone/bookros2_ws/install/pal_gripper_controller_configuration:/home/simone/bookros2_ws/install/urdf_test:/home/simone/bookros2_ws/install/tiago_simulation:/home/simone/bookros2_ws/install/tiago_robot:/home/simone/bookros2_ws/install/tiago_navigation:/home/simone/bookros2_ws/install/tiago_gazebo:/home/simone/bookros2_ws/install/tiago_moveit_config:/home/simone/bookros2_ws/install/tiago_laser_sensors:/home/simone/bookros2_ws/install/tiago_bringup:/home/simone/bookros2_ws/install/tiago_description:/home/simone/bookros2_ws/install/tiago_controller_configuration:/home/simone/bookros2_ws/install/tiago_2dnav:/home/simone/bookros2_ws/install/pmb2_robot:/home/simone/bookros2_ws/install/pmb2_navigation:/home/simone/bookros2_ws/install/pmb2_2dnav:/home/simone/bookros2_ws/install/pmb2_maps:/home/simone/bookros2_ws/install/pmb2_laser_sensors:/home/simone/bookros2_ws/install/pmb2_bringup:/home/simone/bookros2_ws/install/pmb2_description:/home/simone/bookros2_ws/install/pmb2_controller_configuration:/home/simone/bookros2_ws/install/pal_gripper:/home/simone/bookros2_ws/install/pal_gripper_description:/home/simone/bookros2_ws/install/pal_gazebo_worlds:/home/simone/bookros2_ws/install/hey5_description:/home/simone/bookros2_ws/install/groot:/home/simone/bookros2_ws/install/br2_vff_avoidance:/home/simone/bookros2_ws/install/br2_tracking:/home/simone/bookros2_ws/install/br2_tracking_msgs:/home/simone/bookros2_ws/install/br2_tiago:/home/simone/bookros2_ws/install/br2_tf2_detector:/home/simone/bookros2_ws/install/br2_navigation:/home/simone/bookros2_ws/install/br2_fsm_bumpgo_cpp:/home/simone/bookros2_ws/install/br2_bt_patrolling:/home/simone/bookros2_ws/install/br2_bt_bumpgo:/home/simone/bookros2_ws/install/br2_basics:/home/simone/bookros2_ws/install/launch_pal:/home/simone/bookros2_ws/install/br2_fsm_bumpgo_py:/opt/ros/humble /usr/bin/cmake --build /home/simone/bookros2_ws/build/tiago_controller_configuration -- -j5 -l5
[0.462s] Invoking command in '/home/simone/bookros2_ws/build/tiago_controller_configuration': CMAKE_PREFIX_PATH=/home/simone/bookros2_ws/install/pal_gripper_controller_configuration:/home/simone/bookros2_ws/install/urdf_test:/home/simone/bookros2_ws/install/tiago_simulation:/home/simone/bookros2_ws/install/tiago_robot:/home/simone/bookros2_ws/install/tiago_navigation:/home/simone/bookros2_ws/install/tiago_gazebo:/home/simone/bookros2_ws/install/tiago_moveit_config:/home/simone/bookros2_ws/install/tiago_laser_sensors:/home/simone/bookros2_ws/install/tiago_bringup:/home/simone/bookros2_ws/install/tiago_description:/home/simone/bookros2_ws/install/tiago_controller_configuration:/home/simone/bookros2_ws/install/tiago_2dnav:/home/simone/bookros2_ws/install/pmb2_robot:/home/simone/bookros2_ws/install/pmb2_navigation:/home/simone/bookros2_ws/install/pmb2_2dnav:/home/simone/bookros2_ws/install/pmb2_maps:/home/simone/bookros2_ws/install/pmb2_laser_sensors:/home/simone/bookros2_ws/install/pmb2_bringup:/home/simone/bookros2_ws/install/pmb2_description:/home/simone/bookros2_ws/install/pmb2_controller_configuration:/home/simone/bookros2_ws/install/pal_gripper:/home/simone/bookros2_ws/install/pal_gripper_description:/home/simone/bookros2_ws/install/pal_gazebo_worlds:/home/simone/bookros2_ws/install/hey5_description:/home/simone/bookros2_ws/install/groot:/home/simone/bookros2_ws/install/br2_vff_avoidance:/home/simone/bookros2_ws/install/br2_tracking:/home/simone/bookros2_ws/install/br2_tracking_msgs:/home/simone/bookros2_ws/install/br2_tiago:/home/simone/bookros2_ws/install/br2_tf2_detector:/home/simone/bookros2_ws/install/br2_navigation:/home/simone/bookros2_ws/install/br2_fsm_bumpgo_cpp:/home/simone/bookros2_ws/install/br2_bt_patrolling:/home/simone/bookros2_ws/install/br2_bt_bumpgo:/home/simone/bookros2_ws/install/br2_basics:/home/simone/bookros2_ws/install/launch_pal:/home/simone/bookros2_ws/install/br2_fsm_bumpgo_py:/opt/ros/humble /usr/bin/cmake --install /home/simone/bookros2_ws/build/tiago_controller_configuration
[0.482s] -- Install configuration: ""
[0.490s] -- Execute custom install script
[0.497s] -- Up-to-date symlink: /home/simone/bookros2_ws/install/tiago_controller_configuration/share/tiago_controller_configuration/config/arm_controller.yaml
[0.497s] -- Up-to-date symlink: /home/simone/bookros2_ws/install/tiago_controller_configuration/share/tiago_controller_configuration/config/current_limit_controllers.yaml
[0.497s] -- Up-to-date symlink: /home/simone/bookros2_ws/install/tiago_controller_configuration/share/tiago_controller_configuration/config/default_safety_parameters.yaml
[0.497s] -- Up-to-date symlink: /home/simone/bookros2_ws/install/tiago_controller_configuration/share/tiago_controller_configuration/config/gazebo_controller_manager_cfg.yaml
[0.497s] -- Up-to-date symlink: /home/simone/bookros2_ws/install/tiago_controller_configuration/share/tiago_controller_configuration/config/gravity_compensation_controller.yaml
[0.498s] -- Up-to-date symlink: /home/simone/bookros2_ws/install/tiago_controller_configuration/share/tiago_controller_configuration/config/head_controller.yaml
[0.498s] -- Up-to-date symlink: /home/simone/bookros2_ws/install/tiago_controller_configuration/share/tiago_controller_configuration/config/joint_state_broadcaster.yaml
[0.498s] -- Up-to-date symlink: /home/simone/bookros2_ws/install/tiago_controller_configuration/share/tiago_controller_configuration/config/joint_state_controller_extra_joints.yaml
[0.498s] -- Up-to-date symlink: /home/simone/bookros2_ws/install/tiago_controller_configuration/share/tiago_controller_configuration/config/joint_trajectory_controllers.yaml
[0.512s] -- Up-to-date symlink: /home/simone/bookros2_ws/install/tiago_controller_configuration/share/tiago_controller_configuration/config/local_joint_control/actuator_parameters/actuator_parameters_specific_params.yaml
[0.513s] -- Up-to-date symlink: /home/simone/bookros2_ws/install/tiago_controller_configuration/share/tiago_controller_configuration/config/local_joint_control/actuator_parameters/actuator_safety_specific_params.yaml
[0.513s] -- Up-to-date symlink: /home/simone/bookros2_ws/install/tiago_controller_configuration/share/tiago_controller_configuration/config/local_joint_control/actuator_parameters/arm_1_joint.yaml
[0.513s] -- Up-to-date symlink: /home/simone/bookros2_ws/install/tiago_controller_configuration/share/tiago_controller_configuration/config/local_joint_control/actuator_parameters/arm_1_joint_safety.yaml
[0.514s] -- Up-to-date symlink: /home/simone/bookros2_ws/install/tiago_controller_configuration/share/tiago_controller_configuration/config/local_joint_control/actuator_parameters/arm_2_joint.yaml
[0.522s] -- Up-to-date symlink: /home/simone/bookros2_ws/install/tiago_controller_configuration/share/tiago_controller_configuration/config/local_joint_control/actuator_parameters/arm_2_joint_safety.yaml
[0.522s] -- Up-to-date symlink: /home/simone/bookros2_ws/install/tiago_controller_configuration/share/tiago_controller_configuration/config/local_joint_control/actuator_parameters/arm_3_joint.yaml
[0.522s] -- Up-to-date symlink: /home/simone/bookros2_ws/install/tiago_controller_configuration/share/tiago_controller_configuration/config/local_joint_control/actuator_parameters/arm_3_joint_safety.yaml
[0.522s] -- Up-to-date symlink: /home/simone/bookros2_ws/install/tiago_controller_configuration/share/tiago_controller_configuration/config/local_joint_control/actuator_parameters/arm_4_joint.yaml
[0.522s] -- Up-to-date symlink: /home/simone/bookros2_ws/install/tiago_controller_configuration/share/tiago_controller_configuration/config/local_joint_control/actuator_parameters/arm_4_joint_safety.yaml
[0.523s] -- Up-to-date symlink: /home/simone/bookros2_ws/install/tiago_controller_configuration/share/tiago_controller_configuration/config/local_joint_control/actuator_parameters/arm_5_joint.yaml
[0.523s] -- Up-to-date symlink: /home/simone/bookros2_ws/install/tiago_controller_configuration/share/tiago_controller_configuration/config/local_joint_control/actuator_parameters/arm_5_joint_safety.yaml
[0.523s] -- Up-to-date symlink: /home/simone/bookros2_ws/install/tiago_controller_configuration/share/tiago_controller_configuration/config/local_joint_control/actuator_parameters/arm_6_joint.yaml
[0.523s] -- Up-to-date symlink: /home/simone/bookros2_ws/install/tiago_controller_configuration/share/tiago_controller_configuration/config/local_joint_control/actuator_parameters/arm_6_joint_safety.yaml
[0.523s] -- Up-to-date symlink: /home/simone/bookros2_ws/install/tiago_controller_configuration/share/tiago_controller_configuration/config/local_joint_control/actuator_parameters/arm_7_joint.yaml
[0.523s] -- Up-to-date symlink: /home/simone/bookros2_ws/install/tiago_controller_configuration/share/tiago_controller_configuration/config/local_joint_control/actuator_parameters/arm_7_joint_safety.yaml
[0.524s] -- Up-to-date symlink: /home/simone/bookros2_ws/install/tiago_controller_configuration/share/tiago_controller_configuration/config/local_joint_control/actuator_parameters/head_1_joint.yaml
[0.524s] -- Up-to-date symlink: /home/simone/bookros2_ws/install/tiago_controller_configuration/share/tiago_controller_configuration/config/local_joint_control/actuator_parameters/head_2_joint.yaml
[0.524s] -- Up-to-date symlink: /home/simone/bookros2_ws/install/tiago_controller_configuration/share/tiago_controller_configuration/config/local_joint_control/actuator_parameters/torso_lift_joint.yaml
[0.524s] -- Up-to-date symlink: /home/simone/bookros2_ws/install/tiago_controller_configuration/share/tiago_controller_configuration/config/local_joint_control/direct_effort_control/arm_1_joint.yaml
[0.524s] -- Up-to-date symlink: /home/simone/bookros2_ws/install/tiago_controller_configuration/share/tiago_controller_configuration/config/local_joint_control/direct_effort_control/arm_2_joint.yaml
[0.524s] -- Up-to-date symlink: /home/simone/bookros2_ws/install/tiago_controller_configuration/share/tiago_controller_configuration/config/local_joint_control/direct_effort_control/arm_3_joint.yaml
[0.525s] -- Up-to-date symlink: /home/simone/bookros2_ws/install/tiago_controller_configuration/share/tiago_controller_configuration/config/local_joint_control/direct_effort_control/arm_4_joint.yaml
[0.526s] -- Up-to-date symlink: /home/simone/bookros2_ws/install/tiago_controller_configuration/share/tiago_controller_configuration/config/local_joint_control/direct_effort_control/arm_5_joint.yaml
[0.526s] -- Up-to-date symlink: /home/simone/bookros2_ws/install/tiago_controller_configuration/share/tiago_controller_configuration/config/local_joint_control/direct_effort_control/arm_6_joint.yaml
[0.527s] -- Up-to-date symlink: /home/simone/bookros2_ws/install/tiago_controller_configuration/share/tiago_controller_configuration/config/local_joint_control/direct_effort_control/arm_7_joint.yaml
[0.527s] -- Up-to-date symlink: /home/simone/bookros2_ws/install/tiago_controller_configuration/share/tiago_controller_configuration/config/local_joint_control/no_control/arm_1_joint_params.yaml
[0.527s] -- Up-to-date symlink: /home/simone/bookros2_ws/install/tiago_controller_configuration/share/tiago_controller_configuration/config/local_joint_control/no_control/arm_2_joint_params.yaml
[0.527s] -- Up-to-date symlink: /home/simone/bookros2_ws/install/tiago_controller_configuration/share/tiago_controller_configuration/config/local_joint_control/no_control/arm_3_joint_params.yaml
[0.527s] -- Up-to-date symlink: /home/simone/bookros2_ws/install/tiago_controller_configuration/share/tiago_controller_configuration/config/local_joint_control/no_control/arm_4_joint_params.yaml
[0.527s] -- Up-to-date symlink: /home/simone/bookros2_ws/install/tiago_controller_configuration/share/tiago_controller_configuration/config/local_joint_control/no_control/arm_5_joint_params.yaml
[0.527s] -- Up-to-date symlink: /home/simone/bookros2_ws/install/tiago_controller_configuration/share/tiago_controller_configuration/config/local_joint_control/no_control/arm_6_joint_params.yaml
[0.528s] -- Up-to-date symlink: /home/simone/bookros2_ws/install/tiago_controller_configuration/share/tiago_controller_configuration/config/local_joint_control/no_control/arm_7_joint_params.yaml
[0.528s] -- Up-to-date symlink: /home/simone/bookros2_ws/install/tiago_controller_configuration/share/tiago_controller_configuration/config/local_joint_control/no_control/torso_lift_joint_params.yaml
[0.528s] -- Up-to-date symlink: /home/simone/bookros2_ws/install/tiago_controller_configuration/share/tiago_controller_configuration/config/mobile_base_controller.yaml
[0.528s] -- Up-to-date symlink: /home/simone/bookros2_ws/install/tiago_controller_configuration/share/tiago_controller_configuration/config/mobile_base_controller_multipliers.yaml
[0.528s] -- Up-to-date symlink: /home/simone/bookros2_ws/install/tiago_controller_configuration/share/tiago_controller_configuration/config/pal-gripper_joint_trajectory_controllers.yaml
[0.528s] -- Up-to-date symlink: /home/simone/bookros2_ws/install/tiago_controller_configuration/share/tiago_controller_configuration/config/pal-hey5_joint_trajectory_controllers.yaml
[0.529s] -- Up-to-date symlink: /home/simone/bookros2_ws/install/tiago_controller_configuration/share/tiago_controller_configuration/config/pids.yaml
[0.532s] -- Up-to-date symlink: /home/simone/bookros2_ws/install/tiago_controller_configuration/share/tiago_controller_configuration/config/torso_controller.yaml
[0.537s] -- Up-to-date symlink: /home/simone/bookros2_ws/install/tiago_controller_configuration/share/tiago_controller_configuration/launch/arm_controller.launch.py
[0.538s] -- Up-to-date symlink: /home/simone/bookros2_ws/install/tiago_controller_configuration/share/tiago_controller_configuration/launch/default_controllers.launch.py
[0.542s] -- Up-to-date symlink: /home/simone/bookros2_ws/install/tiago_controller_configuration/share/tiago_controller_configuration/launch/gravity_compensation_controller.launch.py
[0.545s] -- Up-to-date symlink: /home/simone/bookros2_ws/install/tiago_controller_configuration/share/tiago_controller_configuration/launch/head_controller.launch.py
[0.545s] -- Up-to-date symlink: /home/simone/bookros2_ws/install/tiago_controller_configuration/share/tiago_controller_configuration/launch/joint_state_broadcaster.launch.py
[0.549s] -- Up-to-date symlink: /home/simone/bookros2_ws/install/tiago_controller_configuration/share/tiago_controller_configuration/launch/mobile_base_controller.launch.py
[0.550s] -- Up-to-date symlink: /home/simone/bookros2_ws/install/tiago_controller_configuration/share/tiago_controller_configuration/launch/pal-gripper_controller.launch.py
[0.550s] -- Up-to-date symlink: /home/simone/bookros2_ws/install/tiago_controller_configuration/share/tiago_controller_configuration/launch/pal-hey5_controller.launch.py
[0.551s] -- Up-to-date symlink: /home/simone/bookros2_ws/install/tiago_controller_configuration/share/tiago_controller_configuration/launch/torso_controller.launch.py
[0.551s] -- Up-to-date symlink: /home/simone/bookros2_ws/install/tiago_controller_configuration/share/ament_index/resource_index/package_run_dependencies/tiago_controller_configuration
[0.552s] -- Up-to-date symlink: /home/simone/bookros2_ws/install/tiago_controller_configuration/share/ament_index/resource_index/parent_prefix_path/tiago_controller_configuration
[0.553s] -- Up-to-date symlink: /home/simone/bookros2_ws/install/tiago_controller_configuration/share/tiago_controller_configuration/environment/ament_prefix_path.sh
[0.553s] -- Up-to-date symlink: /home/simone/bookros2_ws/install/tiago_controller_configuration/share/tiago_controller_configuration/environment/ament_prefix_path.dsv
[0.553s] -- Up-to-date symlink: /home/simone/bookros2_ws/install/tiago_controller_configuration/share/tiago_controller_configuration/environment/path.sh
[0.554s] -- Up-to-date symlink: /home/simone/bookros2_ws/install/tiago_controller_configuration/share/tiago_controller_configuration/environment/path.dsv
[0.568s] -- Up-to-date symlink: /home/simone/bookros2_ws/install/tiago_controller_configuration/share/tiago_controller_configuration/local_setup.bash
[0.569s] -- Up-to-date symlink: /home/simone/bookros2_ws/install/tiago_controller_configuration/share/tiago_controller_configuration/local_setup.sh
[0.570s] -- Up-to-date symlink: /home/simone/bookros2_ws/install/tiago_controller_configuration/share/tiago_controller_configuration/local_setup.zsh
[0.575s] -- Up-to-date symlink: /home/simone/bookros2_ws/install/tiago_controller_configuration/share/tiago_controller_configuration/local_setup.dsv
[0.575s] -- Symlinking: /home/simone/bookros2_ws/install/tiago_controller_configuration/share/tiago_controller_configuration/package.dsv
[0.595s] -- Up-to-date symlink: /home/simone/bookros2_ws/install/tiago_controller_configuration/share/ament_index/resource_index/packages/tiago_controller_configuration
[0.596s] -- Up-to-date symlink: /home/simone/bookros2_ws/install/tiago_controller_configuration/share/tiago_controller_configuration/cmake/tiago_controller_configurationConfig.cmake
[0.597s] -- Up-to-date symlink: /home/simone/bookros2_ws/install/tiago_controller_configuration/share/tiago_controller_configuration/cmake/tiago_controller_configurationConfig-version.cmake
[0.598s] -- Up-to-date symlink: /home/simone/bookros2_ws/install/tiago_controller_configuration/share/tiago_controller_configuration/package.xml
[0.659s] Invoked command in '/home/simone/bookros2_ws/build/tiago_controller_configuration' returned '0': CMAKE_PREFIX_PATH=/home/simone/bookros2_ws/install/pal_gripper_controller_configuration:/home/simone/bookros2_ws/install/urdf_test:/home/simone/bookros2_ws/install/tiago_simulation:/home/simone/bookros2_ws/install/tiago_robot:/home/simone/bookros2_ws/install/tiago_navigation:/home/simone/bookros2_ws/install/tiago_gazebo:/home/simone/bookros2_ws/install/tiago_moveit_config:/home/simone/bookros2_ws/install/tiago_laser_sensors:/home/simone/bookros2_ws/install/tiago_bringup:/home/simone/bookros2_ws/install/tiago_description:/home/simone/bookros2_ws/install/tiago_controller_configuration:/home/simone/bookros2_ws/install/tiago_2dnav:/home/simone/bookros2_ws/install/pmb2_robot:/home/simone/bookros2_ws/install/pmb2_navigation:/home/simone/bookros2_ws/install/pmb2_2dnav:/home/simone/bookros2_ws/install/pmb2_maps:/home/simone/bookros2_ws/install/pmb2_laser_sensors:/home/simone/bookros2_ws/install/pmb2_bringup:/home/simone/bookros2_ws/install/pmb2_description:/home/simone/bookros2_ws/install/pmb2_controller_configuration:/home/simone/bookros2_ws/install/pal_gripper:/home/simone/bookros2_ws/install/pal_gripper_description:/home/simone/bookros2_ws/install/pal_gazebo_worlds:/home/simone/bookros2_ws/install/hey5_description:/home/simone/bookros2_ws/install/groot:/home/simone/bookros2_ws/install/br2_vff_avoidance:/home/simone/bookros2_ws/install/br2_tracking:/home/simone/bookros2_ws/install/br2_tracking_msgs:/home/simone/bookros2_ws/install/br2_tiago:/home/simone/bookros2_ws/install/br2_tf2_detector:/home/simone/bookros2_ws/install/br2_navigation:/home/simone/bookros2_ws/install/br2_fsm_bumpgo_cpp:/home/simone/bookros2_ws/install/br2_bt_patrolling:/home/simone/bookros2_ws/install/br2_bt_bumpgo:/home/simone/bookros2_ws/install/br2_basics:/home/simone/bookros2_ws/install/launch_pal:/home/simone/bookros2_ws/install/br2_fsm_bumpgo_py:/opt/ros/humble /usr/bin/cmake --install /home/simone/bookros2_ws/build/tiago_controller_configuration
