[0.017s] Invoking command in '/home/simone/bookros2_ws/build/groot': CMAKE_PREFIX_PATH=/opt/ros/humble /usr/bin/cmake --build /home/simone/bookros2_ws/build/groot -- -j6 -l6
[0.102s] [  1%] [34m[1mAutomatic MOC and UIC for target QtNodeEditor[0m
[0.124s] [  1%] Built target QtNodeEditor_autogen
[0.200s] [ 57%] Built target QtNodeEditor
[0.218s] [ 58%] [34m[1mAutomatic MOC and UIC for target behavior_tree_editor[0m
[0.247s] [ 58%] Built target behavior_tree_editor_autogen
[0.296s] [ 74%] Built target behavior_tree_editor
[0.312s] [ 75%] [34m[1mAutomatic MOC and UIC for target editor_test[0m
[0.312s] [ 75%] [34m[1mAutomatic MOC and UIC for target Groot[0m
[0.320s] [ 76%] [34m[1mAutomatic MOC and UIC for target replay_test[0m
[0.330s] [ 76%] Built target Groot_autogen
[0.334s] [ 76%] Built target editor_test_autogen
[0.346s] [ 76%] Built target replay_test_autogen
[0.363s] [ 82%] Built target Groot
[0.369s] [ 91%] Built target editor_test
[0.386s] [100%] Built target replay_test
[0.506s] Invoked command in '/home/simone/bookros2_ws/build/groot' returned '0': CMAKE_PREFIX_PATH=/opt/ros/humble /usr/bin/cmake --build /home/simone/bookros2_ws/build/groot -- -j6 -l6
[0.571s] Invoking command in '/home/simone/bookros2_ws/build/groot': CMAKE_PREFIX_PATH=/opt/ros/humble /usr/bin/cmake --install /home/simone/bookros2_ws/build/groot
[0.582s] -- Install configuration: ""
[0.583s] -- Execute custom install script
[0.584s] -- Up-to-date symlink: /home/simone/bookros2_ws/install/groot/lib/libbehavior_tree_editor.so
[0.585s] -- Up-to-date symlink: /home/simone/bookros2_ws/install/groot/lib/groot/Groot
[0.586s] -- Up-to-date symlink: /home/simone/bookros2_ws/install/groot/share/groot/environment/library_path.sh
[0.586s] -- Up-to-date symlink: /home/simone/bookros2_ws/install/groot/share/groot/environment/library_path.dsv
[0.587s] -- Up-to-date symlink: /home/simone/bookros2_ws/install/groot/share/ament_index/resource_index/package_run_dependencies/groot
[0.588s] -- Up-to-date symlink: /home/simone/bookros2_ws/install/groot/share/ament_index/resource_index/parent_prefix_path/groot
[0.588s] -- Up-to-date symlink: /home/simone/bookros2_ws/install/groot/share/groot/environment/ament_prefix_path.sh
[0.589s] -- Up-to-date symlink: /home/simone/bookros2_ws/install/groot/share/groot/environment/ament_prefix_path.dsv
[0.589s] -- Up-to-date symlink: /home/simone/bookros2_ws/install/groot/share/groot/environment/path.sh
[0.590s] -- Up-to-date symlink: /home/simone/bookros2_ws/install/groot/share/groot/environment/path.dsv
[0.590s] -- Up-to-date symlink: /home/simone/bookros2_ws/install/groot/share/groot/local_setup.bash
[0.591s] -- Up-to-date symlink: /home/simone/bookros2_ws/install/groot/share/groot/local_setup.sh
[0.591s] -- Up-to-date symlink: /home/simone/bookros2_ws/install/groot/share/groot/local_setup.zsh
[0.591s] -- Up-to-date symlink: /home/simone/bookros2_ws/install/groot/share/groot/local_setup.dsv
[0.594s] -- Symlinking: /home/simone/bookros2_ws/install/groot/share/groot/package.dsv
[0.602s] -- Up-to-date symlink: /home/simone/bookros2_ws/install/groot/share/ament_index/resource_index/packages/groot
[0.603s] -- Up-to-date symlink: /home/simone/bookros2_ws/install/groot/share/groot/cmake/ament_cmake_export_include_directories-extras.cmake
[0.603s] -- Up-to-date symlink: /home/simone/bookros2_ws/install/groot/share/groot/cmake/ament_cmake_export_dependencies-extras.cmake
[0.603s] -- Up-to-date symlink: /home/simone/bookros2_ws/install/groot/share/groot/cmake/ament_cmake_export_libraries-extras.cmake
[0.604s] -- Up-to-date symlink: /home/simone/bookros2_ws/install/groot/share/groot/cmake/grootConfig.cmake
[0.604s] -- Up-to-date symlink: /home/simone/bookros2_ws/install/groot/share/groot/cmake/grootConfig-version.cmake
[0.604s] -- Up-to-date symlink: /home/simone/bookros2_ws/install/groot/share/groot/package.xml
[0.610s] Invoked command in '/home/simone/bookros2_ws/build/groot' returned '0': CMAKE_PREFIX_PATH=/opt/ros/humble /usr/bin/cmake --install /home/simone/bookros2_ws/build/groot
