[0.060s] Invoking command in '/home/simone/bookros2_ws/build/br2_tracking': AMENT_PREFIX_PATH=/home/simone/bookros2_ws/install/br2_tracking_msgs:${AMENT_PREFIX_PATH} CMAKE_PREFIX_PATH=/home/simone/bookros2_ws/install/br2_tracking_msgs:/opt/ros/humble LD_LIBRARY_PATH=/home/simone/bookros2_ws/install/br2_tracking_msgs/lib:${LD_LIBRARY_PATH} PYTHONPATH=/home/simone/bookros2_ws/install/br2_tracking_msgs/local/lib/python3.10/dist-packages:${PYTHONPATH} /usr/bin/cmake --build /home/simone/bookros2_ws/build/br2_tracking -- -j6 -l6
[0.162s] [ 14%] Built target gtest_main
[0.168s] [ 28%] Built target gtest
[0.179s] [ 57%] Built target br2_tracking
[0.214s] [ 71%] Built target object_detector
[0.216s] [ 85%] Built target pid_test
[0.223s] [100%] Built target object_tracker
[0.232s] Invoked command in '/home/simone/bookros2_ws/build/br2_tracking' returned '0': AMENT_PREFIX_PATH=/home/simone/bookros2_ws/install/br2_tracking_msgs:${AMENT_PREFIX_PATH} CMAKE_PREFIX_PATH=/home/simone/bookros2_ws/install/br2_tracking_msgs:/opt/ros/humble LD_LIBRARY_PATH=/home/simone/bookros2_ws/install/br2_tracking_msgs/lib:${LD_LIBRARY_PATH} PYTHONPATH=/home/simone/bookros2_ws/install/br2_tracking_msgs/local/lib/python3.10/dist-packages:${PYTHONPATH} /usr/bin/cmake --build /home/simone/bookros2_ws/build/br2_tracking -- -j6 -l6
[0.277s] Invoking command in '/home/simone/bookros2_ws/build/br2_tracking': AMENT_PREFIX_PATH=/home/simone/bookros2_ws/install/br2_tracking_msgs:${AMENT_PREFIX_PATH} CMAKE_PREFIX_PATH=/home/simone/bookros2_ws/install/br2_tracking_msgs:/opt/ros/humble LD_LIBRARY_PATH=/home/simone/bookros2_ws/install/br2_tracking_msgs/lib:${LD_LIBRARY_PATH} PYTHONPATH=/home/simone/bookros2_ws/install/br2_tracking_msgs/local/lib/python3.10/dist-packages:${PYTHONPATH} /usr/bin/cmake --install /home/simone/bookros2_ws/build/br2_tracking
[0.292s] -- Install configuration: "Debug"
[0.292s] -- Execute custom install script
[0.292s] -- Up-to-date symlink: /home/simone/bookros2_ws/install/br2_tracking/lib/libbr2_tracking.so
[0.292s] -- Up-to-date symlink: /home/simone/bookros2_ws/install/br2_tracking/lib/br2_tracking/object_detector
[0.293s] -- Up-to-date symlink: /home/simone/bookros2_ws/install/br2_tracking/lib/br2_tracking/object_tracker
[0.293s] -- Up-to-date symlink: /home/simone/bookros2_ws/install/br2_tracking/include/include/br2_tracking/HeadController.hpp
[0.293s] -- Up-to-date symlink: /home/simone/bookros2_ws/install/br2_tracking/include/include/br2_tracking/ObjectDetector.hpp
[0.293s] -- Up-to-date symlink: /home/simone/bookros2_ws/install/br2_tracking/include/include/br2_tracking/PIDController.hpp
[0.293s] -- Up-to-date symlink: /home/simone/bookros2_ws/install/br2_tracking/share/br2_tracking/launch/tracking.launch.py
[0.293s] -- Up-to-date symlink: /home/simone/bookros2_ws/install/br2_tracking/share/br2_tracking/config/detector.yaml
[0.293s] -- Up-to-date symlink: /home/simone/bookros2_ws/install/br2_tracking/share/br2_tracking/environment/library_path.sh
[0.293s] -- Up-to-date symlink: /home/simone/bookros2_ws/install/br2_tracking/share/br2_tracking/environment/library_path.dsv
[0.299s] -- Up-to-date symlink: /home/simone/bookros2_ws/install/br2_tracking/share/ament_index/resource_index/package_run_dependencies/br2_tracking
[0.299s] -- Up-to-date symlink: /home/simone/bookros2_ws/install/br2_tracking/share/ament_index/resource_index/parent_prefix_path/br2_tracking
[0.299s] -- Up-to-date symlink: /home/simone/bookros2_ws/install/br2_tracking/share/br2_tracking/environment/ament_prefix_path.sh
[0.299s] -- Up-to-date symlink: /home/simone/bookros2_ws/install/br2_tracking/share/br2_tracking/environment/ament_prefix_path.dsv
[0.299s] -- Up-to-date symlink: /home/simone/bookros2_ws/install/br2_tracking/share/br2_tracking/environment/path.sh
[0.299s] -- Up-to-date symlink: /home/simone/bookros2_ws/install/br2_tracking/share/br2_tracking/environment/path.dsv
[0.301s] -- Up-to-date symlink: /home/simone/bookros2_ws/install/br2_tracking/share/br2_tracking/local_setup.bash
[0.302s] -- Up-to-date symlink: /home/simone/bookros2_ws/install/br2_tracking/share/br2_tracking/local_setup.sh
[0.303s] -- Up-to-date symlink: /home/simone/bookros2_ws/install/br2_tracking/share/br2_tracking/local_setup.zsh
[0.304s] -- Up-to-date symlink: /home/simone/bookros2_ws/install/br2_tracking/share/br2_tracking/local_setup.dsv
[0.304s] -- Symlinking: /home/simone/bookros2_ws/install/br2_tracking/share/br2_tracking/package.dsv
[0.313s] -- Up-to-date symlink: /home/simone/bookros2_ws/install/br2_tracking/share/ament_index/resource_index/packages/br2_tracking
[0.317s] -- Up-to-date symlink: /home/simone/bookros2_ws/install/br2_tracking/share/br2_tracking/cmake/ament_cmake_export_include_directories-extras.cmake
[0.318s] -- Up-to-date symlink: /home/simone/bookros2_ws/install/br2_tracking/share/br2_tracking/cmake/ament_cmake_export_libraries-extras.cmake
[0.318s] -- Up-to-date symlink: /home/simone/bookros2_ws/install/br2_tracking/share/br2_tracking/cmake/ament_cmake_export_dependencies-extras.cmake
[0.319s] -- Up-to-date symlink: /home/simone/bookros2_ws/install/br2_tracking/share/br2_tracking/cmake/br2_trackingConfig.cmake
[0.319s] -- Up-to-date symlink: /home/simone/bookros2_ws/install/br2_tracking/share/br2_tracking/cmake/br2_trackingConfig-version.cmake
[0.320s] -- Up-to-date symlink: /home/simone/bookros2_ws/install/br2_tracking/share/br2_tracking/package.xml
[0.327s] Invoked command in '/home/simone/bookros2_ws/build/br2_tracking' returned '0': AMENT_PREFIX_PATH=/home/simone/bookros2_ws/install/br2_tracking_msgs:${AMENT_PREFIX_PATH} CMAKE_PREFIX_PATH=/home/simone/bookros2_ws/install/br2_tracking_msgs:/opt/ros/humble LD_LIBRARY_PATH=/home/simone/bookros2_ws/install/br2_tracking_msgs/lib:${LD_LIBRARY_PATH} PYTHONPATH=/home/simone/bookros2_ws/install/br2_tracking_msgs/local/lib/python3.10/dist-packages:${PYTHONPATH} /usr/bin/cmake --install /home/simone/bookros2_ws/build/br2_tracking
