[0.034s] Invoking command in '/home/simone/bookros2_ws/build/br2_tracking_msgs': CMAKE_PREFIX_PATH=${CMAKE_PREFIX_PATH}:/home/simone/bookros2_ws/install/learning_tf2_py:/home/simone/bookros2_ws/install/launch_pal:/home/simone/bookros2_ws/install/br2_tf2_detector_py:/home/simone/bookros2_ws/install/br2_fsm_bumpgo_py:/opt/ros/humble /usr/bin/cmake --build /home/simone/bookros2_ws/build/br2_tracking_msgs -- -j6 -l6
[0.131s] [  9%] Built target br2_tracking_msgs__rosidl_generator_c
[0.138s] [  9%] Built target ament_cmake_python_symlink_br2_tracking_msgs
[0.138s] [ 12%] Built target br2_tracking_msgs__cpp
[0.174s] [ 22%] Built target br2_tracking_msgs__rosidl_typesupport_introspection_cpp
[0.174s] [ 32%] Built target br2_tracking_msgs__rosidl_typesupport_fastrtps_cpp
[0.178s] [ 41%] Built target br2_tracking_msgs__rosidl_typesupport_fastrtps_c
[0.179s] [ 51%] Built target br2_tracking_msgs__rosidl_typesupport_introspection_c
[0.181s] [ 61%] Built target br2_tracking_msgs__rosidl_typesupport_c
[0.203s] [ 70%] Built target br2_tracking_msgs__rosidl_typesupport_cpp
[0.258s] [ 70%] Built target br2_tracking_msgs
[0.289s] [ 74%] Built target br2_tracking_msgs__py
[0.342s] [ 80%] Built target br2_tracking_msgs__rosidl_generator_py
[0.395s] [ 87%] Built target br2_tracking_msgs__rosidl_typesupport_fastrtps_c__pyext
[0.395s] [ 93%] Built target br2_tracking_msgs__rosidl_typesupport_c__pyext
[0.395s] [100%] Built target br2_tracking_msgs__rosidl_typesupport_introspection_c__pyext
[0.533s] running egg_info
[0.535s] writing br2_tracking_msgs.egg-info/PKG-INFO
[0.535s] writing dependency_links to br2_tracking_msgs.egg-info/dependency_links.txt
[0.536s] writing top-level names to br2_tracking_msgs.egg-info/top_level.txt
[0.548s] reading manifest file 'br2_tracking_msgs.egg-info/SOURCES.txt'
[0.549s] writing manifest file 'br2_tracking_msgs.egg-info/SOURCES.txt'
[0.620s] [100%] Built target ament_cmake_python_build_br2_tracking_msgs_egg
[0.637s] Invoked command in '/home/simone/bookros2_ws/build/br2_tracking_msgs' returned '0': CMAKE_PREFIX_PATH=${CMAKE_PREFIX_PATH}:/home/simone/bookros2_ws/install/learning_tf2_py:/home/simone/bookros2_ws/install/launch_pal:/home/simone/bookros2_ws/install/br2_tf2_detector_py:/home/simone/bookros2_ws/install/br2_fsm_bumpgo_py:/opt/ros/humble /usr/bin/cmake --build /home/simone/bookros2_ws/build/br2_tracking_msgs -- -j6 -l6
[0.713s] Invoking command in '/home/simone/bookros2_ws/build/br2_tracking_msgs': CMAKE_PREFIX_PATH=${CMAKE_PREFIX_PATH}:/home/simone/bookros2_ws/install/learning_tf2_py:/home/simone/bookros2_ws/install/launch_pal:/home/simone/bookros2_ws/install/br2_tf2_detector_py:/home/simone/bookros2_ws/install/br2_fsm_bumpgo_py:/opt/ros/humble /usr/bin/cmake --install /home/simone/bookros2_ws/build/br2_tracking_msgs
[0.724s] -- Install configuration: ""
[0.724s] -- Execute custom install script
[0.724s] -- Up-to-date symlink: /home/simone/bookros2_ws/install/br2_tracking_msgs/share/ament_index/resource_index/rosidl_interfaces/br2_tracking_msgs
[0.724s] -- Up-to-date symlink: /home/simone/bookros2_ws/install/br2_tracking_msgs/include/br2_tracking_msgs/br2_tracking_msgs/msg/detail/pan_tilt_command__functions.h
[0.724s] -- Up-to-date symlink: /home/simone/bookros2_ws/install/br2_tracking_msgs/include/br2_tracking_msgs/br2_tracking_msgs/msg/detail/pan_tilt_command__struct.h
[0.724s] -- Up-to-date symlink: /home/simone/bookros2_ws/install/br2_tracking_msgs/include/br2_tracking_msgs/br2_tracking_msgs/msg/detail/pan_tilt_command__type_support.h
[0.724s] -- Up-to-date symlink: /home/simone/bookros2_ws/install/br2_tracking_msgs/include/br2_tracking_msgs/br2_tracking_msgs/msg/pan_tilt_command.h
[0.725s] -- Up-to-date symlink: /home/simone/bookros2_ws/install/br2_tracking_msgs/include/br2_tracking_msgs/br2_tracking_msgs/msg/rosidl_generator_c__visibility_control.h
[0.725s] -- Up-to-date symlink: /home/simone/bookros2_ws/install/br2_tracking_msgs/share/br2_tracking_msgs/environment/library_path.sh
[0.725s] -- Up-to-date symlink: /home/simone/bookros2_ws/install/br2_tracking_msgs/share/br2_tracking_msgs/environment/library_path.dsv
[0.725s] -- Up-to-date symlink: /home/simone/bookros2_ws/install/br2_tracking_msgs/include/br2_tracking_msgs/br2_tracking_msgs/msg/detail/pan_tilt_command__rosidl_typesupport_fastrtps_c.h
[0.725s] -- Up-to-date symlink: /home/simone/bookros2_ws/install/br2_tracking_msgs/include/br2_tracking_msgs/br2_tracking_msgs/msg/rosidl_typesupport_fastrtps_c__visibility_control.h
[0.725s] -- Up-to-date symlink: /home/simone/bookros2_ws/install/br2_tracking_msgs/include/br2_tracking_msgs/br2_tracking_msgs/msg/detail/pan_tilt_command__builder.hpp
[0.725s] -- Up-to-date symlink: /home/simone/bookros2_ws/install/br2_tracking_msgs/include/br2_tracking_msgs/br2_tracking_msgs/msg/detail/pan_tilt_command__struct.hpp
[0.725s] -- Up-to-date symlink: /home/simone/bookros2_ws/install/br2_tracking_msgs/include/br2_tracking_msgs/br2_tracking_msgs/msg/detail/pan_tilt_command__traits.hpp
[0.725s] -- Up-to-date symlink: /home/simone/bookros2_ws/install/br2_tracking_msgs/include/br2_tracking_msgs/br2_tracking_msgs/msg/pan_tilt_command.hpp
[0.725s] -- Up-to-date symlink: /home/simone/bookros2_ws/install/br2_tracking_msgs/include/br2_tracking_msgs/br2_tracking_msgs/msg/detail/pan_tilt_command__rosidl_typesupport_fastrtps_cpp.hpp
[0.725s] -- Up-to-date symlink: /home/simone/bookros2_ws/install/br2_tracking_msgs/include/br2_tracking_msgs/br2_tracking_msgs/msg/rosidl_typesupport_fastrtps_cpp__visibility_control.h
[0.725s] -- Up-to-date symlink: /home/simone/bookros2_ws/install/br2_tracking_msgs/include/br2_tracking_msgs/br2_tracking_msgs/msg/detail/pan_tilt_command__rosidl_typesupport_introspection_c.h
[0.725s] -- Up-to-date symlink: /home/simone/bookros2_ws/install/br2_tracking_msgs/include/br2_tracking_msgs/br2_tracking_msgs/msg/rosidl_typesupport_introspection_c__visibility_control.h
[0.725s] -- Up-to-date symlink: /home/simone/bookros2_ws/install/br2_tracking_msgs/include/br2_tracking_msgs/br2_tracking_msgs/msg/detail/pan_tilt_command__rosidl_typesupport_introspection_cpp.hpp
[0.726s] -- Up-to-date symlink: /home/simone/bookros2_ws/install/br2_tracking_msgs/share/br2_tracking_msgs/environment/pythonpath.sh
[0.726s] -- Up-to-date symlink: /home/simone/bookros2_ws/install/br2_tracking_msgs/share/br2_tracking_msgs/environment/pythonpath.dsv
[0.726s] -- Up-to-date symlink: /home/simone/bookros2_ws/install/br2_tracking_msgs/local/lib/python3.10/dist-packages/br2_tracking_msgs-0.2.0-py3.10.egg-info/PKG-INFO
[0.726s] -- Up-to-date symlink: /home/simone/bookros2_ws/install/br2_tracking_msgs/local/lib/python3.10/dist-packages/br2_tracking_msgs-0.2.0-py3.10.egg-info/SOURCES.txt
[0.726s] -- Up-to-date symlink: /home/simone/bookros2_ws/install/br2_tracking_msgs/local/lib/python3.10/dist-packages/br2_tracking_msgs-0.2.0-py3.10.egg-info/dependency_links.txt
[0.726s] -- Up-to-date symlink: /home/simone/bookros2_ws/install/br2_tracking_msgs/local/lib/python3.10/dist-packages/br2_tracking_msgs-0.2.0-py3.10.egg-info/top_level.txt
[0.726s] -- Up-to-date symlink: /home/simone/bookros2_ws/install/br2_tracking_msgs/local/lib/python3.10/dist-packages/br2_tracking_msgs/__init__.py
[0.726s] -- Up-to-date symlink: /home/simone/bookros2_ws/install/br2_tracking_msgs/local/lib/python3.10/dist-packages/br2_tracking_msgs/_br2_tracking_msgs_s.ep.rosidl_typesupport_c.c
[0.726s] -- Up-to-date symlink: /home/simone/bookros2_ws/install/br2_tracking_msgs/local/lib/python3.10/dist-packages/br2_tracking_msgs/_br2_tracking_msgs_s.ep.rosidl_typesupport_fastrtps_c.c
[0.726s] -- Up-to-date symlink: /home/simone/bookros2_ws/install/br2_tracking_msgs/local/lib/python3.10/dist-packages/br2_tracking_msgs/_br2_tracking_msgs_s.ep.rosidl_typesupport_introspection_c.c
[0.726s] -- Up-to-date symlink: /home/simone/bookros2_ws/install/br2_tracking_msgs/local/lib/python3.10/dist-packages/br2_tracking_msgs/br2_tracking_msgs_s__rosidl_typesupport_c.cpython-310-x86_64-linux-gnu.so
[0.726s] -- Up-to-date symlink: /home/simone/bookros2_ws/install/br2_tracking_msgs/local/lib/python3.10/dist-packages/br2_tracking_msgs/br2_tracking_msgs_s__rosidl_typesupport_fastrtps_c.cpython-310-x86_64-linux-gnu.so
[0.726s] -- Up-to-date symlink: /home/simone/bookros2_ws/install/br2_tracking_msgs/local/lib/python3.10/dist-packages/br2_tracking_msgs/br2_tracking_msgs_s__rosidl_typesupport_introspection_c.cpython-310-x86_64-linux-gnu.so
[0.726s] -- Up-to-date symlink: /home/simone/bookros2_ws/install/br2_tracking_msgs/local/lib/python3.10/dist-packages/br2_tracking_msgs/libbr2_tracking_msgs__rosidl_generator_py.so
[0.727s] -- Up-to-date symlink: /home/simone/bookros2_ws/install/br2_tracking_msgs/local/lib/python3.10/dist-packages/br2_tracking_msgs/msg/__init__.py
[0.727s] -- Up-to-date symlink: /home/simone/bookros2_ws/install/br2_tracking_msgs/local/lib/python3.10/dist-packages/br2_tracking_msgs/msg/_pan_tilt_command.py
[0.727s] -- Up-to-date symlink: /home/simone/bookros2_ws/install/br2_tracking_msgs/local/lib/python3.10/dist-packages/br2_tracking_msgs/msg/_pan_tilt_command_s.c
[0.727s] -- Up-to-date symlink: /home/simone/bookros2_ws/install/br2_tracking_msgs/local/lib/python3.10/dist-packages/br2_tracking_msgs/br2_tracking_msgs_s__rosidl_typesupport_fastrtps_c.cpython-310-x86_64-linux-gnu.so
[0.728s] -- Up-to-date symlink: /home/simone/bookros2_ws/install/br2_tracking_msgs/local/lib/python3.10/dist-packages/br2_tracking_msgs/br2_tracking_msgs_s__rosidl_typesupport_introspection_c.cpython-310-x86_64-linux-gnu.so
[0.728s] -- Up-to-date symlink: /home/simone/bookros2_ws/install/br2_tracking_msgs/local/lib/python3.10/dist-packages/br2_tracking_msgs/br2_tracking_msgs_s__rosidl_typesupport_c.cpython-310-x86_64-linux-gnu.so
[0.728s] -- Up-to-date symlink: /home/simone/bookros2_ws/install/br2_tracking_msgs/share/br2_tracking_msgs/msg/PanTiltCommand.idl
[0.729s] -- Up-to-date symlink: /home/simone/bookros2_ws/install/br2_tracking_msgs/share/br2_tracking_msgs/msg/PanTiltCommand.msg
[0.729s] -- Up-to-date symlink: /home/simone/bookros2_ws/install/br2_tracking_msgs/share/ament_index/resource_index/package_run_dependencies/br2_tracking_msgs
[0.729s] -- Up-to-date symlink: /home/simone/bookros2_ws/install/br2_tracking_msgs/share/ament_index/resource_index/parent_prefix_path/br2_tracking_msgs
[0.729s] -- Up-to-date symlink: /home/simone/bookros2_ws/install/br2_tracking_msgs/share/br2_tracking_msgs/environment/ament_prefix_path.sh
[0.729s] -- Up-to-date symlink: /home/simone/bookros2_ws/install/br2_tracking_msgs/share/br2_tracking_msgs/environment/ament_prefix_path.dsv
[0.730s] -- Up-to-date symlink: /home/simone/bookros2_ws/install/br2_tracking_msgs/share/br2_tracking_msgs/environment/path.sh
[0.730s] -- Up-to-date symlink: /home/simone/bookros2_ws/install/br2_tracking_msgs/share/br2_tracking_msgs/environment/path.dsv
[0.730s] -- Up-to-date symlink: /home/simone/bookros2_ws/install/br2_tracking_msgs/share/br2_tracking_msgs/local_setup.bash
[0.731s] -- Up-to-date symlink: /home/simone/bookros2_ws/install/br2_tracking_msgs/share/br2_tracking_msgs/local_setup.sh
[0.731s] -- Up-to-date symlink: /home/simone/bookros2_ws/install/br2_tracking_msgs/share/br2_tracking_msgs/local_setup.zsh
[0.733s] -- Up-to-date symlink: /home/simone/bookros2_ws/install/br2_tracking_msgs/share/br2_tracking_msgs/local_setup.dsv
[0.733s] -- Symlinking: /home/simone/bookros2_ws/install/br2_tracking_msgs/share/br2_tracking_msgs/package.dsv
[0.739s] -- Up-to-date symlink: /home/simone/bookros2_ws/install/br2_tracking_msgs/share/ament_index/resource_index/packages/br2_tracking_msgs
[0.739s] -- Up-to-date symlink: /home/simone/bookros2_ws/install/br2_tracking_msgs/share/br2_tracking_msgs/cmake/rosidl_cmake-extras.cmake
[0.743s] -- Up-to-date symlink: /home/simone/bookros2_ws/install/br2_tracking_msgs/share/br2_tracking_msgs/cmake/ament_cmake_export_dependencies-extras.cmake
[0.743s] -- Up-to-date symlink: /home/simone/bookros2_ws/install/br2_tracking_msgs/share/br2_tracking_msgs/cmake/ament_cmake_export_include_directories-extras.cmake
[0.743s] -- Up-to-date symlink: /home/simone/bookros2_ws/install/br2_tracking_msgs/share/br2_tracking_msgs/cmake/ament_cmake_export_libraries-extras.cmake
[0.743s] -- Up-to-date symlink: /home/simone/bookros2_ws/install/br2_tracking_msgs/share/br2_tracking_msgs/cmake/ament_cmake_export_targets-extras.cmake
[0.743s] -- Up-to-date symlink: /home/simone/bookros2_ws/install/br2_tracking_msgs/share/br2_tracking_msgs/cmake/rosidl_cmake_export_typesupport_targets-extras.cmake
[0.743s] -- Up-to-date symlink: /home/simone/bookros2_ws/install/br2_tracking_msgs/share/br2_tracking_msgs/cmake/rosidl_cmake_export_typesupport_libraries-extras.cmake
[0.743s] -- Up-to-date symlink: /home/simone/bookros2_ws/install/br2_tracking_msgs/share/br2_tracking_msgs/cmake/br2_tracking_msgsConfig.cmake
[0.743s] -- Up-to-date symlink: /home/simone/bookros2_ws/install/br2_tracking_msgs/share/br2_tracking_msgs/cmake/br2_tracking_msgsConfig-version.cmake
[0.744s] -- Up-to-date symlink: /home/simone/bookros2_ws/install/br2_tracking_msgs/share/br2_tracking_msgs/package.xml
[0.744s] -- Up-to-date: /home/simone/bookros2_ws/install/br2_tracking_msgs/lib/libbr2_tracking_msgs__rosidl_generator_c.so
[0.744s] -- Up-to-date: /home/simone/bookros2_ws/install/br2_tracking_msgs/lib/libbr2_tracking_msgs__rosidl_typesupport_fastrtps_c.so
[0.744s] -- Up-to-date: /home/simone/bookros2_ws/install/br2_tracking_msgs/lib/libbr2_tracking_msgs__rosidl_typesupport_fastrtps_cpp.so
[0.744s] -- Up-to-date: /home/simone/bookros2_ws/install/br2_tracking_msgs/lib/libbr2_tracking_msgs__rosidl_typesupport_introspection_c.so
[0.744s] -- Up-to-date: /home/simone/bookros2_ws/install/br2_tracking_msgs/lib/libbr2_tracking_msgs__rosidl_typesupport_c.so
[0.744s] -- Up-to-date: /home/simone/bookros2_ws/install/br2_tracking_msgs/lib/libbr2_tracking_msgs__rosidl_typesupport_introspection_cpp.so
[0.744s] -- Up-to-date: /home/simone/bookros2_ws/install/br2_tracking_msgs/lib/libbr2_tracking_msgs__rosidl_typesupport_cpp.so
[0.788s] Listing '/home/simone/bookros2_ws/install/br2_tracking_msgs/local/lib/python3.10/dist-packages/br2_tracking_msgs'...
[0.789s] Listing '/home/simone/bookros2_ws/install/br2_tracking_msgs/local/lib/python3.10/dist-packages/br2_tracking_msgs/msg'...
[0.804s] -- Up-to-date: /home/simone/bookros2_ws/install/br2_tracking_msgs/lib/libbr2_tracking_msgs__rosidl_generator_py.so
[0.805s] -- Up-to-date: /home/simone/bookros2_ws/install/br2_tracking_msgs/share/br2_tracking_msgs/cmake/export_br2_tracking_msgs__rosidl_generator_cExport.cmake
[0.805s] -- Up-to-date: /home/simone/bookros2_ws/install/br2_tracking_msgs/share/br2_tracking_msgs/cmake/export_br2_tracking_msgs__rosidl_generator_cExport-noconfig.cmake
[0.805s] -- Up-to-date: /home/simone/bookros2_ws/install/br2_tracking_msgs/share/br2_tracking_msgs/cmake/export_br2_tracking_msgs__rosidl_typesupport_fastrtps_cExport.cmake
[0.805s] -- Up-to-date: /home/simone/bookros2_ws/install/br2_tracking_msgs/share/br2_tracking_msgs/cmake/export_br2_tracking_msgs__rosidl_typesupport_fastrtps_cExport-noconfig.cmake
[0.805s] -- Up-to-date: /home/simone/bookros2_ws/install/br2_tracking_msgs/share/br2_tracking_msgs/cmake/export_br2_tracking_msgs__rosidl_generator_cppExport.cmake
[0.805s] -- Up-to-date: /home/simone/bookros2_ws/install/br2_tracking_msgs/share/br2_tracking_msgs/cmake/export_br2_tracking_msgs__rosidl_typesupport_fastrtps_cppExport.cmake
[0.805s] -- Up-to-date: /home/simone/bookros2_ws/install/br2_tracking_msgs/share/br2_tracking_msgs/cmake/export_br2_tracking_msgs__rosidl_typesupport_fastrtps_cppExport-noconfig.cmake
[0.806s] -- Up-to-date: /home/simone/bookros2_ws/install/br2_tracking_msgs/share/br2_tracking_msgs/cmake/br2_tracking_msgs__rosidl_typesupport_introspection_cExport.cmake
[0.806s] -- Up-to-date: /home/simone/bookros2_ws/install/br2_tracking_msgs/share/br2_tracking_msgs/cmake/br2_tracking_msgs__rosidl_typesupport_introspection_cExport-noconfig.cmake
[0.806s] -- Up-to-date: /home/simone/bookros2_ws/install/br2_tracking_msgs/share/br2_tracking_msgs/cmake/br2_tracking_msgs__rosidl_typesupport_cExport.cmake
[0.806s] -- Up-to-date: /home/simone/bookros2_ws/install/br2_tracking_msgs/share/br2_tracking_msgs/cmake/br2_tracking_msgs__rosidl_typesupport_cExport-noconfig.cmake
[0.806s] -- Up-to-date: /home/simone/bookros2_ws/install/br2_tracking_msgs/share/br2_tracking_msgs/cmake/br2_tracking_msgs__rosidl_typesupport_introspection_cppExport.cmake
[0.807s] -- Up-to-date: /home/simone/bookros2_ws/install/br2_tracking_msgs/share/br2_tracking_msgs/cmake/br2_tracking_msgs__rosidl_typesupport_introspection_cppExport-noconfig.cmake
[0.807s] -- Up-to-date: /home/simone/bookros2_ws/install/br2_tracking_msgs/share/br2_tracking_msgs/cmake/br2_tracking_msgs__rosidl_typesupport_cppExport.cmake
[0.807s] -- Up-to-date: /home/simone/bookros2_ws/install/br2_tracking_msgs/share/br2_tracking_msgs/cmake/br2_tracking_msgs__rosidl_typesupport_cppExport-noconfig.cmake
[0.807s] -- Up-to-date: /home/simone/bookros2_ws/install/br2_tracking_msgs/share/br2_tracking_msgs/cmake/export_br2_tracking_msgs__rosidl_generator_pyExport.cmake
[0.807s] -- Up-to-date: /home/simone/bookros2_ws/install/br2_tracking_msgs/share/br2_tracking_msgs/cmake/export_br2_tracking_msgs__rosidl_generator_pyExport-noconfig.cmake
[0.843s] Invoked command in '/home/simone/bookros2_ws/build/br2_tracking_msgs' returned '0': CMAKE_PREFIX_PATH=${CMAKE_PREFIX_PATH}:/home/simone/bookros2_ws/install/learning_tf2_py:/home/simone/bookros2_ws/install/launch_pal:/home/simone/bookros2_ws/install/br2_tf2_detector_py:/home/simone/bookros2_ws/install/br2_fsm_bumpgo_py:/opt/ros/humble /usr/bin/cmake --install /home/simone/bookros2_ws/build/br2_tracking_msgs
