[0.957s] Invoking command in '/home/simone/bookros2_ws/build/tiago_gazebo': AMENT_PREFIX_PATH=/home/simone/bookros2_ws/install/tiago_moveit_config:/home/simone/bookros2_ws/install/tiago_bringup:/home/simone/bookros2_ws/install/tiago_description:/home/simone/bookros2_ws/install/tiago_2dnav:/home/simone/bookros2_ws/install/tiago_controller_configuration:/home/simone/bookros2_ws/install/pmb2_description:/home/simone/bookros2_ws/install/pmb2_2dnav:/home/simone/bookros2_ws/install/pal_gripper_description:/home/simone/bookros2_ws/install/pmb2_maps:/home/simone/bookros2_ws/install/pmb2_laser_sensors:/home/simone/bookros2_ws/install/pmb2_controller_configuration:/home/simone/bookros2_ws/install/pal_gripper_controller_configuration:/home/simone/bookros2_ws/install/pal_gazebo_worlds:/home/simone/bookros2_ws/install/launch_pal:/home/simone/bookros2_ws/install/hey5_description:${AMENT_PREFIX_PATH} CMAKE_PREFIX_PATH=/home/simone/bookros2_ws/install/tiago_moveit_config:/home/simone/bookros2_ws/install/tiago_bringup:/home/simone/bookros2_ws/install/tiago_description:/home/simone/bookros2_ws/install/tiago_2dnav:/home/simone/bookros2_ws/install/tiago_controller_configuration:/home/simone/bookros2_ws/install/pmb2_description:/home/simone/bookros2_ws/install/pmb2_2dnav:/home/simone/bookros2_ws/install/pal_gripper_description:/home/simone/bookros2_ws/install/pmb2_maps:/home/simone/bookros2_ws/install/pmb2_laser_sensors:/home/simone/bookros2_ws/install/pmb2_controller_configuration:/home/simone/bookros2_ws/install/pal_gripper_controller_configuration:/home/simone/bookros2_ws/install/pal_gazebo_worlds:/home/simone/bookros2_ws/install/hey5_description:/opt/ros/humble PYTHONPATH=/home/simone/bookros2_ws/install/tiago_description/local/lib/python3.10/dist-packages:/home/simone/bookros2_ws/install/pmb2_description/local/lib/python3.10/dist-packages:/home/simone/bookros2_ws/build/launch_pal:/home/simone/bookros2_ws/install/launch_pal/lib/python3.10/site-packages:${PYTHONPATH} /usr/bin/cmake /home/simone/bookros2_ws/src/ThirdParty/tiago_simulation/tiago_gazebo -DAMENT_CMAKE_SYMLINK_INSTALL=1 -DCMAKE_INSTALL_PREFIX=/home/simone/bookros2_ws/install/tiago_gazebo
[1.910s] -- The C compiler identification is GNU 11.3.0
[2.648s] -- The CXX compiler identification is GNU 11.3.0
[2.688s] -- Detecting C compiler ABI info
[4.411s] -- Detecting C compiler ABI info - done
[4.446s] -- Check for working C compiler: /usr/bin/cc - skipped
[4.451s] -- Detecting C compile features
[4.455s] -- Detecting C compile features - done
[4.491s] -- Detecting CXX compiler ABI info
[5.447s] -- Detecting CXX compiler ABI info - done
[5.485s] -- Check for working CXX compiler: /usr/bin/c++ - skipped
[5.486s] -- Detecting CXX compile features
[5.489s] -- Detecting CXX compile features - done
[5.907s] -- Found ament_cmake_auto: 1.3.5 (/opt/ros/humble/share/ament_cmake_auto/cmake)
[10.322s] -- Found Python3: /usr/bin/python3.10 (found version "3.10.6") found components: Interpreter 
[11.883s] -- Override CMake install command with custom implementation using symlinks instead of copying resources
[13.196s] -- Found ament_cmake_gtest: 1.3.5 (/opt/ros/humble/share/ament_cmake_gtest/cmake)
[13.209s] -- Found ament_lint_auto: 0.12.6 (/opt/ros/humble/share/ament_lint_auto/cmake)
[13.473s] -- Found python_cmake_module: 0.10.0 (/opt/ros/humble/share/python_cmake_module/cmake)
[13.886s] -- Found PythonInterp: /usr/bin/python3 (found suitable version "3.10.6", minimum required is "3.6") 
[14.302s] -- Found PythonLibs: /usr/lib/x86_64-linux-gnu/libpython3.10.so (found suitable version "3.10.6", minimum required is "3.5") 
[14.303s] -- Using PYTHON_EXECUTABLE: /usr/bin/python3
[14.303s] -- Using PYTHON_INCLUDE_DIRS: /usr/include/python3.10
[14.303s] -- Using PYTHON_LIBRARIES: /usr/lib/x86_64-linux-gnu/libpython3.10.so
[14.434s] -- Found PythonExtra: .so  
[14.914s] -- Found rosidl_generator_c: 3.1.4 (/opt/ros/humble/share/rosidl_generator_c/cmake)
[14.977s] -- Found rosidl_adapter: 3.1.4 (/opt/ros/humble/share/rosidl_adapter/cmake)
[15.022s] -- Found rosidl_generator_cpp: 3.1.4 (/opt/ros/humble/share/rosidl_generator_cpp/cmake)
[15.104s] -- Using all available rosidl_typesupport_c: rosidl_typesupport_fastrtps_c;rosidl_typesupport_introspection_c
[15.347s] -- Using all available rosidl_typesupport_cpp: rosidl_typesupport_fastrtps_cpp;rosidl_typesupport_introspection_cpp
[16.854s] -- Found rmw_implementation_cmake: 6.1.1 (/opt/ros/humble/share/rmw_implementation_cmake/cmake)
[16.883s] -- Found rmw_fastrtps_cpp: 6.2.2 (/opt/ros/humble/share/rmw_fastrtps_cpp/cmake)
[17.701s] -- Found OpenSSL: /usr/lib/x86_64-linux-gnu/libcrypto.so (found version "3.0.2")  
[17.888s] -- Found FastRTPS: /opt/ros/humble/include  
[18.068s] -- Using RMW implementation 'rmw_fastrtps_cpp' as default
[18.229s] -- Looking for pthread.h
[18.822s] -- Looking for pthread.h - found
[18.823s] -- Performing Test CMAKE_HAVE_LIBC_PTHREAD
[19.149s] -- Performing Test CMAKE_HAVE_LIBC_PTHREAD - Success
[19.149s] -- Found Threads: TRUE  
[20.948s] -- Found gtest sources under '/opt/ros/humble/src/gtest_vendor': C++ tests using 'Google Test' will be built
[21.048s] -- Added test 'copyright' to check source files copyright and LICENSE
[21.054s] -- Added test 'cppcheck' to perform static code analysis on C / C++ code
[21.054s] -- Configured cppcheck include dirs: 
[21.054s] -- Configured cppcheck exclude dirs and/or files: 
[21.057s] -- Added test 'cpplint' to check C / C++ code against the Google style
[21.057s] -- Configured cpplint exclude dirs and/or files: 
[21.063s] -- Added test 'flake8' to check Python code syntax and style conventions
[21.065s] -- Added test 'lint_cmake' to check CMake code style
[21.069s] -- Added test 'pep257' to check Python code against some of the docstring style conventions in PEP 257
[21.073s] -- Added test 'uncrustify' to check C / C++ code style
[21.074s] -- Configured uncrustify additional arguments: 
[21.076s] -- Added test 'xmllint' to check XML markup files
[21.097s] -- Configuring done
[21.173s] -- Generating done
[21.178s] -- Build files have been written to: /home/simone/bookros2_ws/build/tiago_gazebo
[21.259s] Invoked command in '/home/simone/bookros2_ws/build/tiago_gazebo' returned '0': AMENT_PREFIX_PATH=/home/simone/bookros2_ws/install/tiago_moveit_config:/home/simone/bookros2_ws/install/tiago_bringup:/home/simone/bookros2_ws/install/tiago_description:/home/simone/bookros2_ws/install/tiago_2dnav:/home/simone/bookros2_ws/install/tiago_controller_configuration:/home/simone/bookros2_ws/install/pmb2_description:/home/simone/bookros2_ws/install/pmb2_2dnav:/home/simone/bookros2_ws/install/pal_gripper_description:/home/simone/bookros2_ws/install/pmb2_maps:/home/simone/bookros2_ws/install/pmb2_laser_sensors:/home/simone/bookros2_ws/install/pmb2_controller_configuration:/home/simone/bookros2_ws/install/pal_gripper_controller_configuration:/home/simone/bookros2_ws/install/pal_gazebo_worlds:/home/simone/bookros2_ws/install/launch_pal:/home/simone/bookros2_ws/install/hey5_description:${AMENT_PREFIX_PATH} CMAKE_PREFIX_PATH=/home/simone/bookros2_ws/install/tiago_moveit_config:/home/simone/bookros2_ws/install/tiago_bringup:/home/simone/bookros2_ws/install/tiago_description:/home/simone/bookros2_ws/install/tiago_2dnav:/home/simone/bookros2_ws/install/tiago_controller_configuration:/home/simone/bookros2_ws/install/pmb2_description:/home/simone/bookros2_ws/install/pmb2_2dnav:/home/simone/bookros2_ws/install/pal_gripper_description:/home/simone/bookros2_ws/install/pmb2_maps:/home/simone/bookros2_ws/install/pmb2_laser_sensors:/home/simone/bookros2_ws/install/pmb2_controller_configuration:/home/simone/bookros2_ws/install/pal_gripper_controller_configuration:/home/simone/bookros2_ws/install/pal_gazebo_worlds:/home/simone/bookros2_ws/install/hey5_description:/opt/ros/humble PYTHONPATH=/home/simone/bookros2_ws/install/tiago_description/local/lib/python3.10/dist-packages:/home/simone/bookros2_ws/install/pmb2_description/local/lib/python3.10/dist-packages:/home/simone/bookros2_ws/build/launch_pal:/home/simone/bookros2_ws/install/launch_pal/lib/python3.10/site-packages:${PYTHONPATH} /usr/bin/cmake /home/simone/bookros2_ws/src/ThirdParty/tiago_simulation/tiago_gazebo -DAMENT_CMAKE_SYMLINK_INSTALL=1 -DCMAKE_INSTALL_PREFIX=/home/simone/bookros2_ws/install/tiago_gazebo
[21.262s] Invoking command in '/home/simone/bookros2_ws/build/tiago_gazebo': AMENT_PREFIX_PATH=/home/simone/bookros2_ws/install/tiago_moveit_config:/home/simone/bookros2_ws/install/tiago_bringup:/home/simone/bookros2_ws/install/tiago_description:/home/simone/bookros2_ws/install/tiago_2dnav:/home/simone/bookros2_ws/install/tiago_controller_configuration:/home/simone/bookros2_ws/install/pmb2_description:/home/simone/bookros2_ws/install/pmb2_2dnav:/home/simone/bookros2_ws/install/pal_gripper_description:/home/simone/bookros2_ws/install/pmb2_maps:/home/simone/bookros2_ws/install/pmb2_laser_sensors:/home/simone/bookros2_ws/install/pmb2_controller_configuration:/home/simone/bookros2_ws/install/pal_gripper_controller_configuration:/home/simone/bookros2_ws/install/pal_gazebo_worlds:/home/simone/bookros2_ws/install/launch_pal:/home/simone/bookros2_ws/install/hey5_description:${AMENT_PREFIX_PATH} CMAKE_PREFIX_PATH=/home/simone/bookros2_ws/install/tiago_moveit_config:/home/simone/bookros2_ws/install/tiago_bringup:/home/simone/bookros2_ws/install/tiago_description:/home/simone/bookros2_ws/install/tiago_2dnav:/home/simone/bookros2_ws/install/tiago_controller_configuration:/home/simone/bookros2_ws/install/pmb2_description:/home/simone/bookros2_ws/install/pmb2_2dnav:/home/simone/bookros2_ws/install/pal_gripper_description:/home/simone/bookros2_ws/install/pmb2_maps:/home/simone/bookros2_ws/install/pmb2_laser_sensors:/home/simone/bookros2_ws/install/pmb2_controller_configuration:/home/simone/bookros2_ws/install/pal_gripper_controller_configuration:/home/simone/bookros2_ws/install/pal_gazebo_worlds:/home/simone/bookros2_ws/install/hey5_description:/opt/ros/humble PYTHONPATH=/home/simone/bookros2_ws/install/tiago_description/local/lib/python3.10/dist-packages:/home/simone/bookros2_ws/install/pmb2_description/local/lib/python3.10/dist-packages:/home/simone/bookros2_ws/build/launch_pal:/home/simone/bookros2_ws/install/launch_pal/lib/python3.10/site-packages:${PYTHONPATH} /usr/bin/cmake --build /home/simone/bookros2_ws/build/tiago_gazebo -- -j5 -l5
[21.541s] [ 16%] [32mBuilding CXX object gtest/CMakeFiles/gtest_main.dir/src/gtest_main.cc.o[0m
[24.767s] [ 33%] [32m[1mLinking CXX static library libgtest_main.a[0m
[24.854s] [ 33%] Built target gtest_main
[24.926s] [ 50%] [32mBuilding CXX object gtest/CMakeFiles/gtest.dir/src/gtest-all.cc.o[0m
[31.389s] [ 66%] [32m[1mLinking CXX static library libgtest.a[0m
[31.568s] [ 66%] Built target gtest
[31.755s] [ 83%] [32mBuilding CXX object CMakeFiles/tuck_arm_test.dir/test/tuck_arm_test.cpp.o[0m
[50.281s] [100%] [32m[1mLinking CXX executable tuck_arm_test[0m
[51.519s] [100%] Built target tuck_arm_test
[51.541s] Invoked command in '/home/simone/bookros2_ws/build/tiago_gazebo' returned '0': AMENT_PREFIX_PATH=/home/simone/bookros2_ws/install/tiago_moveit_config:/home/simone/bookros2_ws/install/tiago_bringup:/home/simone/bookros2_ws/install/tiago_description:/home/simone/bookros2_ws/install/tiago_2dnav:/home/simone/bookros2_ws/install/tiago_controller_configuration:/home/simone/bookros2_ws/install/pmb2_description:/home/simone/bookros2_ws/install/pmb2_2dnav:/home/simone/bookros2_ws/install/pal_gripper_description:/home/simone/bookros2_ws/install/pmb2_maps:/home/simone/bookros2_ws/install/pmb2_laser_sensors:/home/simone/bookros2_ws/install/pmb2_controller_configuration:/home/simone/bookros2_ws/install/pal_gripper_controller_configuration:/home/simone/bookros2_ws/install/pal_gazebo_worlds:/home/simone/bookros2_ws/install/launch_pal:/home/simone/bookros2_ws/install/hey5_description:${AMENT_PREFIX_PATH} CMAKE_PREFIX_PATH=/home/simone/bookros2_ws/install/tiago_moveit_config:/home/simone/bookros2_ws/install/tiago_bringup:/home/simone/bookros2_ws/install/tiago_description:/home/simone/bookros2_ws/install/tiago_2dnav:/home/simone/bookros2_ws/install/tiago_controller_configuration:/home/simone/bookros2_ws/install/pmb2_description:/home/simone/bookros2_ws/install/pmb2_2dnav:/home/simone/bookros2_ws/install/pal_gripper_description:/home/simone/bookros2_ws/install/pmb2_maps:/home/simone/bookros2_ws/install/pmb2_laser_sensors:/home/simone/bookros2_ws/install/pmb2_controller_configuration:/home/simone/bookros2_ws/install/pal_gripper_controller_configuration:/home/simone/bookros2_ws/install/pal_gazebo_worlds:/home/simone/bookros2_ws/install/hey5_description:/opt/ros/humble PYTHONPATH=/home/simone/bookros2_ws/install/tiago_description/local/lib/python3.10/dist-packages:/home/simone/bookros2_ws/install/pmb2_description/local/lib/python3.10/dist-packages:/home/simone/bookros2_ws/build/launch_pal:/home/simone/bookros2_ws/install/launch_pal/lib/python3.10/site-packages:${PYTHONPATH} /usr/bin/cmake --build /home/simone/bookros2_ws/build/tiago_gazebo -- -j5 -l5
[51.605s] Invoking command in '/home/simone/bookros2_ws/build/tiago_gazebo': AMENT_PREFIX_PATH=/home/simone/bookros2_ws/install/tiago_moveit_config:/home/simone/bookros2_ws/install/tiago_bringup:/home/simone/bookros2_ws/install/tiago_description:/home/simone/bookros2_ws/install/tiago_2dnav:/home/simone/bookros2_ws/install/tiago_controller_configuration:/home/simone/bookros2_ws/install/pmb2_description:/home/simone/bookros2_ws/install/pmb2_2dnav:/home/simone/bookros2_ws/install/pal_gripper_description:/home/simone/bookros2_ws/install/pmb2_maps:/home/simone/bookros2_ws/install/pmb2_laser_sensors:/home/simone/bookros2_ws/install/pmb2_controller_configuration:/home/simone/bookros2_ws/install/pal_gripper_controller_configuration:/home/simone/bookros2_ws/install/pal_gazebo_worlds:/home/simone/bookros2_ws/install/launch_pal:/home/simone/bookros2_ws/install/hey5_description:${AMENT_PREFIX_PATH} CMAKE_PREFIX_PATH=/home/simone/bookros2_ws/install/tiago_moveit_config:/home/simone/bookros2_ws/install/tiago_bringup:/home/simone/bookros2_ws/install/tiago_description:/home/simone/bookros2_ws/install/tiago_2dnav:/home/simone/bookros2_ws/install/tiago_controller_configuration:/home/simone/bookros2_ws/install/pmb2_description:/home/simone/bookros2_ws/install/pmb2_2dnav:/home/simone/bookros2_ws/install/pal_gripper_description:/home/simone/bookros2_ws/install/pmb2_maps:/home/simone/bookros2_ws/install/pmb2_laser_sensors:/home/simone/bookros2_ws/install/pmb2_controller_configuration:/home/simone/bookros2_ws/install/pal_gripper_controller_configuration:/home/simone/bookros2_ws/install/pal_gazebo_worlds:/home/simone/bookros2_ws/install/hey5_description:/opt/ros/humble PYTHONPATH=/home/simone/bookros2_ws/install/tiago_description/local/lib/python3.10/dist-packages:/home/simone/bookros2_ws/install/pmb2_description/local/lib/python3.10/dist-packages:/home/simone/bookros2_ws/build/launch_pal:/home/simone/bookros2_ws/install/launch_pal/lib/python3.10/site-packages:${PYTHONPATH} /usr/bin/cmake --install /home/simone/bookros2_ws/build/tiago_gazebo
[51.616s] -- Install configuration: ""
[51.616s] -- Execute custom install script
[51.617s] -- Symlinking: /home/simone/bookros2_ws/install/tiago_gazebo/lib/tiago_gazebo/tuck_arm.py
[51.630s] -- Symlinking: /home/simone/bookros2_ws/install/tiago_gazebo/share/tiago_gazebo/test/tuck_arm_test
[51.642s] -- Symlinking: /home/simone/bookros2_ws/install/tiago_gazebo/share/tiago_gazebo/launch/tiago_gazebo.launch.py
[51.655s] -- Symlinking: /home/simone/bookros2_ws/install/tiago_gazebo/share/tiago_gazebo/launch/tiago_spawn.launch.py
[51.666s] -- Symlinking: /home/simone/bookros2_ws/install/tiago_gazebo/share/ament_index/resource_index/package_run_dependencies/tiago_gazebo
[51.681s] -- Symlinking: /home/simone/bookros2_ws/install/tiago_gazebo/share/ament_index/resource_index/parent_prefix_path/tiago_gazebo
[51.693s] -- Symlinking: /home/simone/bookros2_ws/install/tiago_gazebo/share/tiago_gazebo/environment/ament_prefix_path.sh
[51.705s] -- Symlinking: /home/simone/bookros2_ws/install/tiago_gazebo/share/tiago_gazebo/environment/ament_prefix_path.dsv
[51.715s] -- Symlinking: /home/simone/bookros2_ws/install/tiago_gazebo/share/tiago_gazebo/environment/path.sh
[51.727s] -- Symlinking: /home/simone/bookros2_ws/install/tiago_gazebo/share/tiago_gazebo/environment/path.dsv
[51.741s] -- Symlinking: /home/simone/bookros2_ws/install/tiago_gazebo/share/tiago_gazebo/local_setup.bash
[51.756s] -- Symlinking: /home/simone/bookros2_ws/install/tiago_gazebo/share/tiago_gazebo/local_setup.sh
[51.774s] -- Symlinking: /home/simone/bookros2_ws/install/tiago_gazebo/share/tiago_gazebo/local_setup.zsh
[51.789s] -- Symlinking: /home/simone/bookros2_ws/install/tiago_gazebo/share/tiago_gazebo/local_setup.dsv
[51.804s] -- Symlinking: /home/simone/bookros2_ws/install/tiago_gazebo/share/tiago_gazebo/package.dsv
[51.818s] -- Symlinking: /home/simone/bookros2_ws/install/tiago_gazebo/share/ament_index/resource_index/packages/tiago_gazebo
[51.829s] -- Symlinking: /home/simone/bookros2_ws/install/tiago_gazebo/share/tiago_gazebo/cmake/tiago_gazeboConfig.cmake
[51.842s] -- Symlinking: /home/simone/bookros2_ws/install/tiago_gazebo/share/tiago_gazebo/cmake/tiago_gazeboConfig-version.cmake
[51.855s] -- Symlinking: /home/simone/bookros2_ws/install/tiago_gazebo/share/tiago_gazebo/package.xml
[51.889s] Invoked command in '/home/simone/bookros2_ws/build/tiago_gazebo' returned '0': AMENT_PREFIX_PATH=/home/simone/bookros2_ws/install/tiago_moveit_config:/home/simone/bookros2_ws/install/tiago_bringup:/home/simone/bookros2_ws/install/tiago_description:/home/simone/bookros2_ws/install/tiago_2dnav:/home/simone/bookros2_ws/install/tiago_controller_configuration:/home/simone/bookros2_ws/install/pmb2_description:/home/simone/bookros2_ws/install/pmb2_2dnav:/home/simone/bookros2_ws/install/pal_gripper_description:/home/simone/bookros2_ws/install/pmb2_maps:/home/simone/bookros2_ws/install/pmb2_laser_sensors:/home/simone/bookros2_ws/install/pmb2_controller_configuration:/home/simone/bookros2_ws/install/pal_gripper_controller_configuration:/home/simone/bookros2_ws/install/pal_gazebo_worlds:/home/simone/bookros2_ws/install/launch_pal:/home/simone/bookros2_ws/install/hey5_description:${AMENT_PREFIX_PATH} CMAKE_PREFIX_PATH=/home/simone/bookros2_ws/install/tiago_moveit_config:/home/simone/bookros2_ws/install/tiago_bringup:/home/simone/bookros2_ws/install/tiago_description:/home/simone/bookros2_ws/install/tiago_2dnav:/home/simone/bookros2_ws/install/tiago_controller_configuration:/home/simone/bookros2_ws/install/pmb2_description:/home/simone/bookros2_ws/install/pmb2_2dnav:/home/simone/bookros2_ws/install/pal_gripper_description:/home/simone/bookros2_ws/install/pmb2_maps:/home/simone/bookros2_ws/install/pmb2_laser_sensors:/home/simone/bookros2_ws/install/pmb2_controller_configuration:/home/simone/bookros2_ws/install/pal_gripper_controller_configuration:/home/simone/bookros2_ws/install/pal_gazebo_worlds:/home/simone/bookros2_ws/install/hey5_description:/opt/ros/humble PYTHONPATH=/home/simone/bookros2_ws/install/tiago_description/local/lib/python3.10/dist-packages:/home/simone/bookros2_ws/install/pmb2_description/local/lib/python3.10/dist-packages:/home/simone/bookros2_ws/build/launch_pal:/home/simone/bookros2_ws/install/launch_pal/lib/python3.10/site-packages:${PYTHONPATH} /usr/bin/cmake --install /home/simone/bookros2_ws/build/tiago_gazebo
