[0.059s] Invoking command in '/home/simone/bookros2_ws/build/tiago_laser_sensors': AMENT_PREFIX_PATH=/home/simone/bookros2_ws/install/pmb2_laser_sensors:${AMENT_PREFIX_PATH} CMAKE_PREFIX_PATH=/home/simone/bookros2_ws/install/pmb2_laser_sensors:/opt/ros/humble /usr/bin/cmake --build /home/simone/bookros2_ws/build/tiago_laser_sensors -- -j6 -l6
[0.148s] Invoked command in '/home/simone/bookros2_ws/build/tiago_laser_sensors' returned '0': AMENT_PREFIX_PATH=/home/simone/bookros2_ws/install/pmb2_laser_sensors:${AMENT_PREFIX_PATH} CMAKE_PREFIX_PATH=/home/simone/bookros2_ws/install/pmb2_laser_sensors:/opt/ros/humble /usr/bin/cmake --build /home/simone/bookros2_ws/build/tiago_laser_sensors -- -j6 -l6
[0.231s] Invoking command in '/home/simone/bookros2_ws/build/tiago_laser_sensors': AMENT_PREFIX_PATH=/home/simone/bookros2_ws/install/pmb2_laser_sensors:${AMENT_PREFIX_PATH} CMAKE_PREFIX_PATH=/home/simone/bookros2_ws/install/pmb2_laser_sensors:/opt/ros/humble /usr/bin/cmake --install /home/simone/bookros2_ws/build/tiago_laser_sensors
[0.241s] -- Install configuration: ""
[0.242s] -- Execute custom install script
[0.243s] -- Up-to-date symlink: /home/simone/bookros2_ws/install/tiago_laser_sensors/share/tiago_laser_sensors/launch/laser.launch.py
[0.243s] -- Up-to-date symlink: /home/simone/bookros2_ws/install/tiago_laser_sensors/share/ament_index/resource_index/package_run_dependencies/tiago_laser_sensors
[0.243s] -- Up-to-date symlink: /home/simone/bookros2_ws/install/tiago_laser_sensors/share/ament_index/resource_index/parent_prefix_path/tiago_laser_sensors
[0.243s] -- Up-to-date symlink: /home/simone/bookros2_ws/install/tiago_laser_sensors/share/tiago_laser_sensors/environment/ament_prefix_path.sh
[0.243s] -- Up-to-date symlink: /home/simone/bookros2_ws/install/tiago_laser_sensors/share/tiago_laser_sensors/environment/ament_prefix_path.dsv
[0.243s] -- Up-to-date symlink: /home/simone/bookros2_ws/install/tiago_laser_sensors/share/tiago_laser_sensors/environment/path.sh
[0.243s] -- Up-to-date symlink: /home/simone/bookros2_ws/install/tiago_laser_sensors/share/tiago_laser_sensors/environment/path.dsv
[0.243s] -- Up-to-date symlink: /home/simone/bookros2_ws/install/tiago_laser_sensors/share/tiago_laser_sensors/local_setup.bash
[0.244s] -- Up-to-date symlink: /home/simone/bookros2_ws/install/tiago_laser_sensors/share/tiago_laser_sensors/local_setup.sh
[0.245s] -- Up-to-date symlink: /home/simone/bookros2_ws/install/tiago_laser_sensors/share/tiago_laser_sensors/local_setup.zsh
[0.245s] -- Up-to-date symlink: /home/simone/bookros2_ws/install/tiago_laser_sensors/share/tiago_laser_sensors/local_setup.dsv
[0.245s] -- Symlinking: /home/simone/bookros2_ws/install/tiago_laser_sensors/share/tiago_laser_sensors/package.dsv
[0.256s] -- Up-to-date symlink: /home/simone/bookros2_ws/install/tiago_laser_sensors/share/ament_index/resource_index/packages/tiago_laser_sensors
[0.256s] -- Up-to-date symlink: /home/simone/bookros2_ws/install/tiago_laser_sensors/share/tiago_laser_sensors/cmake/tiago_laser_sensorsConfig.cmake
[0.257s] -- Up-to-date symlink: /home/simone/bookros2_ws/install/tiago_laser_sensors/share/tiago_laser_sensors/cmake/tiago_laser_sensorsConfig-version.cmake
[0.257s] -- Up-to-date symlink: /home/simone/bookros2_ws/install/tiago_laser_sensors/share/tiago_laser_sensors/package.xml
[0.265s] Invoked command in '/home/simone/bookros2_ws/build/tiago_laser_sensors' returned '0': AMENT_PREFIX_PATH=/home/simone/bookros2_ws/install/pmb2_laser_sensors:${AMENT_PREFIX_PATH} CMAKE_PREFIX_PATH=/home/simone/bookros2_ws/install/pmb2_laser_sensors:/opt/ros/humble /usr/bin/cmake --install /home/simone/bookros2_ws/build/tiago_laser_sensors
