[0.488s] Invoking command in '/home/simone/bookros2_ws/build/hey5_description': CMAKE_PREFIX_PATH=${CMAKE_PREFIX_PATH}:/home/simone/bookros2_ws/install/learning_tf2_py:/home/simone/bookros2_ws/install/launch_pal:/home/simone/bookros2_ws/install/br2_tf2_detector_py:/home/simone/bookros2_ws/install/br2_fsm_bumpgo_py:/opt/ros/humble /usr/bin/cmake /home/simone/bookros2_ws/src/ThirdParty/hey5_description -DCMAKE_INSTALL_PREFIX=/home/simone/bookros2_ws/install/hey5_description
[0.526s] -- Found ament_cmake_auto: 1.3.5 (/opt/ros/humble/share/ament_cmake_auto/cmake)
[1.026s] -- Override CMake install command with custom implementation using symlinks instead of copying resources
[1.051s] -- Found ament_lint_auto: 0.12.6 (/opt/ros/humble/share/ament_lint_auto/cmake)
[1.235s] -- Added test 'copyright' to check source files copyright and LICENSE
[1.253s] -- Added test 'lint_cmake' to check CMake code style
[1.259s] -- Added test 'xmllint' to check XML markup files
[1.264s] -- Configuring done
[1.268s] -- Generating done
[1.270s] -- Build files have been written to: /home/simone/bookros2_ws/build/hey5_description
[1.275s] Invoked command in '/home/simone/bookros2_ws/build/hey5_description' returned '0': CMAKE_PREFIX_PATH=${CMAKE_PREFIX_PATH}:/home/simone/bookros2_ws/install/learning_tf2_py:/home/simone/bookros2_ws/install/launch_pal:/home/simone/bookros2_ws/install/br2_tf2_detector_py:/home/simone/bookros2_ws/install/br2_fsm_bumpgo_py:/opt/ros/humble /usr/bin/cmake /home/simone/bookros2_ws/src/ThirdParty/hey5_description -DCMAKE_INSTALL_PREFIX=/home/simone/bookros2_ws/install/hey5_description
[1.276s] Invoking command in '/home/simone/bookros2_ws/build/hey5_description': CMAKE_PREFIX_PATH=${CMAKE_PREFIX_PATH}:/home/simone/bookros2_ws/install/learning_tf2_py:/home/simone/bookros2_ws/install/launch_pal:/home/simone/bookros2_ws/install/br2_tf2_detector_py:/home/simone/bookros2_ws/install/br2_fsm_bumpgo_py:/opt/ros/humble /usr/bin/cmake --build /home/simone/bookros2_ws/build/hey5_description -- -j6 -l6
[1.331s] Invoked command in '/home/simone/bookros2_ws/build/hey5_description' returned '0': CMAKE_PREFIX_PATH=${CMAKE_PREFIX_PATH}:/home/simone/bookros2_ws/install/learning_tf2_py:/home/simone/bookros2_ws/install/launch_pal:/home/simone/bookros2_ws/install/br2_tf2_detector_py:/home/simone/bookros2_ws/install/br2_fsm_bumpgo_py:/opt/ros/humble /usr/bin/cmake --build /home/simone/bookros2_ws/build/hey5_description -- -j6 -l6
[1.448s] Invoking command in '/home/simone/bookros2_ws/build/hey5_description': CMAKE_PREFIX_PATH=${CMAKE_PREFIX_PATH}:/home/simone/bookros2_ws/install/learning_tf2_py:/home/simone/bookros2_ws/install/launch_pal:/home/simone/bookros2_ws/install/br2_tf2_detector_py:/home/simone/bookros2_ws/install/br2_fsm_bumpgo_py:/opt/ros/humble /usr/bin/cmake --install /home/simone/bookros2_ws/build/hey5_description
[1.494s] -- Install configuration: ""
[1.494s] -- Execute custom install script
[1.494s] -- Up-to-date symlink: /home/simone/bookros2_ws/install/hey5_description/share/hey5_description/config/two_hands.rviz
[1.495s] -- Up-to-date symlink: /home/simone/bookros2_ws/install/hey5_description/share/hey5_description/gazebo/gazebo.urdf.xacro
[1.495s] -- Up-to-date symlink: /home/simone/bookros2_ws/install/hey5_description/share/hey5_description/launch/hey5_kinematics_test.launch
[1.495s] -- Up-to-date symlink: /home/simone/bookros2_ws/install/hey5_description/share/hey5_description/meshes/finger_abd_collision.stl
[1.495s] -- Up-to-date symlink: /home/simone/bookros2_ws/install/hey5_description/share/hey5_description/meshes/finger_flex_collision.stl
[1.495s] -- Up-to-date symlink: /home/simone/bookros2_ws/install/hey5_description/share/hey5_description/meshes/finger_flex_tip_collision.stl
[1.495s] -- Up-to-date symlink: /home/simone/bookros2_ws/install/hey5_description/share/hey5_description/meshes/palm.stl
[1.495s] -- Up-to-date symlink: /home/simone/bookros2_ws/install/hey5_description/share/hey5_description/meshes/palm_collision.stl
[1.495s] -- Up-to-date symlink: /home/simone/bookros2_ws/install/hey5_description/share/hey5_description/meshes/thumb_abd_collision.stl
[1.495s] -- Up-to-date symlink: /home/simone/bookros2_ws/install/hey5_description/share/hey5_description/robots/hey5_test.urdf.xacro
[1.495s] -- Up-to-date symlink: /home/simone/bookros2_ws/install/hey5_description/share/hey5_description/urdf/actuators.urdf.xacro
[1.495s] -- Up-to-date symlink: /home/simone/bookros2_ws/install/hey5_description/share/hey5_description/urdf/deg_to_rad.urdf.xacro
[1.495s] -- Up-to-date symlink: /home/simone/bookros2_ws/install/hey5_description/share/hey5_description/urdf/fingers.urdf.xacro
[1.495s] -- Up-to-date symlink: /home/simone/bookros2_ws/install/hey5_description/share/hey5_description/urdf/hey5.ros2_control.xacro
[1.495s] -- Up-to-date symlink: /home/simone/bookros2_ws/install/hey5_description/share/hey5_description/urdf/hey5.transmission.xacro
[1.496s] -- Up-to-date symlink: /home/simone/bookros2_ws/install/hey5_description/share/hey5_description/urdf/hey5_hand.urdf.xacro
[1.496s] -- Up-to-date symlink: /home/simone/bookros2_ws/install/hey5_description/share/hey5_description/urdf/materials.urdf.xacro
[1.496s] -- Up-to-date symlink: /home/simone/bookros2_ws/install/hey5_description/share/hey5_description/urdf/palm.urdf.xacro
[1.496s] -- Up-to-date symlink: /home/simone/bookros2_ws/install/hey5_description/share/hey5_description/urdf/transmissions.urdf.xacro
[1.496s] -- Up-to-date symlink: /home/simone/bookros2_ws/install/hey5_description/share/ament_index/resource_index/package_run_dependencies/hey5_description
[1.496s] -- Up-to-date symlink: /home/simone/bookros2_ws/install/hey5_description/share/ament_index/resource_index/parent_prefix_path/hey5_description
[1.496s] -- Up-to-date symlink: /home/simone/bookros2_ws/install/hey5_description/share/hey5_description/environment/ament_prefix_path.sh
[1.496s] -- Up-to-date symlink: /home/simone/bookros2_ws/install/hey5_description/share/hey5_description/environment/ament_prefix_path.dsv
[1.496s] -- Up-to-date symlink: /home/simone/bookros2_ws/install/hey5_description/share/hey5_description/environment/path.sh
[1.496s] -- Up-to-date symlink: /home/simone/bookros2_ws/install/hey5_description/share/hey5_description/environment/path.dsv
[1.496s] -- Up-to-date symlink: /home/simone/bookros2_ws/install/hey5_description/share/hey5_description/local_setup.bash
[1.496s] -- Up-to-date symlink: /home/simone/bookros2_ws/install/hey5_description/share/hey5_description/local_setup.sh
[1.496s] -- Up-to-date symlink: /home/simone/bookros2_ws/install/hey5_description/share/hey5_description/local_setup.zsh
[1.496s] -- Up-to-date symlink: /home/simone/bookros2_ws/install/hey5_description/share/hey5_description/local_setup.dsv
[1.497s] -- Symlinking: /home/simone/bookros2_ws/install/hey5_description/share/hey5_description/package.dsv
[1.497s] -- Up-to-date symlink: /home/simone/bookros2_ws/install/hey5_description/share/ament_index/resource_index/packages/hey5_description
[1.497s] -- Up-to-date symlink: /home/simone/bookros2_ws/install/hey5_description/share/hey5_description/cmake/hey5_descriptionConfig.cmake
[1.497s] -- Up-to-date symlink: /home/simone/bookros2_ws/install/hey5_description/share/hey5_description/cmake/hey5_descriptionConfig-version.cmake
[1.509s] -- Up-to-date symlink: /home/simone/bookros2_ws/install/hey5_description/share/hey5_description/package.xml
[1.605s] Invoked command in '/home/simone/bookros2_ws/build/hey5_description' returned '0': CMAKE_PREFIX_PATH=${CMAKE_PREFIX_PATH}:/home/simone/bookros2_ws/install/learning_tf2_py:/home/simone/bookros2_ws/install/launch_pal:/home/simone/bookros2_ws/install/br2_tf2_detector_py:/home/simone/bookros2_ws/install/br2_fsm_bumpgo_py:/opt/ros/humble /usr/bin/cmake --install /home/simone/bookros2_ws/build/hey5_description
