[0.178s] Invoking command in '/home/simone/bookros2_ws/build/br2_tracking_msgs': CMAKE_PREFIX_PATH=${CMAKE_PREFIX_PATH}:/home/simone/bookros2_ws/install/launch_pal:/home/simone/bookros2_ws/install/br2_fsm_bumpgo_py:/opt/ros/humble /usr/bin/cmake --build /home/simone/bookros2_ws/build/br2_tracking_msgs -- -j5 -l5
[0.422s] [  3%] Built target br2_tracking_msgs__cpp
[0.554s] [  3%] Built target ament_cmake_python_symlink_br2_tracking_msgs
[0.667s] [ 12%] Built target br2_tracking_msgs__rosidl_typesupport_cpp
[2.087s] running egg_info
[2.088s] writing br2_tracking_msgs.egg-info/PKG-INFO
[2.088s] writing dependency_links to br2_tracking_msgs.egg-info/dependency_links.txt
[2.088s] writing top-level names to br2_tracking_msgs.egg-info/top_level.txt
[2.088s] reading manifest file 'br2_tracking_msgs.egg-info/SOURCES.txt'
[2.088s] writing manifest file 'br2_tracking_msgs.egg-info/SOURCES.txt'
[2.154s] [ 12%] Built target ament_cmake_python_build_br2_tracking_msgs_egg
[2.253s] [ 22%] Built target br2_tracking_msgs__rosidl_typesupport_introspection_cpp
[2.343s] [ 32%] Built target br2_tracking_msgs__rosidl_typesupport_fastrtps_cpp
[2.477s] [ 41%] Built target br2_tracking_msgs__rosidl_generator_c
[2.618s] [ 51%] Built target br2_tracking_msgs__rosidl_typesupport_introspection_c
[2.749s] [ 61%] Built target br2_tracking_msgs__rosidl_typesupport_fastrtps_c
[2.819s] [ 70%] Built target br2_tracking_msgs__rosidl_typesupport_c
[2.952s] [ 70%] Built target br2_tracking_msgs
[3.085s] [ 74%] Built target br2_tracking_msgs__py
[3.188s] [ 80%] Built target br2_tracking_msgs__rosidl_generator_py
[3.348s] [ 87%] Built target br2_tracking_msgs__rosidl_typesupport_fastrtps_c__pyext
[3.457s] [ 93%] Built target br2_tracking_msgs__rosidl_typesupport_c__pyext
[3.671s] [100%] Built target br2_tracking_msgs__rosidl_typesupport_introspection_c__pyext
[3.731s] Invoked command in '/home/simone/bookros2_ws/build/br2_tracking_msgs' returned '0': CMAKE_PREFIX_PATH=${CMAKE_PREFIX_PATH}:/home/simone/bookros2_ws/install/launch_pal:/home/simone/bookros2_ws/install/br2_fsm_bumpgo_py:/opt/ros/humble /usr/bin/cmake --build /home/simone/bookros2_ws/build/br2_tracking_msgs -- -j5 -l5
[4.586s] Invoking command in '/home/simone/bookros2_ws/build/br2_tracking_msgs': CMAKE_PREFIX_PATH=${CMAKE_PREFIX_PATH}:/home/simone/bookros2_ws/install/launch_pal:/home/simone/bookros2_ws/install/br2_fsm_bumpgo_py:/opt/ros/humble /usr/bin/cmake --install /home/simone/bookros2_ws/build/br2_tracking_msgs
[4.608s] -- Install configuration: ""
[4.614s] -- Execute custom install script
[4.615s] -- Up-to-date symlink: /home/simone/bookros2_ws/install/br2_tracking_msgs/share/ament_index/resource_index/rosidl_interfaces/br2_tracking_msgs
[4.616s] -- Up-to-date symlink: /home/simone/bookros2_ws/install/br2_tracking_msgs/include/br2_tracking_msgs/br2_tracking_msgs/msg/detail/pan_tilt_command__functions.h
[4.618s] -- Up-to-date symlink: /home/simone/bookros2_ws/install/br2_tracking_msgs/include/br2_tracking_msgs/br2_tracking_msgs/msg/detail/pan_tilt_command__struct.h
[4.619s] -- Up-to-date symlink: /home/simone/bookros2_ws/install/br2_tracking_msgs/include/br2_tracking_msgs/br2_tracking_msgs/msg/detail/pan_tilt_command__type_support.h
[4.621s] -- Up-to-date symlink: /home/simone/bookros2_ws/install/br2_tracking_msgs/include/br2_tracking_msgs/br2_tracking_msgs/msg/pan_tilt_command.h
[4.623s] -- Up-to-date symlink: /home/simone/bookros2_ws/install/br2_tracking_msgs/include/br2_tracking_msgs/br2_tracking_msgs/msg/rosidl_generator_c__visibility_control.h
[4.625s] -- Up-to-date symlink: /home/simone/bookros2_ws/install/br2_tracking_msgs/share/br2_tracking_msgs/environment/library_path.sh
[4.627s] -- Up-to-date symlink: /home/simone/bookros2_ws/install/br2_tracking_msgs/share/br2_tracking_msgs/environment/library_path.dsv
[4.630s] -- Up-to-date symlink: /home/simone/bookros2_ws/install/br2_tracking_msgs/include/br2_tracking_msgs/br2_tracking_msgs/msg/detail/pan_tilt_command__rosidl_typesupport_fastrtps_c.h
[4.632s] -- Up-to-date symlink: /home/simone/bookros2_ws/install/br2_tracking_msgs/include/br2_tracking_msgs/br2_tracking_msgs/msg/rosidl_typesupport_fastrtps_c__visibility_control.h
[4.634s] -- Up-to-date symlink: /home/simone/bookros2_ws/install/br2_tracking_msgs/include/br2_tracking_msgs/br2_tracking_msgs/msg/detail/pan_tilt_command__builder.hpp
[4.635s] -- Up-to-date symlink: /home/simone/bookros2_ws/install/br2_tracking_msgs/include/br2_tracking_msgs/br2_tracking_msgs/msg/detail/pan_tilt_command__struct.hpp
[4.637s] -- Up-to-date symlink: /home/simone/bookros2_ws/install/br2_tracking_msgs/include/br2_tracking_msgs/br2_tracking_msgs/msg/detail/pan_tilt_command__traits.hpp
[4.638s] -- Up-to-date symlink: /home/simone/bookros2_ws/install/br2_tracking_msgs/include/br2_tracking_msgs/br2_tracking_msgs/msg/pan_tilt_command.hpp
[4.640s] -- Up-to-date symlink: /home/simone/bookros2_ws/install/br2_tracking_msgs/include/br2_tracking_msgs/br2_tracking_msgs/msg/detail/pan_tilt_command__rosidl_typesupport_fastrtps_cpp.hpp
[4.641s] -- Up-to-date symlink: /home/simone/bookros2_ws/install/br2_tracking_msgs/include/br2_tracking_msgs/br2_tracking_msgs/msg/rosidl_typesupport_fastrtps_cpp__visibility_control.h
[4.643s] -- Up-to-date symlink: /home/simone/bookros2_ws/install/br2_tracking_msgs/include/br2_tracking_msgs/br2_tracking_msgs/msg/detail/pan_tilt_command__rosidl_typesupport_introspection_c.h
[4.645s] -- Up-to-date symlink: /home/simone/bookros2_ws/install/br2_tracking_msgs/include/br2_tracking_msgs/br2_tracking_msgs/msg/rosidl_typesupport_introspection_c__visibility_control.h
[4.647s] -- Up-to-date symlink: /home/simone/bookros2_ws/install/br2_tracking_msgs/include/br2_tracking_msgs/br2_tracking_msgs/msg/detail/pan_tilt_command__rosidl_typesupport_introspection_cpp.hpp
[4.648s] -- Up-to-date symlink: /home/simone/bookros2_ws/install/br2_tracking_msgs/share/br2_tracking_msgs/environment/pythonpath.sh
[4.651s] -- Up-to-date symlink: /home/simone/bookros2_ws/install/br2_tracking_msgs/share/br2_tracking_msgs/environment/pythonpath.dsv
[4.651s] -- Up-to-date symlink: /home/simone/bookros2_ws/install/br2_tracking_msgs/local/lib/python3.10/dist-packages/br2_tracking_msgs-0.2.0-py3.10.egg-info/PKG-INFO
[4.652s] -- Up-to-date symlink: /home/simone/bookros2_ws/install/br2_tracking_msgs/local/lib/python3.10/dist-packages/br2_tracking_msgs-0.2.0-py3.10.egg-info/SOURCES.txt
[4.652s] -- Up-to-date symlink: /home/simone/bookros2_ws/install/br2_tracking_msgs/local/lib/python3.10/dist-packages/br2_tracking_msgs-0.2.0-py3.10.egg-info/dependency_links.txt
[4.656s] -- Up-to-date symlink: /home/simone/bookros2_ws/install/br2_tracking_msgs/local/lib/python3.10/dist-packages/br2_tracking_msgs-0.2.0-py3.10.egg-info/top_level.txt
[4.658s] -- Up-to-date symlink: /home/simone/bookros2_ws/install/br2_tracking_msgs/local/lib/python3.10/dist-packages/br2_tracking_msgs/__init__.py
[4.659s] -- Up-to-date symlink: /home/simone/bookros2_ws/install/br2_tracking_msgs/local/lib/python3.10/dist-packages/br2_tracking_msgs/_br2_tracking_msgs_s.ep.rosidl_typesupport_c.c
[4.660s] -- Up-to-date symlink: /home/simone/bookros2_ws/install/br2_tracking_msgs/local/lib/python3.10/dist-packages/br2_tracking_msgs/_br2_tracking_msgs_s.ep.rosidl_typesupport_fastrtps_c.c
[4.660s] -- Up-to-date symlink: /home/simone/bookros2_ws/install/br2_tracking_msgs/local/lib/python3.10/dist-packages/br2_tracking_msgs/_br2_tracking_msgs_s.ep.rosidl_typesupport_introspection_c.c
[4.661s] -- Up-to-date symlink: /home/simone/bookros2_ws/install/br2_tracking_msgs/local/lib/python3.10/dist-packages/br2_tracking_msgs/br2_tracking_msgs_s__rosidl_typesupport_c.cpython-310-x86_64-linux-gnu.so
[4.663s] -- Up-to-date symlink: /home/simone/bookros2_ws/install/br2_tracking_msgs/local/lib/python3.10/dist-packages/br2_tracking_msgs/br2_tracking_msgs_s__rosidl_typesupport_fastrtps_c.cpython-310-x86_64-linux-gnu.so
[4.663s] -- Up-to-date symlink: /home/simone/bookros2_ws/install/br2_tracking_msgs/local/lib/python3.10/dist-packages/br2_tracking_msgs/br2_tracking_msgs_s__rosidl_typesupport_introspection_c.cpython-310-x86_64-linux-gnu.so
[4.663s] -- Up-to-date symlink: /home/simone/bookros2_ws/install/br2_tracking_msgs/local/lib/python3.10/dist-packages/br2_tracking_msgs/libbr2_tracking_msgs__rosidl_generator_py.so
[4.664s] -- Up-to-date symlink: /home/simone/bookros2_ws/install/br2_tracking_msgs/local/lib/python3.10/dist-packages/br2_tracking_msgs/msg/__init__.py
[4.664s] -- Up-to-date symlink: /home/simone/bookros2_ws/install/br2_tracking_msgs/local/lib/python3.10/dist-packages/br2_tracking_msgs/msg/_pan_tilt_command.py
[4.665s] -- Up-to-date symlink: /home/simone/bookros2_ws/install/br2_tracking_msgs/local/lib/python3.10/dist-packages/br2_tracking_msgs/msg/_pan_tilt_command_s.c
[4.665s] -- Up-to-date symlink: /home/simone/bookros2_ws/install/br2_tracking_msgs/local/lib/python3.10/dist-packages/br2_tracking_msgs/br2_tracking_msgs_s__rosidl_typesupport_fastrtps_c.cpython-310-x86_64-linux-gnu.so
[4.666s] -- Up-to-date symlink: /home/simone/bookros2_ws/install/br2_tracking_msgs/local/lib/python3.10/dist-packages/br2_tracking_msgs/br2_tracking_msgs_s__rosidl_typesupport_introspection_c.cpython-310-x86_64-linux-gnu.so
[4.667s] -- Up-to-date symlink: /home/simone/bookros2_ws/install/br2_tracking_msgs/local/lib/python3.10/dist-packages/br2_tracking_msgs/br2_tracking_msgs_s__rosidl_typesupport_c.cpython-310-x86_64-linux-gnu.so
[4.668s] -- Up-to-date symlink: /home/simone/bookros2_ws/install/br2_tracking_msgs/share/br2_tracking_msgs/msg/PanTiltCommand.idl
[4.669s] -- Up-to-date symlink: /home/simone/bookros2_ws/install/br2_tracking_msgs/share/br2_tracking_msgs/msg/PanTiltCommand.msg
[4.669s] -- Up-to-date symlink: /home/simone/bookros2_ws/install/br2_tracking_msgs/share/ament_index/resource_index/package_run_dependencies/br2_tracking_msgs
[4.670s] -- Up-to-date symlink: /home/simone/bookros2_ws/install/br2_tracking_msgs/share/ament_index/resource_index/parent_prefix_path/br2_tracking_msgs
[4.670s] -- Up-to-date symlink: /home/simone/bookros2_ws/install/br2_tracking_msgs/share/br2_tracking_msgs/environment/ament_prefix_path.sh
[4.671s] -- Up-to-date symlink: /home/simone/bookros2_ws/install/br2_tracking_msgs/share/br2_tracking_msgs/environment/ament_prefix_path.dsv
[4.672s] -- Up-to-date symlink: /home/simone/bookros2_ws/install/br2_tracking_msgs/share/br2_tracking_msgs/environment/path.sh
[4.672s] -- Up-to-date symlink: /home/simone/bookros2_ws/install/br2_tracking_msgs/share/br2_tracking_msgs/environment/path.dsv
[4.674s] -- Up-to-date symlink: /home/simone/bookros2_ws/install/br2_tracking_msgs/share/br2_tracking_msgs/local_setup.bash
[4.675s] -- Up-to-date symlink: /home/simone/bookros2_ws/install/br2_tracking_msgs/share/br2_tracking_msgs/local_setup.sh
[4.675s] -- Up-to-date symlink: /home/simone/bookros2_ws/install/br2_tracking_msgs/share/br2_tracking_msgs/local_setup.zsh
[4.676s] -- Up-to-date symlink: /home/simone/bookros2_ws/install/br2_tracking_msgs/share/br2_tracking_msgs/local_setup.dsv
[4.676s] -- Symlinking: /home/simone/bookros2_ws/install/br2_tracking_msgs/share/br2_tracking_msgs/package.dsv
[4.733s] -- Up-to-date symlink: /home/simone/bookros2_ws/install/br2_tracking_msgs/share/ament_index/resource_index/packages/br2_tracking_msgs
[4.733s] -- Up-to-date symlink: /home/simone/bookros2_ws/install/br2_tracking_msgs/share/br2_tracking_msgs/cmake/rosidl_cmake-extras.cmake
[4.733s] -- Up-to-date symlink: /home/simone/bookros2_ws/install/br2_tracking_msgs/share/br2_tracking_msgs/cmake/ament_cmake_export_dependencies-extras.cmake
[4.733s] -- Up-to-date symlink: /home/simone/bookros2_ws/install/br2_tracking_msgs/share/br2_tracking_msgs/cmake/ament_cmake_export_include_directories-extras.cmake
[4.733s] -- Up-to-date symlink: /home/simone/bookros2_ws/install/br2_tracking_msgs/share/br2_tracking_msgs/cmake/ament_cmake_export_libraries-extras.cmake
[4.733s] -- Up-to-date symlink: /home/simone/bookros2_ws/install/br2_tracking_msgs/share/br2_tracking_msgs/cmake/ament_cmake_export_targets-extras.cmake
[4.734s] -- Up-to-date symlink: /home/simone/bookros2_ws/install/br2_tracking_msgs/share/br2_tracking_msgs/cmake/rosidl_cmake_export_typesupport_targets-extras.cmake
[4.734s] -- Up-to-date symlink: /home/simone/bookros2_ws/install/br2_tracking_msgs/share/br2_tracking_msgs/cmake/rosidl_cmake_export_typesupport_libraries-extras.cmake
[4.734s] -- Up-to-date symlink: /home/simone/bookros2_ws/install/br2_tracking_msgs/share/br2_tracking_msgs/cmake/br2_tracking_msgsConfig.cmake
[4.734s] -- Up-to-date symlink: /home/simone/bookros2_ws/install/br2_tracking_msgs/share/br2_tracking_msgs/cmake/br2_tracking_msgsConfig-version.cmake
[4.734s] -- Up-to-date symlink: /home/simone/bookros2_ws/install/br2_tracking_msgs/share/br2_tracking_msgs/package.xml
[4.734s] -- Up-to-date: /home/simone/bookros2_ws/install/br2_tracking_msgs/lib/libbr2_tracking_msgs__rosidl_generator_c.so
[4.734s] -- Up-to-date: /home/simone/bookros2_ws/install/br2_tracking_msgs/lib/libbr2_tracking_msgs__rosidl_typesupport_fastrtps_c.so
[4.734s] -- Up-to-date: /home/simone/bookros2_ws/install/br2_tracking_msgs/lib/libbr2_tracking_msgs__rosidl_typesupport_fastrtps_cpp.so
[4.734s] -- Up-to-date: /home/simone/bookros2_ws/install/br2_tracking_msgs/lib/libbr2_tracking_msgs__rosidl_typesupport_introspection_c.so
[4.735s] -- Up-to-date: /home/simone/bookros2_ws/install/br2_tracking_msgs/lib/libbr2_tracking_msgs__rosidl_typesupport_c.so
[4.735s] -- Up-to-date: /home/simone/bookros2_ws/install/br2_tracking_msgs/lib/libbr2_tracking_msgs__rosidl_typesupport_introspection_cpp.so
[4.735s] -- Up-to-date: /home/simone/bookros2_ws/install/br2_tracking_msgs/lib/libbr2_tracking_msgs__rosidl_typesupport_cpp.so
[4.871s] Listing '/home/simone/bookros2_ws/install/br2_tracking_msgs/local/lib/python3.10/dist-packages/br2_tracking_msgs'...
[4.872s] Listing '/home/simone/bookros2_ws/install/br2_tracking_msgs/local/lib/python3.10/dist-packages/br2_tracking_msgs/msg'...
[4.916s] -- Up-to-date: /home/simone/bookros2_ws/install/br2_tracking_msgs/lib/libbr2_tracking_msgs__rosidl_generator_py.so
[4.933s] -- Up-to-date: /home/simone/bookros2_ws/install/br2_tracking_msgs/share/br2_tracking_msgs/cmake/export_br2_tracking_msgs__rosidl_generator_cExport.cmake
[4.933s] -- Up-to-date: /home/simone/bookros2_ws/install/br2_tracking_msgs/share/br2_tracking_msgs/cmake/export_br2_tracking_msgs__rosidl_generator_cExport-noconfig.cmake
[4.933s] -- Up-to-date: /home/simone/bookros2_ws/install/br2_tracking_msgs/share/br2_tracking_msgs/cmake/export_br2_tracking_msgs__rosidl_typesupport_fastrtps_cExport.cmake
[4.933s] -- Up-to-date: /home/simone/bookros2_ws/install/br2_tracking_msgs/share/br2_tracking_msgs/cmake/export_br2_tracking_msgs__rosidl_typesupport_fastrtps_cExport-noconfig.cmake
[4.933s] -- Up-to-date: /home/simone/bookros2_ws/install/br2_tracking_msgs/share/br2_tracking_msgs/cmake/export_br2_tracking_msgs__rosidl_generator_cppExport.cmake
[4.934s] -- Up-to-date: /home/simone/bookros2_ws/install/br2_tracking_msgs/share/br2_tracking_msgs/cmake/export_br2_tracking_msgs__rosidl_typesupport_fastrtps_cppExport.cmake
[4.934s] -- Up-to-date: /home/simone/bookros2_ws/install/br2_tracking_msgs/share/br2_tracking_msgs/cmake/export_br2_tracking_msgs__rosidl_typesupport_fastrtps_cppExport-noconfig.cmake
[4.934s] -- Up-to-date: /home/simone/bookros2_ws/install/br2_tracking_msgs/share/br2_tracking_msgs/cmake/br2_tracking_msgs__rosidl_typesupport_introspection_cExport.cmake
[4.934s] -- Up-to-date: /home/simone/bookros2_ws/install/br2_tracking_msgs/share/br2_tracking_msgs/cmake/br2_tracking_msgs__rosidl_typesupport_introspection_cExport-noconfig.cmake
[4.934s] -- Up-to-date: /home/simone/bookros2_ws/install/br2_tracking_msgs/share/br2_tracking_msgs/cmake/br2_tracking_msgs__rosidl_typesupport_cExport.cmake
[4.934s] -- Up-to-date: /home/simone/bookros2_ws/install/br2_tracking_msgs/share/br2_tracking_msgs/cmake/br2_tracking_msgs__rosidl_typesupport_cExport-noconfig.cmake
[4.935s] -- Up-to-date: /home/simone/bookros2_ws/install/br2_tracking_msgs/share/br2_tracking_msgs/cmake/br2_tracking_msgs__rosidl_typesupport_introspection_cppExport.cmake
[4.935s] -- Up-to-date: /home/simone/bookros2_ws/install/br2_tracking_msgs/share/br2_tracking_msgs/cmake/br2_tracking_msgs__rosidl_typesupport_introspection_cppExport-noconfig.cmake
[4.935s] -- Up-to-date: /home/simone/bookros2_ws/install/br2_tracking_msgs/share/br2_tracking_msgs/cmake/br2_tracking_msgs__rosidl_typesupport_cppExport.cmake
[4.935s] -- Up-to-date: /home/simone/bookros2_ws/install/br2_tracking_msgs/share/br2_tracking_msgs/cmake/br2_tracking_msgs__rosidl_typesupport_cppExport-noconfig.cmake
[4.935s] -- Up-to-date: /home/simone/bookros2_ws/install/br2_tracking_msgs/share/br2_tracking_msgs/cmake/export_br2_tracking_msgs__rosidl_generator_pyExport.cmake
[4.935s] -- Up-to-date: /home/simone/bookros2_ws/install/br2_tracking_msgs/share/br2_tracking_msgs/cmake/export_br2_tracking_msgs__rosidl_generator_pyExport-noconfig.cmake
[4.970s] Invoked command in '/home/simone/bookros2_ws/build/br2_tracking_msgs' returned '0': CMAKE_PREFIX_PATH=${CMAKE_PREFIX_PATH}:/home/simone/bookros2_ws/install/launch_pal:/home/simone/bookros2_ws/install/br2_fsm_bumpgo_py:/opt/ros/humble /usr/bin/cmake --install /home/simone/bookros2_ws/build/br2_tracking_msgs
