[0.195s] Invoking command in '/home/simone/bookros2_ws/build/br2_navigation': CMAKE_PREFIX_PATH=${CMAKE_PREFIX_PATH}:/home/simone/bookros2_ws/install/launch_pal:/home/simone/bookros2_ws/install/br2_fsm_bumpgo_py:/opt/ros/humble /usr/bin/cmake --build /home/simone/bookros2_ws/build/br2_navigation -- -j5 -l5
[0.542s] Invoked command in '/home/simone/bookros2_ws/build/br2_navigation' returned '0': CMAKE_PREFIX_PATH=${CMAKE_PREFIX_PATH}:/home/simone/bookros2_ws/install/launch_pal:/home/simone/bookros2_ws/install/br2_fsm_bumpgo_py:/opt/ros/humble /usr/bin/cmake --build /home/simone/bookros2_ws/build/br2_navigation -- -j5 -l5
[0.833s] Invoking command in '/home/simone/bookros2_ws/build/br2_navigation': CMAKE_PREFIX_PATH=${CMAKE_PREFIX_PATH}:/home/simone/bookros2_ws/install/launch_pal:/home/simone/bookros2_ws/install/br2_fsm_bumpgo_py:/opt/ros/humble /usr/bin/cmake --install /home/simone/bookros2_ws/build/br2_navigation
[0.865s] -- Install configuration: ""
[0.865s] -- Execute custom install script
[0.865s] -- Up-to-date symlink: /home/simone/bookros2_ws/install/br2_navigation/share/br2_navigation/launch/navigation_launch.py
[0.915s] -- Up-to-date symlink: /home/simone/bookros2_ws/install/br2_navigation/share/br2_navigation/launch/tiago_navigation.launch.py
[0.915s] -- Up-to-date symlink: /home/simone/bookros2_ws/install/br2_navigation/share/br2_navigation/params/mapper_params_online_async.yaml
[0.915s] -- Up-to-date symlink: /home/simone/bookros2_ws/install/br2_navigation/share/br2_navigation/params/tiago_nav_params.yaml
[0.915s] -- Up-to-date symlink: /home/simone/bookros2_ws/install/br2_navigation/share/br2_navigation/maps/home.pgm
[0.915s] -- Up-to-date symlink: /home/simone/bookros2_ws/install/br2_navigation/share/br2_navigation/maps/home.yaml
[0.915s] -- Up-to-date symlink: /home/simone/bookros2_ws/install/br2_navigation/share/ament_index/resource_index/package_run_dependencies/br2_navigation
[0.915s] -- Up-to-date symlink: /home/simone/bookros2_ws/install/br2_navigation/share/ament_index/resource_index/parent_prefix_path/br2_navigation
[0.916s] -- Up-to-date symlink: /home/simone/bookros2_ws/install/br2_navigation/share/br2_navigation/environment/ament_prefix_path.sh
[0.916s] -- Up-to-date symlink: /home/simone/bookros2_ws/install/br2_navigation/share/br2_navigation/environment/ament_prefix_path.dsv
[0.916s] -- Up-to-date symlink: /home/simone/bookros2_ws/install/br2_navigation/share/br2_navigation/environment/path.sh
[0.920s] -- Up-to-date symlink: /home/simone/bookros2_ws/install/br2_navigation/share/br2_navigation/environment/path.dsv
[0.921s] -- Up-to-date symlink: /home/simone/bookros2_ws/install/br2_navigation/share/br2_navigation/local_setup.bash
[0.921s] -- Up-to-date symlink: /home/simone/bookros2_ws/install/br2_navigation/share/br2_navigation/local_setup.sh
[0.921s] -- Up-to-date symlink: /home/simone/bookros2_ws/install/br2_navigation/share/br2_navigation/local_setup.zsh
[0.932s] -- Up-to-date symlink: /home/simone/bookros2_ws/install/br2_navigation/share/br2_navigation/local_setup.dsv
[0.932s] -- Symlinking: /home/simone/bookros2_ws/install/br2_navigation/share/br2_navigation/package.dsv
[0.947s] -- Up-to-date symlink: /home/simone/bookros2_ws/install/br2_navigation/share/ament_index/resource_index/packages/br2_navigation
[0.947s] -- Up-to-date symlink: /home/simone/bookros2_ws/install/br2_navigation/share/br2_navigation/cmake/br2_navigationConfig.cmake
[0.948s] -- Up-to-date symlink: /home/simone/bookros2_ws/install/br2_navigation/share/br2_navigation/cmake/br2_navigationConfig-version.cmake
[0.948s] -- Up-to-date symlink: /home/simone/bookros2_ws/install/br2_navigation/share/br2_navigation/package.xml
[0.965s] Invoked command in '/home/simone/bookros2_ws/build/br2_navigation' returned '0': CMAKE_PREFIX_PATH=${CMAKE_PREFIX_PATH}:/home/simone/bookros2_ws/install/launch_pal:/home/simone/bookros2_ws/install/br2_fsm_bumpgo_py:/opt/ros/humble /usr/bin/cmake --install /home/simone/bookros2_ws/build/br2_navigation
