[0.021s] Invoking command in '/home/simone/bookros2_ws/build/br2_fsm_bumpgo_cpp': CMAKE_PREFIX_PATH=/opt/ros/humble /usr/bin/cmake /home/simone/bookros2_ws/src/book_ros2/br2_fsm_bumpgo_cpp -DAMENT_CMAKE_SYMLINK_INSTALL=1 -DCMAKE_INSTALL_PREFIX=/home/simone/bookros2_ws/install/br2_fsm_bumpgo_cpp
[0.131s] -- The C compiler identification is GNU 11.3.0
[0.430s] -- The CXX compiler identification is GNU 11.3.0
[0.460s] -- Detecting C compiler ABI info
[1.047s] -- Detecting C compiler ABI info - done
[1.110s] -- Check for working C compiler: /usr/bin/cc - skipped
[1.111s] -- Detecting C compile features
[1.113s] -- Detecting C compile features - done
[1.147s] -- Detecting CXX compiler ABI info
[1.991s] -- Detecting CXX compiler ABI info - done
[2.015s] -- Check for working CXX compiler: /usr/bin/c++ - skipped
[2.015s] -- Detecting CXX compile features
[2.016s] -- Detecting CXX compile features - done
[2.019s] -- Found ament_cmake: 1.3.5 (/opt/ros/humble/share/ament_cmake/cmake)
[3.091s] -- Found Python3: /usr/bin/python3.10 (found version "3.10.6") found components: Interpreter 
[3.544s] -- Override CMake install command with custom implementation using symlinks instead of copying resources
[3.618s] -- Found rclcpp: 16.0.4 (/opt/ros/humble/share/rclcpp/cmake)
[3.813s] -- Found rosidl_generator_c: 3.1.4 (/opt/ros/humble/share/rosidl_generator_c/cmake)
[3.822s] -- Found rosidl_adapter: 3.1.4 (/opt/ros/humble/share/rosidl_adapter/cmake)
[3.901s] -- Found rosidl_generator_cpp: 3.1.4 (/opt/ros/humble/share/rosidl_generator_cpp/cmake)
[3.960s] -- Using all available rosidl_typesupport_c: rosidl_typesupport_fastrtps_c;rosidl_typesupport_introspection_c
[4.227s] -- Using all available rosidl_typesupport_cpp: rosidl_typesupport_fastrtps_cpp;rosidl_typesupport_introspection_cpp
[4.805s] -- Found rmw_implementation_cmake: 6.1.1 (/opt/ros/humble/share/rmw_implementation_cmake/cmake)
[4.811s] -- Found rmw_fastrtps_cpp: 6.2.2 (/opt/ros/humble/share/rmw_fastrtps_cpp/cmake)
[5.708s] -- Found OpenSSL: /usr/lib/x86_64-linux-gnu/libcrypto.so (found version "3.0.2")  
[5.820s] -- Found FastRTPS: /opt/ros/humble/include  
[5.916s] -- Using RMW implementation 'rmw_fastrtps_cpp' as default
[5.970s] -- Looking for pthread.h
[6.710s] -- Looking for pthread.h - found
[6.711s] -- Performing Test CMAKE_HAVE_LIBC_PTHREAD
[7.028s] -- Performing Test CMAKE_HAVE_LIBC_PTHREAD - Success
[7.030s] -- Found Threads: TRUE  
[8.495s] -- Found sensor_msgs: 4.2.3 (/opt/ros/humble/share/sensor_msgs/cmake)
[9.640s] -- Found ament_lint_auto: 0.12.6 (/opt/ros/humble/share/ament_lint_auto/cmake)
[10.075s] -- Added test 'copyright' to check source files copyright and LICENSE
[10.088s] -- Added test 'cppcheck' to perform static code analysis on C / C++ code
[10.088s] -- Configured cppcheck include dirs: /home/simone/bookros2_ws/src/book_ros2/br2_fsm_bumpgo_cpp/include
[10.088s] -- Configured cppcheck exclude dirs and/or files: 
[10.088s] -- Added test 'cpplint' to check C / C++ code against the Google style
[10.089s] -- Configured cpplint exclude dirs and/or files: 
[10.089s] -- Added test 'flake8' to check Python code syntax and style conventions
[10.089s] -- Added test 'lint_cmake' to check CMake code style
[10.089s] -- Added test 'pep257' to check Python code against some of the docstring style conventions in PEP 257
[10.095s] -- Added test 'uncrustify' to check C / C++ code style
[10.095s] -- Configured uncrustify additional arguments: 
[10.096s] -- Added test 'xmllint' to check XML markup files
[10.124s] -- Configuring done
[10.185s] -- Generating done
[10.185s] -- Build files have been written to: /home/simone/bookros2_ws/build/br2_fsm_bumpgo_cpp
[10.446s] Invoked command in '/home/simone/bookros2_ws/build/br2_fsm_bumpgo_cpp' returned '0': CMAKE_PREFIX_PATH=/opt/ros/humble /usr/bin/cmake /home/simone/bookros2_ws/src/book_ros2/br2_fsm_bumpgo_cpp -DAMENT_CMAKE_SYMLINK_INSTALL=1 -DCMAKE_INSTALL_PREFIX=/home/simone/bookros2_ws/install/br2_fsm_bumpgo_cpp
[10.447s] Invoking command in '/home/simone/bookros2_ws/build/br2_fsm_bumpgo_cpp': CMAKE_PREFIX_PATH=/opt/ros/humble /usr/bin/cmake --build /home/simone/bookros2_ws/build/br2_fsm_bumpgo_cpp -- -j5 -l5
[10.870s] [ 33%] [32mBuilding CXX object CMakeFiles/bumpgo.dir/src/br2_fsm_bumpgo_cpp/BumpGoNode.cpp.o[0m
[10.979s] [ 66%] [32mBuilding CXX object CMakeFiles/bumpgo.dir/src/bumpgo_main.cpp.o[0m
[57.007s] [100%] [32m[1mLinking CXX executable bumpgo[0m
[58.272s] [100%] Built target bumpgo
[58.348s] Invoked command in '/home/simone/bookros2_ws/build/br2_fsm_bumpgo_cpp' returned '0': CMAKE_PREFIX_PATH=/opt/ros/humble /usr/bin/cmake --build /home/simone/bookros2_ws/build/br2_fsm_bumpgo_cpp -- -j5 -l5
[58.713s] Invoking command in '/home/simone/bookros2_ws/build/br2_fsm_bumpgo_cpp': CMAKE_PREFIX_PATH=/opt/ros/humble /usr/bin/cmake --install /home/simone/bookros2_ws/build/br2_fsm_bumpgo_cpp
[58.725s] -- Install configuration: ""
[58.727s] -- Execute custom install script
[58.729s] -- Symlinking: /home/simone/bookros2_ws/install/br2_fsm_bumpgo_cpp/lib/br2_fsm_bumpgo_cpp/bumpgo
[58.753s] -- Symlinking: /home/simone/bookros2_ws/install/br2_fsm_bumpgo_cpp/share/br2_fsm_bumpgo_cpp/launch/bump_and_go.launch.py
[58.773s] -- Symlinking: /home/simone/bookros2_ws/install/br2_fsm_bumpgo_cpp/share/ament_index/resource_index/package_run_dependencies/br2_fsm_bumpgo_cpp
[58.786s] -- Symlinking: /home/simone/bookros2_ws/install/br2_fsm_bumpgo_cpp/share/ament_index/resource_index/parent_prefix_path/br2_fsm_bumpgo_cpp
[58.804s] -- Symlinking: /home/simone/bookros2_ws/install/br2_fsm_bumpgo_cpp/share/br2_fsm_bumpgo_cpp/environment/ament_prefix_path.sh
[58.871s] -- Symlinking: /home/simone/bookros2_ws/install/br2_fsm_bumpgo_cpp/share/br2_fsm_bumpgo_cpp/environment/ament_prefix_path.dsv
[58.924s] -- Symlinking: /home/simone/bookros2_ws/install/br2_fsm_bumpgo_cpp/share/br2_fsm_bumpgo_cpp/environment/path.sh
[58.965s] -- Symlinking: /home/simone/bookros2_ws/install/br2_fsm_bumpgo_cpp/share/br2_fsm_bumpgo_cpp/environment/path.dsv
[58.989s] -- Symlinking: /home/simone/bookros2_ws/install/br2_fsm_bumpgo_cpp/share/br2_fsm_bumpgo_cpp/local_setup.bash
[59.003s] -- Symlinking: /home/simone/bookros2_ws/install/br2_fsm_bumpgo_cpp/share/br2_fsm_bumpgo_cpp/local_setup.sh
[59.015s] -- Symlinking: /home/simone/bookros2_ws/install/br2_fsm_bumpgo_cpp/share/br2_fsm_bumpgo_cpp/local_setup.zsh
[59.053s] -- Symlinking: /home/simone/bookros2_ws/install/br2_fsm_bumpgo_cpp/share/br2_fsm_bumpgo_cpp/local_setup.dsv
[59.094s] -- Symlinking: /home/simone/bookros2_ws/install/br2_fsm_bumpgo_cpp/share/br2_fsm_bumpgo_cpp/package.dsv
[59.125s] -- Symlinking: /home/simone/bookros2_ws/install/br2_fsm_bumpgo_cpp/share/ament_index/resource_index/packages/br2_fsm_bumpgo_cpp
[59.156s] -- Symlinking: /home/simone/bookros2_ws/install/br2_fsm_bumpgo_cpp/share/br2_fsm_bumpgo_cpp/cmake/br2_fsm_bumpgo_cppConfig.cmake
[59.206s] -- Symlinking: /home/simone/bookros2_ws/install/br2_fsm_bumpgo_cpp/share/br2_fsm_bumpgo_cpp/cmake/br2_fsm_bumpgo_cppConfig-version.cmake
[59.243s] -- Symlinking: /home/simone/bookros2_ws/install/br2_fsm_bumpgo_cpp/share/br2_fsm_bumpgo_cpp/package.xml
[59.296s] Invoked command in '/home/simone/bookros2_ws/build/br2_fsm_bumpgo_cpp' returned '0': CMAKE_PREFIX_PATH=/opt/ros/humble /usr/bin/cmake --install /home/simone/bookros2_ws/build/br2_fsm_bumpgo_cpp
