[1.185s] Invoking command in '/home/simone/bookros2_ws/build/launch_pal': PYTHONPATH=/home/simone/bookros2_ws/build/launch_pal/prefix_override:/home/simone/bookros2_ws/install/launch_pal/lib/python3.10/site-packages:${PYTHONPATH} /usr/bin/python3 setup.py develop --uninstall --editable --build-directory /home/simone/bookros2_ws/build/launch_pal/build
[1.532s] running develop
[1.532s] /usr/lib/python3/dist-packages/setuptools/command/easy_install.py:158: EasyInstallDeprecationWarning: easy_install command is deprecated. Use build and pip and other standards-based tools.
[1.532s]   warnings.warn(
[1.535s] /usr/lib/python3/dist-packages/setuptools/command/install.py:34: SetuptoolsDeprecationWarning: setup.py install is deprecated. Use build and pip and other standards-based tools.
[1.535s]   warnings.warn(
[1.624s] /usr/lib/python3/dist-packages/pkg_resources/__init__.py:116: PkgResourcesDeprecationWarning: 1.16.0-unknown is an invalid version and will not be supported in a future release
[1.624s]   warnings.warn(
[1.624s] /usr/lib/python3/dist-packages/pkg_resources/__init__.py:116: PkgResourcesDeprecationWarning: 1.1build1 is an invalid version and will not be supported in a future release
[1.624s]   warnings.warn(
[1.941s] Invoked command in '/home/simone/bookros2_ws/build/launch_pal' returned '0': PYTHONPATH=/home/simone/bookros2_ws/build/launch_pal/prefix_override:/home/simone/bookros2_ws/install/launch_pal/lib/python3.10/site-packages:${PYTHONPATH} /usr/bin/python3 setup.py develop --uninstall --editable --build-directory /home/simone/bookros2_ws/build/launch_pal/build
[1.942s] Invoking command in '/home/simone/bookros2_ws/src/ThirdParty/launch_pal': PYTHONPATH=/home/simone/bookros2_ws/build/launch_pal/prefix_override:/home/simone/bookros2_ws/install/launch_pal/lib/python3.10/site-packages:${PYTHONPATH} /usr/bin/python3 setup.py egg_info --egg-base ../../../build/launch_pal build --build-base /home/simone/bookros2_ws/build/launch_pal/build install --record /home/simone/bookros2_ws/build/launch_pal/install.log --single-version-externally-managed
[2.240s] running egg_info
[2.241s] writing ../../../build/launch_pal/launch_pal.egg-info/PKG-INFO
[2.242s] writing dependency_links to ../../../build/launch_pal/launch_pal.egg-info/dependency_links.txt
[2.242s] writing entry points to ../../../build/launch_pal/launch_pal.egg-info/entry_points.txt
[2.243s] writing requirements to ../../../build/launch_pal/launch_pal.egg-info/requires.txt
[2.243s] writing top-level names to ../../../build/launch_pal/launch_pal.egg-info/top_level.txt
[2.245s] reading manifest file '../../../build/launch_pal/launch_pal.egg-info/SOURCES.txt'
[2.246s] adding license file 'LICENSE'
[2.247s] writing manifest file '../../../build/launch_pal/launch_pal.egg-info/SOURCES.txt'
[2.247s] running build
[2.247s] running build_py
[2.249s] running install
[2.249s] /usr/lib/python3/dist-packages/setuptools/command/install.py:34: SetuptoolsDeprecationWarning: setup.py install is deprecated. Use build and pip and other standards-based tools.
[2.249s]   warnings.warn(
[2.249s] running install_lib
[2.251s] running install_data
[2.252s] running install_egg_info
[2.254s] removing '/home/simone/bookros2_ws/install/launch_pal/lib/python3.10/site-packages/launch_pal-0.0.9-py3.10.egg-info' (and everything under it)
[2.254s] Copying ../../../build/launch_pal/launch_pal.egg-info to /home/simone/bookros2_ws/install/launch_pal/lib/python3.10/site-packages/launch_pal-0.0.9-py3.10.egg-info
[2.255s] running install_scripts
[2.277s] writing list of installed files to '/home/simone/bookros2_ws/build/launch_pal/install.log'
[2.384s] Invoked command in '/home/simone/bookros2_ws/src/ThirdParty/launch_pal' returned '0': PYTHONPATH=/home/simone/bookros2_ws/build/launch_pal/prefix_override:/home/simone/bookros2_ws/install/launch_pal/lib/python3.10/site-packages:${PYTHONPATH} /usr/bin/python3 setup.py egg_info --egg-base ../../../build/launch_pal build --build-base /home/simone/bookros2_ws/build/launch_pal/build install --record /home/simone/bookros2_ws/build/launch_pal/install.log --single-version-externally-managed
