[0.547s] Invoking command in '/home/simone/bookros2_ws/build/pal_gripper_controller_configuration': CMAKE_PREFIX_PATH=/opt/ros/humble /usr/bin/cmake /home/simone/bookros2_ws/src/ThirdParty/pal_gripper/pal_gripper_controller_configuration -DAMENT_CMAKE_SYMLINK_INSTALL=1 -DCMAKE_INSTALL_PREFIX=/home/simone/bookros2_ws/install/pal_gripper_controller_configuration
[0.728s] -- The C compiler identification is GNU 11.3.0
[0.884s] -- The CXX compiler identification is GNU 11.3.0
[0.913s] -- Detecting C compiler ABI info
[1.032s] -- Detecting C compiler ABI info - done
[1.067s] -- Check for working C compiler: /usr/bin/cc - skipped
[1.067s] -- Detecting C compile features
[1.068s] -- Detecting C compile features - done
[1.074s] -- Detecting CXX compiler ABI info
[1.230s] -- Detecting CXX compiler ABI info - done
[1.246s] -- Check for working CXX compiler: /usr/bin/c++ - skipped
[1.247s] -- Detecting CXX compile features
[1.248s] -- Detecting CXX compile features - done
[1.253s] -- Found ament_cmake_auto: 1.3.5 (/opt/ros/humble/share/ament_cmake_auto/cmake)
[1.576s] -- Found Python3: /usr/bin/python3.10 (found version "3.10.6") found components: Interpreter 
[1.732s] -- Override CMake install command with custom implementation using symlinks instead of copying resources
[1.811s] -- Found ament_lint_auto: 0.12.6 (/opt/ros/humble/share/ament_lint_auto/cmake)
[2.015s] -- Added test 'copyright' to check source files copyright and LICENSE
[2.026s] -- Added test 'flake8' to check Python code syntax and style conventions
[2.027s] -- Added test 'lint_cmake' to check CMake code style
[2.028s] -- Added test 'pep257' to check Python code against some of the docstring style conventions in PEP 257
[2.031s] -- Added test 'xmllint' to check XML markup files
[2.035s] -- Configuring done
[2.038s] -- Generating done
[2.041s] -- Build files have been written to: /home/simone/bookros2_ws/build/pal_gripper_controller_configuration
[2.062s] Invoked command in '/home/simone/bookros2_ws/build/pal_gripper_controller_configuration' returned '0': CMAKE_PREFIX_PATH=/opt/ros/humble /usr/bin/cmake /home/simone/bookros2_ws/src/ThirdParty/pal_gripper/pal_gripper_controller_configuration -DAMENT_CMAKE_SYMLINK_INSTALL=1 -DCMAKE_INSTALL_PREFIX=/home/simone/bookros2_ws/install/pal_gripper_controller_configuration
[2.063s] Invoking command in '/home/simone/bookros2_ws/build/pal_gripper_controller_configuration': CMAKE_PREFIX_PATH=/opt/ros/humble /usr/bin/cmake --build /home/simone/bookros2_ws/build/pal_gripper_controller_configuration -- -j5 -l5
[2.122s] Invoked command in '/home/simone/bookros2_ws/build/pal_gripper_controller_configuration' returned '0': CMAKE_PREFIX_PATH=/opt/ros/humble /usr/bin/cmake --build /home/simone/bookros2_ws/build/pal_gripper_controller_configuration -- -j5 -l5
[2.174s] Invoking command in '/home/simone/bookros2_ws/build/pal_gripper_controller_configuration': CMAKE_PREFIX_PATH=/opt/ros/humble /usr/bin/cmake --install /home/simone/bookros2_ws/build/pal_gripper_controller_configuration
[2.181s] -- Install configuration: ""
[2.182s] -- Execute custom install script
[2.183s] -- Symlinking: /home/simone/bookros2_ws/install/pal_gripper_controller_configuration/share/pal_gripper_controller_configuration/config/current_limit_controllers.yaml
[2.193s] -- Symlinking: /home/simone/bookros2_ws/install/pal_gripper_controller_configuration/share/pal_gripper_controller_configuration/config/current_limit_controllers_left.yaml
[2.203s] -- Symlinking: /home/simone/bookros2_ws/install/pal_gripper_controller_configuration/share/pal_gripper_controller_configuration/config/current_limit_controllers_right.yaml
[2.215s] -- Symlinking: /home/simone/bookros2_ws/install/pal_gripper_controller_configuration/share/pal_gripper_controller_configuration/config/gripper_controller.yaml
[2.225s] -- Symlinking: /home/simone/bookros2_ws/install/pal_gripper_controller_configuration/share/pal_gripper_controller_configuration/config/joint_trajectory_controllers.yaml
[2.236s] -- Symlinking: /home/simone/bookros2_ws/install/pal_gripper_controller_configuration/share/pal_gripper_controller_configuration/config/pids.yaml
[2.246s] -- Symlinking: /home/simone/bookros2_ws/install/pal_gripper_controller_configuration/share/pal_gripper_controller_configuration/launch/current_limit_controllers.launch
[2.256s] -- Symlinking: /home/simone/bookros2_ws/install/pal_gripper_controller_configuration/share/pal_gripper_controller_configuration/launch/gripper_controller.launch
[2.266s] -- Symlinking: /home/simone/bookros2_ws/install/pal_gripper_controller_configuration/share/ament_index/resource_index/package_run_dependencies/pal_gripper_controller_configuration
[2.280s] -- Symlinking: /home/simone/bookros2_ws/install/pal_gripper_controller_configuration/share/ament_index/resource_index/parent_prefix_path/pal_gripper_controller_configuration
[2.294s] -- Symlinking: /home/simone/bookros2_ws/install/pal_gripper_controller_configuration/share/pal_gripper_controller_configuration/environment/ament_prefix_path.sh
[2.306s] -- Symlinking: /home/simone/bookros2_ws/install/pal_gripper_controller_configuration/share/pal_gripper_controller_configuration/environment/ament_prefix_path.dsv
[2.315s] -- Symlinking: /home/simone/bookros2_ws/install/pal_gripper_controller_configuration/share/pal_gripper_controller_configuration/environment/path.sh
[2.325s] -- Symlinking: /home/simone/bookros2_ws/install/pal_gripper_controller_configuration/share/pal_gripper_controller_configuration/environment/path.dsv
[2.337s] -- Symlinking: /home/simone/bookros2_ws/install/pal_gripper_controller_configuration/share/pal_gripper_controller_configuration/local_setup.bash
[2.350s] -- Symlinking: /home/simone/bookros2_ws/install/pal_gripper_controller_configuration/share/pal_gripper_controller_configuration/local_setup.sh
[2.359s] -- Symlinking: /home/simone/bookros2_ws/install/pal_gripper_controller_configuration/share/pal_gripper_controller_configuration/local_setup.zsh
[2.369s] -- Symlinking: /home/simone/bookros2_ws/install/pal_gripper_controller_configuration/share/pal_gripper_controller_configuration/local_setup.dsv
[2.382s] -- Symlinking: /home/simone/bookros2_ws/install/pal_gripper_controller_configuration/share/pal_gripper_controller_configuration/package.dsv
[2.394s] -- Symlinking: /home/simone/bookros2_ws/install/pal_gripper_controller_configuration/share/ament_index/resource_index/packages/pal_gripper_controller_configuration
[2.404s] -- Symlinking: /home/simone/bookros2_ws/install/pal_gripper_controller_configuration/share/pal_gripper_controller_configuration/cmake/pal_gripper_controller_configurationConfig.cmake
[2.413s] -- Symlinking: /home/simone/bookros2_ws/install/pal_gripper_controller_configuration/share/pal_gripper_controller_configuration/cmake/pal_gripper_controller_configurationConfig-version.cmake
[2.435s] -- Symlinking: /home/simone/bookros2_ws/install/pal_gripper_controller_configuration/share/pal_gripper_controller_configuration/package.xml
[2.502s] Invoked command in '/home/simone/bookros2_ws/build/pal_gripper_controller_configuration' returned '0': CMAKE_PREFIX_PATH=/opt/ros/humble /usr/bin/cmake --install /home/simone/bookros2_ws/build/pal_gripper_controller_configuration
