[0.126s] Invoking command in '/home/simone/bookros2_ws/build/br2_vff_avoidance': CMAKE_PREFIX_PATH=${CMAKE_PREFIX_PATH}:/home/simone/bookros2_ws/install/launch_pal:/home/simone/bookros2_ws/install/br2_fsm_bumpgo_py:/opt/ros/humble /usr/bin/cmake --build /home/simone/bookros2_ws/build/br2_vff_avoidance -- -j5 -l5
[0.379s] [35m[1mConsolidate compiler generated dependencies of target br2_vff_avoidance[0m
[0.493s] [ 20%] Built target br2_vff_avoidance
[0.578s] [35m[1mConsolidate compiler generated dependencies of target gtest[0m
[0.617s] [ 40%] Built target gtest
[0.765s] [35m[1mConsolidate compiler generated dependencies of target avoidance_vff[0m
[0.823s] [ 60%] Built target avoidance_vff
[0.934s] [35m[1mConsolidate compiler generated dependencies of target gtest_main[0m
[1.009s] [ 80%] Built target gtest_main
[1.102s] [35m[1mConsolidate compiler generated dependencies of target vff_test[0m
[1.174s] [100%] Built target vff_test
[1.353s] Invoked command in '/home/simone/bookros2_ws/build/br2_vff_avoidance' returned '0': CMAKE_PREFIX_PATH=${CMAKE_PREFIX_PATH}:/home/simone/bookros2_ws/install/launch_pal:/home/simone/bookros2_ws/install/br2_fsm_bumpgo_py:/opt/ros/humble /usr/bin/cmake --build /home/simone/bookros2_ws/build/br2_vff_avoidance -- -j5 -l5
[1.527s] Invoking command in '/home/simone/bookros2_ws/build/br2_vff_avoidance': CMAKE_PREFIX_PATH=${CMAKE_PREFIX_PATH}:/home/simone/bookros2_ws/install/launch_pal:/home/simone/bookros2_ws/install/br2_fsm_bumpgo_py:/opt/ros/humble /usr/bin/cmake --install /home/simone/bookros2_ws/build/br2_vff_avoidance
[1.596s] -- Install configuration: "Debug"
[1.598s] -- Execute custom install script
[1.602s] -- Up-to-date symlink: /home/simone/bookros2_ws/install/br2_vff_avoidance/lib/libbr2_vff_avoidance.so
[1.603s] -- Up-to-date symlink: /home/simone/bookros2_ws/install/br2_vff_avoidance/lib/br2_vff_avoidance/avoidance_vff
[1.605s] -- Up-to-date symlink: /home/simone/bookros2_ws/install/br2_vff_avoidance/share/br2_vff_avoidance/launch/avoidance_vff.launch.py
[1.605s] -- Up-to-date symlink: /home/simone/bookros2_ws/install/br2_vff_avoidance/share/ament_index/resource_index/package_run_dependencies/br2_vff_avoidance
[1.608s] -- Up-to-date symlink: /home/simone/bookros2_ws/install/br2_vff_avoidance/share/ament_index/resource_index/parent_prefix_path/br2_vff_avoidance
[1.608s] -- Up-to-date symlink: /home/simone/bookros2_ws/install/br2_vff_avoidance/share/br2_vff_avoidance/environment/ament_prefix_path.sh
[1.609s] -- Up-to-date symlink: /home/simone/bookros2_ws/install/br2_vff_avoidance/share/br2_vff_avoidance/environment/ament_prefix_path.dsv
[1.609s] -- Up-to-date symlink: /home/simone/bookros2_ws/install/br2_vff_avoidance/share/br2_vff_avoidance/environment/path.sh
[1.610s] -- Up-to-date symlink: /home/simone/bookros2_ws/install/br2_vff_avoidance/share/br2_vff_avoidance/environment/path.dsv
[1.610s] -- Up-to-date symlink: /home/simone/bookros2_ws/install/br2_vff_avoidance/share/br2_vff_avoidance/local_setup.bash
[1.617s] -- Up-to-date symlink: /home/simone/bookros2_ws/install/br2_vff_avoidance/share/br2_vff_avoidance/local_setup.sh
[1.617s] -- Up-to-date symlink: /home/simone/bookros2_ws/install/br2_vff_avoidance/share/br2_vff_avoidance/local_setup.zsh
[1.618s] -- Up-to-date symlink: /home/simone/bookros2_ws/install/br2_vff_avoidance/share/br2_vff_avoidance/local_setup.dsv
[1.618s] -- Symlinking: /home/simone/bookros2_ws/install/br2_vff_avoidance/share/br2_vff_avoidance/package.dsv
[1.664s] -- Up-to-date symlink: /home/simone/bookros2_ws/install/br2_vff_avoidance/share/ament_index/resource_index/packages/br2_vff_avoidance
[1.665s] -- Up-to-date symlink: /home/simone/bookros2_ws/install/br2_vff_avoidance/share/br2_vff_avoidance/cmake/ament_cmake_export_dependencies-extras.cmake
[1.665s] -- Up-to-date symlink: /home/simone/bookros2_ws/install/br2_vff_avoidance/share/br2_vff_avoidance/cmake/br2_vff_avoidanceConfig.cmake
[1.665s] -- Up-to-date symlink: /home/simone/bookros2_ws/install/br2_vff_avoidance/share/br2_vff_avoidance/cmake/br2_vff_avoidanceConfig-version.cmake
[1.666s] -- Up-to-date symlink: /home/simone/bookros2_ws/install/br2_vff_avoidance/share/br2_vff_avoidance/package.xml
[1.682s] Invoked command in '/home/simone/bookros2_ws/build/br2_vff_avoidance' returned '0': CMAKE_PREFIX_PATH=${CMAKE_PREFIX_PATH}:/home/simone/bookros2_ws/install/launch_pal:/home/simone/bookros2_ws/install/br2_fsm_bumpgo_py:/opt/ros/humble /usr/bin/cmake --install /home/simone/bookros2_ws/build/br2_vff_avoidance
