[0.303s] Invoking command in '/home/simone/bookros2_ws/build/tiago_description': AMENT_PREFIX_PATH=/home/simone/bookros2_ws/install/launch_pal:/home/simone/bookros2_ws/install/urdf_test:/home/simone/bookros2_ws/install/tiago_simulation:/home/simone/bookros2_ws/install/tiago_robot:/home/simone/bookros2_ws/install/tiago_navigation:/home/simone/bookros2_ws/install/tiago_gazebo:/home/simone/bookros2_ws/install/tiago_moveit_config:/home/simone/bookros2_ws/install/tiago_laser_sensors:/home/simone/bookros2_ws/install/tiago_bringup:/home/simone/bookros2_ws/install/tiago_description:/home/simone/bookros2_ws/install/tiago_controller_configuration:/home/simone/bookros2_ws/install/tiago_2dnav:/home/simone/bookros2_ws/install/pmb2_robot:/home/simone/bookros2_ws/install/pmb2_navigation:/home/simone/bookros2_ws/install/pmb2_2dnav:/home/simone/bookros2_ws/install/pmb2_maps:/home/simone/bookros2_ws/install/pmb2_laser_sensors:/home/simone/bookros2_ws/install/pmb2_bringup:/home/simone/bookros2_ws/install/pmb2_description:/home/simone/bookros2_ws/install/pmb2_controller_configuration:/home/simone/bookros2_ws/install/pal_gripper:/home/simone/bookros2_ws/install/pal_gripper_description:/home/simone/bookros2_ws/install/pal_gripper_controller_configuration:/home/simone/bookros2_ws/install/pal_gazebo_worlds:/home/simone/bookros2_ws/install/hey5_description:/home/simone/bookros2_ws/install/groot:/home/simone/bookros2_ws/install/br2_vff_avoidance:/home/simone/bookros2_ws/install/br2_tracking:/home/simone/bookros2_ws/install/br2_tracking_msgs:/home/simone/bookros2_ws/install/br2_tiago:/home/simone/bookros2_ws/install/br2_tf2_detector:/home/simone/bookros2_ws/install/br2_navigation:/home/simone/bookros2_ws/install/br2_fsm_bumpgo_py:/home/simone/bookros2_ws/install/br2_fsm_bumpgo_cpp:/home/simone/bookros2_ws/install/br2_bt_patrolling:/home/simone/bookros2_ws/install/br2_bt_bumpgo:/home/simone/bookros2_ws/install/br2_basics:/opt/ros/humble CMAKE_PREFIX_PATH=/home/simone/bookros2_ws/install/tiago_controller_configuration:/home/simone/bookros2_ws/install/pmb2_description:/home/simone/bookros2_ws/install/pal_gripper_description:/home/simone/bookros2_ws/install/urdf_test:/home/simone/bookros2_ws/install/pmb2_controller_configuration:/home/simone/bookros2_ws/install/pal_gripper_controller_configuration:/home/simone/bookros2_ws/install/hey5_description:/home/simone/bookros2_ws/install/tiago_simulation:/home/simone/bookros2_ws/install/tiago_robot:/home/simone/bookros2_ws/install/tiago_navigation:/home/simone/bookros2_ws/install/tiago_gazebo:/home/simone/bookros2_ws/install/tiago_moveit_config:/home/simone/bookros2_ws/install/tiago_laser_sensors:/home/simone/bookros2_ws/install/tiago_bringup:/home/simone/bookros2_ws/install/tiago_description:/home/simone/bookros2_ws/install/tiago_2dnav:/home/simone/bookros2_ws/install/pmb2_robot:/home/simone/bookros2_ws/install/pmb2_navigation:/home/simone/bookros2_ws/install/pmb2_2dnav:/home/simone/bookros2_ws/install/pmb2_maps:/home/simone/bookros2_ws/install/pmb2_laser_sensors:/home/simone/bookros2_ws/install/pmb2_bringup:/home/simone/bookros2_ws/install/pal_gripper:/home/simone/bookros2_ws/install/pal_gazebo_worlds:/home/simone/bookros2_ws/install/groot:/home/simone/bookros2_ws/install/br2_vff_avoidance:/home/simone/bookros2_ws/install/br2_tracking:/home/simone/bookros2_ws/install/br2_tracking_msgs:/home/simone/bookros2_ws/install/br2_tiago:/home/simone/bookros2_ws/install/br2_tf2_detector:/home/simone/bookros2_ws/install/br2_navigation:/home/simone/bookros2_ws/install/br2_fsm_bumpgo_cpp:/home/simone/bookros2_ws/install/br2_bt_patrolling:/home/simone/bookros2_ws/install/br2_bt_bumpgo:/home/simone/bookros2_ws/install/br2_basics:/home/simone/bookros2_ws/install/launch_pal:/home/simone/bookros2_ws/install/br2_fsm_bumpgo_py:/opt/ros/humble PYTHONPATH=/home/simone/bookros2_ws/build/launch_pal:/home/simone/bookros2_ws/install/launch_pal/lib/python3.10/site-packages:/home/simone/bookros2_ws/install/urdf_test/local/lib/python3.10/dist-packages:/home/simone/bookros2_ws/install/tiago_description/local/lib/python3.10/dist-packages:/home/simone/bookros2_ws/install/pmb2_description/local/lib/python3.10/dist-packages:/home/simone/bookros2_ws/install/br2_tracking_msgs/local/lib/python3.10/dist-packages:/home/simone/bookros2_ws/install/br2_fsm_bumpgo_py/lib/python3.10/site-packages:/opt/ros/humble/lib/python3.10/site-packages:/opt/ros/humble/local/lib/python3.10/dist-packages /usr/bin/cmake --build /home/simone/bookros2_ws/build/tiago_description -- -j5 -l5
[0.533s] Built target ament_cmake_python_symlink_tiago_description
[1.534s] running egg_info
[1.534s] writing tiago_description.egg-info/PKG-INFO
[1.534s] writing dependency_links to tiago_description.egg-info/dependency_links.txt
[1.534s] writing top-level names to tiago_description.egg-info/top_level.txt
[1.534s] reading manifest file 'tiago_description.egg-info/SOURCES.txt'
[1.535s] writing manifest file 'tiago_description.egg-info/SOURCES.txt'
[1.630s] Built target ament_cmake_python_build_tiago_description_egg
[1.691s] Invoked command in '/home/simone/bookros2_ws/build/tiago_description' returned '0': AMENT_PREFIX_PATH=/home/simone/bookros2_ws/install/launch_pal:/home/simone/bookros2_ws/install/urdf_test:/home/simone/bookros2_ws/install/tiago_simulation:/home/simone/bookros2_ws/install/tiago_robot:/home/simone/bookros2_ws/install/tiago_navigation:/home/simone/bookros2_ws/install/tiago_gazebo:/home/simone/bookros2_ws/install/tiago_moveit_config:/home/simone/bookros2_ws/install/tiago_laser_sensors:/home/simone/bookros2_ws/install/tiago_bringup:/home/simone/bookros2_ws/install/tiago_description:/home/simone/bookros2_ws/install/tiago_controller_configuration:/home/simone/bookros2_ws/install/tiago_2dnav:/home/simone/bookros2_ws/install/pmb2_robot:/home/simone/bookros2_ws/install/pmb2_navigation:/home/simone/bookros2_ws/install/pmb2_2dnav:/home/simone/bookros2_ws/install/pmb2_maps:/home/simone/bookros2_ws/install/pmb2_laser_sensors:/home/simone/bookros2_ws/install/pmb2_bringup:/home/simone/bookros2_ws/install/pmb2_description:/home/simone/bookros2_ws/install/pmb2_controller_configuration:/home/simone/bookros2_ws/install/pal_gripper:/home/simone/bookros2_ws/install/pal_gripper_description:/home/simone/bookros2_ws/install/pal_gripper_controller_configuration:/home/simone/bookros2_ws/install/pal_gazebo_worlds:/home/simone/bookros2_ws/install/hey5_description:/home/simone/bookros2_ws/install/groot:/home/simone/bookros2_ws/install/br2_vff_avoidance:/home/simone/bookros2_ws/install/br2_tracking:/home/simone/bookros2_ws/install/br2_tracking_msgs:/home/simone/bookros2_ws/install/br2_tiago:/home/simone/bookros2_ws/install/br2_tf2_detector:/home/simone/bookros2_ws/install/br2_navigation:/home/simone/bookros2_ws/install/br2_fsm_bumpgo_py:/home/simone/bookros2_ws/install/br2_fsm_bumpgo_cpp:/home/simone/bookros2_ws/install/br2_bt_patrolling:/home/simone/bookros2_ws/install/br2_bt_bumpgo:/home/simone/bookros2_ws/install/br2_basics:/opt/ros/humble CMAKE_PREFIX_PATH=/home/simone/bookros2_ws/install/tiago_controller_configuration:/home/simone/bookros2_ws/install/pmb2_description:/home/simone/bookros2_ws/install/pal_gripper_description:/home/simone/bookros2_ws/install/urdf_test:/home/simone/bookros2_ws/install/pmb2_controller_configuration:/home/simone/bookros2_ws/install/pal_gripper_controller_configuration:/home/simone/bookros2_ws/install/hey5_description:/home/simone/bookros2_ws/install/tiago_simulation:/home/simone/bookros2_ws/install/tiago_robot:/home/simone/bookros2_ws/install/tiago_navigation:/home/simone/bookros2_ws/install/tiago_gazebo:/home/simone/bookros2_ws/install/tiago_moveit_config:/home/simone/bookros2_ws/install/tiago_laser_sensors:/home/simone/bookros2_ws/install/tiago_bringup:/home/simone/bookros2_ws/install/tiago_description:/home/simone/bookros2_ws/install/tiago_2dnav:/home/simone/bookros2_ws/install/pmb2_robot:/home/simone/bookros2_ws/install/pmb2_navigation:/home/simone/bookros2_ws/install/pmb2_2dnav:/home/simone/bookros2_ws/install/pmb2_maps:/home/simone/bookros2_ws/install/pmb2_laser_sensors:/home/simone/bookros2_ws/install/pmb2_bringup:/home/simone/bookros2_ws/install/pal_gripper:/home/simone/bookros2_ws/install/pal_gazebo_worlds:/home/simone/bookros2_ws/install/groot:/home/simone/bookros2_ws/install/br2_vff_avoidance:/home/simone/bookros2_ws/install/br2_tracking:/home/simone/bookros2_ws/install/br2_tracking_msgs:/home/simone/bookros2_ws/install/br2_tiago:/home/simone/bookros2_ws/install/br2_tf2_detector:/home/simone/bookros2_ws/install/br2_navigation:/home/simone/bookros2_ws/install/br2_fsm_bumpgo_cpp:/home/simone/bookros2_ws/install/br2_bt_patrolling:/home/simone/bookros2_ws/install/br2_bt_bumpgo:/home/simone/bookros2_ws/install/br2_basics:/home/simone/bookros2_ws/install/launch_pal:/home/simone/bookros2_ws/install/br2_fsm_bumpgo_py:/opt/ros/humble PYTHONPATH=/home/simone/bookros2_ws/build/launch_pal:/home/simone/bookros2_ws/install/launch_pal/lib/python3.10/site-packages:/home/simone/bookros2_ws/install/urdf_test/local/lib/python3.10/dist-packages:/home/simone/bookros2_ws/install/tiago_description/local/lib/python3.10/dist-packages:/home/simone/bookros2_ws/install/pmb2_description/local/lib/python3.10/dist-packages:/home/simone/bookros2_ws/install/br2_tracking_msgs/local/lib/python3.10/dist-packages:/home/simone/bookros2_ws/install/br2_fsm_bumpgo_py/lib/python3.10/site-packages:/opt/ros/humble/lib/python3.10/site-packages:/opt/ros/humble/local/lib/python3.10/dist-packages /usr/bin/cmake --build /home/simone/bookros2_ws/build/tiago_description -- -j5 -l5
[1.787s] Invoking command in '/home/simone/bookros2_ws/build/tiago_description': AMENT_PREFIX_PATH=/home/simone/bookros2_ws/install/launch_pal:/home/simone/bookros2_ws/install/urdf_test:/home/simone/bookros2_ws/install/tiago_simulation:/home/simone/bookros2_ws/install/tiago_robot:/home/simone/bookros2_ws/install/tiago_navigation:/home/simone/bookros2_ws/install/tiago_gazebo:/home/simone/bookros2_ws/install/tiago_moveit_config:/home/simone/bookros2_ws/install/tiago_laser_sensors:/home/simone/bookros2_ws/install/tiago_bringup:/home/simone/bookros2_ws/install/tiago_description:/home/simone/bookros2_ws/install/tiago_controller_configuration:/home/simone/bookros2_ws/install/tiago_2dnav:/home/simone/bookros2_ws/install/pmb2_robot:/home/simone/bookros2_ws/install/pmb2_navigation:/home/simone/bookros2_ws/install/pmb2_2dnav:/home/simone/bookros2_ws/install/pmb2_maps:/home/simone/bookros2_ws/install/pmb2_laser_sensors:/home/simone/bookros2_ws/install/pmb2_bringup:/home/simone/bookros2_ws/install/pmb2_description:/home/simone/bookros2_ws/install/pmb2_controller_configuration:/home/simone/bookros2_ws/install/pal_gripper:/home/simone/bookros2_ws/install/pal_gripper_description:/home/simone/bookros2_ws/install/pal_gripper_controller_configuration:/home/simone/bookros2_ws/install/pal_gazebo_worlds:/home/simone/bookros2_ws/install/hey5_description:/home/simone/bookros2_ws/install/groot:/home/simone/bookros2_ws/install/br2_vff_avoidance:/home/simone/bookros2_ws/install/br2_tracking:/home/simone/bookros2_ws/install/br2_tracking_msgs:/home/simone/bookros2_ws/install/br2_tiago:/home/simone/bookros2_ws/install/br2_tf2_detector:/home/simone/bookros2_ws/install/br2_navigation:/home/simone/bookros2_ws/install/br2_fsm_bumpgo_py:/home/simone/bookros2_ws/install/br2_fsm_bumpgo_cpp:/home/simone/bookros2_ws/install/br2_bt_patrolling:/home/simone/bookros2_ws/install/br2_bt_bumpgo:/home/simone/bookros2_ws/install/br2_basics:/opt/ros/humble CMAKE_PREFIX_PATH=/home/simone/bookros2_ws/install/tiago_controller_configuration:/home/simone/bookros2_ws/install/pmb2_description:/home/simone/bookros2_ws/install/pal_gripper_description:/home/simone/bookros2_ws/install/urdf_test:/home/simone/bookros2_ws/install/pmb2_controller_configuration:/home/simone/bookros2_ws/install/pal_gripper_controller_configuration:/home/simone/bookros2_ws/install/hey5_description:/home/simone/bookros2_ws/install/tiago_simulation:/home/simone/bookros2_ws/install/tiago_robot:/home/simone/bookros2_ws/install/tiago_navigation:/home/simone/bookros2_ws/install/tiago_gazebo:/home/simone/bookros2_ws/install/tiago_moveit_config:/home/simone/bookros2_ws/install/tiago_laser_sensors:/home/simone/bookros2_ws/install/tiago_bringup:/home/simone/bookros2_ws/install/tiago_description:/home/simone/bookros2_ws/install/tiago_2dnav:/home/simone/bookros2_ws/install/pmb2_robot:/home/simone/bookros2_ws/install/pmb2_navigation:/home/simone/bookros2_ws/install/pmb2_2dnav:/home/simone/bookros2_ws/install/pmb2_maps:/home/simone/bookros2_ws/install/pmb2_laser_sensors:/home/simone/bookros2_ws/install/pmb2_bringup:/home/simone/bookros2_ws/install/pal_gripper:/home/simone/bookros2_ws/install/pal_gazebo_worlds:/home/simone/bookros2_ws/install/groot:/home/simone/bookros2_ws/install/br2_vff_avoidance:/home/simone/bookros2_ws/install/br2_tracking:/home/simone/bookros2_ws/install/br2_tracking_msgs:/home/simone/bookros2_ws/install/br2_tiago:/home/simone/bookros2_ws/install/br2_tf2_detector:/home/simone/bookros2_ws/install/br2_navigation:/home/simone/bookros2_ws/install/br2_fsm_bumpgo_cpp:/home/simone/bookros2_ws/install/br2_bt_patrolling:/home/simone/bookros2_ws/install/br2_bt_bumpgo:/home/simone/bookros2_ws/install/br2_basics:/home/simone/bookros2_ws/install/launch_pal:/home/simone/bookros2_ws/install/br2_fsm_bumpgo_py:/opt/ros/humble PYTHONPATH=/home/simone/bookros2_ws/build/launch_pal:/home/simone/bookros2_ws/install/launch_pal/lib/python3.10/site-packages:/home/simone/bookros2_ws/install/urdf_test/local/lib/python3.10/dist-packages:/home/simone/bookros2_ws/install/tiago_description/local/lib/python3.10/dist-packages:/home/simone/bookros2_ws/install/pmb2_description/local/lib/python3.10/dist-packages:/home/simone/bookros2_ws/install/br2_tracking_msgs/local/lib/python3.10/dist-packages:/home/simone/bookros2_ws/install/br2_fsm_bumpgo_py/lib/python3.10/site-packages:/opt/ros/humble/lib/python3.10/site-packages:/opt/ros/humble/local/lib/python3.10/dist-packages /usr/bin/cmake --install /home/simone/bookros2_ws/build/tiago_description
[1.816s] -- Install configuration: ""
[1.817s] -- Execute custom install script
[1.836s] -- Up-to-date symlink: /home/simone/bookros2_ws/install/tiago_description/share/tiago_description/environment/pythonpath.sh
[1.837s] -- Up-to-date symlink: /home/simone/bookros2_ws/install/tiago_description/share/tiago_description/environment/pythonpath.dsv
[1.839s] -- Up-to-date symlink: /home/simone/bookros2_ws/install/tiago_description/local/lib/python3.10/dist-packages/tiago_description-4.0.13-py3.10.egg-info/PKG-INFO
[1.839s] -- Up-to-date symlink: /home/simone/bookros2_ws/install/tiago_description/local/lib/python3.10/dist-packages/tiago_description-4.0.13-py3.10.egg-info/SOURCES.txt
[1.841s] -- Up-to-date symlink: /home/simone/bookros2_ws/install/tiago_description/local/lib/python3.10/dist-packages/tiago_description-4.0.13-py3.10.egg-info/dependency_links.txt
[1.842s] -- Up-to-date symlink: /home/simone/bookros2_ws/install/tiago_description/local/lib/python3.10/dist-packages/tiago_description-4.0.13-py3.10.egg-info/top_level.txt
[1.843s] -- Up-to-date symlink: /home/simone/bookros2_ws/install/tiago_description/local/lib/python3.10/dist-packages/tiago_description/__init__.py
[1.843s] -- Up-to-date symlink: /home/simone/bookros2_ws/install/tiago_description/local/lib/python3.10/dist-packages/tiago_description/tiago_launch_utils.py
[1.849s] -- Up-to-date symlink: /home/simone/bookros2_ws/install/tiago_description/share/tiago_description/config/collision/collision_parameters.yaml
[1.850s] -- Up-to-date symlink: /home/simone/bookros2_ws/install/tiago_description/share/tiago_description/gazebo/gazebo.urdf.xacro
[1.850s] -- Up-to-date symlink: /home/simone/bookros2_ws/install/tiago_description/share/tiago_description/launch/robot_state_publisher.launch.py
[1.851s] -- Up-to-date symlink: /home/simone/bookros2_ws/install/tiago_description/share/tiago_description/launch/show.launch.py
[1.852s] -- Up-to-date symlink: /home/simone/bookros2_ws/install/tiago_description/share/tiago_description/Media/materials/scripts/markers.material
[1.852s] -- Up-to-date symlink: /home/simone/bookros2_ws/install/tiago_description/share/tiago_description/Media/materials/textures/aruco-26_8cm.png
[1.852s] -- Up-to-date symlink: /home/simone/bookros2_ws/install/tiago_description/share/tiago_description/Media/materials/textures/aruco-582_8cm.png
[1.853s] -- Up-to-date symlink: /home/simone/bookros2_ws/install/tiago_description/share/tiago_description/Media/materials/textures/pal_logo_1_7cm.jpg
[1.853s] -- Up-to-date symlink: /home/simone/bookros2_ws/install/tiago_description/share/tiago_description/Media/materials/textures/pal_logo_2_7cm.jpg
[1.855s] -- Up-to-date symlink: /home/simone/bookros2_ws/install/tiago_description/share/tiago_description/Media/materials/textures/pal_logo_3_7cm.jpg
[1.867s] -- Up-to-date symlink: /home/simone/bookros2_ws/install/tiago_description/share/tiago_description/meshes/arm/arm_1.stl
[1.869s] -- Up-to-date symlink: /home/simone/bookros2_ws/install/tiago_description/share/tiago_description/meshes/arm/arm_1_collision.dae
[1.870s] -- Up-to-date symlink: /home/simone/bookros2_ws/install/tiago_description/share/tiago_description/meshes/arm/arm_1_color.png
[1.871s] -- Up-to-date symlink: /home/simone/bookros2_ws/install/tiago_description/share/tiago_description/meshes/arm/arm_1_normals.png
[1.872s] -- Up-to-date symlink: /home/simone/bookros2_ws/install/tiago_description/share/tiago_description/meshes/arm/arm_1_specular.png
[1.873s] -- Up-to-date symlink: /home/simone/bookros2_ws/install/tiago_description/share/tiago_description/meshes/arm/arm_2.stl
[1.874s] -- Up-to-date symlink: /home/simone/bookros2_ws/install/tiago_description/share/tiago_description/meshes/arm/arm_2_collision.dae
[1.875s] -- Up-to-date symlink: /home/simone/bookros2_ws/install/tiago_description/share/tiago_description/meshes/arm/arm_2_color.png
[1.876s] -- Up-to-date symlink: /home/simone/bookros2_ws/install/tiago_description/share/tiago_description/meshes/arm/arm_2_normals.png
[1.877s] -- Up-to-date symlink: /home/simone/bookros2_ws/install/tiago_description/share/tiago_description/meshes/arm/arm_2_specular.png
[1.878s] -- Up-to-date symlink: /home/simone/bookros2_ws/install/tiago_description/share/tiago_description/meshes/arm/arm_3.stl
[1.879s] -- Up-to-date symlink: /home/simone/bookros2_ws/install/tiago_description/share/tiago_description/meshes/arm/arm_3_collision.dae
[1.902s] -- Up-to-date symlink: /home/simone/bookros2_ws/install/tiago_description/share/tiago_description/meshes/arm/arm_3_color.png
[1.902s] -- Up-to-date symlink: /home/simone/bookros2_ws/install/tiago_description/share/tiago_description/meshes/arm/arm_3_normals.png
[1.902s] -- Up-to-date symlink: /home/simone/bookros2_ws/install/tiago_description/share/tiago_description/meshes/arm/arm_3_specular.png
[1.903s] -- Up-to-date symlink: /home/simone/bookros2_ws/install/tiago_description/share/tiago_description/meshes/arm/arm_4.stl
[1.903s] -- Up-to-date symlink: /home/simone/bookros2_ws/install/tiago_description/share/tiago_description/meshes/arm/arm_4_collision.dae
[1.904s] -- Up-to-date symlink: /home/simone/bookros2_ws/install/tiago_description/share/tiago_description/meshes/arm/arm_4_collision.stl
[1.904s] -- Up-to-date symlink: /home/simone/bookros2_ws/install/tiago_description/share/tiago_description/meshes/arm/arm_4_color.png
[1.904s] -- Up-to-date symlink: /home/simone/bookros2_ws/install/tiago_description/share/tiago_description/meshes/arm/arm_4_normals.png
[1.905s] -- Up-to-date symlink: /home/simone/bookros2_ws/install/tiago_description/share/tiago_description/meshes/arm/arm_4_specular.png
[1.905s] -- Up-to-date symlink: /home/simone/bookros2_ws/install/tiago_description/share/tiago_description/meshes/arm/arm_5-wrist-2010.stl
[1.906s] -- Up-to-date symlink: /home/simone/bookros2_ws/install/tiago_description/share/tiago_description/meshes/arm/arm_5-wrist-2017.stl
[1.906s] -- Up-to-date symlink: /home/simone/bookros2_ws/install/tiago_description/share/tiago_description/meshes/arm/arm_5_collision-wrist-2010.dae
[1.906s] -- Up-to-date symlink: /home/simone/bookros2_ws/install/tiago_description/share/tiago_description/meshes/arm/arm_5_collision-wrist-2017.dae
[1.907s] -- Up-to-date symlink: /home/simone/bookros2_ws/install/tiago_description/share/tiago_description/meshes/arm/arm_6-wrist-2010.stl
[1.907s] -- Up-to-date symlink: /home/simone/bookros2_ws/install/tiago_description/share/tiago_description/meshes/arm/arm_6-wrist-2017.stl
[1.908s] -- Up-to-date symlink: /home/simone/bookros2_ws/install/tiago_description/share/tiago_description/meshes/arm/arm_6_collision-wrist-2010.dae
[1.908s] -- Up-to-date symlink: /home/simone/bookros2_ws/install/tiago_description/share/tiago_description/meshes/arm/arm_6_collision-wrist-2017.dae
[1.908s] -- Up-to-date symlink: /home/simone/bookros2_ws/install/tiago_description/share/tiago_description/meshes/arm/arm_6_color.png
[1.909s] -- Up-to-date symlink: /home/simone/bookros2_ws/install/tiago_description/share/tiago_description/meshes/arm/arm_6_normals.png
[1.909s] -- Up-to-date symlink: /home/simone/bookros2_ws/install/tiago_description/share/tiago_description/meshes/arm/arm_6_specular.png
[1.909s] -- Up-to-date symlink: /home/simone/bookros2_ws/install/tiago_description/share/tiago_description/meshes/head/head_1.stl
[1.911s] -- Up-to-date symlink: /home/simone/bookros2_ws/install/tiago_description/share/tiago_description/meshes/head/head_1_collision.dae
[1.912s] -- Up-to-date symlink: /home/simone/bookros2_ws/install/tiago_description/share/tiago_description/meshes/head/head_2.stl
[1.912s] -- Up-to-date symlink: /home/simone/bookros2_ws/install/tiago_description/share/tiago_description/meshes/head/head_2_collision.dae
[1.912s] -- Up-to-date symlink: /home/simone/bookros2_ws/install/tiago_description/share/tiago_description/meshes/sensors/xtion_pro_live/xtion_pro_live.dae
[1.912s] -- Up-to-date symlink: /home/simone/bookros2_ws/install/tiago_description/share/tiago_description/meshes/sensors/xtion_pro_live/xtion_pro_live.png
[1.912s] -- Up-to-date symlink: /home/simone/bookros2_ws/install/tiago_description/share/tiago_description/meshes/torso/torso_fix.stl
[1.912s] -- Up-to-date symlink: /home/simone/bookros2_ws/install/tiago_description/share/tiago_description/meshes/torso/torso_lift_collision.dae
[1.912s] -- Up-to-date symlink: /home/simone/bookros2_ws/install/tiago_description/share/tiago_description/meshes/torso/torso_lift_collision_core.dae
[1.912s] -- Up-to-date symlink: /home/simone/bookros2_ws/install/tiago_description/share/tiago_description/meshes/torso/torso_lift_collision_neck.dae
[1.912s] -- Up-to-date symlink: /home/simone/bookros2_ws/install/tiago_description/share/tiago_description/meshes/torso/torso_lift_collision_shoulder.dae
[1.913s] -- Up-to-date symlink: /home/simone/bookros2_ws/install/tiago_description/share/tiago_description/meshes/torso/torso_lift_with_arm.stl
[1.913s] -- Up-to-date symlink: /home/simone/bookros2_ws/install/tiago_description/share/tiago_description/meshes/torso/torso_lift_without_arm.stl
[1.914s] -- Up-to-date symlink: /home/simone/bookros2_ws/install/tiago_description/share/tiago_description/robots/tiago.urdf.xacro
[1.915s] -- Up-to-date symlink: /home/simone/bookros2_ws/install/tiago_description/share/tiago_description/ros2_control/ros2_control.urdf.xacro
[1.915s] -- Up-to-date symlink: /home/simone/bookros2_ws/install/tiago_description/share/tiago_description/ros2_control/transmissions.urdf.xacro
[1.921s] -- Up-to-date symlink: /home/simone/bookros2_ws/install/tiago_description/share/tiago_description/urdf/arm/arm.ros2_control.xacro
[1.938s] -- Up-to-date symlink: /home/simone/bookros2_ws/install/tiago_description/share/tiago_description/urdf/arm/arm.urdf.xacro
[1.939s] -- Up-to-date symlink: /home/simone/bookros2_ws/install/tiago_description/share/tiago_description/urdf/arm/wrist.ros2_control.xacro
[1.941s] -- Up-to-date symlink: /home/simone/bookros2_ws/install/tiago_description/share/tiago_description/urdf/arm/wrist.urdf.xacro
[1.980s] -- Up-to-date symlink: /home/simone/bookros2_ws/install/tiago_description/share/tiago_description/urdf/calibration/calibration_constants.urdf.xacro
[1.980s] -- Up-to-date symlink: /home/simone/bookros2_ws/install/tiago_description/share/tiago_description/urdf/calibration/extrinsic_camera_calibration_constants.urdf.xacro
[1.980s] -- Up-to-date symlink: /home/simone/bookros2_ws/install/tiago_description/share/tiago_description/urdf/deg_to_rad.xacro
[1.980s] -- Up-to-date symlink: /home/simone/bookros2_ws/install/tiago_description/share/tiago_description/urdf/end_effector/end_effector.urdf.xacro
[1.980s] -- Up-to-date symlink: /home/simone/bookros2_ws/install/tiago_description/share/tiago_description/urdf/head/head.ros2_control.xacro
[1.981s] -- Up-to-date symlink: /home/simone/bookros2_ws/install/tiago_description/share/tiago_description/urdf/head/head.urdf.xacro
[1.981s] -- Up-to-date symlink: /home/simone/bookros2_ws/install/tiago_description/share/tiago_description/urdf/materials.urdf.xacro
[1.981s] -- Up-to-date symlink: /home/simone/bookros2_ws/install/tiago_description/share/tiago_description/urdf/sensors/ftsensor.gazebo.xacro
[1.981s] -- Up-to-date symlink: /home/simone/bookros2_ws/install/tiago_description/share/tiago_description/urdf/sensors/ftsensor.urdf.xacro
[1.981s] -- Up-to-date symlink: /home/simone/bookros2_ws/install/tiago_description/share/tiago_description/urdf/sensors/openni.gazebo.xacro
[1.981s] -- Up-to-date symlink: /home/simone/bookros2_ws/install/tiago_description/share/tiago_description/urdf/sensors/orbbec_astra.urdf.xacro
[1.981s] -- Up-to-date symlink: /home/simone/bookros2_ws/install/tiago_description/share/tiago_description/urdf/sensors/sensors.ros2_control.xacro
[1.982s] -- Up-to-date symlink: /home/simone/bookros2_ws/install/tiago_description/share/tiago_description/urdf/sensors/xtion_pro_live.urdf.xacro
[1.982s] -- Up-to-date symlink: /home/simone/bookros2_ws/install/tiago_description/share/tiago_description/urdf/torso/torso.ros2_control.xacro
[1.982s] -- Up-to-date symlink: /home/simone/bookros2_ws/install/tiago_description/share/tiago_description/urdf/torso/torso.urdf.xacro
[1.982s] -- Up-to-date symlink: /home/simone/bookros2_ws/install/tiago_description/share/ament_index/resource_index/package_run_dependencies/tiago_description
[1.982s] -- Up-to-date symlink: /home/simone/bookros2_ws/install/tiago_description/share/ament_index/resource_index/parent_prefix_path/tiago_description
[1.982s] -- Up-to-date symlink: /home/simone/bookros2_ws/install/tiago_description/share/tiago_description/environment/ament_prefix_path.sh
[1.982s] -- Up-to-date symlink: /home/simone/bookros2_ws/install/tiago_description/share/tiago_description/environment/ament_prefix_path.dsv
[1.982s] -- Up-to-date symlink: /home/simone/bookros2_ws/install/tiago_description/share/tiago_description/environment/path.sh
[1.983s] -- Up-to-date symlink: /home/simone/bookros2_ws/install/tiago_description/share/tiago_description/environment/path.dsv
[1.983s] -- Up-to-date symlink: /home/simone/bookros2_ws/install/tiago_description/share/tiago_description/local_setup.bash
[1.983s] -- Up-to-date symlink: /home/simone/bookros2_ws/install/tiago_description/share/tiago_description/local_setup.sh
[1.983s] -- Up-to-date symlink: /home/simone/bookros2_ws/install/tiago_description/share/tiago_description/local_setup.zsh
[1.983s] -- Up-to-date symlink: /home/simone/bookros2_ws/install/tiago_description/share/tiago_description/local_setup.dsv
[1.983s] -- Symlinking: /home/simone/bookros2_ws/install/tiago_description/share/tiago_description/package.dsv
[1.985s] -- Up-to-date symlink: /home/simone/bookros2_ws/install/tiago_description/share/ament_index/resource_index/packages/tiago_description
[1.986s] -- Up-to-date symlink: /home/simone/bookros2_ws/install/tiago_description/share/tiago_description/cmake/tiago_descriptionConfig.cmake
[1.986s] -- Up-to-date symlink: /home/simone/bookros2_ws/install/tiago_description/share/tiago_description/cmake/tiago_descriptionConfig-version.cmake
[1.986s] -- Up-to-date symlink: /home/simone/bookros2_ws/install/tiago_description/share/tiago_description/package.xml
[2.105s] Listing '/home/simone/bookros2_ws/install/tiago_description/local/lib/python3.10/dist-packages/tiago_description'...
[2.111s] Invoked command in '/home/simone/bookros2_ws/build/tiago_description' returned '0': AMENT_PREFIX_PATH=/home/simone/bookros2_ws/install/launch_pal:/home/simone/bookros2_ws/install/urdf_test:/home/simone/bookros2_ws/install/tiago_simulation:/home/simone/bookros2_ws/install/tiago_robot:/home/simone/bookros2_ws/install/tiago_navigation:/home/simone/bookros2_ws/install/tiago_gazebo:/home/simone/bookros2_ws/install/tiago_moveit_config:/home/simone/bookros2_ws/install/tiago_laser_sensors:/home/simone/bookros2_ws/install/tiago_bringup:/home/simone/bookros2_ws/install/tiago_description:/home/simone/bookros2_ws/install/tiago_controller_configuration:/home/simone/bookros2_ws/install/tiago_2dnav:/home/simone/bookros2_ws/install/pmb2_robot:/home/simone/bookros2_ws/install/pmb2_navigation:/home/simone/bookros2_ws/install/pmb2_2dnav:/home/simone/bookros2_ws/install/pmb2_maps:/home/simone/bookros2_ws/install/pmb2_laser_sensors:/home/simone/bookros2_ws/install/pmb2_bringup:/home/simone/bookros2_ws/install/pmb2_description:/home/simone/bookros2_ws/install/pmb2_controller_configuration:/home/simone/bookros2_ws/install/pal_gripper:/home/simone/bookros2_ws/install/pal_gripper_description:/home/simone/bookros2_ws/install/pal_gripper_controller_configuration:/home/simone/bookros2_ws/install/pal_gazebo_worlds:/home/simone/bookros2_ws/install/hey5_description:/home/simone/bookros2_ws/install/groot:/home/simone/bookros2_ws/install/br2_vff_avoidance:/home/simone/bookros2_ws/install/br2_tracking:/home/simone/bookros2_ws/install/br2_tracking_msgs:/home/simone/bookros2_ws/install/br2_tiago:/home/simone/bookros2_ws/install/br2_tf2_detector:/home/simone/bookros2_ws/install/br2_navigation:/home/simone/bookros2_ws/install/br2_fsm_bumpgo_py:/home/simone/bookros2_ws/install/br2_fsm_bumpgo_cpp:/home/simone/bookros2_ws/install/br2_bt_patrolling:/home/simone/bookros2_ws/install/br2_bt_bumpgo:/home/simone/bookros2_ws/install/br2_basics:/opt/ros/humble CMAKE_PREFIX_PATH=/home/simone/bookros2_ws/install/tiago_controller_configuration:/home/simone/bookros2_ws/install/pmb2_description:/home/simone/bookros2_ws/install/pal_gripper_description:/home/simone/bookros2_ws/install/urdf_test:/home/simone/bookros2_ws/install/pmb2_controller_configuration:/home/simone/bookros2_ws/install/pal_gripper_controller_configuration:/home/simone/bookros2_ws/install/hey5_description:/home/simone/bookros2_ws/install/tiago_simulation:/home/simone/bookros2_ws/install/tiago_robot:/home/simone/bookros2_ws/install/tiago_navigation:/home/simone/bookros2_ws/install/tiago_gazebo:/home/simone/bookros2_ws/install/tiago_moveit_config:/home/simone/bookros2_ws/install/tiago_laser_sensors:/home/simone/bookros2_ws/install/tiago_bringup:/home/simone/bookros2_ws/install/tiago_description:/home/simone/bookros2_ws/install/tiago_2dnav:/home/simone/bookros2_ws/install/pmb2_robot:/home/simone/bookros2_ws/install/pmb2_navigation:/home/simone/bookros2_ws/install/pmb2_2dnav:/home/simone/bookros2_ws/install/pmb2_maps:/home/simone/bookros2_ws/install/pmb2_laser_sensors:/home/simone/bookros2_ws/install/pmb2_bringup:/home/simone/bookros2_ws/install/pal_gripper:/home/simone/bookros2_ws/install/pal_gazebo_worlds:/home/simone/bookros2_ws/install/groot:/home/simone/bookros2_ws/install/br2_vff_avoidance:/home/simone/bookros2_ws/install/br2_tracking:/home/simone/bookros2_ws/install/br2_tracking_msgs:/home/simone/bookros2_ws/install/br2_tiago:/home/simone/bookros2_ws/install/br2_tf2_detector:/home/simone/bookros2_ws/install/br2_navigation:/home/simone/bookros2_ws/install/br2_fsm_bumpgo_cpp:/home/simone/bookros2_ws/install/br2_bt_patrolling:/home/simone/bookros2_ws/install/br2_bt_bumpgo:/home/simone/bookros2_ws/install/br2_basics:/home/simone/bookros2_ws/install/launch_pal:/home/simone/bookros2_ws/install/br2_fsm_bumpgo_py:/opt/ros/humble PYTHONPATH=/home/simone/bookros2_ws/build/launch_pal:/home/simone/bookros2_ws/install/launch_pal/lib/python3.10/site-packages:/home/simone/bookros2_ws/install/urdf_test/local/lib/python3.10/dist-packages:/home/simone/bookros2_ws/install/tiago_description/local/lib/python3.10/dist-packages:/home/simone/bookros2_ws/install/pmb2_description/local/lib/python3.10/dist-packages:/home/simone/bookros2_ws/install/br2_tracking_msgs/local/lib/python3.10/dist-packages:/home/simone/bookros2_ws/install/br2_fsm_bumpgo_py/lib/python3.10/site-packages:/opt/ros/humble/lib/python3.10/site-packages:/opt/ros/humble/local/lib/python3.10/dist-packages /usr/bin/cmake --install /home/simone/bookros2_ws/build/tiago_description
