[0.064s] Invoking command in '/home/simone/bookros2_ws/build/br2_bt_patrolling': CMAKE_PREFIX_PATH=/opt/ros/humble /usr/bin/cmake /home/simone/bookros2_ws/src/book_ros2/br2_bt_patrolling -DAMENT_CMAKE_SYMLINK_INSTALL=1 -DCMAKE_INSTALL_PREFIX=/home/simone/bookros2_ws/install/br2_bt_patrolling
[0.166s] -- The C compiler identification is GNU 11.3.0
[0.292s] -- The CXX compiler identification is GNU 11.3.0
[0.304s] -- Detecting C compiler ABI info
[0.458s] -- Detecting C compiler ABI info - done
[0.478s] -- Check for working C compiler: /usr/bin/cc - skipped
[0.478s] -- Detecting C compile features
[0.480s] -- Detecting C compile features - done
[0.487s] -- Detecting CXX compiler ABI info
[0.659s] -- Detecting CXX compiler ABI info - done
[0.694s] -- Check for working CXX compiler: /usr/bin/c++ - skipped
[0.694s] -- Detecting CXX compile features
[0.694s] -- Detecting CXX compile features - done
[0.700s] -- Found ament_cmake: 1.3.5 (/opt/ros/humble/share/ament_cmake/cmake)
[1.295s] -- Found Python3: /usr/bin/python3.10 (found version "3.10.6") found components: Interpreter 
[1.674s] -- Override CMake install command with custom implementation using symlinks instead of copying resources
[1.866s] -- Found rclcpp: 16.0.4 (/opt/ros/humble/share/rclcpp/cmake)
[2.096s] -- Found rosidl_generator_c: 3.1.4 (/opt/ros/humble/share/rosidl_generator_c/cmake)
[2.137s] -- Found rosidl_adapter: 3.1.4 (/opt/ros/humble/share/rosidl_adapter/cmake)
[2.189s] -- Found rosidl_generator_cpp: 3.1.4 (/opt/ros/humble/share/rosidl_generator_cpp/cmake)
[2.234s] -- Using all available rosidl_typesupport_c: rosidl_typesupport_fastrtps_c;rosidl_typesupport_introspection_c
[2.379s] -- Using all available rosidl_typesupport_cpp: rosidl_typesupport_fastrtps_cpp;rosidl_typesupport_introspection_cpp
[2.743s] -- Found rmw_implementation_cmake: 6.1.1 (/opt/ros/humble/share/rmw_implementation_cmake/cmake)
[2.748s] -- Found rmw_fastrtps_cpp: 6.2.2 (/opt/ros/humble/share/rmw_fastrtps_cpp/cmake)
[3.509s] -- Found OpenSSL: /usr/lib/x86_64-linux-gnu/libcrypto.so (found version "3.0.2")  
[3.714s] -- Found FastRTPS: /opt/ros/humble/include  
[3.986s] -- Using RMW implementation 'rmw_fastrtps_cpp' as default
[4.006s] -- Looking for pthread.h
[4.514s] -- Looking for pthread.h - found
[4.515s] -- Performing Test CMAKE_HAVE_LIBC_PTHREAD
[5.189s] -- Performing Test CMAKE_HAVE_LIBC_PTHREAD - Success
[5.192s] -- Found Threads: TRUE  
[6.089s] -- Found rclcpp_lifecycle: 16.0.4 (/opt/ros/humble/share/rclcpp_lifecycle/cmake)
[6.399s] -- Found rclcpp_action: 16.0.4 (/opt/ros/humble/share/rclcpp_action/cmake)
[7.399s] -- Found geometry_msgs: 4.2.3 (/opt/ros/humble/share/geometry_msgs/cmake)
[7.912s] -- Found nav2_msgs: 1.1.8 (/opt/ros/humble/share/nav2_msgs/cmake)
[9.845s] -- Found ZMQ: /usr/lib/x86_64-linux-gnu/libzmq.so  
[9.845s] -- ZeroMQ found.
[10.013s] -- Found ament_lint_auto: 0.12.6 (/opt/ros/humble/share/ament_lint_auto/cmake)
[10.621s] -- Found gtest sources under '/opt/ros/humble/src/gtest_vendor': C++ tests using 'Google Test' will be built
[10.670s] -- Added test 'copyright' to check source files copyright and LICENSE
[10.676s] -- Added test 'cppcheck' to perform static code analysis on C / C++ code
[10.679s] -- Configured cppcheck include dirs: /home/simone/bookros2_ws/src/book_ros2/br2_bt_patrolling/include
[10.679s] -- Configured cppcheck exclude dirs and/or files: 
[10.687s] -- Added test 'cpplint' to check C / C++ code against the Google style
[10.687s] -- Configured cpplint exclude dirs and/or files: 
[10.697s] -- Added test 'flake8' to check Python code syntax and style conventions
[10.701s] -- Added test 'lint_cmake' to check CMake code style
[10.703s] -- Added test 'pep257' to check Python code against some of the docstring style conventions in PEP 257
[10.710s] -- Added test 'uncrustify' to check C / C++ code style
[10.711s] -- Configured uncrustify additional arguments: 
[10.740s] -- Added test 'xmllint' to check XML markup files
[10.771s] -- Configuring done
[11.343s] -- Generating done
[11.392s] -- Build files have been written to: /home/simone/bookros2_ws/build/br2_bt_patrolling
[11.870s] Invoked command in '/home/simone/bookros2_ws/build/br2_bt_patrolling' returned '0': CMAKE_PREFIX_PATH=/opt/ros/humble /usr/bin/cmake /home/simone/bookros2_ws/src/book_ros2/br2_bt_patrolling -DAMENT_CMAKE_SYMLINK_INSTALL=1 -DCMAKE_INSTALL_PREFIX=/home/simone/bookros2_ws/install/br2_bt_patrolling
[11.871s] Invoking command in '/home/simone/bookros2_ws/build/br2_bt_patrolling': CMAKE_PREFIX_PATH=/opt/ros/humble /usr/bin/cmake --build /home/simone/bookros2_ws/build/br2_bt_patrolling -- -j5 -l5
[12.271s] [  5%] [32mBuilding CXX object CMakeFiles/br2_recharge_bt_node.dir/src/br2_bt_patrolling/Recharge.cpp.o[0m
[12.272s] [ 10%] [32mBuilding CXX object CMakeFiles/br2_move_bt_node.dir/src/br2_bt_patrolling/Move.cpp.o[0m
[12.272s] [ 15%] [32mBuilding CXX object CMakeFiles/br2_get_waypoint_bt_node.dir/src/br2_bt_patrolling/GetWaypoint.cpp.o[0m
[12.276s] [ 20%] [32mBuilding CXX object CMakeFiles/br2_patrol_bt_node.dir/src/br2_bt_patrolling/Patrol.cpp.o[0m
[12.481s] [ 25%] [32mBuilding CXX object CMakeFiles/br2_battery_checker_bt_node.dir/src/br2_bt_patrolling/BatteryChecker.cpp.o[0m
[23.715s] [ 30%] [32m[1mLinking CXX shared library libbr2_recharge_bt_node.so[0m
[25.780s] [ 30%] Built target br2_recharge_bt_node
[38.852s] [ 35%] [32m[1mLinking CXX shared library libbr2_get_waypoint_bt_node.so[0m
[39.855s] [ 35%] Built target br2_get_waypoint_bt_node
[45.506s] [ 40%] [32m[1mLinking CXX shared library libbr2_move_bt_node.so[0m
[46.461s] [ 40%] Built target br2_move_bt_node
[48.044s] [ 45%] [32m[1mLinking CXX shared library libbr2_patrol_bt_node.so[0m
[49.042s] [ 45%] Built target br2_patrol_bt_node
[57.621s] [ 50%] [32m[1mLinking CXX shared library libbr2_battery_checker_bt_node.so[0m
[59.422s] [ 50%] Built target br2_battery_checker_bt_node
[59.495s] [ 55%] [32mBuilding CXX object gtest/CMakeFiles/gtest.dir/src/gtest-all.cc.o[0m
[66.757s] [ 60%] [32m[1mLinking CXX static library libgtest.a[0m
[66.919s] [ 60%] Built target gtest
[66.953s] [ 65%] [32mBuilding CXX object gtest/CMakeFiles/gtest_main.dir/src/gtest_main.cc.o[0m
[68.820s] [ 70%] [32m[1mLinking CXX static library libgtest_main.a[0m
[68.882s] [ 70%] Built target gtest_main
[68.911s] [ 75%] [32mBuilding CXX object CMakeFiles/patrolling_main.dir/src/patrolling_main.cpp.o[0m
[76.973s] [ 80%] [32m[1mLinking CXX executable patrolling_main[0m
[77.426s] [ 80%] Built target patrolling_main
[77.458s] [ 85%] [32mBuilding CXX object CMakeFiles/br2_track_objects_bt_node.dir/src/br2_bt_patrolling/TrackObjects.cpp.o[0m
[88.411s] [ 90%] [32m[1mLinking CXX shared library libbr2_track_objects_bt_node.so[0m
[88.941s] [ 90%] Built target br2_track_objects_bt_node
[88.992s] [ 95%] [32mBuilding CXX object tests/CMakeFiles/bt_action_test.dir/bt_action_test.cpp.o[0m
[117.703s] [100%] [32m[1mLinking CXX executable bt_action_test[0m
[119.695s] [100%] Built target bt_action_test
[119.786s] Invoked command in '/home/simone/bookros2_ws/build/br2_bt_patrolling' returned '0': CMAKE_PREFIX_PATH=/opt/ros/humble /usr/bin/cmake --build /home/simone/bookros2_ws/build/br2_bt_patrolling -- -j5 -l5
[119.865s] Invoking command in '/home/simone/bookros2_ws/build/br2_bt_patrolling': CMAKE_PREFIX_PATH=/opt/ros/humble /usr/bin/cmake --install /home/simone/bookros2_ws/build/br2_bt_patrolling
[119.879s] -- Install configuration: "Debug"
[119.882s] -- Execute custom install script
[119.884s] -- Symlinking: /home/simone/bookros2_ws/install/br2_bt_patrolling/lib/libbr2_recharge_bt_node.so
[119.898s] -- Symlinking: /home/simone/bookros2_ws/install/br2_bt_patrolling/lib/libbr2_patrol_bt_node.so
[119.910s] -- Symlinking: /home/simone/bookros2_ws/install/br2_bt_patrolling/lib/libbr2_move_bt_node.so
[119.921s] -- Symlinking: /home/simone/bookros2_ws/install/br2_bt_patrolling/lib/libbr2_get_waypoint_bt_node.so
[119.932s] -- Symlinking: /home/simone/bookros2_ws/install/br2_bt_patrolling/lib/libbr2_battery_checker_bt_node.so
[119.943s] -- Symlinking: /home/simone/bookros2_ws/install/br2_bt_patrolling/lib/libbr2_track_objects_bt_node.so
[119.954s] -- Symlinking: /home/simone/bookros2_ws/install/br2_bt_patrolling/lib/br2_bt_patrolling/patrolling_main
[119.967s] -- Symlinking: /home/simone/bookros2_ws/install/br2_bt_patrolling/include//br2_bt_patrolling/BatteryChecker.hpp
[119.978s] -- Symlinking: /home/simone/bookros2_ws/install/br2_bt_patrolling/include//br2_bt_patrolling/GetWaypoint.hpp
[119.989s] -- Symlinking: /home/simone/bookros2_ws/install/br2_bt_patrolling/include//br2_bt_patrolling/Move.hpp
[120.000s] -- Symlinking: /home/simone/bookros2_ws/install/br2_bt_patrolling/include//br2_bt_patrolling/Patrol.hpp
[120.010s] -- Symlinking: /home/simone/bookros2_ws/install/br2_bt_patrolling/include//br2_bt_patrolling/Recharge.hpp
[120.021s] -- Symlinking: /home/simone/bookros2_ws/install/br2_bt_patrolling/include//br2_bt_patrolling/TrackObjects.hpp
[120.031s] -- Symlinking: /home/simone/bookros2_ws/install/br2_bt_patrolling/include//br2_bt_patrolling/ctrl_support/BTActionNode.hpp
[120.041s] -- Symlinking: /home/simone/bookros2_ws/install/br2_bt_patrolling/include//br2_bt_patrolling/ctrl_support/BTLifecycleCtrlNode.hpp
[120.054s] -- Symlinking: /home/simone/bookros2_ws/install/br2_bt_patrolling/share/br2_bt_patrolling/behavior_tree_xml/patrolling.xml
[120.066s] -- Symlinking: /home/simone/bookros2_ws/install/br2_bt_patrolling/share/br2_bt_patrolling/launch/patrolling.launch.py
[120.082s] -- Symlinking: /home/simone/bookros2_ws/install/br2_bt_patrolling/share/ament_index/resource_index/package_run_dependencies/br2_bt_patrolling
[120.095s] -- Symlinking: /home/simone/bookros2_ws/install/br2_bt_patrolling/share/ament_index/resource_index/parent_prefix_path/br2_bt_patrolling
[120.109s] -- Symlinking: /home/simone/bookros2_ws/install/br2_bt_patrolling/share/br2_bt_patrolling/environment/ament_prefix_path.sh
[120.122s] -- Symlinking: /home/simone/bookros2_ws/install/br2_bt_patrolling/share/br2_bt_patrolling/environment/ament_prefix_path.dsv
[120.137s] -- Symlinking: /home/simone/bookros2_ws/install/br2_bt_patrolling/share/br2_bt_patrolling/environment/path.sh
[120.153s] -- Symlinking: /home/simone/bookros2_ws/install/br2_bt_patrolling/share/br2_bt_patrolling/environment/path.dsv
[120.169s] -- Symlinking: /home/simone/bookros2_ws/install/br2_bt_patrolling/share/br2_bt_patrolling/local_setup.bash
[120.184s] -- Symlinking: /home/simone/bookros2_ws/install/br2_bt_patrolling/share/br2_bt_patrolling/local_setup.sh
[120.200s] -- Symlinking: /home/simone/bookros2_ws/install/br2_bt_patrolling/share/br2_bt_patrolling/local_setup.zsh
[120.217s] -- Symlinking: /home/simone/bookros2_ws/install/br2_bt_patrolling/share/br2_bt_patrolling/local_setup.dsv
[120.232s] -- Symlinking: /home/simone/bookros2_ws/install/br2_bt_patrolling/share/br2_bt_patrolling/package.dsv
[120.247s] -- Symlinking: /home/simone/bookros2_ws/install/br2_bt_patrolling/share/ament_index/resource_index/packages/br2_bt_patrolling
[120.265s] -- Symlinking: /home/simone/bookros2_ws/install/br2_bt_patrolling/share/br2_bt_patrolling/cmake/ament_cmake_export_include_directories-extras.cmake
[120.281s] -- Symlinking: /home/simone/bookros2_ws/install/br2_bt_patrolling/share/br2_bt_patrolling/cmake/ament_cmake_export_dependencies-extras.cmake
[120.295s] -- Symlinking: /home/simone/bookros2_ws/install/br2_bt_patrolling/share/br2_bt_patrolling/cmake/br2_bt_patrollingConfig.cmake
[120.307s] -- Symlinking: /home/simone/bookros2_ws/install/br2_bt_patrolling/share/br2_bt_patrolling/cmake/br2_bt_patrollingConfig-version.cmake
[120.317s] -- Symlinking: /home/simone/bookros2_ws/install/br2_bt_patrolling/share/br2_bt_patrolling/package.xml
[120.341s] Invoked command in '/home/simone/bookros2_ws/build/br2_bt_patrolling' returned '0': CMAKE_PREFIX_PATH=/opt/ros/humble /usr/bin/cmake --install /home/simone/bookros2_ws/build/br2_bt_patrolling
