/usr/lib/python3/dist-packages/setuptools/command/easy_install.py:158: EasyInstallDeprecationWarning: easy_install command is deprecated. Use build and pip and other standards-based tools.
  warnings.warn(
/usr/lib/python3/dist-packages/setuptools/command/install.py:34: SetuptoolsDeprecationWarning: setup.py install is deprecated. Use build and pip and other standards-based tools.
  warnings.warn(
running develop
/usr/lib/python3/dist-packages/pkg_resources/__init__.py:116: PkgResourcesDeprecationWarning: 1.16.0-unknown is an invalid version and will not be supported in a future release
  warnings.warn(
/usr/lib/python3/dist-packages/pkg_resources/__init__.py:116: PkgResourcesDeprecationWarning: 1.1build1 is an invalid version and will not be supported in a future release
  warnings.warn(
/usr/lib/python3/dist-packages/pkg_resources/__init__.py:116: PkgResourcesDeprecationWarning: 0.1.43ubuntu1 is an invalid version and will not be supported in a future release
  warnings.warn(
running egg_info
writing launch_pal.egg-info/PKG-INFO
writing dependency_links to launch_pal.egg-info/dependency_links.txt
writing entry points to launch_pal.egg-info/entry_points.txt
writing requirements to launch_pal.egg-info/requires.txt
writing top-level names to launch_pal.egg-info/top_level.txt
reading manifest file 'launch_pal.egg-info/SOURCES.txt'
writing manifest file 'launch_pal.egg-info/SOURCES.txt'
running build_ext
Creating /home/simone/bookros2_ws/install/launch_pal/lib/python3.10/site-packages/launch-pal.egg-link (link to .)

Installed /home/simone/bookros2_ws/build/launch_pal
running install_data
