[0.594s] Invoking command in '/home/simone/bookros2_ws/build/sam_bot_description': CMAKE_PREFIX_PATH=${CMAKE_PREFIX_PATH}:/home/simone/bookros2_ws/install/learning_tf2_py:/home/simone/bookros2_ws/install/launch_pal:/home/simone/bookros2_ws/install/br2_tf2_detector_py:/home/simone/bookros2_ws/install/br2_fsm_bumpgo_py:/opt/ros/humble /usr/bin/cmake --build /home/simone/bookros2_ws/build/sam_bot_description -- -j6 -l6
[0.624s] -- Found ament_cmake: 1.3.5 (/opt/ros/humble/share/ament_cmake/cmake)
[0.937s] -- Found ament_lint_auto: 0.12.6 (/opt/ros/humble/share/ament_lint_auto/cmake)
[1.076s] -- Added test 'flake8' to check Python code syntax and style conventions
[1.080s] -- Added test 'lint_cmake' to check CMake code style
[1.082s] -- Added test 'pep257' to check Python code against some of the docstring style conventions in PEP 257
[1.085s] -- Added test 'xmllint' to check XML markup files
[1.089s] -- Configuring done
[1.103s] -- Generating done
[1.103s] -- Build files have been written to: /home/simone/bookros2_ws/build/sam_bot_description
[1.131s] Invoked command in '/home/simone/bookros2_ws/build/sam_bot_description' returned '0': CMAKE_PREFIX_PATH=${CMAKE_PREFIX_PATH}:/home/simone/bookros2_ws/install/learning_tf2_py:/home/simone/bookros2_ws/install/launch_pal:/home/simone/bookros2_ws/install/br2_tf2_detector_py:/home/simone/bookros2_ws/install/br2_fsm_bumpgo_py:/opt/ros/humble /usr/bin/cmake --build /home/simone/bookros2_ws/build/sam_bot_description -- -j6 -l6
[1.171s] Invoking command in '/home/simone/bookros2_ws/build/sam_bot_description': CMAKE_PREFIX_PATH=${CMAKE_PREFIX_PATH}:/home/simone/bookros2_ws/install/learning_tf2_py:/home/simone/bookros2_ws/install/launch_pal:/home/simone/bookros2_ws/install/br2_tf2_detector_py:/home/simone/bookros2_ws/install/br2_fsm_bumpgo_py:/opt/ros/humble /usr/bin/cmake --install /home/simone/bookros2_ws/build/sam_bot_description
[1.186s] -- Install configuration: ""
[1.186s] -- Up-to-date: /home/simone/bookros2_ws/install/sam_bot_description/share/sam_bot_description/src
[1.186s] -- Up-to-date: /home/simone/bookros2_ws/install/sam_bot_description/share/sam_bot_description/src/description
[1.186s] -- Installing: /home/simone/bookros2_ws/install/sam_bot_description/share/sam_bot_description/src/description/sam_bot_description.urdf
[1.187s] -- Up-to-date: /home/simone/bookros2_ws/install/sam_bot_description/share/sam_bot_description/launch
[1.187s] -- Installing: /home/simone/bookros2_ws/install/sam_bot_description/share/sam_bot_description/launch/display.launch.py
[1.187s] -- Up-to-date: /home/simone/bookros2_ws/install/sam_bot_description/share/sam_bot_description/rviz
[1.187s] -- Up-to-date: /home/simone/bookros2_ws/install/sam_bot_description/share/sam_bot_description/rviz/urdf_config.rviz
[1.187s] -- Installing: /home/simone/bookros2_ws/install/sam_bot_description/share/ament_index/resource_index/package_run_dependencies/sam_bot_description
[1.187s] -- Installing: /home/simone/bookros2_ws/install/sam_bot_description/share/ament_index/resource_index/parent_prefix_path/sam_bot_description
[1.188s] -- Up-to-date: /home/simone/bookros2_ws/install/sam_bot_description/share/sam_bot_description/environment/ament_prefix_path.sh
[1.188s] -- Installing: /home/simone/bookros2_ws/install/sam_bot_description/share/sam_bot_description/environment/ament_prefix_path.dsv
[1.188s] -- Up-to-date: /home/simone/bookros2_ws/install/sam_bot_description/share/sam_bot_description/environment/path.sh
[1.188s] -- Installing: /home/simone/bookros2_ws/install/sam_bot_description/share/sam_bot_description/environment/path.dsv
[1.188s] -- Up-to-date: /home/simone/bookros2_ws/install/sam_bot_description/share/sam_bot_description/local_setup.bash
[1.189s] -- Up-to-date: /home/simone/bookros2_ws/install/sam_bot_description/share/sam_bot_description/local_setup.sh
[1.189s] -- Up-to-date: /home/simone/bookros2_ws/install/sam_bot_description/share/sam_bot_description/local_setup.zsh
[1.189s] -- Installing: /home/simone/bookros2_ws/install/sam_bot_description/share/sam_bot_description/local_setup.dsv
[1.190s] -- Installing: /home/simone/bookros2_ws/install/sam_bot_description/share/sam_bot_description/package.dsv
[1.190s] -- Up-to-date: /home/simone/bookros2_ws/install/sam_bot_description/share/ament_index/resource_index/packages/sam_bot_description
[1.190s] -- Up-to-date: /home/simone/bookros2_ws/install/sam_bot_description/share/sam_bot_description/cmake/sam_bot_descriptionConfig.cmake
[1.190s] -- Up-to-date: /home/simone/bookros2_ws/install/sam_bot_description/share/sam_bot_description/cmake/sam_bot_descriptionConfig-version.cmake
[1.191s] -- Installing: /home/simone/bookros2_ws/install/sam_bot_description/share/sam_bot_description/package.xml
[1.198s] Invoked command in '/home/simone/bookros2_ws/build/sam_bot_description' returned '0': CMAKE_PREFIX_PATH=${CMAKE_PREFIX_PATH}:/home/simone/bookros2_ws/install/learning_tf2_py:/home/simone/bookros2_ws/install/launch_pal:/home/simone/bookros2_ws/install/br2_tf2_detector_py:/home/simone/bookros2_ws/install/br2_fsm_bumpgo_py:/opt/ros/humble /usr/bin/cmake --install /home/simone/bookros2_ws/build/sam_bot_description
