running develop
/usr/lib/python3/dist-packages/setuptools/command/easy_install.py:158: EasyInstallDeprecationWarning: easy_install command is deprecated. Use build and pip and other standards-based tools.
  warnings.warn(
/usr/lib/python3/dist-packages/setuptools/command/install.py:34: SetuptoolsDeprecationWarning: setup.py install is deprecated. Use build and pip and other standards-based tools.
  warnings.warn(
/usr/lib/python3/dist-packages/pkg_resources/__init__.py:116: PkgResourcesDeprecationWarning: 1.16.0-unknown is an invalid version and will not be supported in a future release
  warnings.warn(
/usr/lib/python3/dist-packages/pkg_resources/__init__.py:116: PkgResourcesDeprecationWarning: 1.1build1 is an invalid version and will not be supported in a future release
  warnings.warn(
running egg_info
writing br2_tf2_detector_py.egg-info/PKG-INFO
writing dependency_links to br2_tf2_detector_py.egg-info/dependency_links.txt
writing entry points to br2_tf2_detector_py.egg-info/entry_points.txt
writing requirements to br2_tf2_detector_py.egg-info/requires.txt
writing top-level names to br2_tf2_detector_py.egg-info/top_level.txt
reading manifest file 'br2_tf2_detector_py.egg-info/SOURCES.txt'
writing manifest file 'br2_tf2_detector_py.egg-info/SOURCES.txt'
running build_ext
Creating /home/simone/bookros2_ws/install/br2_tf2_detector_py/lib/python3.10/site-packages/br2-tf2-detector-py.egg-link (link to .)
Installing obstacle_detector_node script to /home/simone/bookros2_ws/install/br2_tf2_detector_py/lib/br2_tf2_detector_py
Installing obstacle_monitor_node script to /home/simone/bookros2_ws/install/br2_tf2_detector_py/lib/br2_tf2_detector_py

Installed /home/simone/bookros2_ws/build/br2_tf2_detector_py
running install_data
copying launch/detector_py.launch.py -> /home/simone/bookros2_ws/install/br2_tf2_detector_py/share/br2_tf2_detector_py/launch
