[0.900s] Invoking command in '/home/simone/bookros2_ws/build/br2_tf2_detector_py': PYTHONPATH=/home/simone/bookros2_ws/build/br2_tf2_detector_py/prefix_override:/home/simone/bookros2_ws/install/br2_tf2_detector_py/lib/python3.10/site-packages:${PYTHONPATH} /usr/bin/python3 setup.py develop --editable --build-directory /home/simone/bookros2_ws/build/br2_tf2_detector_py/build --no-deps install_data
[1.285s] running develop
[1.285s] /usr/lib/python3/dist-packages/setuptools/command/easy_install.py:158: EasyInstallDeprecationWarning: easy_install command is deprecated. Use build and pip and other standards-based tools.
[1.285s]   warnings.warn(
[1.287s] /usr/lib/python3/dist-packages/setuptools/command/install.py:34: SetuptoolsDeprecationWarning: setup.py install is deprecated. Use build and pip and other standards-based tools.
[1.287s]   warnings.warn(
[1.359s] /usr/lib/python3/dist-packages/pkg_resources/__init__.py:116: PkgResourcesDeprecationWarning: 1.16.0-unknown is an invalid version and will not be supported in a future release
[1.359s]   warnings.warn(
[1.359s] /usr/lib/python3/dist-packages/pkg_resources/__init__.py:116: PkgResourcesDeprecationWarning: 1.1build1 is an invalid version and will not be supported in a future release
[1.360s]   warnings.warn(
[1.513s] running egg_info
[1.513s] writing br2_tf2_detector_py.egg-info/PKG-INFO
[1.514s] writing dependency_links to br2_tf2_detector_py.egg-info/dependency_links.txt
[1.514s] writing entry points to br2_tf2_detector_py.egg-info/entry_points.txt
[1.514s] writing requirements to br2_tf2_detector_py.egg-info/requires.txt
[1.514s] writing top-level names to br2_tf2_detector_py.egg-info/top_level.txt
[1.518s] reading manifest file 'br2_tf2_detector_py.egg-info/SOURCES.txt'
[1.530s] writing manifest file 'br2_tf2_detector_py.egg-info/SOURCES.txt'
[1.531s] running build_ext
[1.531s] Creating /home/simone/bookros2_ws/install/br2_tf2_detector_py/lib/python3.10/site-packages/br2-tf2-detector-py.egg-link (link to .)
[1.531s] Installing obstacle_detector_node script to /home/simone/bookros2_ws/install/br2_tf2_detector_py/lib/br2_tf2_detector_py
[1.531s] Installing obstacle_monitor_node script to /home/simone/bookros2_ws/install/br2_tf2_detector_py/lib/br2_tf2_detector_py
[1.531s] 
[1.531s] Installed /home/simone/bookros2_ws/build/br2_tf2_detector_py
[1.531s] running install_data
[1.531s] copying launch/detector_py.launch.py -> /home/simone/bookros2_ws/install/br2_tf2_detector_py/share/br2_tf2_detector_py/launch
[1.607s] Invoked command in '/home/simone/bookros2_ws/build/br2_tf2_detector_py' returned '0': PYTHONPATH=/home/simone/bookros2_ws/build/br2_tf2_detector_py/prefix_override:/home/simone/bookros2_ws/install/br2_tf2_detector_py/lib/python3.10/site-packages:${PYTHONPATH} /usr/bin/python3 setup.py develop --editable --build-directory /home/simone/bookros2_ws/build/br2_tf2_detector_py/build --no-deps install_data
