[0.023s] Invoking command in '/home/simone/bookros2_ws/build/br2_navigation': CMAKE_PREFIX_PATH=/opt/ros/humble /usr/bin/cmake /home/simone/bookros2_ws/src/book_ros2/br2_navigation -DAMENT_CMAKE_SYMLINK_INSTALL=1 -DCMAKE_INSTALL_PREFIX=/home/simone/bookros2_ws/install/br2_navigation
[0.134s] -- The C compiler identification is GNU 11.3.0
[0.269s] -- The CXX compiler identification is GNU 11.3.0
[0.298s] -- Detecting C compiler ABI info
[0.444s] -- Detecting C compiler ABI info - done
[0.474s] -- Check for working C compiler: /usr/bin/cc - skipped
[0.475s] -- Detecting C compile features
[0.477s] -- Detecting C compile features - done
[0.490s] -- Detecting CXX compiler ABI info
[0.677s] -- Detecting CXX compiler ABI info - done
[0.701s] -- Check for working CXX compiler: /usr/bin/c++ - skipped
[0.701s] -- Detecting CXX compile features
[0.702s] -- Detecting CXX compile features - done
[0.710s] -- Found ament_cmake_auto: 1.3.5 (/opt/ros/humble/share/ament_cmake_auto/cmake)
[1.139s] -- Found Python3: /usr/bin/python3.10 (found version "3.10.6") found components: Interpreter 
[1.263s] -- Override CMake install command with custom implementation using symlinks instead of copying resources
[1.440s] -- Configuring done
[1.446s] -- Generating done
[1.449s] -- Build files have been written to: /home/simone/bookros2_ws/build/br2_navigation
[1.463s] Invoked command in '/home/simone/bookros2_ws/build/br2_navigation' returned '0': CMAKE_PREFIX_PATH=/opt/ros/humble /usr/bin/cmake /home/simone/bookros2_ws/src/book_ros2/br2_navigation -DAMENT_CMAKE_SYMLINK_INSTALL=1 -DCMAKE_INSTALL_PREFIX=/home/simone/bookros2_ws/install/br2_navigation
[1.465s] Invoking command in '/home/simone/bookros2_ws/build/br2_navigation': CMAKE_PREFIX_PATH=/opt/ros/humble /usr/bin/cmake --build /home/simone/bookros2_ws/build/br2_navigation -- -j5 -l5
[1.538s] Invoked command in '/home/simone/bookros2_ws/build/br2_navigation' returned '0': CMAKE_PREFIX_PATH=/opt/ros/humble /usr/bin/cmake --build /home/simone/bookros2_ws/build/br2_navigation -- -j5 -l5
[1.570s] Invoking command in '/home/simone/bookros2_ws/build/br2_navigation': CMAKE_PREFIX_PATH=/opt/ros/humble /usr/bin/cmake --install /home/simone/bookros2_ws/build/br2_navigation
[1.584s] -- Install configuration: ""
[1.585s] -- Execute custom install script
[1.591s] -- Symlinking: /home/simone/bookros2_ws/install/br2_navigation/share/br2_navigation/launch/navigation_launch.py
[1.606s] -- Symlinking: /home/simone/bookros2_ws/install/br2_navigation/share/br2_navigation/launch/tiago_navigation.launch.py
[1.622s] -- Symlinking: /home/simone/bookros2_ws/install/br2_navigation/share/br2_navigation/params/mapper_params_online_async.yaml
[1.634s] -- Symlinking: /home/simone/bookros2_ws/install/br2_navigation/share/br2_navigation/params/tiago_nav_params.yaml
[1.645s] -- Symlinking: /home/simone/bookros2_ws/install/br2_navigation/share/br2_navigation/maps/home.pgm
[1.660s] -- Symlinking: /home/simone/bookros2_ws/install/br2_navigation/share/br2_navigation/maps/home.yaml
[1.673s] -- Symlinking: /home/simone/bookros2_ws/install/br2_navigation/share/ament_index/resource_index/package_run_dependencies/br2_navigation
[1.687s] -- Symlinking: /home/simone/bookros2_ws/install/br2_navigation/share/ament_index/resource_index/parent_prefix_path/br2_navigation
[1.700s] -- Symlinking: /home/simone/bookros2_ws/install/br2_navigation/share/br2_navigation/environment/ament_prefix_path.sh
[1.710s] -- Symlinking: /home/simone/bookros2_ws/install/br2_navigation/share/br2_navigation/environment/ament_prefix_path.dsv
[1.722s] -- Symlinking: /home/simone/bookros2_ws/install/br2_navigation/share/br2_navigation/environment/path.sh
[1.733s] -- Symlinking: /home/simone/bookros2_ws/install/br2_navigation/share/br2_navigation/environment/path.dsv
[1.744s] -- Symlinking: /home/simone/bookros2_ws/install/br2_navigation/share/br2_navigation/local_setup.bash
[1.758s] -- Symlinking: /home/simone/bookros2_ws/install/br2_navigation/share/br2_navigation/local_setup.sh
[1.770s] -- Symlinking: /home/simone/bookros2_ws/install/br2_navigation/share/br2_navigation/local_setup.zsh
[1.785s] -- Symlinking: /home/simone/bookros2_ws/install/br2_navigation/share/br2_navigation/local_setup.dsv
[1.797s] -- Symlinking: /home/simone/bookros2_ws/install/br2_navigation/share/br2_navigation/package.dsv
[1.813s] -- Symlinking: /home/simone/bookros2_ws/install/br2_navigation/share/ament_index/resource_index/packages/br2_navigation
[1.828s] -- Symlinking: /home/simone/bookros2_ws/install/br2_navigation/share/br2_navigation/cmake/br2_navigationConfig.cmake
[1.843s] -- Symlinking: /home/simone/bookros2_ws/install/br2_navigation/share/br2_navigation/cmake/br2_navigationConfig-version.cmake
[1.856s] -- Symlinking: /home/simone/bookros2_ws/install/br2_navigation/share/br2_navigation/package.xml
[1.892s] Invoked command in '/home/simone/bookros2_ws/build/br2_navigation' returned '0': CMAKE_PREFIX_PATH=/opt/ros/humble /usr/bin/cmake --install /home/simone/bookros2_ws/build/br2_navigation
