/home/simone/bookros2_ws/install/launch_pal/lib/python3.10/site-packages/launch_pal/include_utils.py
/home/simone/bookros2_ws/install/launch_pal/lib/python3.10/site-packages/launch_pal/__init__.py
/home/simone/bookros2_ws/install/launch_pal/lib/python3.10/site-packages/launch_pal/arg_utils.py
/home/simone/bookros2_ws/install/launch_pal/lib/python3.10/site-packages/launch_pal/robot_utils.py
/home/simone/bookros2_ws/install/launch_pal/lib/python3.10/site-packages/launch_pal/param_utils.py
/home/simone/bookros2_ws/install/launch_pal/lib/python3.10/site-packages/launch_pal/substitutions/__init__.py
/home/simone/bookros2_ws/install/launch_pal/lib/python3.10/site-packages/launch_pal/substitutions/load_file.py
/home/simone/bookros2_ws/install/launch_pal/lib/python3.10/site-packages/launch_pal/__pycache__/include_utils.cpython-310.pyc
/home/simone/bookros2_ws/install/launch_pal/lib/python3.10/site-packages/launch_pal/__pycache__/__init__.cpython-310.pyc
/home/simone/bookros2_ws/install/launch_pal/lib/python3.10/site-packages/launch_pal/__pycache__/arg_utils.cpython-310.pyc
/home/simone/bookros2_ws/install/launch_pal/lib/python3.10/site-packages/launch_pal/__pycache__/robot_utils.cpython-310.pyc
/home/simone/bookros2_ws/install/launch_pal/lib/python3.10/site-packages/launch_pal/__pycache__/param_utils.cpython-310.pyc
/home/simone/bookros2_ws/install/launch_pal/lib/python3.10/site-packages/launch_pal/substitutions/__pycache__/__init__.cpython-310.pyc
/home/simone/bookros2_ws/install/launch_pal/lib/python3.10/site-packages/launch_pal/substitutions/__pycache__/load_file.cpython-310.pyc
/home/simone/bookros2_ws/install/launch_pal/share/ament_index/resource_index/packages/launch_pal
/home/simone/bookros2_ws/install/launch_pal/share/launch_pal/package.xml
/home/simone/bookros2_ws/install/launch_pal/lib/python3.10/site-packages/launch_pal-0.0.9-py3.10.egg-info/dependency_links.txt
/home/simone/bookros2_ws/install/launch_pal/lib/python3.10/site-packages/launch_pal-0.0.9-py3.10.egg-info/top_level.txt
/home/simone/bookros2_ws/install/launch_pal/lib/python3.10/site-packages/launch_pal-0.0.9-py3.10.egg-info/SOURCES.txt
/home/simone/bookros2_ws/install/launch_pal/lib/python3.10/site-packages/launch_pal-0.0.9-py3.10.egg-info/entry_points.txt
/home/simone/bookros2_ws/install/launch_pal/lib/python3.10/site-packages/launch_pal-0.0.9-py3.10.egg-info/zip-safe
/home/simone/bookros2_ws/install/launch_pal/lib/python3.10/site-packages/launch_pal-0.0.9-py3.10.egg-info/requires.txt
/home/simone/bookros2_ws/install/launch_pal/lib/python3.10/site-packages/launch_pal-0.0.9-py3.10.egg-info/PKG-INFO
