[0.326s] Invoking command in '/home/simone/bookros2_ws/build/br2_tiago': CMAKE_PREFIX_PATH=/opt/ros/humble /usr/bin/cmake --build /home/simone/bookros2_ws/build/br2_tiago -- -j6 -l6
[0.364s] Invoked command in '/home/simone/bookros2_ws/build/br2_tiago' returned '0': CMAKE_PREFIX_PATH=/opt/ros/humble /usr/bin/cmake --build /home/simone/bookros2_ws/build/br2_tiago -- -j6 -l6
[0.391s] Invoking command in '/home/simone/bookros2_ws/build/br2_tiago': CMAKE_PREFIX_PATH=/opt/ros/humble /usr/bin/cmake --install /home/simone/bookros2_ws/build/br2_tiago
[0.400s] -- Install configuration: ""
[0.400s] -- Execute custom install script
[0.400s] -- Up-to-date symlink: /home/simone/bookros2_ws/install/br2_tiago/share/br2_tiago/launch/sim.launch.py
[0.400s] -- Up-to-date symlink: /home/simone/bookros2_ws/install/br2_tiago/share/ament_index/resource_index/package_run_dependencies/br2_tiago
[0.400s] -- Up-to-date symlink: /home/simone/bookros2_ws/install/br2_tiago/share/ament_index/resource_index/parent_prefix_path/br2_tiago
[0.400s] -- Up-to-date symlink: /home/simone/bookros2_ws/install/br2_tiago/share/br2_tiago/environment/ament_prefix_path.sh
[0.400s] -- Up-to-date symlink: /home/simone/bookros2_ws/install/br2_tiago/share/br2_tiago/environment/ament_prefix_path.dsv
[0.401s] -- Up-to-date symlink: /home/simone/bookros2_ws/install/br2_tiago/share/br2_tiago/environment/path.sh
[0.401s] -- Up-to-date symlink: /home/simone/bookros2_ws/install/br2_tiago/share/br2_tiago/environment/path.dsv
[0.401s] -- Up-to-date symlink: /home/simone/bookros2_ws/install/br2_tiago/share/br2_tiago/local_setup.bash
[0.401s] -- Up-to-date symlink: /home/simone/bookros2_ws/install/br2_tiago/share/br2_tiago/local_setup.sh
[0.401s] -- Up-to-date symlink: /home/simone/bookros2_ws/install/br2_tiago/share/br2_tiago/local_setup.zsh
[0.402s] -- Up-to-date symlink: /home/simone/bookros2_ws/install/br2_tiago/share/br2_tiago/local_setup.dsv
[0.402s] -- Symlinking: /home/simone/bookros2_ws/install/br2_tiago/share/br2_tiago/package.dsv
[0.410s] -- Up-to-date symlink: /home/simone/bookros2_ws/install/br2_tiago/share/ament_index/resource_index/packages/br2_tiago
[0.410s] -- Up-to-date symlink: /home/simone/bookros2_ws/install/br2_tiago/share/br2_tiago/cmake/br2_tiagoConfig.cmake
[0.410s] -- Up-to-date symlink: /home/simone/bookros2_ws/install/br2_tiago/share/br2_tiago/cmake/br2_tiagoConfig-version.cmake
[0.410s] -- Up-to-date symlink: /home/simone/bookros2_ws/install/br2_tiago/share/br2_tiago/package.xml
[0.417s] Invoked command in '/home/simone/bookros2_ws/build/br2_tiago' returned '0': CMAKE_PREFIX_PATH=/opt/ros/humble /usr/bin/cmake --install /home/simone/bookros2_ws/build/br2_tiago
