[0.178s] Invoking command in '/home/simone/bookros2_ws/build/tiago_2dnav': AMENT_PREFIX_PATH=/home/simone/bookros2_ws/install/pmb2_2dnav:/home/simone/bookros2_ws/install/pmb2_maps:/home/simone/bookros2_ws/install/pmb2_laser_sensors:/home/simone/bookros2_ws/install/launch_pal:${AMENT_PREFIX_PATH} CMAKE_PREFIX_PATH=/home/simone/bookros2_ws/install/pmb2_2dnav:/home/simone/bookros2_ws/install/pmb2_maps:/home/simone/bookros2_ws/install/pmb2_laser_sensors:/opt/ros/humble PYTHONPATH=/home/simone/bookros2_ws/build/launch_pal:/home/simone/bookros2_ws/install/launch_pal/lib/python3.10/site-packages:${PYTHONPATH} /usr/bin/cmake /home/simone/bookros2_ws/src/ThirdParty/tiago_navigation/tiago_2dnav -DAMENT_CMAKE_SYMLINK_INSTALL=1 -DCMAKE_INSTALL_PREFIX=/home/simone/bookros2_ws/install/tiago_2dnav
[0.412s] -- The C compiler identification is GNU 11.3.0
[0.595s] -- The CXX compiler identification is GNU 11.3.0
[0.617s] -- Detecting C compiler ABI info
[0.950s] -- Detecting C compiler ABI info - done
[0.970s] -- Check for working C compiler: /usr/bin/cc - skipped
[0.973s] -- Detecting C compile features
[0.974s] -- Detecting C compile features - done
[0.982s] -- Detecting CXX compiler ABI info
[1.375s] -- Detecting CXX compiler ABI info - done
[1.409s] -- Check for working CXX compiler: /usr/bin/c++ - skipped
[1.410s] -- Detecting CXX compile features
[1.412s] -- Detecting CXX compile features - done
[1.422s] -- Found ament_cmake_auto: 1.3.5 (/opt/ros/humble/share/ament_cmake_auto/cmake)
[1.903s] -- Found Python3: /usr/bin/python3.10 (found version "3.10.6") found components: Interpreter 
[2.057s] -- Override CMake install command with custom implementation using symlinks instead of copying resources
[2.247s] -- Found ament_lint_auto: 0.12.6 (/opt/ros/humble/share/ament_lint_auto/cmake)
[2.318s] -- Added test 'copyright' to check source files copyright and LICENSE
[2.321s] -- Added test 'flake8' to check Python code syntax and style conventions
[2.324s] -- Added test 'lint_cmake' to check CMake code style
[2.326s] -- Added test 'pep257' to check Python code against some of the docstring style conventions in PEP 257
[2.328s] -- Added test 'xmllint' to check XML markup files
[2.332s] -- Configuring done
[2.336s] -- Generating done
[2.338s] -- Build files have been written to: /home/simone/bookros2_ws/build/tiago_2dnav
[2.350s] Invoked command in '/home/simone/bookros2_ws/build/tiago_2dnav' returned '0': AMENT_PREFIX_PATH=/home/simone/bookros2_ws/install/pmb2_2dnav:/home/simone/bookros2_ws/install/pmb2_maps:/home/simone/bookros2_ws/install/pmb2_laser_sensors:/home/simone/bookros2_ws/install/launch_pal:${AMENT_PREFIX_PATH} CMAKE_PREFIX_PATH=/home/simone/bookros2_ws/install/pmb2_2dnav:/home/simone/bookros2_ws/install/pmb2_maps:/home/simone/bookros2_ws/install/pmb2_laser_sensors:/opt/ros/humble PYTHONPATH=/home/simone/bookros2_ws/build/launch_pal:/home/simone/bookros2_ws/install/launch_pal/lib/python3.10/site-packages:${PYTHONPATH} /usr/bin/cmake /home/simone/bookros2_ws/src/ThirdParty/tiago_navigation/tiago_2dnav -DAMENT_CMAKE_SYMLINK_INSTALL=1 -DCMAKE_INSTALL_PREFIX=/home/simone/bookros2_ws/install/tiago_2dnav
[2.350s] Invoking command in '/home/simone/bookros2_ws/build/tiago_2dnav': AMENT_PREFIX_PATH=/home/simone/bookros2_ws/install/pmb2_2dnav:/home/simone/bookros2_ws/install/pmb2_maps:/home/simone/bookros2_ws/install/pmb2_laser_sensors:/home/simone/bookros2_ws/install/launch_pal:${AMENT_PREFIX_PATH} CMAKE_PREFIX_PATH=/home/simone/bookros2_ws/install/pmb2_2dnav:/home/simone/bookros2_ws/install/pmb2_maps:/home/simone/bookros2_ws/install/pmb2_laser_sensors:/opt/ros/humble PYTHONPATH=/home/simone/bookros2_ws/build/launch_pal:/home/simone/bookros2_ws/install/launch_pal/lib/python3.10/site-packages:${PYTHONPATH} /usr/bin/cmake --build /home/simone/bookros2_ws/build/tiago_2dnav -- -j5 -l5
[2.411s] Invoked command in '/home/simone/bookros2_ws/build/tiago_2dnav' returned '0': AMENT_PREFIX_PATH=/home/simone/bookros2_ws/install/pmb2_2dnav:/home/simone/bookros2_ws/install/pmb2_maps:/home/simone/bookros2_ws/install/pmb2_laser_sensors:/home/simone/bookros2_ws/install/launch_pal:${AMENT_PREFIX_PATH} CMAKE_PREFIX_PATH=/home/simone/bookros2_ws/install/pmb2_2dnav:/home/simone/bookros2_ws/install/pmb2_maps:/home/simone/bookros2_ws/install/pmb2_laser_sensors:/opt/ros/humble PYTHONPATH=/home/simone/bookros2_ws/build/launch_pal:/home/simone/bookros2_ws/install/launch_pal/lib/python3.10/site-packages:${PYTHONPATH} /usr/bin/cmake --build /home/simone/bookros2_ws/build/tiago_2dnav -- -j5 -l5
[2.449s] Invoking command in '/home/simone/bookros2_ws/build/tiago_2dnav': AMENT_PREFIX_PATH=/home/simone/bookros2_ws/install/pmb2_2dnav:/home/simone/bookros2_ws/install/pmb2_maps:/home/simone/bookros2_ws/install/pmb2_laser_sensors:/home/simone/bookros2_ws/install/launch_pal:${AMENT_PREFIX_PATH} CMAKE_PREFIX_PATH=/home/simone/bookros2_ws/install/pmb2_2dnav:/home/simone/bookros2_ws/install/pmb2_maps:/home/simone/bookros2_ws/install/pmb2_laser_sensors:/opt/ros/humble PYTHONPATH=/home/simone/bookros2_ws/build/launch_pal:/home/simone/bookros2_ws/install/launch_pal/lib/python3.10/site-packages:${PYTHONPATH} /usr/bin/cmake --install /home/simone/bookros2_ws/build/tiago_2dnav
[2.460s] -- Install configuration: ""
[2.461s] -- Execute custom install script
[2.461s] -- Symlinking: /home/simone/bookros2_ws/install/tiago_2dnav/share/tiago_2dnav/launch/tiago_nav_bringup.launch.py
[2.480s] -- Symlinking: /home/simone/bookros2_ws/install/tiago_2dnav/share/tiago_2dnav/launch/tiago_sim_nav_bringup.launch.py
[2.491s] -- Symlinking: /home/simone/bookros2_ws/install/tiago_2dnav/share/tiago_2dnav/params/tiago_remappings.yaml
[2.504s] -- Symlinking: /home/simone/bookros2_ws/install/tiago_2dnav/share/ament_index/resource_index/package_run_dependencies/tiago_2dnav
[2.535s] -- Symlinking: /home/simone/bookros2_ws/install/tiago_2dnav/share/ament_index/resource_index/parent_prefix_path/tiago_2dnav
[2.536s] -- Symlinking: /home/simone/bookros2_ws/install/tiago_2dnav/share/tiago_2dnav/environment/ament_prefix_path.sh
[2.546s] -- Symlinking: /home/simone/bookros2_ws/install/tiago_2dnav/share/tiago_2dnav/environment/ament_prefix_path.dsv
[2.558s] -- Symlinking: /home/simone/bookros2_ws/install/tiago_2dnav/share/tiago_2dnav/environment/path.sh
[2.571s] -- Symlinking: /home/simone/bookros2_ws/install/tiago_2dnav/share/tiago_2dnav/environment/path.dsv
[2.584s] -- Symlinking: /home/simone/bookros2_ws/install/tiago_2dnav/share/tiago_2dnav/local_setup.bash
[2.595s] -- Symlinking: /home/simone/bookros2_ws/install/tiago_2dnav/share/tiago_2dnav/local_setup.sh
[2.608s] -- Symlinking: /home/simone/bookros2_ws/install/tiago_2dnav/share/tiago_2dnav/local_setup.zsh
[2.621s] -- Symlinking: /home/simone/bookros2_ws/install/tiago_2dnav/share/tiago_2dnav/local_setup.dsv
[2.637s] -- Symlinking: /home/simone/bookros2_ws/install/tiago_2dnav/share/tiago_2dnav/package.dsv
[2.643s] -- Symlinking: /home/simone/bookros2_ws/install/tiago_2dnav/share/ament_index/resource_index/packages/tiago_2dnav
[2.657s] -- Symlinking: /home/simone/bookros2_ws/install/tiago_2dnav/share/tiago_2dnav/cmake/tiago_2dnavConfig.cmake
[2.675s] -- Symlinking: /home/simone/bookros2_ws/install/tiago_2dnav/share/tiago_2dnav/cmake/tiago_2dnavConfig-version.cmake
[2.699s] -- Symlinking: /home/simone/bookros2_ws/install/tiago_2dnav/share/tiago_2dnav/package.xml
[2.714s] Invoked command in '/home/simone/bookros2_ws/build/tiago_2dnav' returned '0': AMENT_PREFIX_PATH=/home/simone/bookros2_ws/install/pmb2_2dnav:/home/simone/bookros2_ws/install/pmb2_maps:/home/simone/bookros2_ws/install/pmb2_laser_sensors:/home/simone/bookros2_ws/install/launch_pal:${AMENT_PREFIX_PATH} CMAKE_PREFIX_PATH=/home/simone/bookros2_ws/install/pmb2_2dnav:/home/simone/bookros2_ws/install/pmb2_maps:/home/simone/bookros2_ws/install/pmb2_laser_sensors:/opt/ros/humble PYTHONPATH=/home/simone/bookros2_ws/build/launch_pal:/home/simone/bookros2_ws/install/launch_pal/lib/python3.10/site-packages:${PYTHONPATH} /usr/bin/cmake --install /home/simone/bookros2_ws/build/tiago_2dnav
