[0.021s] Invoking command in '/home/simone/bookros2_ws/build/br2_tiago': CMAKE_PREFIX_PATH=/opt/ros/humble /usr/bin/cmake /home/simone/bookros2_ws/src/book_ros2/br2_tiago -DAMENT_CMAKE_SYMLINK_INSTALL=1 -DCMAKE_INSTALL_PREFIX=/home/simone/bookros2_ws/install/br2_tiago
[0.173s] -- The C compiler identification is GNU 11.3.0
[0.312s] -- The CXX compiler identification is GNU 11.3.0
[0.328s] -- Detecting C compiler ABI info
[0.494s] -- Detecting C compiler ABI info - done
[0.526s] -- Check for working C compiler: /usr/bin/cc - skipped
[0.526s] -- Detecting C compile features
[0.527s] -- Detecting C compile features - done
[0.532s] -- Detecting CXX compiler ABI info
[0.777s] -- Detecting CXX compiler ABI info - done
[0.796s] -- Check for working CXX compiler: /usr/bin/c++ - skipped
[0.796s] -- Detecting CXX compile features
[0.797s] -- Detecting CXX compile features - done
[0.801s] -- Found ament_cmake: 1.3.5 (/opt/ros/humble/share/ament_cmake/cmake)
[1.101s] -- Found Python3: /usr/bin/python3.10 (found version "3.10.6") found components: Interpreter 
[1.208s] -- Override CMake install command with custom implementation using symlinks instead of copying resources
[1.401s] -- Configuring done
[1.427s] -- Generating done
[1.435s] -- Build files have been written to: /home/simone/bookros2_ws/build/br2_tiago
[1.447s] Invoked command in '/home/simone/bookros2_ws/build/br2_tiago' returned '0': CMAKE_PREFIX_PATH=/opt/ros/humble /usr/bin/cmake /home/simone/bookros2_ws/src/book_ros2/br2_tiago -DAMENT_CMAKE_SYMLINK_INSTALL=1 -DCMAKE_INSTALL_PREFIX=/home/simone/bookros2_ws/install/br2_tiago
[1.448s] Invoking command in '/home/simone/bookros2_ws/build/br2_tiago': CMAKE_PREFIX_PATH=/opt/ros/humble /usr/bin/cmake --build /home/simone/bookros2_ws/build/br2_tiago -- -j5 -l5
[1.500s] Invoked command in '/home/simone/bookros2_ws/build/br2_tiago' returned '0': CMAKE_PREFIX_PATH=/opt/ros/humble /usr/bin/cmake --build /home/simone/bookros2_ws/build/br2_tiago -- -j5 -l5
[1.532s] Invoking command in '/home/simone/bookros2_ws/build/br2_tiago': CMAKE_PREFIX_PATH=/opt/ros/humble /usr/bin/cmake --install /home/simone/bookros2_ws/build/br2_tiago
[1.543s] -- Install configuration: ""
[1.543s] -- Execute custom install script
[1.543s] -- Symlinking: /home/simone/bookros2_ws/install/br2_tiago/share/br2_tiago/launch/sim.launch.py
[1.558s] -- Symlinking: /home/simone/bookros2_ws/install/br2_tiago/share/ament_index/resource_index/package_run_dependencies/br2_tiago
[1.569s] -- Symlinking: /home/simone/bookros2_ws/install/br2_tiago/share/ament_index/resource_index/parent_prefix_path/br2_tiago
[1.585s] -- Symlinking: /home/simone/bookros2_ws/install/br2_tiago/share/br2_tiago/environment/ament_prefix_path.sh
[1.598s] -- Symlinking: /home/simone/bookros2_ws/install/br2_tiago/share/br2_tiago/environment/ament_prefix_path.dsv
[1.609s] -- Symlinking: /home/simone/bookros2_ws/install/br2_tiago/share/br2_tiago/environment/path.sh
[1.622s] -- Symlinking: /home/simone/bookros2_ws/install/br2_tiago/share/br2_tiago/environment/path.dsv
[1.632s] -- Symlinking: /home/simone/bookros2_ws/install/br2_tiago/share/br2_tiago/local_setup.bash
[1.642s] -- Symlinking: /home/simone/bookros2_ws/install/br2_tiago/share/br2_tiago/local_setup.sh
[1.652s] -- Symlinking: /home/simone/bookros2_ws/install/br2_tiago/share/br2_tiago/local_setup.zsh
[1.665s] -- Symlinking: /home/simone/bookros2_ws/install/br2_tiago/share/br2_tiago/local_setup.dsv
[1.675s] -- Symlinking: /home/simone/bookros2_ws/install/br2_tiago/share/br2_tiago/package.dsv
[1.695s] -- Symlinking: /home/simone/bookros2_ws/install/br2_tiago/share/ament_index/resource_index/packages/br2_tiago
[1.706s] -- Symlinking: /home/simone/bookros2_ws/install/br2_tiago/share/br2_tiago/cmake/br2_tiagoConfig.cmake
[1.716s] -- Symlinking: /home/simone/bookros2_ws/install/br2_tiago/share/br2_tiago/cmake/br2_tiagoConfig-version.cmake
[1.727s] -- Symlinking: /home/simone/bookros2_ws/install/br2_tiago/share/br2_tiago/package.xml
[1.751s] Invoked command in '/home/simone/bookros2_ws/build/br2_tiago' returned '0': CMAKE_PREFIX_PATH=/opt/ros/humble /usr/bin/cmake --install /home/simone/bookros2_ws/build/br2_tiago
