[0.999s] Invoking command in '/home/simone/bookros2_ws/build/learning_tf2_py': PYTHONPATH=/home/simone/bookros2_ws/build/learning_tf2_py/prefix_override:/home/simone/bookros2_ws/install/learning_tf2_py/lib/python3.10/site-packages:${PYTHONPATH} /usr/bin/python3 setup.py develop --editable --build-directory /home/simone/bookros2_ws/build/learning_tf2_py/build --no-deps install_data
[1.392s] running develop
[1.392s] /usr/lib/python3/dist-packages/setuptools/command/easy_install.py:158: EasyInstallDeprecationWarning: easy_install command is deprecated. Use build and pip and other standards-based tools.
[1.392s]   warnings.warn(
[1.394s] /usr/lib/python3/dist-packages/setuptools/command/install.py:34: SetuptoolsDeprecationWarning: setup.py install is deprecated. Use build and pip and other standards-based tools.
[1.394s]   warnings.warn(
[1.465s] /usr/lib/python3/dist-packages/pkg_resources/__init__.py:116: PkgResourcesDeprecationWarning: 1.16.0-unknown is an invalid version and will not be supported in a future release
[1.465s]   warnings.warn(
[1.465s] /usr/lib/python3/dist-packages/pkg_resources/__init__.py:116: PkgResourcesDeprecationWarning: 1.1build1 is an invalid version and will not be supported in a future release
[1.466s]   warnings.warn(
[1.605s] running egg_info
[1.605s] writing learning_tf2_py.egg-info/PKG-INFO
[1.605s] writing dependency_links to learning_tf2_py.egg-info/dependency_links.txt
[1.605s] writing entry points to learning_tf2_py.egg-info/entry_points.txt
[1.605s] writing requirements to learning_tf2_py.egg-info/requires.txt
[1.605s] writing top-level names to learning_tf2_py.egg-info/top_level.txt
[1.606s] reading manifest file 'learning_tf2_py.egg-info/SOURCES.txt'
[1.607s] writing manifest file 'learning_tf2_py.egg-info/SOURCES.txt'
[1.612s] running build_ext
[1.612s] Creating /home/simone/bookros2_ws/install/learning_tf2_py/lib/python3.10/site-packages/learning-tf2-py.egg-link (link to .)
[1.613s] Installing static_turtle_tf2_broadcaster script to /home/simone/bookros2_ws/install/learning_tf2_py/lib/learning_tf2_py
[1.613s] Installing turtle_tf2_broadcaster script to /home/simone/bookros2_ws/install/learning_tf2_py/lib/learning_tf2_py
[1.613s] 
[1.613s] Installed /home/simone/bookros2_ws/build/learning_tf2_py
[1.613s] running install_data
[1.682s] Invoked command in '/home/simone/bookros2_ws/build/learning_tf2_py' returned '0': PYTHONPATH=/home/simone/bookros2_ws/build/learning_tf2_py/prefix_override:/home/simone/bookros2_ws/install/learning_tf2_py/lib/python3.10/site-packages:${PYTHONPATH} /usr/bin/python3 setup.py develop --editable --build-directory /home/simone/bookros2_ws/build/learning_tf2_py/build --no-deps install_data
