[0.060s] Invoking command in '/home/simone/bookros2_ws/build/tiago_navigation': AMENT_PREFIX_PATH=/home/simone/bookros2_ws/install/tiago_2dnav:/home/simone/bookros2_ws/install/tiago_laser_sensors:/home/simone/bookros2_ws/install/pmb2_2dnav:/home/simone/bookros2_ws/install/pmb2_maps:/home/simone/bookros2_ws/install/pmb2_laser_sensors:/home/simone/bookros2_ws/install/launch_pal:${AMENT_PREFIX_PATH} CMAKE_PREFIX_PATH=/home/simone/bookros2_ws/install/tiago_2dnav:/home/simone/bookros2_ws/install/tiago_laser_sensors:/home/simone/bookros2_ws/install/pmb2_2dnav:/home/simone/bookros2_ws/install/pmb2_maps:/home/simone/bookros2_ws/install/pmb2_laser_sensors:/opt/ros/humble PYTHONPATH=/home/simone/bookros2_ws/install/launch_pal/lib/python3.10/site-packages:${PYTHONPATH} /usr/bin/cmake --build /home/simone/bookros2_ws/build/tiago_navigation -- -j6 -l6
[0.127s] Invoked command in '/home/simone/bookros2_ws/build/tiago_navigation' returned '0': AMENT_PREFIX_PATH=/home/simone/bookros2_ws/install/tiago_2dnav:/home/simone/bookros2_ws/install/tiago_laser_sensors:/home/simone/bookros2_ws/install/pmb2_2dnav:/home/simone/bookros2_ws/install/pmb2_maps:/home/simone/bookros2_ws/install/pmb2_laser_sensors:/home/simone/bookros2_ws/install/launch_pal:${AMENT_PREFIX_PATH} CMAKE_PREFIX_PATH=/home/simone/bookros2_ws/install/tiago_2dnav:/home/simone/bookros2_ws/install/tiago_laser_sensors:/home/simone/bookros2_ws/install/pmb2_2dnav:/home/simone/bookros2_ws/install/pmb2_maps:/home/simone/bookros2_ws/install/pmb2_laser_sensors:/opt/ros/humble PYTHONPATH=/home/simone/bookros2_ws/install/launch_pal/lib/python3.10/site-packages:${PYTHONPATH} /usr/bin/cmake --build /home/simone/bookros2_ws/build/tiago_navigation -- -j6 -l6
[0.161s] Invoking command in '/home/simone/bookros2_ws/build/tiago_navigation': AMENT_PREFIX_PATH=/home/simone/bookros2_ws/install/tiago_2dnav:/home/simone/bookros2_ws/install/tiago_laser_sensors:/home/simone/bookros2_ws/install/pmb2_2dnav:/home/simone/bookros2_ws/install/pmb2_maps:/home/simone/bookros2_ws/install/pmb2_laser_sensors:/home/simone/bookros2_ws/install/launch_pal:${AMENT_PREFIX_PATH} CMAKE_PREFIX_PATH=/home/simone/bookros2_ws/install/tiago_2dnav:/home/simone/bookros2_ws/install/tiago_laser_sensors:/home/simone/bookros2_ws/install/pmb2_2dnav:/home/simone/bookros2_ws/install/pmb2_maps:/home/simone/bookros2_ws/install/pmb2_laser_sensors:/opt/ros/humble PYTHONPATH=/home/simone/bookros2_ws/install/launch_pal/lib/python3.10/site-packages:${PYTHONPATH} /usr/bin/cmake --install /home/simone/bookros2_ws/build/tiago_navigation
[0.175s] -- Install configuration: ""
[0.176s] -- Execute custom install script
[0.176s] -- Up-to-date symlink: /home/simone/bookros2_ws/install/tiago_navigation/share/ament_index/resource_index/package_run_dependencies/tiago_navigation
[0.177s] -- Up-to-date symlink: /home/simone/bookros2_ws/install/tiago_navigation/share/ament_index/resource_index/parent_prefix_path/tiago_navigation
[0.177s] -- Up-to-date symlink: /home/simone/bookros2_ws/install/tiago_navigation/share/tiago_navigation/environment/ament_prefix_path.sh
[0.177s] -- Up-to-date symlink: /home/simone/bookros2_ws/install/tiago_navigation/share/tiago_navigation/environment/ament_prefix_path.dsv
[0.178s] -- Up-to-date symlink: /home/simone/bookros2_ws/install/tiago_navigation/share/tiago_navigation/environment/path.sh
[0.178s] -- Up-to-date symlink: /home/simone/bookros2_ws/install/tiago_navigation/share/tiago_navigation/environment/path.dsv
[0.178s] -- Up-to-date symlink: /home/simone/bookros2_ws/install/tiago_navigation/share/tiago_navigation/local_setup.bash
[0.178s] -- Up-to-date symlink: /home/simone/bookros2_ws/install/tiago_navigation/share/tiago_navigation/local_setup.sh
[0.179s] -- Up-to-date symlink: /home/simone/bookros2_ws/install/tiago_navigation/share/tiago_navigation/local_setup.zsh
[0.179s] -- Up-to-date symlink: /home/simone/bookros2_ws/install/tiago_navigation/share/tiago_navigation/local_setup.dsv
[0.179s] -- Symlinking: /home/simone/bookros2_ws/install/tiago_navigation/share/tiago_navigation/package.dsv
[0.190s] -- Up-to-date symlink: /home/simone/bookros2_ws/install/tiago_navigation/share/ament_index/resource_index/packages/tiago_navigation
[0.191s] -- Up-to-date symlink: /home/simone/bookros2_ws/install/tiago_navigation/share/tiago_navigation/cmake/tiago_navigationConfig.cmake
[0.191s] -- Up-to-date symlink: /home/simone/bookros2_ws/install/tiago_navigation/share/tiago_navigation/cmake/tiago_navigationConfig-version.cmake
[0.191s] -- Up-to-date symlink: /home/simone/bookros2_ws/install/tiago_navigation/share/tiago_navigation/package.xml
[0.199s] Invoked command in '/home/simone/bookros2_ws/build/tiago_navigation' returned '0': AMENT_PREFIX_PATH=/home/simone/bookros2_ws/install/tiago_2dnav:/home/simone/bookros2_ws/install/tiago_laser_sensors:/home/simone/bookros2_ws/install/pmb2_2dnav:/home/simone/bookros2_ws/install/pmb2_maps:/home/simone/bookros2_ws/install/pmb2_laser_sensors:/home/simone/bookros2_ws/install/launch_pal:${AMENT_PREFIX_PATH} CMAKE_PREFIX_PATH=/home/simone/bookros2_ws/install/tiago_2dnav:/home/simone/bookros2_ws/install/tiago_laser_sensors:/home/simone/bookros2_ws/install/pmb2_2dnav:/home/simone/bookros2_ws/install/pmb2_maps:/home/simone/bookros2_ws/install/pmb2_laser_sensors:/opt/ros/humble PYTHONPATH=/home/simone/bookros2_ws/install/launch_pal/lib/python3.10/site-packages:${PYTHONPATH} /usr/bin/cmake --install /home/simone/bookros2_ws/build/tiago_navigation
