[0.598s] Invoking command in '/home/simone/bookros2_ws/build/br2_tiago': CMAKE_PREFIX_PATH=/opt/ros/humble /usr/bin/cmake --build /home/simone/bookros2_ws/build/br2_tiago -- -j6 -l6
[0.675s] Invoked command in '/home/simone/bookros2_ws/build/br2_tiago' returned '0': CMAKE_PREFIX_PATH=/opt/ros/humble /usr/bin/cmake --build /home/simone/bookros2_ws/build/br2_tiago -- -j6 -l6
[0.749s] Invoking command in '/home/simone/bookros2_ws/build/br2_tiago': CMAKE_PREFIX_PATH=/opt/ros/humble /usr/bin/cmake --install /home/simone/bookros2_ws/build/br2_tiago
[0.762s] -- Install configuration: ""
[0.762s] -- Execute custom install script
[0.762s] -- Up-to-date symlink: /home/simone/bookros2_ws/install/br2_tiago/share/br2_tiago/launch/sim.launch.py
[0.763s] -- Up-to-date symlink: /home/simone/bookros2_ws/install/br2_tiago/share/ament_index/resource_index/package_run_dependencies/br2_tiago
[0.763s] -- Up-to-date symlink: /home/simone/bookros2_ws/install/br2_tiago/share/ament_index/resource_index/parent_prefix_path/br2_tiago
[0.763s] -- Up-to-date symlink: /home/simone/bookros2_ws/install/br2_tiago/share/br2_tiago/environment/ament_prefix_path.sh
[0.763s] -- Up-to-date symlink: /home/simone/bookros2_ws/install/br2_tiago/share/br2_tiago/environment/ament_prefix_path.dsv
[0.763s] -- Up-to-date symlink: /home/simone/bookros2_ws/install/br2_tiago/share/br2_tiago/environment/path.sh
[0.763s] -- Up-to-date symlink: /home/simone/bookros2_ws/install/br2_tiago/share/br2_tiago/environment/path.dsv
[0.763s] -- Up-to-date symlink: /home/simone/bookros2_ws/install/br2_tiago/share/br2_tiago/local_setup.bash
[0.763s] -- Up-to-date symlink: /home/simone/bookros2_ws/install/br2_tiago/share/br2_tiago/local_setup.sh
[0.763s] -- Up-to-date symlink: /home/simone/bookros2_ws/install/br2_tiago/share/br2_tiago/local_setup.zsh
[0.764s] -- Up-to-date symlink: /home/simone/bookros2_ws/install/br2_tiago/share/br2_tiago/local_setup.dsv
[0.764s] -- Symlinking: /home/simone/bookros2_ws/install/br2_tiago/share/br2_tiago/package.dsv
[0.772s] -- Up-to-date symlink: /home/simone/bookros2_ws/install/br2_tiago/share/ament_index/resource_index/packages/br2_tiago
[0.772s] -- Up-to-date symlink: /home/simone/bookros2_ws/install/br2_tiago/share/br2_tiago/cmake/br2_tiagoConfig.cmake
[0.773s] -- Up-to-date symlink: /home/simone/bookros2_ws/install/br2_tiago/share/br2_tiago/cmake/br2_tiagoConfig-version.cmake
[0.773s] -- Up-to-date symlink: /home/simone/bookros2_ws/install/br2_tiago/share/br2_tiago/package.xml
[0.782s] Invoked command in '/home/simone/bookros2_ws/build/br2_tiago' returned '0': CMAKE_PREFIX_PATH=/opt/ros/humble /usr/bin/cmake --install /home/simone/bookros2_ws/build/br2_tiago
