[0.071s] Invoking command in '/home/simone/bookros2_ws/build/br2_fsm_bumpgo_cpp': CMAKE_PREFIX_PATH=${CMAKE_PREFIX_PATH}:/home/simone/bookros2_ws/install/launch_pal:/home/simone/bookros2_ws/install/br2_fsm_bumpgo_py:/opt/ros/humble /usr/bin/cmake --build /home/simone/bookros2_ws/build/br2_fsm_bumpgo_cpp -- -j5 -l5
[0.255s] [35m[1mConsolidate compiler generated dependencies of target bumpgo[0m
[0.343s] [100%] Built target bumpgo
[1.320s] Invoked command in '/home/simone/bookros2_ws/build/br2_fsm_bumpgo_cpp' returned '0': CMAKE_PREFIX_PATH=${CMAKE_PREFIX_PATH}:/home/simone/bookros2_ws/install/launch_pal:/home/simone/bookros2_ws/install/br2_fsm_bumpgo_py:/opt/ros/humble /usr/bin/cmake --build /home/simone/bookros2_ws/build/br2_fsm_bumpgo_cpp -- -j5 -l5
[1.625s] Invoking command in '/home/simone/bookros2_ws/build/br2_fsm_bumpgo_cpp': CMAKE_PREFIX_PATH=${CMAKE_PREFIX_PATH}:/home/simone/bookros2_ws/install/launch_pal:/home/simone/bookros2_ws/install/br2_fsm_bumpgo_py:/opt/ros/humble /usr/bin/cmake --install /home/simone/bookros2_ws/build/br2_fsm_bumpgo_cpp
[1.654s] -- Install configuration: ""
[1.655s] -- Execute custom install script
[1.658s] -- Up-to-date symlink: /home/simone/bookros2_ws/install/br2_fsm_bumpgo_cpp/lib/br2_fsm_bumpgo_cpp/bumpgo
[1.658s] -- Up-to-date symlink: /home/simone/bookros2_ws/install/br2_fsm_bumpgo_cpp/share/br2_fsm_bumpgo_cpp/launch/bump_and_go.launch.py
[1.659s] -- Up-to-date symlink: /home/simone/bookros2_ws/install/br2_fsm_bumpgo_cpp/share/ament_index/resource_index/package_run_dependencies/br2_fsm_bumpgo_cpp
[1.659s] -- Up-to-date symlink: /home/simone/bookros2_ws/install/br2_fsm_bumpgo_cpp/share/ament_index/resource_index/parent_prefix_path/br2_fsm_bumpgo_cpp
[1.659s] -- Up-to-date symlink: /home/simone/bookros2_ws/install/br2_fsm_bumpgo_cpp/share/br2_fsm_bumpgo_cpp/environment/ament_prefix_path.sh
[1.659s] -- Up-to-date symlink: /home/simone/bookros2_ws/install/br2_fsm_bumpgo_cpp/share/br2_fsm_bumpgo_cpp/environment/ament_prefix_path.dsv
[1.659s] -- Up-to-date symlink: /home/simone/bookros2_ws/install/br2_fsm_bumpgo_cpp/share/br2_fsm_bumpgo_cpp/environment/path.sh
[1.659s] -- Up-to-date symlink: /home/simone/bookros2_ws/install/br2_fsm_bumpgo_cpp/share/br2_fsm_bumpgo_cpp/environment/path.dsv
[1.660s] -- Up-to-date symlink: /home/simone/bookros2_ws/install/br2_fsm_bumpgo_cpp/share/br2_fsm_bumpgo_cpp/local_setup.bash
[1.660s] -- Up-to-date symlink: /home/simone/bookros2_ws/install/br2_fsm_bumpgo_cpp/share/br2_fsm_bumpgo_cpp/local_setup.sh
[1.660s] -- Up-to-date symlink: /home/simone/bookros2_ws/install/br2_fsm_bumpgo_cpp/share/br2_fsm_bumpgo_cpp/local_setup.zsh
[1.660s] -- Up-to-date symlink: /home/simone/bookros2_ws/install/br2_fsm_bumpgo_cpp/share/br2_fsm_bumpgo_cpp/local_setup.dsv
[1.660s] -- Symlinking: /home/simone/bookros2_ws/install/br2_fsm_bumpgo_cpp/share/br2_fsm_bumpgo_cpp/package.dsv
[1.694s] -- Up-to-date symlink: /home/simone/bookros2_ws/install/br2_fsm_bumpgo_cpp/share/ament_index/resource_index/packages/br2_fsm_bumpgo_cpp
[1.694s] -- Up-to-date symlink: /home/simone/bookros2_ws/install/br2_fsm_bumpgo_cpp/share/br2_fsm_bumpgo_cpp/cmake/br2_fsm_bumpgo_cppConfig.cmake
[1.695s] -- Up-to-date symlink: /home/simone/bookros2_ws/install/br2_fsm_bumpgo_cpp/share/br2_fsm_bumpgo_cpp/cmake/br2_fsm_bumpgo_cppConfig-version.cmake
[1.695s] -- Up-to-date symlink: /home/simone/bookros2_ws/install/br2_fsm_bumpgo_cpp/share/br2_fsm_bumpgo_cpp/package.xml
[1.764s] Invoked command in '/home/simone/bookros2_ws/build/br2_fsm_bumpgo_cpp' returned '0': CMAKE_PREFIX_PATH=${CMAKE_PREFIX_PATH}:/home/simone/bookros2_ws/install/launch_pal:/home/simone/bookros2_ws/install/br2_fsm_bumpgo_py:/opt/ros/humble /usr/bin/cmake --install /home/simone/bookros2_ws/build/br2_fsm_bumpgo_cpp
