[0.119s] Invoking command in '/home/simone/bookros2_ws/build/br2_vff_avoidance': CMAKE_PREFIX_PATH=${CMAKE_PREFIX_PATH}:/home/simone/bookros2_ws/install/learning_tf2_py:/home/simone/bookros2_ws/install/launch_pal:/home/simone/bookros2_ws/install/br2_tf2_detector_py:/home/simone/bookros2_ws/install/br2_fsm_bumpgo_py:/opt/ros/humble /usr/bin/cmake --build /home/simone/bookros2_ws/build/br2_vff_avoidance -- -j6 -l6
[0.120s] [ 20%] Built target gtest_main
[0.126s] [ 40%] Built target gtest
[0.152s] [ 60%] Built target br2_vff_avoidance
[0.194s] [ 80%] Built target avoidance_vff
[0.225s] [100%] Built target vff_test
[0.259s] Invoked command in '/home/simone/bookros2_ws/build/br2_vff_avoidance' returned '0': CMAKE_PREFIX_PATH=${CMAKE_PREFIX_PATH}:/home/simone/bookros2_ws/install/learning_tf2_py:/home/simone/bookros2_ws/install/launch_pal:/home/simone/bookros2_ws/install/br2_tf2_detector_py:/home/simone/bookros2_ws/install/br2_fsm_bumpgo_py:/opt/ros/humble /usr/bin/cmake --build /home/simone/bookros2_ws/build/br2_vff_avoidance -- -j6 -l6
[0.314s] Invoking command in '/home/simone/bookros2_ws/build/br2_vff_avoidance': CMAKE_PREFIX_PATH=${CMAKE_PREFIX_PATH}:/home/simone/bookros2_ws/install/learning_tf2_py:/home/simone/bookros2_ws/install/launch_pal:/home/simone/bookros2_ws/install/br2_tf2_detector_py:/home/simone/bookros2_ws/install/br2_fsm_bumpgo_py:/opt/ros/humble /usr/bin/cmake --install /home/simone/bookros2_ws/build/br2_vff_avoidance
[0.328s] -- Install configuration: "Debug"
[0.328s] -- Execute custom install script
[0.328s] -- Up-to-date symlink: /home/simone/bookros2_ws/install/br2_vff_avoidance/lib/libbr2_vff_avoidance.so
[0.328s] -- Up-to-date symlink: /home/simone/bookros2_ws/install/br2_vff_avoidance/lib/br2_vff_avoidance/avoidance_vff
[0.328s] -- Up-to-date symlink: /home/simone/bookros2_ws/install/br2_vff_avoidance/share/br2_vff_avoidance/launch/avoidance_vff.launch.py
[0.328s] -- Up-to-date symlink: /home/simone/bookros2_ws/install/br2_vff_avoidance/share/ament_index/resource_index/package_run_dependencies/br2_vff_avoidance
[0.328s] -- Up-to-date symlink: /home/simone/bookros2_ws/install/br2_vff_avoidance/share/ament_index/resource_index/parent_prefix_path/br2_vff_avoidance
[0.329s] -- Up-to-date symlink: /home/simone/bookros2_ws/install/br2_vff_avoidance/share/br2_vff_avoidance/environment/ament_prefix_path.sh
[0.329s] -- Up-to-date symlink: /home/simone/bookros2_ws/install/br2_vff_avoidance/share/br2_vff_avoidance/environment/ament_prefix_path.dsv
[0.329s] -- Up-to-date symlink: /home/simone/bookros2_ws/install/br2_vff_avoidance/share/br2_vff_avoidance/environment/path.sh
[0.330s] -- Up-to-date symlink: /home/simone/bookros2_ws/install/br2_vff_avoidance/share/br2_vff_avoidance/environment/path.dsv
[0.330s] -- Up-to-date symlink: /home/simone/bookros2_ws/install/br2_vff_avoidance/share/br2_vff_avoidance/local_setup.bash
[0.330s] -- Up-to-date symlink: /home/simone/bookros2_ws/install/br2_vff_avoidance/share/br2_vff_avoidance/local_setup.sh
[0.331s] -- Up-to-date symlink: /home/simone/bookros2_ws/install/br2_vff_avoidance/share/br2_vff_avoidance/local_setup.zsh
[0.331s] -- Up-to-date symlink: /home/simone/bookros2_ws/install/br2_vff_avoidance/share/br2_vff_avoidance/local_setup.dsv
[0.331s] -- Symlinking: /home/simone/bookros2_ws/install/br2_vff_avoidance/share/br2_vff_avoidance/package.dsv
[0.348s] -- Up-to-date symlink: /home/simone/bookros2_ws/install/br2_vff_avoidance/share/ament_index/resource_index/packages/br2_vff_avoidance
[0.349s] -- Up-to-date symlink: /home/simone/bookros2_ws/install/br2_vff_avoidance/share/br2_vff_avoidance/cmake/ament_cmake_export_dependencies-extras.cmake
[0.349s] -- Up-to-date symlink: /home/simone/bookros2_ws/install/br2_vff_avoidance/share/br2_vff_avoidance/cmake/br2_vff_avoidanceConfig.cmake
[0.349s] -- Up-to-date symlink: /home/simone/bookros2_ws/install/br2_vff_avoidance/share/br2_vff_avoidance/cmake/br2_vff_avoidanceConfig-version.cmake
[0.349s] -- Up-to-date symlink: /home/simone/bookros2_ws/install/br2_vff_avoidance/share/br2_vff_avoidance/package.xml
[0.353s] Invoked command in '/home/simone/bookros2_ws/build/br2_vff_avoidance' returned '0': CMAKE_PREFIX_PATH=${CMAKE_PREFIX_PATH}:/home/simone/bookros2_ws/install/learning_tf2_py:/home/simone/bookros2_ws/install/launch_pal:/home/simone/bookros2_ws/install/br2_tf2_detector_py:/home/simone/bookros2_ws/install/br2_fsm_bumpgo_py:/opt/ros/humble /usr/bin/cmake --install /home/simone/bookros2_ws/build/br2_vff_avoidance
