[0.035s] Invoking command in '/home/simone/bookros2_ws/build/br2_basics': CMAKE_PREFIX_PATH=/opt/ros/humble /usr/bin/cmake --build /home/simone/bookros2_ws/build/br2_basics -- -j6 -l6
[0.163s] [ 14%] Built target publisher_class
[0.164s] [ 28%] Built target subscriber_class
[0.164s] [ 42%] Built target logger
[0.169s] [ 57%] Built target logger_class
[0.179s] [ 71%] Built target executors
[0.179s] [ 85%] Built target publisher
[0.191s] [100%] Built target param_reader
[0.202s] Invoked command in '/home/simone/bookros2_ws/build/br2_basics' returned '0': CMAKE_PREFIX_PATH=/opt/ros/humble /usr/bin/cmake --build /home/simone/bookros2_ws/build/br2_basics -- -j6 -l6
[0.247s] Invoking command in '/home/simone/bookros2_ws/build/br2_basics': CMAKE_PREFIX_PATH=/opt/ros/humble /usr/bin/cmake --install /home/simone/bookros2_ws/build/br2_basics
[0.264s] -- Install configuration: ""
[0.264s] -- Execute custom install script
[0.264s] -- Up-to-date symlink: /home/simone/bookros2_ws/install/br2_basics/lib/br2_basics/publisher
[0.264s] -- Up-to-date symlink: /home/simone/bookros2_ws/install/br2_basics/lib/br2_basics/publisher_class
[0.264s] -- Up-to-date symlink: /home/simone/bookros2_ws/install/br2_basics/lib/br2_basics/subscriber_class
[0.264s] -- Up-to-date symlink: /home/simone/bookros2_ws/install/br2_basics/lib/br2_basics/executors
[0.265s] -- Up-to-date symlink: /home/simone/bookros2_ws/install/br2_basics/lib/br2_basics/logger
[0.265s] -- Up-to-date symlink: /home/simone/bookros2_ws/install/br2_basics/lib/br2_basics/logger_class
[0.265s] -- Up-to-date symlink: /home/simone/bookros2_ws/install/br2_basics/lib/br2_basics/param_reader
[0.265s] -- Up-to-date symlink: /home/simone/bookros2_ws/install/br2_basics/share/br2_basics/launch/includer_launch.py
[0.265s] -- Up-to-date symlink: /home/simone/bookros2_ws/install/br2_basics/share/br2_basics/launch/param_node_v1_launch.py
[0.265s] -- Up-to-date symlink: /home/simone/bookros2_ws/install/br2_basics/share/br2_basics/launch/param_node_v2_launch.py
[0.265s] -- Up-to-date symlink: /home/simone/bookros2_ws/install/br2_basics/share/br2_basics/launch/pub_sub_v1_launch.py
[0.265s] -- Up-to-date symlink: /home/simone/bookros2_ws/install/br2_basics/share/br2_basics/launch/pub_sub_v2_launch.py
[0.265s] -- Up-to-date symlink: /home/simone/bookros2_ws/install/br2_basics/share/br2_basics/config/params.yaml
[0.265s] -- Up-to-date symlink: /home/simone/bookros2_ws/install/br2_basics/share/ament_index/resource_index/package_run_dependencies/br2_basics
[0.265s] -- Up-to-date symlink: /home/simone/bookros2_ws/install/br2_basics/share/ament_index/resource_index/parent_prefix_path/br2_basics
[0.265s] -- Up-to-date symlink: /home/simone/bookros2_ws/install/br2_basics/share/br2_basics/environment/ament_prefix_path.sh
[0.265s] -- Up-to-date symlink: /home/simone/bookros2_ws/install/br2_basics/share/br2_basics/environment/ament_prefix_path.dsv
[0.265s] -- Up-to-date symlink: /home/simone/bookros2_ws/install/br2_basics/share/br2_basics/environment/path.sh
[0.265s] -- Up-to-date symlink: /home/simone/bookros2_ws/install/br2_basics/share/br2_basics/environment/path.dsv
[0.265s] -- Up-to-date symlink: /home/simone/bookros2_ws/install/br2_basics/share/br2_basics/local_setup.bash
[0.266s] -- Up-to-date symlink: /home/simone/bookros2_ws/install/br2_basics/share/br2_basics/local_setup.sh
[0.266s] -- Up-to-date symlink: /home/simone/bookros2_ws/install/br2_basics/share/br2_basics/local_setup.zsh
[0.266s] -- Up-to-date symlink: /home/simone/bookros2_ws/install/br2_basics/share/br2_basics/local_setup.dsv
[0.266s] -- Symlinking: /home/simone/bookros2_ws/install/br2_basics/share/br2_basics/package.dsv
[0.271s] -- Up-to-date symlink: /home/simone/bookros2_ws/install/br2_basics/share/ament_index/resource_index/packages/br2_basics
[0.271s] -- Up-to-date symlink: /home/simone/bookros2_ws/install/br2_basics/share/br2_basics/cmake/ament_cmake_export_dependencies-extras.cmake
[0.271s] -- Up-to-date symlink: /home/simone/bookros2_ws/install/br2_basics/share/br2_basics/cmake/br2_basicsConfig.cmake
[0.271s] -- Up-to-date symlink: /home/simone/bookros2_ws/install/br2_basics/share/br2_basics/cmake/br2_basicsConfig-version.cmake
[0.272s] -- Up-to-date symlink: /home/simone/bookros2_ws/install/br2_basics/share/br2_basics/package.xml
[0.284s] Invoked command in '/home/simone/bookros2_ws/build/br2_basics' returned '0': CMAKE_PREFIX_PATH=/opt/ros/humble /usr/bin/cmake --install /home/simone/bookros2_ws/build/br2_basics
