[0.078s] Invoking command in '/home/simone/bookros2_ws/build/pmb2_robot': AMENT_PREFIX_PATH=/home/simone/bookros2_ws/install/pmb2_bringup:/home/simone/bookros2_ws/install/pmb2_description:/home/simone/bookros2_ws/install/pmb2_controller_configuration:/home/simone/bookros2_ws/install/launch_pal:${AMENT_PREFIX_PATH} CMAKE_PREFIX_PATH=/home/simone/bookros2_ws/install/pmb2_bringup:/home/simone/bookros2_ws/install/pmb2_description:/home/simone/bookros2_ws/install/pmb2_controller_configuration:/opt/ros/humble PYTHONPATH=/home/simone/bookros2_ws/install/pmb2_description/local/lib/python3.10/dist-packages:/home/simone/bookros2_ws/build/launch_pal:/home/simone/bookros2_ws/install/launch_pal/lib/python3.10/site-packages:${PYTHONPATH} /usr/bin/cmake /home/simone/bookros2_ws/src/ThirdParty/pmb2_robot/pmb2_robot -DAMENT_CMAKE_SYMLINK_INSTALL=1 -DCMAKE_INSTALL_PREFIX=/home/simone/bookros2_ws/install/pmb2_robot
[0.180s] -- The C compiler identification is GNU 11.3.0
[0.297s] -- The CXX compiler identification is GNU 11.3.0
[0.313s] -- Detecting C compiler ABI info
[0.465s] -- Detecting C compiler ABI info - done
[0.487s] -- Check for working C compiler: /usr/bin/cc - skipped
[0.488s] -- Detecting C compile features
[0.496s] -- Detecting C compile features - done
[0.507s] -- Detecting CXX compiler ABI info
[0.651s] -- Detecting CXX compiler ABI info - done
[0.671s] -- Check for working CXX compiler: /usr/bin/c++ - skipped
[0.672s] -- Detecting CXX compile features
[0.673s] -- Detecting CXX compile features - done
[0.679s] -- Found ament_cmake: 1.3.5 (/opt/ros/humble/share/ament_cmake/cmake)
[1.037s] -- Found Python3: /usr/bin/python3.10 (found version "3.10.6") found components: Interpreter 
[1.166s] -- Override CMake install command with custom implementation using symlinks instead of copying resources
[1.433s] -- Configuring done
[1.471s] -- Generating done
[1.478s] -- Build files have been written to: /home/simone/bookros2_ws/build/pmb2_robot
[1.498s] Invoked command in '/home/simone/bookros2_ws/build/pmb2_robot' returned '0': AMENT_PREFIX_PATH=/home/simone/bookros2_ws/install/pmb2_bringup:/home/simone/bookros2_ws/install/pmb2_description:/home/simone/bookros2_ws/install/pmb2_controller_configuration:/home/simone/bookros2_ws/install/launch_pal:${AMENT_PREFIX_PATH} CMAKE_PREFIX_PATH=/home/simone/bookros2_ws/install/pmb2_bringup:/home/simone/bookros2_ws/install/pmb2_description:/home/simone/bookros2_ws/install/pmb2_controller_configuration:/opt/ros/humble PYTHONPATH=/home/simone/bookros2_ws/install/pmb2_description/local/lib/python3.10/dist-packages:/home/simone/bookros2_ws/build/launch_pal:/home/simone/bookros2_ws/install/launch_pal/lib/python3.10/site-packages:${PYTHONPATH} /usr/bin/cmake /home/simone/bookros2_ws/src/ThirdParty/pmb2_robot/pmb2_robot -DAMENT_CMAKE_SYMLINK_INSTALL=1 -DCMAKE_INSTALL_PREFIX=/home/simone/bookros2_ws/install/pmb2_robot
[1.499s] Invoking command in '/home/simone/bookros2_ws/build/pmb2_robot': AMENT_PREFIX_PATH=/home/simone/bookros2_ws/install/pmb2_bringup:/home/simone/bookros2_ws/install/pmb2_description:/home/simone/bookros2_ws/install/pmb2_controller_configuration:/home/simone/bookros2_ws/install/launch_pal:${AMENT_PREFIX_PATH} CMAKE_PREFIX_PATH=/home/simone/bookros2_ws/install/pmb2_bringup:/home/simone/bookros2_ws/install/pmb2_description:/home/simone/bookros2_ws/install/pmb2_controller_configuration:/opt/ros/humble PYTHONPATH=/home/simone/bookros2_ws/install/pmb2_description/local/lib/python3.10/dist-packages:/home/simone/bookros2_ws/build/launch_pal:/home/simone/bookros2_ws/install/launch_pal/lib/python3.10/site-packages:${PYTHONPATH} /usr/bin/cmake --build /home/simone/bookros2_ws/build/pmb2_robot -- -j5 -l5
[1.573s] Invoked command in '/home/simone/bookros2_ws/build/pmb2_robot' returned '0': AMENT_PREFIX_PATH=/home/simone/bookros2_ws/install/pmb2_bringup:/home/simone/bookros2_ws/install/pmb2_description:/home/simone/bookros2_ws/install/pmb2_controller_configuration:/home/simone/bookros2_ws/install/launch_pal:${AMENT_PREFIX_PATH} CMAKE_PREFIX_PATH=/home/simone/bookros2_ws/install/pmb2_bringup:/home/simone/bookros2_ws/install/pmb2_description:/home/simone/bookros2_ws/install/pmb2_controller_configuration:/opt/ros/humble PYTHONPATH=/home/simone/bookros2_ws/install/pmb2_description/local/lib/python3.10/dist-packages:/home/simone/bookros2_ws/build/launch_pal:/home/simone/bookros2_ws/install/launch_pal/lib/python3.10/site-packages:${PYTHONPATH} /usr/bin/cmake --build /home/simone/bookros2_ws/build/pmb2_robot -- -j5 -l5
[1.632s] Invoking command in '/home/simone/bookros2_ws/build/pmb2_robot': AMENT_PREFIX_PATH=/home/simone/bookros2_ws/install/pmb2_bringup:/home/simone/bookros2_ws/install/pmb2_description:/home/simone/bookros2_ws/install/pmb2_controller_configuration:/home/simone/bookros2_ws/install/launch_pal:${AMENT_PREFIX_PATH} CMAKE_PREFIX_PATH=/home/simone/bookros2_ws/install/pmb2_bringup:/home/simone/bookros2_ws/install/pmb2_description:/home/simone/bookros2_ws/install/pmb2_controller_configuration:/opt/ros/humble PYTHONPATH=/home/simone/bookros2_ws/install/pmb2_description/local/lib/python3.10/dist-packages:/home/simone/bookros2_ws/build/launch_pal:/home/simone/bookros2_ws/install/launch_pal/lib/python3.10/site-packages:${PYTHONPATH} /usr/bin/cmake --install /home/simone/bookros2_ws/build/pmb2_robot
[1.647s] -- Install configuration: ""
[1.648s] -- Execute custom install script
[1.648s] -- Symlinking: /home/simone/bookros2_ws/install/pmb2_robot/share/ament_index/resource_index/package_run_dependencies/pmb2_robot
[1.686s] -- Symlinking: /home/simone/bookros2_ws/install/pmb2_robot/share/ament_index/resource_index/parent_prefix_path/pmb2_robot
[1.694s] -- Symlinking: /home/simone/bookros2_ws/install/pmb2_robot/share/pmb2_robot/environment/ament_prefix_path.sh
[1.717s] -- Symlinking: /home/simone/bookros2_ws/install/pmb2_robot/share/pmb2_robot/environment/ament_prefix_path.dsv
[1.735s] -- Symlinking: /home/simone/bookros2_ws/install/pmb2_robot/share/pmb2_robot/environment/path.sh
[1.748s] -- Symlinking: /home/simone/bookros2_ws/install/pmb2_robot/share/pmb2_robot/environment/path.dsv
[1.765s] -- Symlinking: /home/simone/bookros2_ws/install/pmb2_robot/share/pmb2_robot/local_setup.bash
[1.787s] -- Symlinking: /home/simone/bookros2_ws/install/pmb2_robot/share/pmb2_robot/local_setup.sh
[1.808s] -- Symlinking: /home/simone/bookros2_ws/install/pmb2_robot/share/pmb2_robot/local_setup.zsh
[1.819s] -- Symlinking: /home/simone/bookros2_ws/install/pmb2_robot/share/pmb2_robot/local_setup.dsv
[1.834s] -- Symlinking: /home/simone/bookros2_ws/install/pmb2_robot/share/pmb2_robot/package.dsv
[1.844s] -- Symlinking: /home/simone/bookros2_ws/install/pmb2_robot/share/ament_index/resource_index/packages/pmb2_robot
[1.854s] -- Symlinking: /home/simone/bookros2_ws/install/pmb2_robot/share/pmb2_robot/cmake/pmb2_robotConfig.cmake
[1.863s] -- Symlinking: /home/simone/bookros2_ws/install/pmb2_robot/share/pmb2_robot/cmake/pmb2_robotConfig-version.cmake
[1.872s] -- Symlinking: /home/simone/bookros2_ws/install/pmb2_robot/share/pmb2_robot/package.xml
[1.887s] Invoked command in '/home/simone/bookros2_ws/build/pmb2_robot' returned '0': AMENT_PREFIX_PATH=/home/simone/bookros2_ws/install/pmb2_bringup:/home/simone/bookros2_ws/install/pmb2_description:/home/simone/bookros2_ws/install/pmb2_controller_configuration:/home/simone/bookros2_ws/install/launch_pal:${AMENT_PREFIX_PATH} CMAKE_PREFIX_PATH=/home/simone/bookros2_ws/install/pmb2_bringup:/home/simone/bookros2_ws/install/pmb2_description:/home/simone/bookros2_ws/install/pmb2_controller_configuration:/opt/ros/humble PYTHONPATH=/home/simone/bookros2_ws/install/pmb2_description/local/lib/python3.10/dist-packages:/home/simone/bookros2_ws/build/launch_pal:/home/simone/bookros2_ws/install/launch_pal/lib/python3.10/site-packages:${PYTHONPATH} /usr/bin/cmake --install /home/simone/bookros2_ws/build/pmb2_robot
