[0.582s] Invoking command in '/home/simone/bookros2_ws/build/pmb2_laser_sensors': CMAKE_PREFIX_PATH=${CMAKE_PREFIX_PATH}:/home/simone/bookros2_ws/install/learning_tf2_py:/home/simone/bookros2_ws/install/launch_pal:/home/simone/bookros2_ws/install/br2_tf2_detector_py:/home/simone/bookros2_ws/install/br2_fsm_bumpgo_py:/opt/ros/humble /usr/bin/cmake --build /home/simone/bookros2_ws/build/pmb2_laser_sensors -- -j6 -l6
[0.642s] Invoked command in '/home/simone/bookros2_ws/build/pmb2_laser_sensors' returned '0': CMAKE_PREFIX_PATH=${CMAKE_PREFIX_PATH}:/home/simone/bookros2_ws/install/learning_tf2_py:/home/simone/bookros2_ws/install/launch_pal:/home/simone/bookros2_ws/install/br2_tf2_detector_py:/home/simone/bookros2_ws/install/br2_fsm_bumpgo_py:/opt/ros/humble /usr/bin/cmake --build /home/simone/bookros2_ws/build/pmb2_laser_sensors -- -j6 -l6
[0.710s] Invoking command in '/home/simone/bookros2_ws/build/pmb2_laser_sensors': CMAKE_PREFIX_PATH=${CMAKE_PREFIX_PATH}:/home/simone/bookros2_ws/install/learning_tf2_py:/home/simone/bookros2_ws/install/launch_pal:/home/simone/bookros2_ws/install/br2_tf2_detector_py:/home/simone/bookros2_ws/install/br2_fsm_bumpgo_py:/opt/ros/humble /usr/bin/cmake --install /home/simone/bookros2_ws/build/pmb2_laser_sensors
[0.731s] -- Install configuration: ""
[0.742s] -- Execute custom install script
[0.743s] -- Up-to-date symlink: /home/simone/bookros2_ws/install/pmb2_laser_sensors/share/pmb2_laser_sensors/config/sick-551_filter.yaml
[0.743s] -- Up-to-date symlink: /home/simone/bookros2_ws/install/pmb2_laser_sensors/share/pmb2_laser_sensors/config/sick-561_filter.yaml
[0.743s] -- Up-to-date symlink: /home/simone/bookros2_ws/install/pmb2_laser_sensors/share/pmb2_laser_sensors/config/sick-571_filter.yaml
[0.743s] -- Up-to-date symlink: /home/simone/bookros2_ws/install/pmb2_laser_sensors/share/pmb2_laser_sensors/config/sick_tim551_laser.yaml
[0.743s] -- Up-to-date symlink: /home/simone/bookros2_ws/install/pmb2_laser_sensors/share/pmb2_laser_sensors/config/sick_tim561_laser.yaml
[0.744s] -- Up-to-date symlink: /home/simone/bookros2_ws/install/pmb2_laser_sensors/share/pmb2_laser_sensors/config/sick_tim571_laser.yaml
[0.744s] -- Up-to-date symlink: /home/simone/bookros2_ws/install/pmb2_laser_sensors/share/pmb2_laser_sensors/launch/laser.launch.py
[0.744s] -- Up-to-date symlink: /home/simone/bookros2_ws/install/pmb2_laser_sensors/share/pmb2_laser_sensors/launch/laser_filters.launch.py
[0.744s] -- Up-to-date symlink: /home/simone/bookros2_ws/install/pmb2_laser_sensors/share/pmb2_laser_sensors/launch/sick-551_laser.launch.py
[0.744s] -- Up-to-date symlink: /home/simone/bookros2_ws/install/pmb2_laser_sensors/share/pmb2_laser_sensors/launch/sick-561_laser.launch.py
[0.745s] -- Up-to-date symlink: /home/simone/bookros2_ws/install/pmb2_laser_sensors/share/pmb2_laser_sensors/launch/sick-571_laser.launch.py
[0.745s] -- Up-to-date symlink: /home/simone/bookros2_ws/install/pmb2_laser_sensors/share/ament_index/resource_index/package_run_dependencies/pmb2_laser_sensors
[0.745s] -- Up-to-date symlink: /home/simone/bookros2_ws/install/pmb2_laser_sensors/share/ament_index/resource_index/parent_prefix_path/pmb2_laser_sensors
[0.745s] -- Up-to-date symlink: /home/simone/bookros2_ws/install/pmb2_laser_sensors/share/pmb2_laser_sensors/environment/ament_prefix_path.sh
[0.745s] -- Up-to-date symlink: /home/simone/bookros2_ws/install/pmb2_laser_sensors/share/pmb2_laser_sensors/environment/ament_prefix_path.dsv
[0.746s] -- Up-to-date symlink: /home/simone/bookros2_ws/install/pmb2_laser_sensors/share/pmb2_laser_sensors/environment/path.sh
[0.746s] -- Up-to-date symlink: /home/simone/bookros2_ws/install/pmb2_laser_sensors/share/pmb2_laser_sensors/environment/path.dsv
[0.746s] -- Up-to-date symlink: /home/simone/bookros2_ws/install/pmb2_laser_sensors/share/pmb2_laser_sensors/local_setup.bash
[0.746s] -- Up-to-date symlink: /home/simone/bookros2_ws/install/pmb2_laser_sensors/share/pmb2_laser_sensors/local_setup.sh
[0.746s] -- Up-to-date symlink: /home/simone/bookros2_ws/install/pmb2_laser_sensors/share/pmb2_laser_sensors/local_setup.zsh
[0.746s] -- Up-to-date symlink: /home/simone/bookros2_ws/install/pmb2_laser_sensors/share/pmb2_laser_sensors/local_setup.dsv
[0.749s] -- Symlinking: /home/simone/bookros2_ws/install/pmb2_laser_sensors/share/pmb2_laser_sensors/package.dsv
[0.757s] -- Up-to-date symlink: /home/simone/bookros2_ws/install/pmb2_laser_sensors/share/ament_index/resource_index/packages/pmb2_laser_sensors
[0.757s] -- Up-to-date symlink: /home/simone/bookros2_ws/install/pmb2_laser_sensors/share/pmb2_laser_sensors/cmake/pmb2_laser_sensorsConfig.cmake
[0.757s] -- Up-to-date symlink: /home/simone/bookros2_ws/install/pmb2_laser_sensors/share/pmb2_laser_sensors/cmake/pmb2_laser_sensorsConfig-version.cmake
[0.757s] -- Up-to-date symlink: /home/simone/bookros2_ws/install/pmb2_laser_sensors/share/pmb2_laser_sensors/package.xml
[0.808s] Invoked command in '/home/simone/bookros2_ws/build/pmb2_laser_sensors' returned '0': CMAKE_PREFIX_PATH=${CMAKE_PREFIX_PATH}:/home/simone/bookros2_ws/install/learning_tf2_py:/home/simone/bookros2_ws/install/launch_pal:/home/simone/bookros2_ws/install/br2_tf2_detector_py:/home/simone/bookros2_ws/install/br2_fsm_bumpgo_py:/opt/ros/humble /usr/bin/cmake --install /home/simone/bookros2_ws/build/pmb2_laser_sensors
