[1.317s] Invoking command in '/home/simone/bookros2_ws/build/learning_tf2_py': PYTHONPATH=/home/simone/bookros2_ws/build/learning_tf2_py/prefix_override:/home/simone/bookros2_ws/install/learning_tf2_py/lib/python3.10/site-packages:${PYTHONPATH} /usr/bin/python3 setup.py develop --uninstall --editable --build-directory /home/simone/bookros2_ws/build/learning_tf2_py/build
[1.900s] /usr/lib/python3/dist-packages/setuptools/command/easy_install.py:158: EasyInstallDeprecationWarning: easy_install command is deprecated. Use build and pip and other standards-based tools.
[1.900s]   warnings.warn(
[1.900s] /usr/lib/python3/dist-packages/setuptools/command/install.py:34: SetuptoolsDeprecationWarning: setup.py install is deprecated. Use build and pip and other standards-based tools.
[1.900s]   warnings.warn(
[1.903s] running develop
[2.009s] /usr/lib/python3/dist-packages/pkg_resources/__init__.py:116: PkgResourcesDeprecationWarning: 1.16.0-unknown is an invalid version and will not be supported in a future release
[2.010s]   warnings.warn(
[2.010s] /usr/lib/python3/dist-packages/pkg_resources/__init__.py:116: PkgResourcesDeprecationWarning: 1.1build1 is an invalid version and will not be supported in a future release
[2.010s]   warnings.warn(
[2.335s] Invoked command in '/home/simone/bookros2_ws/build/learning_tf2_py' returned '0': PYTHONPATH=/home/simone/bookros2_ws/build/learning_tf2_py/prefix_override:/home/simone/bookros2_ws/install/learning_tf2_py/lib/python3.10/site-packages:${PYTHONPATH} /usr/bin/python3 setup.py develop --uninstall --editable --build-directory /home/simone/bookros2_ws/build/learning_tf2_py/build
[2.346s] Invoking command in '/home/simone/bookros2_ws/src/learning_tf2_py': PYTHONPATH=/home/simone/bookros2_ws/build/learning_tf2_py/prefix_override:/home/simone/bookros2_ws/install/learning_tf2_py/lib/python3.10/site-packages:${PYTHONPATH} /usr/bin/python3 setup.py egg_info --egg-base ../../build/learning_tf2_py build --build-base /home/simone/bookros2_ws/build/learning_tf2_py/build install --record /home/simone/bookros2_ws/build/learning_tf2_py/install.log --single-version-externally-managed
[2.819s] running egg_info
[2.821s] writing ../../build/learning_tf2_py/learning_tf2_py.egg-info/PKG-INFO
[2.821s] writing dependency_links to ../../build/learning_tf2_py/learning_tf2_py.egg-info/dependency_links.txt
[2.822s] writing entry points to ../../build/learning_tf2_py/learning_tf2_py.egg-info/entry_points.txt
[2.822s] writing requirements to ../../build/learning_tf2_py/learning_tf2_py.egg-info/requires.txt
[2.822s] writing top-level names to ../../build/learning_tf2_py/learning_tf2_py.egg-info/top_level.txt
[2.826s] reading manifest file '../../build/learning_tf2_py/learning_tf2_py.egg-info/SOURCES.txt'
[2.829s] writing manifest file '../../build/learning_tf2_py/learning_tf2_py.egg-info/SOURCES.txt'
[2.829s] running build
[2.829s] running build_py
[2.829s] running install
[2.830s] /usr/lib/python3/dist-packages/setuptools/command/install.py:34: SetuptoolsDeprecationWarning: setup.py install is deprecated. Use build and pip and other standards-based tools.
[2.830s]   warnings.warn(
[2.830s] running install_lib
[2.832s] running install_data
[2.834s] running install_egg_info
[2.844s] removing '/home/simone/bookros2_ws/install/learning_tf2_py/lib/python3.10/site-packages/learning_tf2_py-0.0.0-py3.10.egg-info' (and everything under it)
[2.845s] Copying ../../build/learning_tf2_py/learning_tf2_py.egg-info to /home/simone/bookros2_ws/install/learning_tf2_py/lib/python3.10/site-packages/learning_tf2_py-0.0.0-py3.10.egg-info
[2.845s] running install_scripts
[2.876s] Installing static_turtle_tf2_broadcaster script to /home/simone/bookros2_ws/install/learning_tf2_py/lib/learning_tf2_py
[2.877s] Installing turtle_tf2_broadcaster script to /home/simone/bookros2_ws/install/learning_tf2_py/lib/learning_tf2_py
[2.878s] writing list of installed files to '/home/simone/bookros2_ws/build/learning_tf2_py/install.log'
[2.930s] Invoked command in '/home/simone/bookros2_ws/src/learning_tf2_py' returned '0': PYTHONPATH=/home/simone/bookros2_ws/build/learning_tf2_py/prefix_override:/home/simone/bookros2_ws/install/learning_tf2_py/lib/python3.10/site-packages:${PYTHONPATH} /usr/bin/python3 setup.py egg_info --egg-base ../../build/learning_tf2_py build --build-base /home/simone/bookros2_ws/build/learning_tf2_py/build install --record /home/simone/bookros2_ws/build/learning_tf2_py/install.log --single-version-externally-managed
