[0.496s] Invoking command in '/home/simone/bookros2_ws/build/pal_gripper_controller_configuration': CMAKE_PREFIX_PATH=${CMAKE_PREFIX_PATH}:/home/simone/bookros2_ws/install/learning_tf2_py:/home/simone/bookros2_ws/install/launch_pal:/home/simone/bookros2_ws/install/br2_tf2_detector_py:/home/simone/bookros2_ws/install/br2_fsm_bumpgo_py:/opt/ros/humble /usr/bin/cmake /home/simone/bookros2_ws/src/ThirdParty/pal_gripper/pal_gripper_controller_configuration -DCMAKE_INSTALL_PREFIX=/home/simone/bookros2_ws/install/pal_gripper_controller_configuration
[0.543s] -- Found ament_cmake_auto: 1.3.5 (/opt/ros/humble/share/ament_cmake_auto/cmake)
[0.908s] -- Override CMake install command with custom implementation using symlinks instead of copying resources
[0.960s] -- Found ament_lint_auto: 0.12.6 (/opt/ros/humble/share/ament_lint_auto/cmake)
[1.218s] -- Added test 'copyright' to check source files copyright and LICENSE
[1.219s] -- Added test 'flake8' to check Python code syntax and style conventions
[1.219s] -- Added test 'lint_cmake' to check CMake code style
[1.219s] -- Added test 'pep257' to check Python code against some of the docstring style conventions in PEP 257
[1.220s] -- Added test 'xmllint' to check XML markup files
[1.220s] -- Configuring done
[1.225s] -- Generating done
[1.230s] -- Build files have been written to: /home/simone/bookros2_ws/build/pal_gripper_controller_configuration
[1.248s] Invoked command in '/home/simone/bookros2_ws/build/pal_gripper_controller_configuration' returned '0': CMAKE_PREFIX_PATH=${CMAKE_PREFIX_PATH}:/home/simone/bookros2_ws/install/learning_tf2_py:/home/simone/bookros2_ws/install/launch_pal:/home/simone/bookros2_ws/install/br2_tf2_detector_py:/home/simone/bookros2_ws/install/br2_fsm_bumpgo_py:/opt/ros/humble /usr/bin/cmake /home/simone/bookros2_ws/src/ThirdParty/pal_gripper/pal_gripper_controller_configuration -DCMAKE_INSTALL_PREFIX=/home/simone/bookros2_ws/install/pal_gripper_controller_configuration
[1.249s] Invoking command in '/home/simone/bookros2_ws/build/pal_gripper_controller_configuration': CMAKE_PREFIX_PATH=${CMAKE_PREFIX_PATH}:/home/simone/bookros2_ws/install/learning_tf2_py:/home/simone/bookros2_ws/install/launch_pal:/home/simone/bookros2_ws/install/br2_tf2_detector_py:/home/simone/bookros2_ws/install/br2_fsm_bumpgo_py:/opt/ros/humble /usr/bin/cmake --build /home/simone/bookros2_ws/build/pal_gripper_controller_configuration -- -j6 -l6
[1.337s] Invoked command in '/home/simone/bookros2_ws/build/pal_gripper_controller_configuration' returned '0': CMAKE_PREFIX_PATH=${CMAKE_PREFIX_PATH}:/home/simone/bookros2_ws/install/learning_tf2_py:/home/simone/bookros2_ws/install/launch_pal:/home/simone/bookros2_ws/install/br2_tf2_detector_py:/home/simone/bookros2_ws/install/br2_fsm_bumpgo_py:/opt/ros/humble /usr/bin/cmake --build /home/simone/bookros2_ws/build/pal_gripper_controller_configuration -- -j6 -l6
[1.375s] Invoking command in '/home/simone/bookros2_ws/build/pal_gripper_controller_configuration': CMAKE_PREFIX_PATH=${CMAKE_PREFIX_PATH}:/home/simone/bookros2_ws/install/learning_tf2_py:/home/simone/bookros2_ws/install/launch_pal:/home/simone/bookros2_ws/install/br2_tf2_detector_py:/home/simone/bookros2_ws/install/br2_fsm_bumpgo_py:/opt/ros/humble /usr/bin/cmake --install /home/simone/bookros2_ws/build/pal_gripper_controller_configuration
[1.396s] -- Install configuration: ""
[1.396s] -- Execute custom install script
[1.396s] -- Up-to-date symlink: /home/simone/bookros2_ws/install/pal_gripper_controller_configuration/share/pal_gripper_controller_configuration/config/current_limit_controllers.yaml
[1.396s] -- Up-to-date symlink: /home/simone/bookros2_ws/install/pal_gripper_controller_configuration/share/pal_gripper_controller_configuration/config/current_limit_controllers_left.yaml
[1.396s] -- Up-to-date symlink: /home/simone/bookros2_ws/install/pal_gripper_controller_configuration/share/pal_gripper_controller_configuration/config/current_limit_controllers_right.yaml
[1.396s] -- Up-to-date symlink: /home/simone/bookros2_ws/install/pal_gripper_controller_configuration/share/pal_gripper_controller_configuration/config/gripper_controller.yaml
[1.396s] -- Up-to-date symlink: /home/simone/bookros2_ws/install/pal_gripper_controller_configuration/share/pal_gripper_controller_configuration/config/joint_trajectory_controllers.yaml
[1.396s] -- Up-to-date symlink: /home/simone/bookros2_ws/install/pal_gripper_controller_configuration/share/pal_gripper_controller_configuration/config/pids.yaml
[1.397s] -- Up-to-date symlink: /home/simone/bookros2_ws/install/pal_gripper_controller_configuration/share/pal_gripper_controller_configuration/launch/current_limit_controllers.launch
[1.397s] -- Up-to-date symlink: /home/simone/bookros2_ws/install/pal_gripper_controller_configuration/share/pal_gripper_controller_configuration/launch/gripper_controller.launch
[1.397s] -- Up-to-date symlink: /home/simone/bookros2_ws/install/pal_gripper_controller_configuration/share/ament_index/resource_index/package_run_dependencies/pal_gripper_controller_configuration
[1.397s] -- Up-to-date symlink: /home/simone/bookros2_ws/install/pal_gripper_controller_configuration/share/ament_index/resource_index/parent_prefix_path/pal_gripper_controller_configuration
[1.397s] -- Up-to-date symlink: /home/simone/bookros2_ws/install/pal_gripper_controller_configuration/share/pal_gripper_controller_configuration/environment/ament_prefix_path.sh
[1.397s] -- Up-to-date symlink: /home/simone/bookros2_ws/install/pal_gripper_controller_configuration/share/pal_gripper_controller_configuration/environment/ament_prefix_path.dsv
[1.397s] -- Up-to-date symlink: /home/simone/bookros2_ws/install/pal_gripper_controller_configuration/share/pal_gripper_controller_configuration/environment/path.sh
[1.397s] -- Up-to-date symlink: /home/simone/bookros2_ws/install/pal_gripper_controller_configuration/share/pal_gripper_controller_configuration/environment/path.dsv
[1.397s] -- Up-to-date symlink: /home/simone/bookros2_ws/install/pal_gripper_controller_configuration/share/pal_gripper_controller_configuration/local_setup.bash
[1.397s] -- Up-to-date symlink: /home/simone/bookros2_ws/install/pal_gripper_controller_configuration/share/pal_gripper_controller_configuration/local_setup.sh
[1.397s] -- Up-to-date symlink: /home/simone/bookros2_ws/install/pal_gripper_controller_configuration/share/pal_gripper_controller_configuration/local_setup.zsh
[1.398s] -- Up-to-date symlink: /home/simone/bookros2_ws/install/pal_gripper_controller_configuration/share/pal_gripper_controller_configuration/local_setup.dsv
[1.398s] -- Symlinking: /home/simone/bookros2_ws/install/pal_gripper_controller_configuration/share/pal_gripper_controller_configuration/package.dsv
[1.425s] -- Up-to-date symlink: /home/simone/bookros2_ws/install/pal_gripper_controller_configuration/share/ament_index/resource_index/packages/pal_gripper_controller_configuration
[1.426s] -- Up-to-date symlink: /home/simone/bookros2_ws/install/pal_gripper_controller_configuration/share/pal_gripper_controller_configuration/cmake/pal_gripper_controller_configurationConfig.cmake
[1.426s] -- Up-to-date symlink: /home/simone/bookros2_ws/install/pal_gripper_controller_configuration/share/pal_gripper_controller_configuration/cmake/pal_gripper_controller_configurationConfig-version.cmake
[1.426s] -- Up-to-date symlink: /home/simone/bookros2_ws/install/pal_gripper_controller_configuration/share/pal_gripper_controller_configuration/package.xml
[1.480s] Invoked command in '/home/simone/bookros2_ws/build/pal_gripper_controller_configuration' returned '0': CMAKE_PREFIX_PATH=${CMAKE_PREFIX_PATH}:/home/simone/bookros2_ws/install/learning_tf2_py:/home/simone/bookros2_ws/install/launch_pal:/home/simone/bookros2_ws/install/br2_tf2_detector_py:/home/simone/bookros2_ws/install/br2_fsm_bumpgo_py:/opt/ros/humble /usr/bin/cmake --install /home/simone/bookros2_ws/build/pal_gripper_controller_configuration
