[0.141s] Invoking command in '/home/simone/bookros2_ws/build/br2_bt_patrolling': CMAKE_PREFIX_PATH=${CMAKE_PREFIX_PATH}:/home/simone/bookros2_ws/install/launch_pal:/home/simone/bookros2_ws/install/br2_fsm_bumpgo_py:/opt/ros/humble /usr/bin/cmake --build /home/simone/bookros2_ws/build/br2_bt_patrolling -- -j5 -l5
[0.359s] [ 10%] Built target br2_recharge_bt_node
[0.556s] [ 20%] Built target br2_battery_checker_bt_node
[0.671s] [ 30%] Built target br2_track_objects_bt_node
[0.733s] [ 40%] Built target patrolling_main
[0.786s] [ 50%] Built target gtest_main
[0.951s] [ 60%] Built target gtest
[1.156s] [ 70%] Built target br2_get_waypoint_bt_node
[1.270s] [ 80%] Built target bt_action_test
[1.346s] [ 90%] Built target br2_move_bt_node
[1.388s] [100%] Built target br2_patrol_bt_node
[1.905s] Invoked command in '/home/simone/bookros2_ws/build/br2_bt_patrolling' returned '0': CMAKE_PREFIX_PATH=${CMAKE_PREFIX_PATH}:/home/simone/bookros2_ws/install/launch_pal:/home/simone/bookros2_ws/install/br2_fsm_bumpgo_py:/opt/ros/humble /usr/bin/cmake --build /home/simone/bookros2_ws/build/br2_bt_patrolling -- -j5 -l5
[2.320s] Invoking command in '/home/simone/bookros2_ws/build/br2_bt_patrolling': CMAKE_PREFIX_PATH=${CMAKE_PREFIX_PATH}:/home/simone/bookros2_ws/install/launch_pal:/home/simone/bookros2_ws/install/br2_fsm_bumpgo_py:/opt/ros/humble /usr/bin/cmake --install /home/simone/bookros2_ws/build/br2_bt_patrolling
[2.330s] -- Install configuration: "Debug"
[2.333s] -- Execute custom install script
[2.335s] -- Up-to-date symlink: /home/simone/bookros2_ws/install/br2_bt_patrolling/lib/libbr2_recharge_bt_node.so
[2.335s] -- Up-to-date symlink: /home/simone/bookros2_ws/install/br2_bt_patrolling/lib/libbr2_patrol_bt_node.so
[2.340s] -- Up-to-date symlink: /home/simone/bookros2_ws/install/br2_bt_patrolling/lib/libbr2_move_bt_node.so
[2.341s] -- Up-to-date symlink: /home/simone/bookros2_ws/install/br2_bt_patrolling/lib/libbr2_get_waypoint_bt_node.so
[2.350s] -- Up-to-date symlink: /home/simone/bookros2_ws/install/br2_bt_patrolling/lib/libbr2_battery_checker_bt_node.so
[2.351s] -- Up-to-date symlink: /home/simone/bookros2_ws/install/br2_bt_patrolling/lib/libbr2_track_objects_bt_node.so
[2.351s] -- Up-to-date symlink: /home/simone/bookros2_ws/install/br2_bt_patrolling/lib/br2_bt_patrolling/patrolling_main
[2.351s] -- Up-to-date symlink: /home/simone/bookros2_ws/install/br2_bt_patrolling/include//br2_bt_patrolling/BatteryChecker.hpp
[2.351s] -- Up-to-date symlink: /home/simone/bookros2_ws/install/br2_bt_patrolling/include//br2_bt_patrolling/GetWaypoint.hpp
[2.351s] -- Up-to-date symlink: /home/simone/bookros2_ws/install/br2_bt_patrolling/include//br2_bt_patrolling/Move.hpp
[2.351s] -- Up-to-date symlink: /home/simone/bookros2_ws/install/br2_bt_patrolling/include//br2_bt_patrolling/Patrol.hpp
[2.351s] -- Up-to-date symlink: /home/simone/bookros2_ws/install/br2_bt_patrolling/include//br2_bt_patrolling/Recharge.hpp
[2.352s] -- Up-to-date symlink: /home/simone/bookros2_ws/install/br2_bt_patrolling/include//br2_bt_patrolling/TrackObjects.hpp
[2.352s] -- Up-to-date symlink: /home/simone/bookros2_ws/install/br2_bt_patrolling/include//br2_bt_patrolling/ctrl_support/BTActionNode.hpp
[2.352s] -- Up-to-date symlink: /home/simone/bookros2_ws/install/br2_bt_patrolling/include//br2_bt_patrolling/ctrl_support/BTLifecycleCtrlNode.hpp
[2.352s] -- Up-to-date symlink: /home/simone/bookros2_ws/install/br2_bt_patrolling/share/br2_bt_patrolling/behavior_tree_xml/patrolling.xml
[2.352s] -- Up-to-date symlink: /home/simone/bookros2_ws/install/br2_bt_patrolling/share/br2_bt_patrolling/launch/patrolling.launch.py
[2.352s] -- Up-to-date symlink: /home/simone/bookros2_ws/install/br2_bt_patrolling/share/ament_index/resource_index/package_run_dependencies/br2_bt_patrolling
[2.352s] -- Up-to-date symlink: /home/simone/bookros2_ws/install/br2_bt_patrolling/share/ament_index/resource_index/parent_prefix_path/br2_bt_patrolling
[2.353s] -- Up-to-date symlink: /home/simone/bookros2_ws/install/br2_bt_patrolling/share/br2_bt_patrolling/environment/ament_prefix_path.sh
[2.353s] -- Up-to-date symlink: /home/simone/bookros2_ws/install/br2_bt_patrolling/share/br2_bt_patrolling/environment/ament_prefix_path.dsv
[2.353s] -- Up-to-date symlink: /home/simone/bookros2_ws/install/br2_bt_patrolling/share/br2_bt_patrolling/environment/path.sh
[2.353s] -- Up-to-date symlink: /home/simone/bookros2_ws/install/br2_bt_patrolling/share/br2_bt_patrolling/environment/path.dsv
[2.353s] -- Up-to-date symlink: /home/simone/bookros2_ws/install/br2_bt_patrolling/share/br2_bt_patrolling/local_setup.bash
[2.353s] -- Up-to-date symlink: /home/simone/bookros2_ws/install/br2_bt_patrolling/share/br2_bt_patrolling/local_setup.sh
[2.394s] -- Up-to-date symlink: /home/simone/bookros2_ws/install/br2_bt_patrolling/share/br2_bt_patrolling/local_setup.zsh
[2.394s] -- Up-to-date symlink: /home/simone/bookros2_ws/install/br2_bt_patrolling/share/br2_bt_patrolling/local_setup.dsv
[2.395s] -- Symlinking: /home/simone/bookros2_ws/install/br2_bt_patrolling/share/br2_bt_patrolling/package.dsv
[2.431s] -- Up-to-date symlink: /home/simone/bookros2_ws/install/br2_bt_patrolling/share/ament_index/resource_index/packages/br2_bt_patrolling
[2.431s] -- Up-to-date symlink: /home/simone/bookros2_ws/install/br2_bt_patrolling/share/br2_bt_patrolling/cmake/ament_cmake_export_include_directories-extras.cmake
[2.431s] -- Up-to-date symlink: /home/simone/bookros2_ws/install/br2_bt_patrolling/share/br2_bt_patrolling/cmake/ament_cmake_export_dependencies-extras.cmake
[2.431s] -- Up-to-date symlink: /home/simone/bookros2_ws/install/br2_bt_patrolling/share/br2_bt_patrolling/cmake/br2_bt_patrollingConfig.cmake
[2.431s] -- Up-to-date symlink: /home/simone/bookros2_ws/install/br2_bt_patrolling/share/br2_bt_patrolling/cmake/br2_bt_patrollingConfig-version.cmake
[2.432s] -- Up-to-date symlink: /home/simone/bookros2_ws/install/br2_bt_patrolling/share/br2_bt_patrolling/package.xml
[2.512s] Invoked command in '/home/simone/bookros2_ws/build/br2_bt_patrolling' returned '0': CMAKE_PREFIX_PATH=${CMAKE_PREFIX_PATH}:/home/simone/bookros2_ws/install/launch_pal:/home/simone/bookros2_ws/install/br2_fsm_bumpgo_py:/opt/ros/humble /usr/bin/cmake --install /home/simone/bookros2_ws/build/br2_bt_patrolling
