[0.677s] Invoking command in '/home/simone/bookros2_ws/build/pal_gripper_controller_configuration': CMAKE_PREFIX_PATH=${CMAKE_PREFIX_PATH}:/home/simone/bookros2_ws/install/launch_pal:/home/simone/bookros2_ws/install/br2_fsm_bumpgo_py:/opt/ros/humble /usr/bin/cmake --build /home/simone/bookros2_ws/build/pal_gripper_controller_configuration -- -j5 -l5
[0.779s] Invoked command in '/home/simone/bookros2_ws/build/pal_gripper_controller_configuration' returned '0': CMAKE_PREFIX_PATH=${CMAKE_PREFIX_PATH}:/home/simone/bookros2_ws/install/launch_pal:/home/simone/bookros2_ws/install/br2_fsm_bumpgo_py:/opt/ros/humble /usr/bin/cmake --build /home/simone/bookros2_ws/build/pal_gripper_controller_configuration -- -j5 -l5
[0.881s] Invoking command in '/home/simone/bookros2_ws/build/pal_gripper_controller_configuration': CMAKE_PREFIX_PATH=${CMAKE_PREFIX_PATH}:/home/simone/bookros2_ws/install/launch_pal:/home/simone/bookros2_ws/install/br2_fsm_bumpgo_py:/opt/ros/humble /usr/bin/cmake --install /home/simone/bookros2_ws/build/pal_gripper_controller_configuration
[0.919s] -- Install configuration: ""
[0.930s] -- Execute custom install script
[0.932s] -- Up-to-date symlink: /home/simone/bookros2_ws/install/pal_gripper_controller_configuration/share/pal_gripper_controller_configuration/config/current_limit_controllers.yaml
[0.934s] -- Up-to-date symlink: /home/simone/bookros2_ws/install/pal_gripper_controller_configuration/share/pal_gripper_controller_configuration/config/current_limit_controllers_left.yaml
[0.935s] -- Up-to-date symlink: /home/simone/bookros2_ws/install/pal_gripper_controller_configuration/share/pal_gripper_controller_configuration/config/current_limit_controllers_right.yaml
[0.937s] -- Up-to-date symlink: /home/simone/bookros2_ws/install/pal_gripper_controller_configuration/share/pal_gripper_controller_configuration/config/gripper_controller.yaml
[0.939s] -- Up-to-date symlink: /home/simone/bookros2_ws/install/pal_gripper_controller_configuration/share/pal_gripper_controller_configuration/config/joint_trajectory_controllers.yaml
[0.950s] -- Up-to-date symlink: /home/simone/bookros2_ws/install/pal_gripper_controller_configuration/share/pal_gripper_controller_configuration/config/pids.yaml
[0.952s] -- Up-to-date symlink: /home/simone/bookros2_ws/install/pal_gripper_controller_configuration/share/pal_gripper_controller_configuration/launch/current_limit_controllers.launch
[0.955s] -- Up-to-date symlink: /home/simone/bookros2_ws/install/pal_gripper_controller_configuration/share/pal_gripper_controller_configuration/launch/gripper_controller.launch
[0.956s] -- Up-to-date symlink: /home/simone/bookros2_ws/install/pal_gripper_controller_configuration/share/ament_index/resource_index/package_run_dependencies/pal_gripper_controller_configuration
[0.958s] -- Up-to-date symlink: /home/simone/bookros2_ws/install/pal_gripper_controller_configuration/share/ament_index/resource_index/parent_prefix_path/pal_gripper_controller_configuration
[0.960s] -- Up-to-date symlink: /home/simone/bookros2_ws/install/pal_gripper_controller_configuration/share/pal_gripper_controller_configuration/environment/ament_prefix_path.sh
[0.962s] -- Up-to-date symlink: /home/simone/bookros2_ws/install/pal_gripper_controller_configuration/share/pal_gripper_controller_configuration/environment/ament_prefix_path.dsv
[0.965s] -- Up-to-date symlink: /home/simone/bookros2_ws/install/pal_gripper_controller_configuration/share/pal_gripper_controller_configuration/environment/path.sh
[0.972s] -- Up-to-date symlink: /home/simone/bookros2_ws/install/pal_gripper_controller_configuration/share/pal_gripper_controller_configuration/environment/path.dsv
[0.973s] -- Up-to-date symlink: /home/simone/bookros2_ws/install/pal_gripper_controller_configuration/share/pal_gripper_controller_configuration/local_setup.bash
[0.973s] -- Up-to-date symlink: /home/simone/bookros2_ws/install/pal_gripper_controller_configuration/share/pal_gripper_controller_configuration/local_setup.sh
[0.973s] -- Up-to-date symlink: /home/simone/bookros2_ws/install/pal_gripper_controller_configuration/share/pal_gripper_controller_configuration/local_setup.zsh
[0.973s] -- Up-to-date symlink: /home/simone/bookros2_ws/install/pal_gripper_controller_configuration/share/pal_gripper_controller_configuration/local_setup.dsv
[0.973s] -- Symlinking: /home/simone/bookros2_ws/install/pal_gripper_controller_configuration/share/pal_gripper_controller_configuration/package.dsv
[0.992s] -- Up-to-date symlink: /home/simone/bookros2_ws/install/pal_gripper_controller_configuration/share/ament_index/resource_index/packages/pal_gripper_controller_configuration
[0.992s] -- Up-to-date symlink: /home/simone/bookros2_ws/install/pal_gripper_controller_configuration/share/pal_gripper_controller_configuration/cmake/pal_gripper_controller_configurationConfig.cmake
[0.992s] -- Up-to-date symlink: /home/simone/bookros2_ws/install/pal_gripper_controller_configuration/share/pal_gripper_controller_configuration/cmake/pal_gripper_controller_configurationConfig-version.cmake
[0.992s] -- Up-to-date symlink: /home/simone/bookros2_ws/install/pal_gripper_controller_configuration/share/pal_gripper_controller_configuration/package.xml
[0.999s] Invoked command in '/home/simone/bookros2_ws/build/pal_gripper_controller_configuration' returned '0': CMAKE_PREFIX_PATH=${CMAKE_PREFIX_PATH}:/home/simone/bookros2_ws/install/launch_pal:/home/simone/bookros2_ws/install/br2_fsm_bumpgo_py:/opt/ros/humble /usr/bin/cmake --install /home/simone/bookros2_ws/build/pal_gripper_controller_configuration
