[0.026s] Invoking command in '/home/simone/bookros2_ws/build/tiago_laser_sensors': AMENT_PREFIX_PATH=/home/simone/bookros2_ws/install/pmb2_laser_sensors:${AMENT_PREFIX_PATH} CMAKE_PREFIX_PATH=/home/simone/bookros2_ws/install/pmb2_laser_sensors:/opt/ros/humble /usr/bin/cmake /home/simone/bookros2_ws/src/ThirdParty/tiago_navigation/tiago_laser_sensors -DAMENT_CMAKE_SYMLINK_INSTALL=1 -DCMAKE_INSTALL_PREFIX=/home/simone/bookros2_ws/install/tiago_laser_sensors
[0.162s] -- The C compiler identification is GNU 11.3.0
[0.272s] -- The CXX compiler identification is GNU 11.3.0
[0.303s] -- Detecting C compiler ABI info
[0.448s] -- Detecting C compiler ABI info - done
[0.469s] -- Check for working C compiler: /usr/bin/cc - skipped
[0.470s] -- Detecting C compile features
[0.472s] -- Detecting C compile features - done
[0.479s] -- Detecting CXX compiler ABI info
[0.636s] -- Detecting CXX compiler ABI info - done
[0.664s] -- Check for working CXX compiler: /usr/bin/c++ - skipped
[0.667s] -- Detecting CXX compile features
[0.668s] -- Detecting CXX compile features - done
[0.672s] -- Found ament_cmake_auto: 1.3.5 (/opt/ros/humble/share/ament_cmake_auto/cmake)
[1.007s] -- Found Python3: /usr/bin/python3.10 (found version "3.10.6") found components: Interpreter 
[1.133s] -- Override CMake install command with custom implementation using symlinks instead of copying resources
[1.439s] -- Added test 'copyright' to check source files copyright and LICENSE
[1.441s] -- Added test 'flake8' to check Python code syntax and style conventions
[1.444s] -- Added test 'lint_cmake' to check CMake code style
[1.445s] -- Added test 'pep257' to check Python code against some of the docstring style conventions in PEP 257
[1.446s] -- Added test 'xmllint' to check XML markup files
[1.449s] -- Configuring done
[1.454s] -- Generating done
[1.456s] -- Build files have been written to: /home/simone/bookros2_ws/build/tiago_laser_sensors
[1.483s] Invoked command in '/home/simone/bookros2_ws/build/tiago_laser_sensors' returned '0': AMENT_PREFIX_PATH=/home/simone/bookros2_ws/install/pmb2_laser_sensors:${AMENT_PREFIX_PATH} CMAKE_PREFIX_PATH=/home/simone/bookros2_ws/install/pmb2_laser_sensors:/opt/ros/humble /usr/bin/cmake /home/simone/bookros2_ws/src/ThirdParty/tiago_navigation/tiago_laser_sensors -DAMENT_CMAKE_SYMLINK_INSTALL=1 -DCMAKE_INSTALL_PREFIX=/home/simone/bookros2_ws/install/tiago_laser_sensors
[1.484s] Invoking command in '/home/simone/bookros2_ws/build/tiago_laser_sensors': AMENT_PREFIX_PATH=/home/simone/bookros2_ws/install/pmb2_laser_sensors:${AMENT_PREFIX_PATH} CMAKE_PREFIX_PATH=/home/simone/bookros2_ws/install/pmb2_laser_sensors:/opt/ros/humble /usr/bin/cmake --build /home/simone/bookros2_ws/build/tiago_laser_sensors -- -j5 -l5
[1.614s] Invoked command in '/home/simone/bookros2_ws/build/tiago_laser_sensors' returned '0': AMENT_PREFIX_PATH=/home/simone/bookros2_ws/install/pmb2_laser_sensors:${AMENT_PREFIX_PATH} CMAKE_PREFIX_PATH=/home/simone/bookros2_ws/install/pmb2_laser_sensors:/opt/ros/humble /usr/bin/cmake --build /home/simone/bookros2_ws/build/tiago_laser_sensors -- -j5 -l5
[1.783s] Invoking command in '/home/simone/bookros2_ws/build/tiago_laser_sensors': AMENT_PREFIX_PATH=/home/simone/bookros2_ws/install/pmb2_laser_sensors:${AMENT_PREFIX_PATH} CMAKE_PREFIX_PATH=/home/simone/bookros2_ws/install/pmb2_laser_sensors:/opt/ros/humble /usr/bin/cmake --install /home/simone/bookros2_ws/build/tiago_laser_sensors
[1.797s] -- Install configuration: ""
[1.798s] -- Execute custom install script
[1.800s] -- Symlinking: /home/simone/bookros2_ws/install/tiago_laser_sensors/share/tiago_laser_sensors/launch/laser.launch.py
[1.823s] -- Symlinking: /home/simone/bookros2_ws/install/tiago_laser_sensors/share/ament_index/resource_index/package_run_dependencies/tiago_laser_sensors
[1.839s] -- Symlinking: /home/simone/bookros2_ws/install/tiago_laser_sensors/share/ament_index/resource_index/parent_prefix_path/tiago_laser_sensors
[1.853s] -- Symlinking: /home/simone/bookros2_ws/install/tiago_laser_sensors/share/tiago_laser_sensors/environment/ament_prefix_path.sh
[1.872s] -- Symlinking: /home/simone/bookros2_ws/install/tiago_laser_sensors/share/tiago_laser_sensors/environment/ament_prefix_path.dsv
[1.894s] -- Symlinking: /home/simone/bookros2_ws/install/tiago_laser_sensors/share/tiago_laser_sensors/environment/path.sh
[1.909s] -- Symlinking: /home/simone/bookros2_ws/install/tiago_laser_sensors/share/tiago_laser_sensors/environment/path.dsv
[1.918s] -- Symlinking: /home/simone/bookros2_ws/install/tiago_laser_sensors/share/tiago_laser_sensors/local_setup.bash
[1.929s] -- Symlinking: /home/simone/bookros2_ws/install/tiago_laser_sensors/share/tiago_laser_sensors/local_setup.sh
[1.979s] -- Symlinking: /home/simone/bookros2_ws/install/tiago_laser_sensors/share/tiago_laser_sensors/local_setup.zsh
[1.999s] -- Symlinking: /home/simone/bookros2_ws/install/tiago_laser_sensors/share/tiago_laser_sensors/local_setup.dsv
[2.021s] -- Symlinking: /home/simone/bookros2_ws/install/tiago_laser_sensors/share/tiago_laser_sensors/package.dsv
[2.037s] -- Symlinking: /home/simone/bookros2_ws/install/tiago_laser_sensors/share/ament_index/resource_index/packages/tiago_laser_sensors
[2.045s] -- Symlinking: /home/simone/bookros2_ws/install/tiago_laser_sensors/share/tiago_laser_sensors/cmake/tiago_laser_sensorsConfig.cmake
[2.057s] -- Symlinking: /home/simone/bookros2_ws/install/tiago_laser_sensors/share/tiago_laser_sensors/cmake/tiago_laser_sensorsConfig-version.cmake
[2.071s] -- Symlinking: /home/simone/bookros2_ws/install/tiago_laser_sensors/share/tiago_laser_sensors/package.xml
[2.091s] Invoked command in '/home/simone/bookros2_ws/build/tiago_laser_sensors' returned '0': AMENT_PREFIX_PATH=/home/simone/bookros2_ws/install/pmb2_laser_sensors:${AMENT_PREFIX_PATH} CMAKE_PREFIX_PATH=/home/simone/bookros2_ws/install/pmb2_laser_sensors:/opt/ros/humble /usr/bin/cmake --install /home/simone/bookros2_ws/build/tiago_laser_sensors
