[0.079s] Invoking command in '/home/simone/bookros2_ws/build/br2_tracking_msgs': CMAKE_PREFIX_PATH=/opt/ros/humble /usr/bin/cmake --build /home/simone/bookros2_ws/build/br2_tracking_msgs -- -j6 -l6
[0.159s] [  9%] Built target br2_tracking_msgs__rosidl_generator_c
[0.162s] [  9%] Built target ament_cmake_python_symlink_br2_tracking_msgs
[0.193s] [ 12%] Built target br2_tracking_msgs__cpp
[0.218s] [ 22%] Built target br2_tracking_msgs__rosidl_typesupport_introspection_c
[0.218s] [ 32%] Built target br2_tracking_msgs__rosidl_typesupport_fastrtps_c
[0.238s] [ 41%] Built target br2_tracking_msgs__rosidl_typesupport_c
[0.245s] [ 51%] Built target br2_tracking_msgs__rosidl_typesupport_fastrtps_cpp
[0.280s] [ 61%] Built target br2_tracking_msgs__rosidl_typesupport_introspection_cpp
[0.360s] [ 70%] Built target br2_tracking_msgs__rosidl_typesupport_cpp
[0.387s] [ 70%] Built target br2_tracking_msgs
[0.393s] [ 74%] Built target br2_tracking_msgs__py
[0.426s] [ 80%] Built target br2_tracking_msgs__rosidl_generator_py
[0.507s] [ 87%] Built target br2_tracking_msgs__rosidl_typesupport_c__pyext
[0.511s] [ 93%] Built target br2_tracking_msgs__rosidl_typesupport_introspection_c__pyext
[0.530s] [100%] Built target br2_tracking_msgs__rosidl_typesupport_fastrtps_c__pyext
[0.770s] running egg_info
[0.771s] writing br2_tracking_msgs.egg-info/PKG-INFO
[0.772s] writing dependency_links to br2_tracking_msgs.egg-info/dependency_links.txt
[0.772s] writing top-level names to br2_tracking_msgs.egg-info/top_level.txt
[0.779s] reading manifest file 'br2_tracking_msgs.egg-info/SOURCES.txt'
[0.783s] writing manifest file 'br2_tracking_msgs.egg-info/SOURCES.txt'
[0.840s] [100%] Built target ament_cmake_python_build_br2_tracking_msgs_egg
[0.892s] Invoked command in '/home/simone/bookros2_ws/build/br2_tracking_msgs' returned '0': CMAKE_PREFIX_PATH=/opt/ros/humble /usr/bin/cmake --build /home/simone/bookros2_ws/build/br2_tracking_msgs -- -j6 -l6
[1.002s] Invoking command in '/home/simone/bookros2_ws/build/br2_tracking_msgs': CMAKE_PREFIX_PATH=/opt/ros/humble /usr/bin/cmake --install /home/simone/bookros2_ws/build/br2_tracking_msgs
[1.015s] -- Install configuration: ""
[1.015s] -- Execute custom install script
[1.016s] -- Up-to-date symlink: /home/simone/bookros2_ws/install/br2_tracking_msgs/share/ament_index/resource_index/rosidl_interfaces/br2_tracking_msgs
[1.016s] -- Up-to-date symlink: /home/simone/bookros2_ws/install/br2_tracking_msgs/include/br2_tracking_msgs/br2_tracking_msgs/msg/detail/pan_tilt_command__functions.h
[1.016s] -- Up-to-date symlink: /home/simone/bookros2_ws/install/br2_tracking_msgs/include/br2_tracking_msgs/br2_tracking_msgs/msg/detail/pan_tilt_command__struct.h
[1.017s] -- Up-to-date symlink: /home/simone/bookros2_ws/install/br2_tracking_msgs/include/br2_tracking_msgs/br2_tracking_msgs/msg/detail/pan_tilt_command__type_support.h
[1.017s] -- Up-to-date symlink: /home/simone/bookros2_ws/install/br2_tracking_msgs/include/br2_tracking_msgs/br2_tracking_msgs/msg/pan_tilt_command.h
[1.017s] -- Up-to-date symlink: /home/simone/bookros2_ws/install/br2_tracking_msgs/include/br2_tracking_msgs/br2_tracking_msgs/msg/rosidl_generator_c__visibility_control.h
[1.017s] -- Up-to-date symlink: /home/simone/bookros2_ws/install/br2_tracking_msgs/share/br2_tracking_msgs/environment/library_path.sh
[1.021s] -- Up-to-date symlink: /home/simone/bookros2_ws/install/br2_tracking_msgs/share/br2_tracking_msgs/environment/library_path.dsv
[1.021s] -- Up-to-date symlink: /home/simone/bookros2_ws/install/br2_tracking_msgs/include/br2_tracking_msgs/br2_tracking_msgs/msg/detail/pan_tilt_command__rosidl_typesupport_fastrtps_c.h
[1.021s] -- Up-to-date symlink: /home/simone/bookros2_ws/install/br2_tracking_msgs/include/br2_tracking_msgs/br2_tracking_msgs/msg/rosidl_typesupport_fastrtps_c__visibility_control.h
[1.022s] -- Up-to-date symlink: /home/simone/bookros2_ws/install/br2_tracking_msgs/include/br2_tracking_msgs/br2_tracking_msgs/msg/detail/pan_tilt_command__builder.hpp
[1.022s] -- Up-to-date symlink: /home/simone/bookros2_ws/install/br2_tracking_msgs/include/br2_tracking_msgs/br2_tracking_msgs/msg/detail/pan_tilt_command__struct.hpp
[1.022s] -- Up-to-date symlink: /home/simone/bookros2_ws/install/br2_tracking_msgs/include/br2_tracking_msgs/br2_tracking_msgs/msg/detail/pan_tilt_command__traits.hpp
[1.022s] -- Up-to-date symlink: /home/simone/bookros2_ws/install/br2_tracking_msgs/include/br2_tracking_msgs/br2_tracking_msgs/msg/pan_tilt_command.hpp
[1.022s] -- Up-to-date symlink: /home/simone/bookros2_ws/install/br2_tracking_msgs/include/br2_tracking_msgs/br2_tracking_msgs/msg/detail/pan_tilt_command__rosidl_typesupport_fastrtps_cpp.hpp
[1.022s] -- Up-to-date symlink: /home/simone/bookros2_ws/install/br2_tracking_msgs/include/br2_tracking_msgs/br2_tracking_msgs/msg/rosidl_typesupport_fastrtps_cpp__visibility_control.h
[1.023s] -- Up-to-date symlink: /home/simone/bookros2_ws/install/br2_tracking_msgs/include/br2_tracking_msgs/br2_tracking_msgs/msg/detail/pan_tilt_command__rosidl_typesupport_introspection_c.h
[1.023s] -- Up-to-date symlink: /home/simone/bookros2_ws/install/br2_tracking_msgs/include/br2_tracking_msgs/br2_tracking_msgs/msg/rosidl_typesupport_introspection_c__visibility_control.h
[1.023s] -- Up-to-date symlink: /home/simone/bookros2_ws/install/br2_tracking_msgs/include/br2_tracking_msgs/br2_tracking_msgs/msg/detail/pan_tilt_command__rosidl_typesupport_introspection_cpp.hpp
[1.024s] -- Up-to-date symlink: /home/simone/bookros2_ws/install/br2_tracking_msgs/share/br2_tracking_msgs/environment/pythonpath.sh
[1.024s] -- Up-to-date symlink: /home/simone/bookros2_ws/install/br2_tracking_msgs/share/br2_tracking_msgs/environment/pythonpath.dsv
[1.024s] -- Up-to-date symlink: /home/simone/bookros2_ws/install/br2_tracking_msgs/local/lib/python3.10/dist-packages/br2_tracking_msgs-0.2.0-py3.10.egg-info/PKG-INFO
[1.024s] -- Up-to-date symlink: /home/simone/bookros2_ws/install/br2_tracking_msgs/local/lib/python3.10/dist-packages/br2_tracking_msgs-0.2.0-py3.10.egg-info/SOURCES.txt
[1.025s] -- Up-to-date symlink: /home/simone/bookros2_ws/install/br2_tracking_msgs/local/lib/python3.10/dist-packages/br2_tracking_msgs-0.2.0-py3.10.egg-info/dependency_links.txt
[1.025s] -- Up-to-date symlink: /home/simone/bookros2_ws/install/br2_tracking_msgs/local/lib/python3.10/dist-packages/br2_tracking_msgs-0.2.0-py3.10.egg-info/top_level.txt
[1.027s] -- Up-to-date symlink: /home/simone/bookros2_ws/install/br2_tracking_msgs/local/lib/python3.10/dist-packages/br2_tracking_msgs/__init__.py
[1.027s] -- Up-to-date symlink: /home/simone/bookros2_ws/install/br2_tracking_msgs/local/lib/python3.10/dist-packages/br2_tracking_msgs/_br2_tracking_msgs_s.ep.rosidl_typesupport_c.c
[1.028s] -- Up-to-date symlink: /home/simone/bookros2_ws/install/br2_tracking_msgs/local/lib/python3.10/dist-packages/br2_tracking_msgs/_br2_tracking_msgs_s.ep.rosidl_typesupport_fastrtps_c.c
[1.028s] -- Up-to-date symlink: /home/simone/bookros2_ws/install/br2_tracking_msgs/local/lib/python3.10/dist-packages/br2_tracking_msgs/_br2_tracking_msgs_s.ep.rosidl_typesupport_introspection_c.c
[1.028s] -- Up-to-date symlink: /home/simone/bookros2_ws/install/br2_tracking_msgs/local/lib/python3.10/dist-packages/br2_tracking_msgs/br2_tracking_msgs_s__rosidl_typesupport_c.cpython-310-x86_64-linux-gnu.so
[1.028s] -- Up-to-date symlink: /home/simone/bookros2_ws/install/br2_tracking_msgs/local/lib/python3.10/dist-packages/br2_tracking_msgs/br2_tracking_msgs_s__rosidl_typesupport_fastrtps_c.cpython-310-x86_64-linux-gnu.so
[1.029s] -- Up-to-date symlink: /home/simone/bookros2_ws/install/br2_tracking_msgs/local/lib/python3.10/dist-packages/br2_tracking_msgs/br2_tracking_msgs_s__rosidl_typesupport_introspection_c.cpython-310-x86_64-linux-gnu.so
[1.029s] -- Up-to-date symlink: /home/simone/bookros2_ws/install/br2_tracking_msgs/local/lib/python3.10/dist-packages/br2_tracking_msgs/libbr2_tracking_msgs__rosidl_generator_py.so
[1.029s] -- Up-to-date symlink: /home/simone/bookros2_ws/install/br2_tracking_msgs/local/lib/python3.10/dist-packages/br2_tracking_msgs/msg/__init__.py
[1.029s] -- Up-to-date symlink: /home/simone/bookros2_ws/install/br2_tracking_msgs/local/lib/python3.10/dist-packages/br2_tracking_msgs/msg/_pan_tilt_command.py
[1.029s] -- Up-to-date symlink: /home/simone/bookros2_ws/install/br2_tracking_msgs/local/lib/python3.10/dist-packages/br2_tracking_msgs/msg/_pan_tilt_command_s.c
[1.030s] -- Up-to-date symlink: /home/simone/bookros2_ws/install/br2_tracking_msgs/local/lib/python3.10/dist-packages/br2_tracking_msgs/br2_tracking_msgs_s__rosidl_typesupport_fastrtps_c.cpython-310-x86_64-linux-gnu.so
[1.030s] -- Up-to-date symlink: /home/simone/bookros2_ws/install/br2_tracking_msgs/local/lib/python3.10/dist-packages/br2_tracking_msgs/br2_tracking_msgs_s__rosidl_typesupport_introspection_c.cpython-310-x86_64-linux-gnu.so
[1.030s] -- Up-to-date symlink: /home/simone/bookros2_ws/install/br2_tracking_msgs/local/lib/python3.10/dist-packages/br2_tracking_msgs/br2_tracking_msgs_s__rosidl_typesupport_c.cpython-310-x86_64-linux-gnu.so
[1.030s] -- Up-to-date symlink: /home/simone/bookros2_ws/install/br2_tracking_msgs/share/br2_tracking_msgs/msg/PanTiltCommand.idl
[1.031s] -- Up-to-date symlink: /home/simone/bookros2_ws/install/br2_tracking_msgs/share/br2_tracking_msgs/msg/PanTiltCommand.msg
[1.031s] -- Up-to-date symlink: /home/simone/bookros2_ws/install/br2_tracking_msgs/share/ament_index/resource_index/package_run_dependencies/br2_tracking_msgs
[1.032s] -- Up-to-date symlink: /home/simone/bookros2_ws/install/br2_tracking_msgs/share/ament_index/resource_index/parent_prefix_path/br2_tracking_msgs
[1.032s] -- Up-to-date symlink: /home/simone/bookros2_ws/install/br2_tracking_msgs/share/br2_tracking_msgs/environment/ament_prefix_path.sh
[1.032s] -- Up-to-date symlink: /home/simone/bookros2_ws/install/br2_tracking_msgs/share/br2_tracking_msgs/environment/ament_prefix_path.dsv
[1.032s] -- Up-to-date symlink: /home/simone/bookros2_ws/install/br2_tracking_msgs/share/br2_tracking_msgs/environment/path.sh
[1.033s] -- Up-to-date symlink: /home/simone/bookros2_ws/install/br2_tracking_msgs/share/br2_tracking_msgs/environment/path.dsv
[1.033s] -- Up-to-date symlink: /home/simone/bookros2_ws/install/br2_tracking_msgs/share/br2_tracking_msgs/local_setup.bash
[1.033s] -- Up-to-date symlink: /home/simone/bookros2_ws/install/br2_tracking_msgs/share/br2_tracking_msgs/local_setup.sh
[1.033s] -- Up-to-date symlink: /home/simone/bookros2_ws/install/br2_tracking_msgs/share/br2_tracking_msgs/local_setup.zsh
[1.033s] -- Up-to-date symlink: /home/simone/bookros2_ws/install/br2_tracking_msgs/share/br2_tracking_msgs/local_setup.dsv
[1.033s] -- Symlinking: /home/simone/bookros2_ws/install/br2_tracking_msgs/share/br2_tracking_msgs/package.dsv
[1.045s] -- Up-to-date symlink: /home/simone/bookros2_ws/install/br2_tracking_msgs/share/ament_index/resource_index/packages/br2_tracking_msgs
[1.046s] -- Up-to-date symlink: /home/simone/bookros2_ws/install/br2_tracking_msgs/share/br2_tracking_msgs/cmake/rosidl_cmake-extras.cmake
[1.046s] -- Up-to-date symlink: /home/simone/bookros2_ws/install/br2_tracking_msgs/share/br2_tracking_msgs/cmake/ament_cmake_export_dependencies-extras.cmake
[1.046s] -- Up-to-date symlink: /home/simone/bookros2_ws/install/br2_tracking_msgs/share/br2_tracking_msgs/cmake/ament_cmake_export_include_directories-extras.cmake
[1.046s] -- Up-to-date symlink: /home/simone/bookros2_ws/install/br2_tracking_msgs/share/br2_tracking_msgs/cmake/ament_cmake_export_libraries-extras.cmake
[1.046s] -- Up-to-date symlink: /home/simone/bookros2_ws/install/br2_tracking_msgs/share/br2_tracking_msgs/cmake/ament_cmake_export_targets-extras.cmake
[1.046s] -- Up-to-date symlink: /home/simone/bookros2_ws/install/br2_tracking_msgs/share/br2_tracking_msgs/cmake/rosidl_cmake_export_typesupport_targets-extras.cmake
[1.047s] -- Up-to-date symlink: /home/simone/bookros2_ws/install/br2_tracking_msgs/share/br2_tracking_msgs/cmake/rosidl_cmake_export_typesupport_libraries-extras.cmake
[1.047s] -- Up-to-date symlink: /home/simone/bookros2_ws/install/br2_tracking_msgs/share/br2_tracking_msgs/cmake/br2_tracking_msgsConfig.cmake
[1.047s] -- Up-to-date symlink: /home/simone/bookros2_ws/install/br2_tracking_msgs/share/br2_tracking_msgs/cmake/br2_tracking_msgsConfig-version.cmake
[1.047s] -- Up-to-date symlink: /home/simone/bookros2_ws/install/br2_tracking_msgs/share/br2_tracking_msgs/package.xml
[1.047s] -- Up-to-date: /home/simone/bookros2_ws/install/br2_tracking_msgs/lib/libbr2_tracking_msgs__rosidl_generator_c.so
[1.048s] -- Up-to-date: /home/simone/bookros2_ws/install/br2_tracking_msgs/lib/libbr2_tracking_msgs__rosidl_typesupport_fastrtps_c.so
[1.048s] -- Up-to-date: /home/simone/bookros2_ws/install/br2_tracking_msgs/lib/libbr2_tracking_msgs__rosidl_typesupport_fastrtps_cpp.so
[1.048s] -- Up-to-date: /home/simone/bookros2_ws/install/br2_tracking_msgs/lib/libbr2_tracking_msgs__rosidl_typesupport_introspection_c.so
[1.048s] -- Up-to-date: /home/simone/bookros2_ws/install/br2_tracking_msgs/lib/libbr2_tracking_msgs__rosidl_typesupport_c.so
[1.051s] -- Up-to-date: /home/simone/bookros2_ws/install/br2_tracking_msgs/lib/libbr2_tracking_msgs__rosidl_typesupport_introspection_cpp.so
[1.051s] -- Up-to-date: /home/simone/bookros2_ws/install/br2_tracking_msgs/lib/libbr2_tracking_msgs__rosidl_typesupport_cpp.so
[1.096s] Listing '/home/simone/bookros2_ws/install/br2_tracking_msgs/local/lib/python3.10/dist-packages/br2_tracking_msgs'...
[1.096s] Listing '/home/simone/bookros2_ws/install/br2_tracking_msgs/local/lib/python3.10/dist-packages/br2_tracking_msgs/msg'...
[1.104s] -- Up-to-date: /home/simone/bookros2_ws/install/br2_tracking_msgs/lib/libbr2_tracking_msgs__rosidl_generator_py.so
[1.105s] -- Up-to-date: /home/simone/bookros2_ws/install/br2_tracking_msgs/share/br2_tracking_msgs/cmake/export_br2_tracking_msgs__rosidl_generator_cExport.cmake
[1.105s] -- Up-to-date: /home/simone/bookros2_ws/install/br2_tracking_msgs/share/br2_tracking_msgs/cmake/export_br2_tracking_msgs__rosidl_generator_cExport-noconfig.cmake
[1.105s] -- Up-to-date: /home/simone/bookros2_ws/install/br2_tracking_msgs/share/br2_tracking_msgs/cmake/export_br2_tracking_msgs__rosidl_typesupport_fastrtps_cExport.cmake
[1.105s] -- Up-to-date: /home/simone/bookros2_ws/install/br2_tracking_msgs/share/br2_tracking_msgs/cmake/export_br2_tracking_msgs__rosidl_typesupport_fastrtps_cExport-noconfig.cmake
[1.105s] -- Up-to-date: /home/simone/bookros2_ws/install/br2_tracking_msgs/share/br2_tracking_msgs/cmake/export_br2_tracking_msgs__rosidl_generator_cppExport.cmake
[1.106s] -- Up-to-date: /home/simone/bookros2_ws/install/br2_tracking_msgs/share/br2_tracking_msgs/cmake/export_br2_tracking_msgs__rosidl_typesupport_fastrtps_cppExport.cmake
[1.106s] -- Up-to-date: /home/simone/bookros2_ws/install/br2_tracking_msgs/share/br2_tracking_msgs/cmake/export_br2_tracking_msgs__rosidl_typesupport_fastrtps_cppExport-noconfig.cmake
[1.106s] -- Up-to-date: /home/simone/bookros2_ws/install/br2_tracking_msgs/share/br2_tracking_msgs/cmake/br2_tracking_msgs__rosidl_typesupport_introspection_cExport.cmake
[1.106s] -- Up-to-date: /home/simone/bookros2_ws/install/br2_tracking_msgs/share/br2_tracking_msgs/cmake/br2_tracking_msgs__rosidl_typesupport_introspection_cExport-noconfig.cmake
[1.107s] -- Up-to-date: /home/simone/bookros2_ws/install/br2_tracking_msgs/share/br2_tracking_msgs/cmake/br2_tracking_msgs__rosidl_typesupport_cExport.cmake
[1.107s] -- Up-to-date: /home/simone/bookros2_ws/install/br2_tracking_msgs/share/br2_tracking_msgs/cmake/br2_tracking_msgs__rosidl_typesupport_cExport-noconfig.cmake
[1.107s] -- Up-to-date: /home/simone/bookros2_ws/install/br2_tracking_msgs/share/br2_tracking_msgs/cmake/br2_tracking_msgs__rosidl_typesupport_introspection_cppExport.cmake
[1.107s] -- Up-to-date: /home/simone/bookros2_ws/install/br2_tracking_msgs/share/br2_tracking_msgs/cmake/br2_tracking_msgs__rosidl_typesupport_introspection_cppExport-noconfig.cmake
[1.107s] -- Up-to-date: /home/simone/bookros2_ws/install/br2_tracking_msgs/share/br2_tracking_msgs/cmake/br2_tracking_msgs__rosidl_typesupport_cppExport.cmake
[1.107s] -- Up-to-date: /home/simone/bookros2_ws/install/br2_tracking_msgs/share/br2_tracking_msgs/cmake/br2_tracking_msgs__rosidl_typesupport_cppExport-noconfig.cmake
[1.107s] -- Up-to-date: /home/simone/bookros2_ws/install/br2_tracking_msgs/share/br2_tracking_msgs/cmake/export_br2_tracking_msgs__rosidl_generator_pyExport.cmake
[1.108s] -- Up-to-date: /home/simone/bookros2_ws/install/br2_tracking_msgs/share/br2_tracking_msgs/cmake/export_br2_tracking_msgs__rosidl_generator_pyExport-noconfig.cmake
[1.149s] Invoked command in '/home/simone/bookros2_ws/build/br2_tracking_msgs' returned '0': CMAKE_PREFIX_PATH=/opt/ros/humble /usr/bin/cmake --install /home/simone/bookros2_ws/build/br2_tracking_msgs
