[0.037s] Invoking command in '/home/simone/bookros2_ws/build/br2_bt_patrolling': CMAKE_PREFIX_PATH=/opt/ros/humble /usr/bin/cmake --build /home/simone/bookros2_ws/build/br2_bt_patrolling -- -j6 -l6
[0.164s] [ 10%] Built target br2_battery_checker_bt_node
[0.165s] [ 25%] Built target br2_get_waypoint_bt_node
[0.165s] [ 30%] Built target br2_move_bt_node
[0.166s] [ 40%] Built target br2_patrol_bt_node
[0.167s] [ 50%] Built target br2_track_objects_bt_node
[0.168s] [ 60%] Built target br2_recharge_bt_node
[0.212s] [ 70%] Built target gtest
[0.217s] [ 80%] Built target gtest_main
[0.217s] [ 90%] Built target patrolling_main
[0.254s] [100%] Built target bt_action_test
[0.326s] Invoked command in '/home/simone/bookros2_ws/build/br2_bt_patrolling' returned '0': CMAKE_PREFIX_PATH=/opt/ros/humble /usr/bin/cmake --build /home/simone/bookros2_ws/build/br2_bt_patrolling -- -j6 -l6
[0.879s] Invoking command in '/home/simone/bookros2_ws/build/br2_bt_patrolling': CMAKE_PREFIX_PATH=/opt/ros/humble /usr/bin/cmake --install /home/simone/bookros2_ws/build/br2_bt_patrolling
[0.889s] -- Install configuration: "Debug"
[0.889s] -- Execute custom install script
[0.890s] -- Up-to-date symlink: /home/simone/bookros2_ws/install/br2_bt_patrolling/lib/libbr2_recharge_bt_node.so
[0.890s] -- Up-to-date symlink: /home/simone/bookros2_ws/install/br2_bt_patrolling/lib/libbr2_patrol_bt_node.so
[0.890s] -- Up-to-date symlink: /home/simone/bookros2_ws/install/br2_bt_patrolling/lib/libbr2_move_bt_node.so
[0.891s] -- Up-to-date symlink: /home/simone/bookros2_ws/install/br2_bt_patrolling/lib/libbr2_get_waypoint_bt_node.so
[0.891s] -- Up-to-date symlink: /home/simone/bookros2_ws/install/br2_bt_patrolling/lib/libbr2_battery_checker_bt_node.so
[0.894s] -- Up-to-date symlink: /home/simone/bookros2_ws/install/br2_bt_patrolling/lib/libbr2_track_objects_bt_node.so
[0.895s] -- Up-to-date symlink: /home/simone/bookros2_ws/install/br2_bt_patrolling/lib/br2_bt_patrolling/patrolling_main
[0.895s] -- Up-to-date symlink: /home/simone/bookros2_ws/install/br2_bt_patrolling/include//br2_bt_patrolling/BatteryChecker.hpp
[0.895s] -- Up-to-date symlink: /home/simone/bookros2_ws/install/br2_bt_patrolling/include//br2_bt_patrolling/GetWaypoint.hpp
[0.896s] -- Up-to-date symlink: /home/simone/bookros2_ws/install/br2_bt_patrolling/include//br2_bt_patrolling/Move.hpp
[0.896s] -- Up-to-date symlink: /home/simone/bookros2_ws/install/br2_bt_patrolling/include//br2_bt_patrolling/Patrol.hpp
[0.896s] -- Up-to-date symlink: /home/simone/bookros2_ws/install/br2_bt_patrolling/include//br2_bt_patrolling/Recharge.hpp
[0.897s] -- Up-to-date symlink: /home/simone/bookros2_ws/install/br2_bt_patrolling/include//br2_bt_patrolling/TrackObjects.hpp
[0.897s] -- Up-to-date symlink: /home/simone/bookros2_ws/install/br2_bt_patrolling/include//br2_bt_patrolling/ctrl_support/BTActionNode.hpp
[0.898s] -- Up-to-date symlink: /home/simone/bookros2_ws/install/br2_bt_patrolling/include//br2_bt_patrolling/ctrl_support/BTLifecycleCtrlNode.hpp
[0.898s] -- Up-to-date symlink: /home/simone/bookros2_ws/install/br2_bt_patrolling/share/br2_bt_patrolling/behavior_tree_xml/patrolling.xml
[0.899s] -- Up-to-date symlink: /home/simone/bookros2_ws/install/br2_bt_patrolling/share/br2_bt_patrolling/launch/patrolling.launch.py
[0.903s] -- Up-to-date symlink: /home/simone/bookros2_ws/install/br2_bt_patrolling/share/ament_index/resource_index/package_run_dependencies/br2_bt_patrolling
[0.903s] -- Up-to-date symlink: /home/simone/bookros2_ws/install/br2_bt_patrolling/share/ament_index/resource_index/parent_prefix_path/br2_bt_patrolling
[0.903s] -- Up-to-date symlink: /home/simone/bookros2_ws/install/br2_bt_patrolling/share/br2_bt_patrolling/environment/ament_prefix_path.sh
[0.904s] -- Up-to-date symlink: /home/simone/bookros2_ws/install/br2_bt_patrolling/share/br2_bt_patrolling/environment/ament_prefix_path.dsv
[0.905s] -- Up-to-date symlink: /home/simone/bookros2_ws/install/br2_bt_patrolling/share/br2_bt_patrolling/environment/path.sh
[0.906s] -- Up-to-date symlink: /home/simone/bookros2_ws/install/br2_bt_patrolling/share/br2_bt_patrolling/environment/path.dsv
[0.907s] -- Up-to-date symlink: /home/simone/bookros2_ws/install/br2_bt_patrolling/share/br2_bt_patrolling/local_setup.bash
[0.907s] -- Up-to-date symlink: /home/simone/bookros2_ws/install/br2_bt_patrolling/share/br2_bt_patrolling/local_setup.sh
[0.908s] -- Up-to-date symlink: /home/simone/bookros2_ws/install/br2_bt_patrolling/share/br2_bt_patrolling/local_setup.zsh
[0.909s] -- Up-to-date symlink: /home/simone/bookros2_ws/install/br2_bt_patrolling/share/br2_bt_patrolling/local_setup.dsv
[0.909s] -- Symlinking: /home/simone/bookros2_ws/install/br2_bt_patrolling/share/br2_bt_patrolling/package.dsv
[0.920s] -- Up-to-date symlink: /home/simone/bookros2_ws/install/br2_bt_patrolling/share/ament_index/resource_index/packages/br2_bt_patrolling
[0.921s] -- Up-to-date symlink: /home/simone/bookros2_ws/install/br2_bt_patrolling/share/br2_bt_patrolling/cmake/ament_cmake_export_include_directories-extras.cmake
[0.921s] -- Up-to-date symlink: /home/simone/bookros2_ws/install/br2_bt_patrolling/share/br2_bt_patrolling/cmake/ament_cmake_export_dependencies-extras.cmake
[0.921s] -- Up-to-date symlink: /home/simone/bookros2_ws/install/br2_bt_patrolling/share/br2_bt_patrolling/cmake/br2_bt_patrollingConfig.cmake
[0.921s] -- Up-to-date symlink: /home/simone/bookros2_ws/install/br2_bt_patrolling/share/br2_bt_patrolling/cmake/br2_bt_patrollingConfig-version.cmake
[0.922s] -- Up-to-date symlink: /home/simone/bookros2_ws/install/br2_bt_patrolling/share/br2_bt_patrolling/package.xml
[0.929s] Invoked command in '/home/simone/bookros2_ws/build/br2_bt_patrolling' returned '0': CMAKE_PREFIX_PATH=/opt/ros/humble /usr/bin/cmake --install /home/simone/bookros2_ws/build/br2_bt_patrolling
