running develop
/usr/lib/python3/dist-packages/setuptools/command/easy_install.py:158: EasyInstallDeprecationWarning: easy_install command is deprecated. Use build and pip and other standards-based tools.
  warnings.warn(
/usr/lib/python3/dist-packages/setuptools/command/install.py:34: SetuptoolsDeprecationWarning: setup.py install is deprecated. Use build and pip and other standards-based tools.
  warnings.warn(
/usr/lib/python3/dist-packages/pkg_resources/__init__.py:116: PkgResourcesDeprecationWarning: 1.16.0-unknown is an invalid version and will not be supported in a future release
  warnings.warn(
/usr/lib/python3/dist-packages/pkg_resources/__init__.py:116: PkgResourcesDeprecationWarning: 1.1build1 is an invalid version and will not be supported in a future release
  warnings.warn(
Removing /home/simone/bookros2_ws/install/launch_pal/lib/python3.10/site-packages/launch-pal.egg-link (link to .)
running egg_info
writing ../../../build/launch_pal/launch_pal.egg-info/PKG-INFO
writing dependency_links to ../../../build/launch_pal/launch_pal.egg-info/dependency_links.txt
writing entry points to ../../../build/launch_pal/launch_pal.egg-info/entry_points.txt
writing requirements to ../../../build/launch_pal/launch_pal.egg-info/requires.txt
writing top-level names to ../../../build/launch_pal/launch_pal.egg-info/top_level.txt
reading manifest file '../../../build/launch_pal/launch_pal.egg-info/SOURCES.txt'
adding license file 'LICENSE'
writing manifest file '../../../build/launch_pal/launch_pal.egg-info/SOURCES.txt'
running build
running build_py
creating /home/simone/bookros2_ws/build/launch_pal/build
creating /home/simone/bookros2_ws/build/launch_pal/build/lib
creating /home/simone/bookros2_ws/build/launch_pal/build/lib/launch_pal
copying launch_pal/include_utils.py -> /home/simone/bookros2_ws/build/launch_pal/build/lib/launch_pal
copying launch_pal/__init__.py -> /home/simone/bookros2_ws/build/launch_pal/build/lib/launch_pal
copying launch_pal/arg_utils.py -> /home/simone/bookros2_ws/build/launch_pal/build/lib/launch_pal
copying launch_pal/robot_utils.py -> /home/simone/bookros2_ws/build/launch_pal/build/lib/launch_pal
copying launch_pal/param_utils.py -> /home/simone/bookros2_ws/build/launch_pal/build/lib/launch_pal
creating /home/simone/bookros2_ws/build/launch_pal/build/lib/launch_pal/substitutions
copying launch_pal/substitutions/__init__.py -> /home/simone/bookros2_ws/build/launch_pal/build/lib/launch_pal/substitutions
copying launch_pal/substitutions/load_file.py -> /home/simone/bookros2_ws/build/launch_pal/build/lib/launch_pal/substitutions
running install
/usr/lib/python3/dist-packages/setuptools/command/install.py:34: SetuptoolsDeprecationWarning: setup.py install is deprecated. Use build and pip and other standards-based tools.
  warnings.warn(
running install_lib
creating /home/simone/bookros2_ws/install/launch_pal/lib/python3.10/site-packages/launch_pal
copying /home/simone/bookros2_ws/build/launch_pal/build/lib/launch_pal/include_utils.py -> /home/simone/bookros2_ws/install/launch_pal/lib/python3.10/site-packages/launch_pal
copying /home/simone/bookros2_ws/build/launch_pal/build/lib/launch_pal/__init__.py -> /home/simone/bookros2_ws/install/launch_pal/lib/python3.10/site-packages/launch_pal
copying /home/simone/bookros2_ws/build/launch_pal/build/lib/launch_pal/arg_utils.py -> /home/simone/bookros2_ws/install/launch_pal/lib/python3.10/site-packages/launch_pal
copying /home/simone/bookros2_ws/build/launch_pal/build/lib/launch_pal/robot_utils.py -> /home/simone/bookros2_ws/install/launch_pal/lib/python3.10/site-packages/launch_pal
copying /home/simone/bookros2_ws/build/launch_pal/build/lib/launch_pal/param_utils.py -> /home/simone/bookros2_ws/install/launch_pal/lib/python3.10/site-packages/launch_pal
creating /home/simone/bookros2_ws/install/launch_pal/lib/python3.10/site-packages/launch_pal/substitutions
copying /home/simone/bookros2_ws/build/launch_pal/build/lib/launch_pal/substitutions/__init__.py -> /home/simone/bookros2_ws/install/launch_pal/lib/python3.10/site-packages/launch_pal/substitutions
copying /home/simone/bookros2_ws/build/launch_pal/build/lib/launch_pal/substitutions/load_file.py -> /home/simone/bookros2_ws/install/launch_pal/lib/python3.10/site-packages/launch_pal/substitutions
byte-compiling /home/simone/bookros2_ws/install/launch_pal/lib/python3.10/site-packages/launch_pal/include_utils.py to include_utils.cpython-310.pyc
byte-compiling /home/simone/bookros2_ws/install/launch_pal/lib/python3.10/site-packages/launch_pal/__init__.py to __init__.cpython-310.pyc
byte-compiling /home/simone/bookros2_ws/install/launch_pal/lib/python3.10/site-packages/launch_pal/arg_utils.py to arg_utils.cpython-310.pyc
byte-compiling /home/simone/bookros2_ws/install/launch_pal/lib/python3.10/site-packages/launch_pal/robot_utils.py to robot_utils.cpython-310.pyc
byte-compiling /home/simone/bookros2_ws/install/launch_pal/lib/python3.10/site-packages/launch_pal/param_utils.py to param_utils.cpython-310.pyc
byte-compiling /home/simone/bookros2_ws/install/launch_pal/lib/python3.10/site-packages/launch_pal/substitutions/__init__.py to __init__.cpython-310.pyc
byte-compiling /home/simone/bookros2_ws/install/launch_pal/lib/python3.10/site-packages/launch_pal/substitutions/load_file.py to load_file.cpython-310.pyc
running install_data
running install_egg_info
Copying ../../../build/launch_pal/launch_pal.egg-info to /home/simone/bookros2_ws/install/launch_pal/lib/python3.10/site-packages/launch_pal-0.0.9-py3.10.egg-info
running install_scripts
writing list of installed files to '/home/simone/bookros2_ws/build/launch_pal/install.log'
