[0.032s] Invoking command in '/home/simone/bookros2_ws/build/br2_tracking': AMENT_PREFIX_PATH=/home/simone/bookros2_ws/install/br2_tracking_msgs:${AMENT_PREFIX_PATH} CMAKE_PREFIX_PATH=/home/simone/bookros2_ws/install/br2_tracking_msgs:/opt/ros/humble LD_LIBRARY_PATH=/home/simone/bookros2_ws/install/br2_tracking_msgs/lib:${LD_LIBRARY_PATH} PYTHONPATH=/home/simone/bookros2_ws/install/br2_tracking_msgs/local/lib/python3.10/dist-packages:${PYTHONPATH} /usr/bin/cmake --build /home/simone/bookros2_ws/build/br2_tracking -- -j6 -l6
[0.148s] [ 28%] Built target br2_tracking
[0.184s] [ 42%] Built target gtest_main
[0.187s] [ 57%] Built target gtest
[0.230s] [ 71%] Built target object_tracker
[0.230s] [ 85%] Built target pid_test
[0.230s] [100%] Built target object_detector
[0.271s] Invoked command in '/home/simone/bookros2_ws/build/br2_tracking' returned '0': AMENT_PREFIX_PATH=/home/simone/bookros2_ws/install/br2_tracking_msgs:${AMENT_PREFIX_PATH} CMAKE_PREFIX_PATH=/home/simone/bookros2_ws/install/br2_tracking_msgs:/opt/ros/humble LD_LIBRARY_PATH=/home/simone/bookros2_ws/install/br2_tracking_msgs/lib:${LD_LIBRARY_PATH} PYTHONPATH=/home/simone/bookros2_ws/install/br2_tracking_msgs/local/lib/python3.10/dist-packages:${PYTHONPATH} /usr/bin/cmake --build /home/simone/bookros2_ws/build/br2_tracking -- -j6 -l6
[0.375s] Invoking command in '/home/simone/bookros2_ws/build/br2_tracking': AMENT_PREFIX_PATH=/home/simone/bookros2_ws/install/br2_tracking_msgs:${AMENT_PREFIX_PATH} CMAKE_PREFIX_PATH=/home/simone/bookros2_ws/install/br2_tracking_msgs:/opt/ros/humble LD_LIBRARY_PATH=/home/simone/bookros2_ws/install/br2_tracking_msgs/lib:${LD_LIBRARY_PATH} PYTHONPATH=/home/simone/bookros2_ws/install/br2_tracking_msgs/local/lib/python3.10/dist-packages:${PYTHONPATH} /usr/bin/cmake --install /home/simone/bookros2_ws/build/br2_tracking
[0.387s] -- Install configuration: "Debug"
[0.394s] -- Execute custom install script
[0.394s] -- Up-to-date symlink: /home/simone/bookros2_ws/install/br2_tracking/lib/libbr2_tracking.so
[0.395s] -- Up-to-date symlink: /home/simone/bookros2_ws/install/br2_tracking/lib/br2_tracking/object_detector
[0.403s] -- Up-to-date symlink: /home/simone/bookros2_ws/install/br2_tracking/lib/br2_tracking/object_tracker
[0.405s] -- Up-to-date symlink: /home/simone/bookros2_ws/install/br2_tracking/include/include/br2_tracking/HeadController.hpp
[0.405s] -- Up-to-date symlink: /home/simone/bookros2_ws/install/br2_tracking/include/include/br2_tracking/ObjectDetector.hpp
[0.405s] -- Up-to-date symlink: /home/simone/bookros2_ws/install/br2_tracking/include/include/br2_tracking/PIDController.hpp
[0.409s] -- Up-to-date symlink: /home/simone/bookros2_ws/install/br2_tracking/share/br2_tracking/launch/tracking.launch.py
[0.409s] -- Up-to-date symlink: /home/simone/bookros2_ws/install/br2_tracking/share/br2_tracking/config/detector.yaml
[0.410s] -- Up-to-date symlink: /home/simone/bookros2_ws/install/br2_tracking/share/br2_tracking/environment/library_path.sh
[0.411s] -- Up-to-date symlink: /home/simone/bookros2_ws/install/br2_tracking/share/br2_tracking/environment/library_path.dsv
[0.411s] -- Up-to-date symlink: /home/simone/bookros2_ws/install/br2_tracking/share/ament_index/resource_index/package_run_dependencies/br2_tracking
[0.411s] -- Up-to-date symlink: /home/simone/bookros2_ws/install/br2_tracking/share/ament_index/resource_index/parent_prefix_path/br2_tracking
[0.412s] -- Up-to-date symlink: /home/simone/bookros2_ws/install/br2_tracking/share/br2_tracking/environment/ament_prefix_path.sh
[0.412s] -- Up-to-date symlink: /home/simone/bookros2_ws/install/br2_tracking/share/br2_tracking/environment/ament_prefix_path.dsv
[0.413s] -- Up-to-date symlink: /home/simone/bookros2_ws/install/br2_tracking/share/br2_tracking/environment/path.sh
[0.414s] -- Up-to-date symlink: /home/simone/bookros2_ws/install/br2_tracking/share/br2_tracking/environment/path.dsv
[0.414s] -- Up-to-date symlink: /home/simone/bookros2_ws/install/br2_tracking/share/br2_tracking/local_setup.bash
[0.414s] -- Up-to-date symlink: /home/simone/bookros2_ws/install/br2_tracking/share/br2_tracking/local_setup.sh
[0.415s] -- Up-to-date symlink: /home/simone/bookros2_ws/install/br2_tracking/share/br2_tracking/local_setup.zsh
[0.415s] -- Up-to-date symlink: /home/simone/bookros2_ws/install/br2_tracking/share/br2_tracking/local_setup.dsv
[0.415s] -- Symlinking: /home/simone/bookros2_ws/install/br2_tracking/share/br2_tracking/package.dsv
[0.425s] -- Up-to-date symlink: /home/simone/bookros2_ws/install/br2_tracking/share/ament_index/resource_index/packages/br2_tracking
[0.426s] -- Up-to-date symlink: /home/simone/bookros2_ws/install/br2_tracking/share/br2_tracking/cmake/ament_cmake_export_include_directories-extras.cmake
[0.426s] -- Up-to-date symlink: /home/simone/bookros2_ws/install/br2_tracking/share/br2_tracking/cmake/ament_cmake_export_libraries-extras.cmake
[0.426s] -- Up-to-date symlink: /home/simone/bookros2_ws/install/br2_tracking/share/br2_tracking/cmake/ament_cmake_export_dependencies-extras.cmake
[0.426s] -- Up-to-date symlink: /home/simone/bookros2_ws/install/br2_tracking/share/br2_tracking/cmake/br2_trackingConfig.cmake
[0.426s] -- Up-to-date symlink: /home/simone/bookros2_ws/install/br2_tracking/share/br2_tracking/cmake/br2_trackingConfig-version.cmake
[0.426s] -- Up-to-date symlink: /home/simone/bookros2_ws/install/br2_tracking/share/br2_tracking/package.xml
[0.457s] Invoked command in '/home/simone/bookros2_ws/build/br2_tracking' returned '0': AMENT_PREFIX_PATH=/home/simone/bookros2_ws/install/br2_tracking_msgs:${AMENT_PREFIX_PATH} CMAKE_PREFIX_PATH=/home/simone/bookros2_ws/install/br2_tracking_msgs:/opt/ros/humble LD_LIBRARY_PATH=/home/simone/bookros2_ws/install/br2_tracking_msgs/lib:${LD_LIBRARY_PATH} PYTHONPATH=/home/simone/bookros2_ws/install/br2_tracking_msgs/local/lib/python3.10/dist-packages:${PYTHONPATH} /usr/bin/cmake --install /home/simone/bookros2_ws/build/br2_tracking
