[0.034s] Invoking command in '/home/simone/bookros2_ws/build/tiago_description': AMENT_PREFIX_PATH=/home/simone/bookros2_ws/install/tiago_controller_configuration:/home/simone/bookros2_ws/install/pmb2_description:/home/simone/bookros2_ws/install/pal_gripper_description:/home/simone/bookros2_ws/install/urdf_test:/home/simone/bookros2_ws/install/pmb2_controller_configuration:/home/simone/bookros2_ws/install/pal_gripper_controller_configuration:/home/simone/bookros2_ws/install/launch_pal:/home/simone/bookros2_ws/install/hey5_description:${AMENT_PREFIX_PATH} CMAKE_PREFIX_PATH=/home/simone/bookros2_ws/install/tiago_controller_configuration:/home/simone/bookros2_ws/install/pmb2_description:/home/simone/bookros2_ws/install/pal_gripper_description:/home/simone/bookros2_ws/install/urdf_test:/home/simone/bookros2_ws/install/pmb2_controller_configuration:/home/simone/bookros2_ws/install/pal_gripper_controller_configuration:/home/simone/bookros2_ws/install/hey5_description:/opt/ros/humble PYTHONPATH=/home/simone/bookros2_ws/install/pmb2_description/local/lib/python3.10/dist-packages:/home/simone/bookros2_ws/install/urdf_test/local/lib/python3.10/dist-packages:/home/simone/bookros2_ws/build/launch_pal:/home/simone/bookros2_ws/install/launch_pal/lib/python3.10/site-packages:${PYTHONPATH} /usr/bin/cmake /home/simone/bookros2_ws/src/ThirdParty/tiago_robot/tiago_description -DAMENT_CMAKE_SYMLINK_INSTALL=1 -DCMAKE_INSTALL_PREFIX=/home/simone/bookros2_ws/install/tiago_description
[0.146s] -- The C compiler identification is GNU 11.3.0
[0.245s] -- The CXX compiler identification is GNU 11.3.0
[0.257s] -- Detecting C compiler ABI info
[0.378s] -- Detecting C compiler ABI info - done
[0.402s] -- Check for working C compiler: /usr/bin/cc - skipped
[0.403s] -- Detecting C compile features
[0.403s] -- Detecting C compile features - done
[0.410s] -- Detecting CXX compiler ABI info
[0.557s] -- Detecting CXX compiler ABI info - done
[0.576s] -- Check for working CXX compiler: /usr/bin/c++ - skipped
[0.577s] -- Detecting CXX compile features
[0.578s] -- Detecting CXX compile features - done
[0.583s] -- Found ament_cmake_auto: 1.3.5 (/opt/ros/humble/share/ament_cmake_auto/cmake)
[1.000s] -- Found Python3: /usr/bin/python3.10 (found version "3.10.6") found components: Interpreter 
[1.154s] -- Override CMake install command with custom implementation using symlinks instead of copying resources
[1.351s] -- Found ament_lint_auto: 0.12.6 (/opt/ros/humble/share/ament_lint_auto/cmake)
[1.400s] -- Found python_cmake_module: 0.10.0 (/opt/ros/humble/share/python_cmake_module/cmake)
[1.438s] -- Found PythonInterp: /usr/bin/python3 (found suitable version "3.10.6", minimum required is "3.6") 
[1.462s] -- Found PythonLibs: /usr/lib/x86_64-linux-gnu/libpython3.10.so (found suitable version "3.10.6", minimum required is "3.5") 
[1.462s] -- Using PYTHON_EXECUTABLE: /usr/bin/python3
[1.463s] -- Using PYTHON_INCLUDE_DIRS: /usr/include/python3.10
[1.463s] -- Using PYTHON_LIBRARIES: /usr/lib/x86_64-linux-gnu/libpython3.10.so
[1.505s] -- Found PythonExtra: .so  
[1.601s] -- Added test 'copyright' to check source files copyright and LICENSE
[1.617s] -- Added test 'flake8' to check Python code syntax and style conventions
[1.617s] -- Added test 'lint_cmake' to check CMake code style
[1.618s] -- Added test 'pep257' to check Python code against some of the docstring style conventions in PEP 257
[1.637s] -- Added test 'xmllint' to check XML markup files
[1.641s] -- Configuring done
[1.651s] -- Generating done
[1.653s] -- Build files have been written to: /home/simone/bookros2_ws/build/tiago_description
[1.666s] Invoked command in '/home/simone/bookros2_ws/build/tiago_description' returned '0': AMENT_PREFIX_PATH=/home/simone/bookros2_ws/install/tiago_controller_configuration:/home/simone/bookros2_ws/install/pmb2_description:/home/simone/bookros2_ws/install/pal_gripper_description:/home/simone/bookros2_ws/install/urdf_test:/home/simone/bookros2_ws/install/pmb2_controller_configuration:/home/simone/bookros2_ws/install/pal_gripper_controller_configuration:/home/simone/bookros2_ws/install/launch_pal:/home/simone/bookros2_ws/install/hey5_description:${AMENT_PREFIX_PATH} CMAKE_PREFIX_PATH=/home/simone/bookros2_ws/install/tiago_controller_configuration:/home/simone/bookros2_ws/install/pmb2_description:/home/simone/bookros2_ws/install/pal_gripper_description:/home/simone/bookros2_ws/install/urdf_test:/home/simone/bookros2_ws/install/pmb2_controller_configuration:/home/simone/bookros2_ws/install/pal_gripper_controller_configuration:/home/simone/bookros2_ws/install/hey5_description:/opt/ros/humble PYTHONPATH=/home/simone/bookros2_ws/install/pmb2_description/local/lib/python3.10/dist-packages:/home/simone/bookros2_ws/install/urdf_test/local/lib/python3.10/dist-packages:/home/simone/bookros2_ws/build/launch_pal:/home/simone/bookros2_ws/install/launch_pal/lib/python3.10/site-packages:${PYTHONPATH} /usr/bin/cmake /home/simone/bookros2_ws/src/ThirdParty/tiago_robot/tiago_description -DAMENT_CMAKE_SYMLINK_INSTALL=1 -DCMAKE_INSTALL_PREFIX=/home/simone/bookros2_ws/install/tiago_description
[1.667s] Invoking command in '/home/simone/bookros2_ws/build/tiago_description': AMENT_PREFIX_PATH=/home/simone/bookros2_ws/install/tiago_controller_configuration:/home/simone/bookros2_ws/install/pmb2_description:/home/simone/bookros2_ws/install/pal_gripper_description:/home/simone/bookros2_ws/install/urdf_test:/home/simone/bookros2_ws/install/pmb2_controller_configuration:/home/simone/bookros2_ws/install/pal_gripper_controller_configuration:/home/simone/bookros2_ws/install/launch_pal:/home/simone/bookros2_ws/install/hey5_description:${AMENT_PREFIX_PATH} CMAKE_PREFIX_PATH=/home/simone/bookros2_ws/install/tiago_controller_configuration:/home/simone/bookros2_ws/install/pmb2_description:/home/simone/bookros2_ws/install/pal_gripper_description:/home/simone/bookros2_ws/install/urdf_test:/home/simone/bookros2_ws/install/pmb2_controller_configuration:/home/simone/bookros2_ws/install/pal_gripper_controller_configuration:/home/simone/bookros2_ws/install/hey5_description:/opt/ros/humble PYTHONPATH=/home/simone/bookros2_ws/install/pmb2_description/local/lib/python3.10/dist-packages:/home/simone/bookros2_ws/install/urdf_test/local/lib/python3.10/dist-packages:/home/simone/bookros2_ws/build/launch_pal:/home/simone/bookros2_ws/install/launch_pal/lib/python3.10/site-packages:${PYTHONPATH} /usr/bin/cmake --build /home/simone/bookros2_ws/build/tiago_description -- -j5 -l5
[1.774s] Built target ament_cmake_python_symlink_tiago_description
[2.329s] running egg_info
[2.330s] creating tiago_description.egg-info
[2.331s] writing tiago_description.egg-info/PKG-INFO
[2.332s] writing dependency_links to tiago_description.egg-info/dependency_links.txt
[2.333s] writing top-level names to tiago_description.egg-info/top_level.txt
[2.335s] writing manifest file 'tiago_description.egg-info/SOURCES.txt'
[2.341s] reading manifest file 'tiago_description.egg-info/SOURCES.txt'
[2.343s] writing manifest file 'tiago_description.egg-info/SOURCES.txt'
[2.407s] Built target ament_cmake_python_build_tiago_description_egg
[2.418s] Invoked command in '/home/simone/bookros2_ws/build/tiago_description' returned '0': AMENT_PREFIX_PATH=/home/simone/bookros2_ws/install/tiago_controller_configuration:/home/simone/bookros2_ws/install/pmb2_description:/home/simone/bookros2_ws/install/pal_gripper_description:/home/simone/bookros2_ws/install/urdf_test:/home/simone/bookros2_ws/install/pmb2_controller_configuration:/home/simone/bookros2_ws/install/pal_gripper_controller_configuration:/home/simone/bookros2_ws/install/launch_pal:/home/simone/bookros2_ws/install/hey5_description:${AMENT_PREFIX_PATH} CMAKE_PREFIX_PATH=/home/simone/bookros2_ws/install/tiago_controller_configuration:/home/simone/bookros2_ws/install/pmb2_description:/home/simone/bookros2_ws/install/pal_gripper_description:/home/simone/bookros2_ws/install/urdf_test:/home/simone/bookros2_ws/install/pmb2_controller_configuration:/home/simone/bookros2_ws/install/pal_gripper_controller_configuration:/home/simone/bookros2_ws/install/hey5_description:/opt/ros/humble PYTHONPATH=/home/simone/bookros2_ws/install/pmb2_description/local/lib/python3.10/dist-packages:/home/simone/bookros2_ws/install/urdf_test/local/lib/python3.10/dist-packages:/home/simone/bookros2_ws/build/launch_pal:/home/simone/bookros2_ws/install/launch_pal/lib/python3.10/site-packages:${PYTHONPATH} /usr/bin/cmake --build /home/simone/bookros2_ws/build/tiago_description -- -j5 -l5
[2.448s] Invoking command in '/home/simone/bookros2_ws/build/tiago_description': AMENT_PREFIX_PATH=/home/simone/bookros2_ws/install/tiago_controller_configuration:/home/simone/bookros2_ws/install/pmb2_description:/home/simone/bookros2_ws/install/pal_gripper_description:/home/simone/bookros2_ws/install/urdf_test:/home/simone/bookros2_ws/install/pmb2_controller_configuration:/home/simone/bookros2_ws/install/pal_gripper_controller_configuration:/home/simone/bookros2_ws/install/launch_pal:/home/simone/bookros2_ws/install/hey5_description:${AMENT_PREFIX_PATH} CMAKE_PREFIX_PATH=/home/simone/bookros2_ws/install/tiago_controller_configuration:/home/simone/bookros2_ws/install/pmb2_description:/home/simone/bookros2_ws/install/pal_gripper_description:/home/simone/bookros2_ws/install/urdf_test:/home/simone/bookros2_ws/install/pmb2_controller_configuration:/home/simone/bookros2_ws/install/pal_gripper_controller_configuration:/home/simone/bookros2_ws/install/hey5_description:/opt/ros/humble PYTHONPATH=/home/simone/bookros2_ws/install/pmb2_description/local/lib/python3.10/dist-packages:/home/simone/bookros2_ws/install/urdf_test/local/lib/python3.10/dist-packages:/home/simone/bookros2_ws/build/launch_pal:/home/simone/bookros2_ws/install/launch_pal/lib/python3.10/site-packages:${PYTHONPATH} /usr/bin/cmake --install /home/simone/bookros2_ws/build/tiago_description
[2.460s] -- Install configuration: ""
[2.461s] -- Execute custom install script
[2.463s] -- Symlinking: /home/simone/bookros2_ws/install/tiago_description/share/tiago_description/environment/pythonpath.sh
[2.481s] -- Symlinking: /home/simone/bookros2_ws/install/tiago_description/share/tiago_description/environment/pythonpath.dsv
[2.492s] -- Symlinking: /home/simone/bookros2_ws/install/tiago_description/local/lib/python3.10/dist-packages/tiago_description-4.0.13-py3.10.egg-info/PKG-INFO
[2.504s] -- Symlinking: /home/simone/bookros2_ws/install/tiago_description/local/lib/python3.10/dist-packages/tiago_description-4.0.13-py3.10.egg-info/SOURCES.txt
[2.512s] -- Symlinking: /home/simone/bookros2_ws/install/tiago_description/local/lib/python3.10/dist-packages/tiago_description-4.0.13-py3.10.egg-info/dependency_links.txt
[2.521s] -- Symlinking: /home/simone/bookros2_ws/install/tiago_description/local/lib/python3.10/dist-packages/tiago_description-4.0.13-py3.10.egg-info/top_level.txt
[2.531s] -- Symlinking: /home/simone/bookros2_ws/install/tiago_description/local/lib/python3.10/dist-packages/tiago_description/__init__.py
[2.541s] -- Symlinking: /home/simone/bookros2_ws/install/tiago_description/local/lib/python3.10/dist-packages/tiago_description/tiago_launch_utils.py
[2.550s] -- Symlinking: /home/simone/bookros2_ws/install/tiago_description/share/tiago_description/config/collision/collision_parameters.yaml
[2.561s] -- Symlinking: /home/simone/bookros2_ws/install/tiago_description/share/tiago_description/gazebo/gazebo.urdf.xacro
[2.572s] -- Symlinking: /home/simone/bookros2_ws/install/tiago_description/share/tiago_description/launch/robot_state_publisher.launch.py
[2.582s] -- Symlinking: /home/simone/bookros2_ws/install/tiago_description/share/tiago_description/launch/show.launch.py
[2.592s] -- Symlinking: /home/simone/bookros2_ws/install/tiago_description/share/tiago_description/Media/materials/scripts/markers.material
[2.604s] -- Symlinking: /home/simone/bookros2_ws/install/tiago_description/share/tiago_description/Media/materials/textures/aruco-26_8cm.png
[2.615s] -- Symlinking: /home/simone/bookros2_ws/install/tiago_description/share/tiago_description/Media/materials/textures/aruco-582_8cm.png
[2.626s] -- Symlinking: /home/simone/bookros2_ws/install/tiago_description/share/tiago_description/Media/materials/textures/pal_logo_1_7cm.jpg
[2.637s] -- Symlinking: /home/simone/bookros2_ws/install/tiago_description/share/tiago_description/Media/materials/textures/pal_logo_2_7cm.jpg
[2.652s] -- Symlinking: /home/simone/bookros2_ws/install/tiago_description/share/tiago_description/Media/materials/textures/pal_logo_3_7cm.jpg
[2.663s] -- Symlinking: /home/simone/bookros2_ws/install/tiago_description/share/tiago_description/meshes/arm/arm_1.stl
[2.694s] -- Symlinking: /home/simone/bookros2_ws/install/tiago_description/share/tiago_description/meshes/arm/arm_1_collision.dae
[2.704s] -- Symlinking: /home/simone/bookros2_ws/install/tiago_description/share/tiago_description/meshes/arm/arm_1_color.png
[2.713s] -- Symlinking: /home/simone/bookros2_ws/install/tiago_description/share/tiago_description/meshes/arm/arm_1_normals.png
[2.722s] -- Symlinking: /home/simone/bookros2_ws/install/tiago_description/share/tiago_description/meshes/arm/arm_1_specular.png
[2.744s] -- Symlinking: /home/simone/bookros2_ws/install/tiago_description/share/tiago_description/meshes/arm/arm_2.stl
[2.750s] -- Symlinking: /home/simone/bookros2_ws/install/tiago_description/share/tiago_description/meshes/arm/arm_2_collision.dae
[2.763s] -- Symlinking: /home/simone/bookros2_ws/install/tiago_description/share/tiago_description/meshes/arm/arm_2_color.png
[2.775s] -- Symlinking: /home/simone/bookros2_ws/install/tiago_description/share/tiago_description/meshes/arm/arm_2_normals.png
[2.789s] -- Symlinking: /home/simone/bookros2_ws/install/tiago_description/share/tiago_description/meshes/arm/arm_2_specular.png
[2.803s] -- Symlinking: /home/simone/bookros2_ws/install/tiago_description/share/tiago_description/meshes/arm/arm_3.stl
[2.813s] -- Symlinking: /home/simone/bookros2_ws/install/tiago_description/share/tiago_description/meshes/arm/arm_3_collision.dae
[2.825s] -- Symlinking: /home/simone/bookros2_ws/install/tiago_description/share/tiago_description/meshes/arm/arm_3_color.png
[2.836s] -- Symlinking: /home/simone/bookros2_ws/install/tiago_description/share/tiago_description/meshes/arm/arm_3_normals.png
[2.848s] -- Symlinking: /home/simone/bookros2_ws/install/tiago_description/share/tiago_description/meshes/arm/arm_3_specular.png
[2.859s] -- Symlinking: /home/simone/bookros2_ws/install/tiago_description/share/tiago_description/meshes/arm/arm_4.stl
[2.879s] -- Symlinking: /home/simone/bookros2_ws/install/tiago_description/share/tiago_description/meshes/arm/arm_4_collision.dae
[2.883s] -- Symlinking: /home/simone/bookros2_ws/install/tiago_description/share/tiago_description/meshes/arm/arm_4_collision.stl
[2.900s] -- Symlinking: /home/simone/bookros2_ws/install/tiago_description/share/tiago_description/meshes/arm/arm_4_color.png
[2.906s] -- Symlinking: /home/simone/bookros2_ws/install/tiago_description/share/tiago_description/meshes/arm/arm_4_normals.png
[2.918s] -- Symlinking: /home/simone/bookros2_ws/install/tiago_description/share/tiago_description/meshes/arm/arm_4_specular.png
[2.929s] -- Symlinking: /home/simone/bookros2_ws/install/tiago_description/share/tiago_description/meshes/arm/arm_5-wrist-2010.stl
[2.948s] -- Symlinking: /home/simone/bookros2_ws/install/tiago_description/share/tiago_description/meshes/arm/arm_5-wrist-2017.stl
[2.953s] -- Symlinking: /home/simone/bookros2_ws/install/tiago_description/share/tiago_description/meshes/arm/arm_5_collision-wrist-2010.dae
[2.961s] -- Symlinking: /home/simone/bookros2_ws/install/tiago_description/share/tiago_description/meshes/arm/arm_5_collision-wrist-2017.dae
[2.971s] -- Symlinking: /home/simone/bookros2_ws/install/tiago_description/share/tiago_description/meshes/arm/arm_6-wrist-2010.stl
[2.982s] -- Symlinking: /home/simone/bookros2_ws/install/tiago_description/share/tiago_description/meshes/arm/arm_6-wrist-2017.stl
[2.994s] -- Symlinking: /home/simone/bookros2_ws/install/tiago_description/share/tiago_description/meshes/arm/arm_6_collision-wrist-2010.dae
[3.010s] -- Symlinking: /home/simone/bookros2_ws/install/tiago_description/share/tiago_description/meshes/arm/arm_6_collision-wrist-2017.dae
[3.026s] -- Symlinking: /home/simone/bookros2_ws/install/tiago_description/share/tiago_description/meshes/arm/arm_6_color.png
[3.040s] -- Symlinking: /home/simone/bookros2_ws/install/tiago_description/share/tiago_description/meshes/arm/arm_6_normals.png
[3.063s] -- Symlinking: /home/simone/bookros2_ws/install/tiago_description/share/tiago_description/meshes/arm/arm_6_specular.png
[3.075s] -- Symlinking: /home/simone/bookros2_ws/install/tiago_description/share/tiago_description/meshes/head/head_1.stl
[3.087s] -- Symlinking: /home/simone/bookros2_ws/install/tiago_description/share/tiago_description/meshes/head/head_1_collision.dae
[3.096s] -- Symlinking: /home/simone/bookros2_ws/install/tiago_description/share/tiago_description/meshes/head/head_2.stl
[3.109s] -- Symlinking: /home/simone/bookros2_ws/install/tiago_description/share/tiago_description/meshes/head/head_2_collision.dae
[3.118s] -- Symlinking: /home/simone/bookros2_ws/install/tiago_description/share/tiago_description/meshes/sensors/xtion_pro_live/xtion_pro_live.dae
[3.128s] -- Symlinking: /home/simone/bookros2_ws/install/tiago_description/share/tiago_description/meshes/sensors/xtion_pro_live/xtion_pro_live.png
[3.142s] -- Symlinking: /home/simone/bookros2_ws/install/tiago_description/share/tiago_description/meshes/torso/torso_fix.stl
[3.157s] -- Symlinking: /home/simone/bookros2_ws/install/tiago_description/share/tiago_description/meshes/torso/torso_lift_collision.dae
[3.185s] -- Symlinking: /home/simone/bookros2_ws/install/tiago_description/share/tiago_description/meshes/torso/torso_lift_collision_core.dae
[3.210s] -- Symlinking: /home/simone/bookros2_ws/install/tiago_description/share/tiago_description/meshes/torso/torso_lift_collision_neck.dae
[3.239s] -- Symlinking: /home/simone/bookros2_ws/install/tiago_description/share/tiago_description/meshes/torso/torso_lift_collision_shoulder.dae
[3.252s] -- Symlinking: /home/simone/bookros2_ws/install/tiago_description/share/tiago_description/meshes/torso/torso_lift_with_arm.stl
[3.264s] -- Symlinking: /home/simone/bookros2_ws/install/tiago_description/share/tiago_description/meshes/torso/torso_lift_without_arm.stl
[3.276s] -- Symlinking: /home/simone/bookros2_ws/install/tiago_description/share/tiago_description/robots/tiago.urdf.xacro
[3.290s] -- Symlinking: /home/simone/bookros2_ws/install/tiago_description/share/tiago_description/ros2_control/ros2_control.urdf.xacro
[3.302s] -- Symlinking: /home/simone/bookros2_ws/install/tiago_description/share/tiago_description/ros2_control/transmissions.urdf.xacro
[3.330s] -- Symlinking: /home/simone/bookros2_ws/install/tiago_description/share/tiago_description/urdf/arm/arm.ros2_control.xacro
[3.360s] -- Symlinking: /home/simone/bookros2_ws/install/tiago_description/share/tiago_description/urdf/arm/arm.urdf.xacro
[3.374s] -- Symlinking: /home/simone/bookros2_ws/install/tiago_description/share/tiago_description/urdf/arm/wrist.ros2_control.xacro
[3.399s] -- Symlinking: /home/simone/bookros2_ws/install/tiago_description/share/tiago_description/urdf/arm/wrist.urdf.xacro
[3.432s] -- Symlinking: /home/simone/bookros2_ws/install/tiago_description/share/tiago_description/urdf/calibration/calibration_constants.urdf.xacro
[3.482s] -- Symlinking: /home/simone/bookros2_ws/install/tiago_description/share/tiago_description/urdf/calibration/extrinsic_camera_calibration_constants.urdf.xacro
[3.494s] -- Symlinking: /home/simone/bookros2_ws/install/tiago_description/share/tiago_description/urdf/deg_to_rad.xacro
[3.511s] -- Symlinking: /home/simone/bookros2_ws/install/tiago_description/share/tiago_description/urdf/end_effector/end_effector.urdf.xacro
[3.567s] -- Symlinking: /home/simone/bookros2_ws/install/tiago_description/share/tiago_description/urdf/head/head.ros2_control.xacro
[3.582s] -- Symlinking: /home/simone/bookros2_ws/install/tiago_description/share/tiago_description/urdf/head/head.urdf.xacro
[3.769s] -- Symlinking: /home/simone/bookros2_ws/install/tiago_description/share/tiago_description/urdf/materials.urdf.xacro
[3.789s] -- Symlinking: /home/simone/bookros2_ws/install/tiago_description/share/tiago_description/urdf/sensors/ftsensor.gazebo.xacro
[3.813s] -- Symlinking: /home/simone/bookros2_ws/install/tiago_description/share/tiago_description/urdf/sensors/ftsensor.urdf.xacro
[3.851s] -- Symlinking: /home/simone/bookros2_ws/install/tiago_description/share/tiago_description/urdf/sensors/openni.gazebo.xacro
[3.889s] -- Symlinking: /home/simone/bookros2_ws/install/tiago_description/share/tiago_description/urdf/sensors/orbbec_astra.urdf.xacro
[3.952s] -- Symlinking: /home/simone/bookros2_ws/install/tiago_description/share/tiago_description/urdf/sensors/sensors.ros2_control.xacro
[3.986s] -- Symlinking: /home/simone/bookros2_ws/install/tiago_description/share/tiago_description/urdf/sensors/xtion_pro_live.urdf.xacro
[4.021s] -- Symlinking: /home/simone/bookros2_ws/install/tiago_description/share/tiago_description/urdf/torso/torso.ros2_control.xacro
[4.054s] -- Symlinking: /home/simone/bookros2_ws/install/tiago_description/share/tiago_description/urdf/torso/torso.urdf.xacro
[4.096s] -- Symlinking: /home/simone/bookros2_ws/install/tiago_description/share/ament_index/resource_index/package_run_dependencies/tiago_description
[4.189s] -- Symlinking: /home/simone/bookros2_ws/install/tiago_description/share/ament_index/resource_index/parent_prefix_path/tiago_description
[4.240s] -- Symlinking: /home/simone/bookros2_ws/install/tiago_description/share/tiago_description/environment/ament_prefix_path.sh
[4.296s] -- Symlinking: /home/simone/bookros2_ws/install/tiago_description/share/tiago_description/environment/ament_prefix_path.dsv
[4.440s] -- Symlinking: /home/simone/bookros2_ws/install/tiago_description/share/tiago_description/environment/path.sh
[4.587s] -- Symlinking: /home/simone/bookros2_ws/install/tiago_description/share/tiago_description/environment/path.dsv
[4.637s] -- Symlinking: /home/simone/bookros2_ws/install/tiago_description/share/tiago_description/local_setup.bash
[4.669s] -- Symlinking: /home/simone/bookros2_ws/install/tiago_description/share/tiago_description/local_setup.sh
[4.738s] -- Symlinking: /home/simone/bookros2_ws/install/tiago_description/share/tiago_description/local_setup.zsh
[4.815s] -- Symlinking: /home/simone/bookros2_ws/install/tiago_description/share/tiago_description/local_setup.dsv
[4.833s] -- Symlinking: /home/simone/bookros2_ws/install/tiago_description/share/tiago_description/package.dsv
[4.858s] -- Symlinking: /home/simone/bookros2_ws/install/tiago_description/share/ament_index/resource_index/packages/tiago_description
[4.915s] -- Symlinking: /home/simone/bookros2_ws/install/tiago_description/share/tiago_description/cmake/tiago_descriptionConfig.cmake
[4.924s] -- Symlinking: /home/simone/bookros2_ws/install/tiago_description/share/tiago_description/cmake/tiago_descriptionConfig-version.cmake
[4.934s] -- Symlinking: /home/simone/bookros2_ws/install/tiago_description/share/tiago_description/package.xml
[5.131s] Listing '/home/simone/bookros2_ws/install/tiago_description/local/lib/python3.10/dist-packages/tiago_description'...
[5.131s] Compiling '/home/simone/bookros2_ws/install/tiago_description/local/lib/python3.10/dist-packages/tiago_description/__init__.py'...
[5.131s] Compiling '/home/simone/bookros2_ws/install/tiago_description/local/lib/python3.10/dist-packages/tiago_description/tiago_launch_utils.py'...
[5.180s] Invoked command in '/home/simone/bookros2_ws/build/tiago_description' returned '0': AMENT_PREFIX_PATH=/home/simone/bookros2_ws/install/tiago_controller_configuration:/home/simone/bookros2_ws/install/pmb2_description:/home/simone/bookros2_ws/install/pal_gripper_description:/home/simone/bookros2_ws/install/urdf_test:/home/simone/bookros2_ws/install/pmb2_controller_configuration:/home/simone/bookros2_ws/install/pal_gripper_controller_configuration:/home/simone/bookros2_ws/install/launch_pal:/home/simone/bookros2_ws/install/hey5_description:${AMENT_PREFIX_PATH} CMAKE_PREFIX_PATH=/home/simone/bookros2_ws/install/tiago_controller_configuration:/home/simone/bookros2_ws/install/pmb2_description:/home/simone/bookros2_ws/install/pal_gripper_description:/home/simone/bookros2_ws/install/urdf_test:/home/simone/bookros2_ws/install/pmb2_controller_configuration:/home/simone/bookros2_ws/install/pal_gripper_controller_configuration:/home/simone/bookros2_ws/install/hey5_description:/opt/ros/humble PYTHONPATH=/home/simone/bookros2_ws/install/pmb2_description/local/lib/python3.10/dist-packages:/home/simone/bookros2_ws/install/urdf_test/local/lib/python3.10/dist-packages:/home/simone/bookros2_ws/build/launch_pal:/home/simone/bookros2_ws/install/launch_pal/lib/python3.10/site-packages:${PYTHONPATH} /usr/bin/cmake --install /home/simone/bookros2_ws/build/tiago_description
