[0.560s] Invoking command in '/home/simone/bookros2_ws/build/br2_navigation': CMAKE_PREFIX_PATH=${CMAKE_PREFIX_PATH}:/home/simone/bookros2_ws/install/learning_tf2_py:/home/simone/bookros2_ws/install/launch_pal:/home/simone/bookros2_ws/install/br2_tf2_detector_py:/home/simone/bookros2_ws/install/br2_fsm_bumpgo_py:/opt/ros/humble /usr/bin/cmake --build /home/simone/bookros2_ws/build/br2_navigation -- -j6 -l6
[0.647s] Invoked command in '/home/simone/bookros2_ws/build/br2_navigation' returned '0': CMAKE_PREFIX_PATH=${CMAKE_PREFIX_PATH}:/home/simone/bookros2_ws/install/learning_tf2_py:/home/simone/bookros2_ws/install/launch_pal:/home/simone/bookros2_ws/install/br2_tf2_detector_py:/home/simone/bookros2_ws/install/br2_fsm_bumpgo_py:/opt/ros/humble /usr/bin/cmake --build /home/simone/bookros2_ws/build/br2_navigation -- -j6 -l6
[0.684s] Invoking command in '/home/simone/bookros2_ws/build/br2_navigation': CMAKE_PREFIX_PATH=${CMAKE_PREFIX_PATH}:/home/simone/bookros2_ws/install/learning_tf2_py:/home/simone/bookros2_ws/install/launch_pal:/home/simone/bookros2_ws/install/br2_tf2_detector_py:/home/simone/bookros2_ws/install/br2_fsm_bumpgo_py:/opt/ros/humble /usr/bin/cmake --install /home/simone/bookros2_ws/build/br2_navigation
[0.702s] -- Install configuration: ""
[0.702s] -- Execute custom install script
[0.702s] -- Up-to-date symlink: /home/simone/bookros2_ws/install/br2_navigation/share/br2_navigation/launch/navigation_launch.py
[0.703s] -- Up-to-date symlink: /home/simone/bookros2_ws/install/br2_navigation/share/br2_navigation/launch/tiago_navigation.launch.py
[0.703s] -- Up-to-date symlink: /home/simone/bookros2_ws/install/br2_navigation/share/br2_navigation/params/mapper_params_online_async.yaml
[0.703s] -- Up-to-date symlink: /home/simone/bookros2_ws/install/br2_navigation/share/br2_navigation/params/tiago_nav_params.yaml
[0.704s] -- Up-to-date symlink: /home/simone/bookros2_ws/install/br2_navigation/share/br2_navigation/maps/home.pgm
[0.704s] -- Up-to-date symlink: /home/simone/bookros2_ws/install/br2_navigation/share/br2_navigation/maps/home.yaml
[0.705s] -- Up-to-date symlink: /home/simone/bookros2_ws/install/br2_navigation/share/ament_index/resource_index/package_run_dependencies/br2_navigation
[0.705s] -- Up-to-date symlink: /home/simone/bookros2_ws/install/br2_navigation/share/ament_index/resource_index/parent_prefix_path/br2_navigation
[0.706s] -- Up-to-date symlink: /home/simone/bookros2_ws/install/br2_navigation/share/br2_navigation/environment/ament_prefix_path.sh
[0.706s] -- Up-to-date symlink: /home/simone/bookros2_ws/install/br2_navigation/share/br2_navigation/environment/ament_prefix_path.dsv
[0.707s] -- Up-to-date symlink: /home/simone/bookros2_ws/install/br2_navigation/share/br2_navigation/environment/path.sh
[0.707s] -- Up-to-date symlink: /home/simone/bookros2_ws/install/br2_navigation/share/br2_navigation/environment/path.dsv
[0.710s] -- Up-to-date symlink: /home/simone/bookros2_ws/install/br2_navigation/share/br2_navigation/local_setup.bash
[0.710s] -- Up-to-date symlink: /home/simone/bookros2_ws/install/br2_navigation/share/br2_navigation/local_setup.sh
[0.710s] -- Up-to-date symlink: /home/simone/bookros2_ws/install/br2_navigation/share/br2_navigation/local_setup.zsh
[0.710s] -- Up-to-date symlink: /home/simone/bookros2_ws/install/br2_navigation/share/br2_navigation/local_setup.dsv
[0.710s] -- Symlinking: /home/simone/bookros2_ws/install/br2_navigation/share/br2_navigation/package.dsv
[0.724s] -- Up-to-date symlink: /home/simone/bookros2_ws/install/br2_navigation/share/ament_index/resource_index/packages/br2_navigation
[0.725s] -- Up-to-date symlink: /home/simone/bookros2_ws/install/br2_navigation/share/br2_navigation/cmake/br2_navigationConfig.cmake
[0.725s] -- Up-to-date symlink: /home/simone/bookros2_ws/install/br2_navigation/share/br2_navigation/cmake/br2_navigationConfig-version.cmake
[0.738s] -- Up-to-date symlink: /home/simone/bookros2_ws/install/br2_navigation/share/br2_navigation/package.xml
[0.800s] Invoked command in '/home/simone/bookros2_ws/build/br2_navigation' returned '0': CMAKE_PREFIX_PATH=${CMAKE_PREFIX_PATH}:/home/simone/bookros2_ws/install/learning_tf2_py:/home/simone/bookros2_ws/install/launch_pal:/home/simone/bookros2_ws/install/br2_tf2_detector_py:/home/simone/bookros2_ws/install/br2_fsm_bumpgo_py:/opt/ros/humble /usr/bin/cmake --install /home/simone/bookros2_ws/build/br2_navigation
