[0.109s] Invoking command in '/home/simone/bookros2_ws/build/br2_tracking': CMAKE_PREFIX_PATH=/home/simone/bookros2_ws/install/br2_tracking_msgs:/home/simone/bookros2_ws/install/urdf_test:/home/simone/bookros2_ws/install/tiago_simulation:/home/simone/bookros2_ws/install/tiago_robot:/home/simone/bookros2_ws/install/tiago_navigation:/home/simone/bookros2_ws/install/tiago_gazebo:/home/simone/bookros2_ws/install/tiago_moveit_config:/home/simone/bookros2_ws/install/tiago_laser_sensors:/home/simone/bookros2_ws/install/tiago_bringup:/home/simone/bookros2_ws/install/tiago_description:/home/simone/bookros2_ws/install/tiago_controller_configuration:/home/simone/bookros2_ws/install/tiago_2dnav:/home/simone/bookros2_ws/install/pmb2_robot:/home/simone/bookros2_ws/install/pmb2_navigation:/home/simone/bookros2_ws/install/pmb2_2dnav:/home/simone/bookros2_ws/install/pmb2_maps:/home/simone/bookros2_ws/install/pmb2_laser_sensors:/home/simone/bookros2_ws/install/pmb2_bringup:/home/simone/bookros2_ws/install/pmb2_description:/home/simone/bookros2_ws/install/pmb2_controller_configuration:/home/simone/bookros2_ws/install/pal_gripper:/home/simone/bookros2_ws/install/pal_gripper_description:/home/simone/bookros2_ws/install/pal_gripper_controller_configuration:/home/simone/bookros2_ws/install/pal_gazebo_worlds:/home/simone/bookros2_ws/install/hey5_description:/home/simone/bookros2_ws/install/groot:/home/simone/bookros2_ws/install/br2_vff_avoidance:/home/simone/bookros2_ws/install/br2_tracking:/home/simone/bookros2_ws/install/br2_tiago:/home/simone/bookros2_ws/install/br2_tf2_detector:/home/simone/bookros2_ws/install/br2_navigation:/home/simone/bookros2_ws/install/br2_fsm_bumpgo_cpp:/home/simone/bookros2_ws/install/br2_bt_patrolling:/home/simone/bookros2_ws/install/br2_bt_bumpgo:/home/simone/bookros2_ws/install/br2_basics:/home/simone/bookros2_ws/install/learning_tf2_py:/home/simone/bookros2_ws/install/launch_pal:/home/simone/bookros2_ws/install/br2_tf2_detector_py:/home/simone/bookros2_ws/install/br2_fsm_bumpgo_py:/opt/ros/humble LD_LIBRARY_PATH=/home/simone/bookros2_ws/install/br2_tracking_msgs/lib:/home/simone/bookros2_ws/install/groot/lib:/home/simone/bookros2_ws/install/br2_vff_avoidance/lib:/home/simone/bookros2_ws/install/br2_tracking/lib:/home/simone/bookros2_ws/install/br2_tf2_detector/lib:/home/simone/bookros2_ws/install/br2_bt_patrolling/lib:/home/simone/bookros2_ws/install/br2_bt_bumpgo/lib:/usr/lib/x86_64-linux-gnu/gazebo-11/plugins:/opt/ros/humble/opt/rviz_ogre_vendor/lib:/opt/ros/humble/lib/x86_64-linux-gnu:/opt/ros/humble/lib /usr/bin/cmake /home/simone/bookros2_ws/src/book_ros2/br2_tracking -DCMAKE_INSTALL_PREFIX=/home/simone/bookros2_ws/install/br2_tracking
[0.194s] -- Found ament_cmake: 1.3.5 (/opt/ros/humble/share/ament_cmake/cmake)
[0.512s] -- Override CMake install command with custom implementation using symlinks instead of copying resources
[0.525s] -- Found rclcpp: 16.0.4 (/opt/ros/humble/share/rclcpp/cmake)
[0.582s] -- Found rosidl_generator_c: 3.1.4 (/opt/ros/humble/share/rosidl_generator_c/cmake)
[0.588s] -- Found rosidl_adapter: 3.1.4 (/opt/ros/humble/share/rosidl_adapter/cmake)
[0.628s] -- Found rosidl_generator_cpp: 3.1.4 (/opt/ros/humble/share/rosidl_generator_cpp/cmake)
[0.644s] -- Using all available rosidl_typesupport_c: rosidl_typesupport_fastrtps_c;rosidl_typesupport_introspection_c
[0.670s] -- Using all available rosidl_typesupport_cpp: rosidl_typesupport_fastrtps_cpp;rosidl_typesupport_introspection_cpp
[0.806s] -- Found rmw_implementation_cmake: 6.1.1 (/opt/ros/humble/share/rmw_implementation_cmake/cmake)
[0.822s] -- Found rmw_fastrtps_cpp: 6.2.2 (/opt/ros/humble/share/rmw_fastrtps_cpp/cmake)
[1.103s] -- Using RMW implementation 'rmw_fastrtps_cpp' as default
[1.355s] -- Found rclcpp_lifecycle: 16.0.4 (/opt/ros/humble/share/rclcpp_lifecycle/cmake)
[1.441s] -- Found br2_tracking_msgs: 0.2.0 (/home/simone/bookros2_ws/install/br2_tracking_msgs/share/br2_tracking_msgs/cmake)
[1.540s] -- Found sensor_msgs: 4.2.3 (/opt/ros/humble/share/sensor_msgs/cmake)
[1.821s] -- Found vision_msgs: 4.1.0 (/opt/ros/humble/share/vision_msgs/cmake)
[1.946s] -- Found control_msgs: 4.4.0 (/opt/ros/humble/share/control_msgs/cmake)
[2.669s] -- Found image_transport: 3.1.5 (/opt/ros/humble/share/image_transport/cmake)
[2.854s] -- Found cv_bridge: 3.2.1 (/opt/ros/humble/share/cv_bridge/cmake)
[3.050s] -- Found ament_lint_auto: 0.12.6 (/opt/ros/humble/share/ament_lint_auto/cmake)
[3.204s] -- Found gtest sources under '/opt/ros/humble/src/gtest_vendor': C++ tests using 'Google Test' will be built
[3.273s] -- Added test 'copyright' to check source files copyright and LICENSE
[3.275s] -- Added test 'cppcheck' to perform static code analysis on C / C++ code
[3.275s] -- Configured cppcheck include dirs: /home/simone/bookros2_ws/src/book_ros2/br2_tracking/include
[3.276s] -- Configured cppcheck exclude dirs and/or files: 
[3.298s] -- Added test 'cpplint' to check C / C++ code against the Google style
[3.298s] -- Configured cpplint exclude dirs and/or files: 
[3.298s] -- Added test 'flake8' to check Python code syntax and style conventions
[3.298s] -- Added test 'lint_cmake' to check CMake code style
[3.299s] -- Added test 'pep257' to check Python code against some of the docstring style conventions in PEP 257
[3.299s] -- Added test 'uncrustify' to check C / C++ code style
[3.299s] -- Configured uncrustify additional arguments: 
[3.299s] -- Added test 'xmllint' to check XML markup files
[3.299s] -- Configuring done
[3.415s] -- Generating done
[3.415s] -- Build files have been written to: /home/simone/bookros2_ws/build/br2_tracking
[3.445s] Invoked command in '/home/simone/bookros2_ws/build/br2_tracking' returned '0': CMAKE_PREFIX_PATH=/home/simone/bookros2_ws/install/br2_tracking_msgs:/home/simone/bookros2_ws/install/urdf_test:/home/simone/bookros2_ws/install/tiago_simulation:/home/simone/bookros2_ws/install/tiago_robot:/home/simone/bookros2_ws/install/tiago_navigation:/home/simone/bookros2_ws/install/tiago_gazebo:/home/simone/bookros2_ws/install/tiago_moveit_config:/home/simone/bookros2_ws/install/tiago_laser_sensors:/home/simone/bookros2_ws/install/tiago_bringup:/home/simone/bookros2_ws/install/tiago_description:/home/simone/bookros2_ws/install/tiago_controller_configuration:/home/simone/bookros2_ws/install/tiago_2dnav:/home/simone/bookros2_ws/install/pmb2_robot:/home/simone/bookros2_ws/install/pmb2_navigation:/home/simone/bookros2_ws/install/pmb2_2dnav:/home/simone/bookros2_ws/install/pmb2_maps:/home/simone/bookros2_ws/install/pmb2_laser_sensors:/home/simone/bookros2_ws/install/pmb2_bringup:/home/simone/bookros2_ws/install/pmb2_description:/home/simone/bookros2_ws/install/pmb2_controller_configuration:/home/simone/bookros2_ws/install/pal_gripper:/home/simone/bookros2_ws/install/pal_gripper_description:/home/simone/bookros2_ws/install/pal_gripper_controller_configuration:/home/simone/bookros2_ws/install/pal_gazebo_worlds:/home/simone/bookros2_ws/install/hey5_description:/home/simone/bookros2_ws/install/groot:/home/simone/bookros2_ws/install/br2_vff_avoidance:/home/simone/bookros2_ws/install/br2_tracking:/home/simone/bookros2_ws/install/br2_tiago:/home/simone/bookros2_ws/install/br2_tf2_detector:/home/simone/bookros2_ws/install/br2_navigation:/home/simone/bookros2_ws/install/br2_fsm_bumpgo_cpp:/home/simone/bookros2_ws/install/br2_bt_patrolling:/home/simone/bookros2_ws/install/br2_bt_bumpgo:/home/simone/bookros2_ws/install/br2_basics:/home/simone/bookros2_ws/install/learning_tf2_py:/home/simone/bookros2_ws/install/launch_pal:/home/simone/bookros2_ws/install/br2_tf2_detector_py:/home/simone/bookros2_ws/install/br2_fsm_bumpgo_py:/opt/ros/humble LD_LIBRARY_PATH=/home/simone/bookros2_ws/install/br2_tracking_msgs/lib:/home/simone/bookros2_ws/install/groot/lib:/home/simone/bookros2_ws/install/br2_vff_avoidance/lib:/home/simone/bookros2_ws/install/br2_tracking/lib:/home/simone/bookros2_ws/install/br2_tf2_detector/lib:/home/simone/bookros2_ws/install/br2_bt_patrolling/lib:/home/simone/bookros2_ws/install/br2_bt_bumpgo/lib:/usr/lib/x86_64-linux-gnu/gazebo-11/plugins:/opt/ros/humble/opt/rviz_ogre_vendor/lib:/opt/ros/humble/lib/x86_64-linux-gnu:/opt/ros/humble/lib /usr/bin/cmake /home/simone/bookros2_ws/src/book_ros2/br2_tracking -DCMAKE_INSTALL_PREFIX=/home/simone/bookros2_ws/install/br2_tracking
[3.446s] Invoking command in '/home/simone/bookros2_ws/build/br2_tracking': CMAKE_PREFIX_PATH=/home/simone/bookros2_ws/install/br2_tracking_msgs:/home/simone/bookros2_ws/install/urdf_test:/home/simone/bookros2_ws/install/tiago_simulation:/home/simone/bookros2_ws/install/tiago_robot:/home/simone/bookros2_ws/install/tiago_navigation:/home/simone/bookros2_ws/install/tiago_gazebo:/home/simone/bookros2_ws/install/tiago_moveit_config:/home/simone/bookros2_ws/install/tiago_laser_sensors:/home/simone/bookros2_ws/install/tiago_bringup:/home/simone/bookros2_ws/install/tiago_description:/home/simone/bookros2_ws/install/tiago_controller_configuration:/home/simone/bookros2_ws/install/tiago_2dnav:/home/simone/bookros2_ws/install/pmb2_robot:/home/simone/bookros2_ws/install/pmb2_navigation:/home/simone/bookros2_ws/install/pmb2_2dnav:/home/simone/bookros2_ws/install/pmb2_maps:/home/simone/bookros2_ws/install/pmb2_laser_sensors:/home/simone/bookros2_ws/install/pmb2_bringup:/home/simone/bookros2_ws/install/pmb2_description:/home/simone/bookros2_ws/install/pmb2_controller_configuration:/home/simone/bookros2_ws/install/pal_gripper:/home/simone/bookros2_ws/install/pal_gripper_description:/home/simone/bookros2_ws/install/pal_gripper_controller_configuration:/home/simone/bookros2_ws/install/pal_gazebo_worlds:/home/simone/bookros2_ws/install/hey5_description:/home/simone/bookros2_ws/install/groot:/home/simone/bookros2_ws/install/br2_vff_avoidance:/home/simone/bookros2_ws/install/br2_tracking:/home/simone/bookros2_ws/install/br2_tiago:/home/simone/bookros2_ws/install/br2_tf2_detector:/home/simone/bookros2_ws/install/br2_navigation:/home/simone/bookros2_ws/install/br2_fsm_bumpgo_cpp:/home/simone/bookros2_ws/install/br2_bt_patrolling:/home/simone/bookros2_ws/install/br2_bt_bumpgo:/home/simone/bookros2_ws/install/br2_basics:/home/simone/bookros2_ws/install/learning_tf2_py:/home/simone/bookros2_ws/install/launch_pal:/home/simone/bookros2_ws/install/br2_tf2_detector_py:/home/simone/bookros2_ws/install/br2_fsm_bumpgo_py:/opt/ros/humble LD_LIBRARY_PATH=/home/simone/bookros2_ws/install/br2_tracking_msgs/lib:/home/simone/bookros2_ws/install/groot/lib:/home/simone/bookros2_ws/install/br2_vff_avoidance/lib:/home/simone/bookros2_ws/install/br2_tracking/lib:/home/simone/bookros2_ws/install/br2_tf2_detector/lib:/home/simone/bookros2_ws/install/br2_bt_patrolling/lib:/home/simone/bookros2_ws/install/br2_bt_bumpgo/lib:/usr/lib/x86_64-linux-gnu/gazebo-11/plugins:/opt/ros/humble/opt/rviz_ogre_vendor/lib:/opt/ros/humble/lib/x86_64-linux-gnu:/opt/ros/humble/lib /usr/bin/cmake --build /home/simone/bookros2_ws/build/br2_tracking -- -j6 -l6
[3.549s] [35m[1mConsolidate compiler generated dependencies of target br2_tracking[0m
[3.585s] [ 28%] Built target br2_tracking
[3.610s] [35m[1mConsolidate compiler generated dependencies of target gtest[0m
[3.672s] [ 42%] Built target gtest
[3.691s] [35m[1mConsolidate compiler generated dependencies of target object_tracker[0m
[3.712s] [ 57%] Built target object_tracker
[3.723s] [35m[1mConsolidate compiler generated dependencies of target object_detector[0m
[3.745s] [ 71%] Built target object_detector
[3.760s] [35m[1mConsolidate compiler generated dependencies of target gtest_main[0m
[3.774s] [ 85%] Built target gtest_main
[3.796s] [35m[1mConsolidate compiler generated dependencies of target pid_test[0m
[3.813s] [100%] Built target pid_test
[3.838s] Invoked command in '/home/simone/bookros2_ws/build/br2_tracking' returned '0': CMAKE_PREFIX_PATH=/home/simone/bookros2_ws/install/br2_tracking_msgs:/home/simone/bookros2_ws/install/urdf_test:/home/simone/bookros2_ws/install/tiago_simulation:/home/simone/bookros2_ws/install/tiago_robot:/home/simone/bookros2_ws/install/tiago_navigation:/home/simone/bookros2_ws/install/tiago_gazebo:/home/simone/bookros2_ws/install/tiago_moveit_config:/home/simone/bookros2_ws/install/tiago_laser_sensors:/home/simone/bookros2_ws/install/tiago_bringup:/home/simone/bookros2_ws/install/tiago_description:/home/simone/bookros2_ws/install/tiago_controller_configuration:/home/simone/bookros2_ws/install/tiago_2dnav:/home/simone/bookros2_ws/install/pmb2_robot:/home/simone/bookros2_ws/install/pmb2_navigation:/home/simone/bookros2_ws/install/pmb2_2dnav:/home/simone/bookros2_ws/install/pmb2_maps:/home/simone/bookros2_ws/install/pmb2_laser_sensors:/home/simone/bookros2_ws/install/pmb2_bringup:/home/simone/bookros2_ws/install/pmb2_description:/home/simone/bookros2_ws/install/pmb2_controller_configuration:/home/simone/bookros2_ws/install/pal_gripper:/home/simone/bookros2_ws/install/pal_gripper_description:/home/simone/bookros2_ws/install/pal_gripper_controller_configuration:/home/simone/bookros2_ws/install/pal_gazebo_worlds:/home/simone/bookros2_ws/install/hey5_description:/home/simone/bookros2_ws/install/groot:/home/simone/bookros2_ws/install/br2_vff_avoidance:/home/simone/bookros2_ws/install/br2_tracking:/home/simone/bookros2_ws/install/br2_tiago:/home/simone/bookros2_ws/install/br2_tf2_detector:/home/simone/bookros2_ws/install/br2_navigation:/home/simone/bookros2_ws/install/br2_fsm_bumpgo_cpp:/home/simone/bookros2_ws/install/br2_bt_patrolling:/home/simone/bookros2_ws/install/br2_bt_bumpgo:/home/simone/bookros2_ws/install/br2_basics:/home/simone/bookros2_ws/install/learning_tf2_py:/home/simone/bookros2_ws/install/launch_pal:/home/simone/bookros2_ws/install/br2_tf2_detector_py:/home/simone/bookros2_ws/install/br2_fsm_bumpgo_py:/opt/ros/humble LD_LIBRARY_PATH=/home/simone/bookros2_ws/install/br2_tracking_msgs/lib:/home/simone/bookros2_ws/install/groot/lib:/home/simone/bookros2_ws/install/br2_vff_avoidance/lib:/home/simone/bookros2_ws/install/br2_tracking/lib:/home/simone/bookros2_ws/install/br2_tf2_detector/lib:/home/simone/bookros2_ws/install/br2_bt_patrolling/lib:/home/simone/bookros2_ws/install/br2_bt_bumpgo/lib:/usr/lib/x86_64-linux-gnu/gazebo-11/plugins:/opt/ros/humble/opt/rviz_ogre_vendor/lib:/opt/ros/humble/lib/x86_64-linux-gnu:/opt/ros/humble/lib /usr/bin/cmake --build /home/simone/bookros2_ws/build/br2_tracking -- -j6 -l6
[3.912s] Invoking command in '/home/simone/bookros2_ws/build/br2_tracking': CMAKE_PREFIX_PATH=/home/simone/bookros2_ws/install/br2_tracking_msgs:/home/simone/bookros2_ws/install/urdf_test:/home/simone/bookros2_ws/install/tiago_simulation:/home/simone/bookros2_ws/install/tiago_robot:/home/simone/bookros2_ws/install/tiago_navigation:/home/simone/bookros2_ws/install/tiago_gazebo:/home/simone/bookros2_ws/install/tiago_moveit_config:/home/simone/bookros2_ws/install/tiago_laser_sensors:/home/simone/bookros2_ws/install/tiago_bringup:/home/simone/bookros2_ws/install/tiago_description:/home/simone/bookros2_ws/install/tiago_controller_configuration:/home/simone/bookros2_ws/install/tiago_2dnav:/home/simone/bookros2_ws/install/pmb2_robot:/home/simone/bookros2_ws/install/pmb2_navigation:/home/simone/bookros2_ws/install/pmb2_2dnav:/home/simone/bookros2_ws/install/pmb2_maps:/home/simone/bookros2_ws/install/pmb2_laser_sensors:/home/simone/bookros2_ws/install/pmb2_bringup:/home/simone/bookros2_ws/install/pmb2_description:/home/simone/bookros2_ws/install/pmb2_controller_configuration:/home/simone/bookros2_ws/install/pal_gripper:/home/simone/bookros2_ws/install/pal_gripper_description:/home/simone/bookros2_ws/install/pal_gripper_controller_configuration:/home/simone/bookros2_ws/install/pal_gazebo_worlds:/home/simone/bookros2_ws/install/hey5_description:/home/simone/bookros2_ws/install/groot:/home/simone/bookros2_ws/install/br2_vff_avoidance:/home/simone/bookros2_ws/install/br2_tracking:/home/simone/bookros2_ws/install/br2_tiago:/home/simone/bookros2_ws/install/br2_tf2_detector:/home/simone/bookros2_ws/install/br2_navigation:/home/simone/bookros2_ws/install/br2_fsm_bumpgo_cpp:/home/simone/bookros2_ws/install/br2_bt_patrolling:/home/simone/bookros2_ws/install/br2_bt_bumpgo:/home/simone/bookros2_ws/install/br2_basics:/home/simone/bookros2_ws/install/learning_tf2_py:/home/simone/bookros2_ws/install/launch_pal:/home/simone/bookros2_ws/install/br2_tf2_detector_py:/home/simone/bookros2_ws/install/br2_fsm_bumpgo_py:/opt/ros/humble LD_LIBRARY_PATH=/home/simone/bookros2_ws/install/br2_tracking_msgs/lib:/home/simone/bookros2_ws/install/groot/lib:/home/simone/bookros2_ws/install/br2_vff_avoidance/lib:/home/simone/bookros2_ws/install/br2_tracking/lib:/home/simone/bookros2_ws/install/br2_tf2_detector/lib:/home/simone/bookros2_ws/install/br2_bt_patrolling/lib:/home/simone/bookros2_ws/install/br2_bt_bumpgo/lib:/usr/lib/x86_64-linux-gnu/gazebo-11/plugins:/opt/ros/humble/opt/rviz_ogre_vendor/lib:/opt/ros/humble/lib/x86_64-linux-gnu:/opt/ros/humble/lib /usr/bin/cmake --install /home/simone/bookros2_ws/build/br2_tracking
[3.928s] -- Install configuration: "Debug"
[3.929s] -- Execute custom install script
[3.929s] -- Up-to-date symlink: /home/simone/bookros2_ws/install/br2_tracking/lib/libbr2_tracking.so
[3.929s] -- Up-to-date symlink: /home/simone/bookros2_ws/install/br2_tracking/lib/br2_tracking/object_detector
[3.929s] -- Up-to-date symlink: /home/simone/bookros2_ws/install/br2_tracking/lib/br2_tracking/object_tracker
[3.929s] -- Up-to-date symlink: /home/simone/bookros2_ws/install/br2_tracking/include/include/br2_tracking/HeadController.hpp
[3.929s] -- Up-to-date symlink: /home/simone/bookros2_ws/install/br2_tracking/include/include/br2_tracking/ObjectDetector.hpp
[3.929s] -- Up-to-date symlink: /home/simone/bookros2_ws/install/br2_tracking/include/include/br2_tracking/PIDController.hpp
[3.929s] -- Up-to-date symlink: /home/simone/bookros2_ws/install/br2_tracking/share/br2_tracking/launch/tracking.launch.py
[3.929s] -- Up-to-date symlink: /home/simone/bookros2_ws/install/br2_tracking/share/br2_tracking/config/detector.yaml
[3.929s] -- Up-to-date symlink: /home/simone/bookros2_ws/install/br2_tracking/share/br2_tracking/environment/library_path.sh
[3.929s] -- Up-to-date symlink: /home/simone/bookros2_ws/install/br2_tracking/share/br2_tracking/environment/library_path.dsv
[3.929s] -- Up-to-date symlink: /home/simone/bookros2_ws/install/br2_tracking/share/ament_index/resource_index/package_run_dependencies/br2_tracking
[3.930s] -- Up-to-date symlink: /home/simone/bookros2_ws/install/br2_tracking/share/ament_index/resource_index/parent_prefix_path/br2_tracking
[3.930s] -- Up-to-date symlink: /home/simone/bookros2_ws/install/br2_tracking/share/br2_tracking/environment/ament_prefix_path.sh
[3.930s] -- Up-to-date symlink: /home/simone/bookros2_ws/install/br2_tracking/share/br2_tracking/environment/ament_prefix_path.dsv
[3.930s] -- Up-to-date symlink: /home/simone/bookros2_ws/install/br2_tracking/share/br2_tracking/environment/path.sh
[3.930s] -- Up-to-date symlink: /home/simone/bookros2_ws/install/br2_tracking/share/br2_tracking/environment/path.dsv
[3.930s] -- Up-to-date symlink: /home/simone/bookros2_ws/install/br2_tracking/share/br2_tracking/local_setup.bash
[3.930s] -- Up-to-date symlink: /home/simone/bookros2_ws/install/br2_tracking/share/br2_tracking/local_setup.sh
[3.930s] -- Up-to-date symlink: /home/simone/bookros2_ws/install/br2_tracking/share/br2_tracking/local_setup.zsh
[3.930s] -- Up-to-date symlink: /home/simone/bookros2_ws/install/br2_tracking/share/br2_tracking/local_setup.dsv
[3.930s] -- Symlinking: /home/simone/bookros2_ws/install/br2_tracking/share/br2_tracking/package.dsv
[3.931s] -- Up-to-date symlink: /home/simone/bookros2_ws/install/br2_tracking/share/ament_index/resource_index/packages/br2_tracking
[3.932s] -- Up-to-date symlink: /home/simone/bookros2_ws/install/br2_tracking/share/br2_tracking/cmake/ament_cmake_export_include_directories-extras.cmake
[3.932s] -- Up-to-date symlink: /home/simone/bookros2_ws/install/br2_tracking/share/br2_tracking/cmake/ament_cmake_export_libraries-extras.cmake
[3.932s] -- Up-to-date symlink: /home/simone/bookros2_ws/install/br2_tracking/share/br2_tracking/cmake/ament_cmake_export_dependencies-extras.cmake
[3.932s] -- Up-to-date symlink: /home/simone/bookros2_ws/install/br2_tracking/share/br2_tracking/cmake/br2_trackingConfig.cmake
[3.932s] -- Up-to-date symlink: /home/simone/bookros2_ws/install/br2_tracking/share/br2_tracking/cmake/br2_trackingConfig-version.cmake
[3.932s] -- Up-to-date symlink: /home/simone/bookros2_ws/install/br2_tracking/share/br2_tracking/package.xml
[3.939s] Invoked command in '/home/simone/bookros2_ws/build/br2_tracking' returned '0': CMAKE_PREFIX_PATH=/home/simone/bookros2_ws/install/br2_tracking_msgs:/home/simone/bookros2_ws/install/urdf_test:/home/simone/bookros2_ws/install/tiago_simulation:/home/simone/bookros2_ws/install/tiago_robot:/home/simone/bookros2_ws/install/tiago_navigation:/home/simone/bookros2_ws/install/tiago_gazebo:/home/simone/bookros2_ws/install/tiago_moveit_config:/home/simone/bookros2_ws/install/tiago_laser_sensors:/home/simone/bookros2_ws/install/tiago_bringup:/home/simone/bookros2_ws/install/tiago_description:/home/simone/bookros2_ws/install/tiago_controller_configuration:/home/simone/bookros2_ws/install/tiago_2dnav:/home/simone/bookros2_ws/install/pmb2_robot:/home/simone/bookros2_ws/install/pmb2_navigation:/home/simone/bookros2_ws/install/pmb2_2dnav:/home/simone/bookros2_ws/install/pmb2_maps:/home/simone/bookros2_ws/install/pmb2_laser_sensors:/home/simone/bookros2_ws/install/pmb2_bringup:/home/simone/bookros2_ws/install/pmb2_description:/home/simone/bookros2_ws/install/pmb2_controller_configuration:/home/simone/bookros2_ws/install/pal_gripper:/home/simone/bookros2_ws/install/pal_gripper_description:/home/simone/bookros2_ws/install/pal_gripper_controller_configuration:/home/simone/bookros2_ws/install/pal_gazebo_worlds:/home/simone/bookros2_ws/install/hey5_description:/home/simone/bookros2_ws/install/groot:/home/simone/bookros2_ws/install/br2_vff_avoidance:/home/simone/bookros2_ws/install/br2_tracking:/home/simone/bookros2_ws/install/br2_tiago:/home/simone/bookros2_ws/install/br2_tf2_detector:/home/simone/bookros2_ws/install/br2_navigation:/home/simone/bookros2_ws/install/br2_fsm_bumpgo_cpp:/home/simone/bookros2_ws/install/br2_bt_patrolling:/home/simone/bookros2_ws/install/br2_bt_bumpgo:/home/simone/bookros2_ws/install/br2_basics:/home/simone/bookros2_ws/install/learning_tf2_py:/home/simone/bookros2_ws/install/launch_pal:/home/simone/bookros2_ws/install/br2_tf2_detector_py:/home/simone/bookros2_ws/install/br2_fsm_bumpgo_py:/opt/ros/humble LD_LIBRARY_PATH=/home/simone/bookros2_ws/install/br2_tracking_msgs/lib:/home/simone/bookros2_ws/install/groot/lib:/home/simone/bookros2_ws/install/br2_vff_avoidance/lib:/home/simone/bookros2_ws/install/br2_tracking/lib:/home/simone/bookros2_ws/install/br2_tf2_detector/lib:/home/simone/bookros2_ws/install/br2_bt_patrolling/lib:/home/simone/bookros2_ws/install/br2_bt_bumpgo/lib:/usr/lib/x86_64-linux-gnu/gazebo-11/plugins:/opt/ros/humble/opt/rviz_ogre_vendor/lib:/opt/ros/humble/lib/x86_64-linux-gnu:/opt/ros/humble/lib /usr/bin/cmake --install /home/simone/bookros2_ws/build/br2_tracking
