[0.073s] Invoking command in '/home/simone/bookros2_ws/build/pmb2_bringup': AMENT_PREFIX_PATH=/home/simone/bookros2_ws/install/pmb2_description:/home/simone/bookros2_ws/install/pmb2_controller_configuration:/home/simone/bookros2_ws/install/launch_pal:${AMENT_PREFIX_PATH} CMAKE_PREFIX_PATH=/home/simone/bookros2_ws/install/pmb2_description:/home/simone/bookros2_ws/install/pmb2_controller_configuration:/opt/ros/humble PYTHONPATH=/home/simone/bookros2_ws/install/pmb2_description/local/lib/python3.10/dist-packages:/home/simone/bookros2_ws/install/launch_pal/lib/python3.10/site-packages:${PYTHONPATH} /usr/bin/cmake --build /home/simone/bookros2_ws/build/pmb2_bringup -- -j6 -l6
[0.106s] Invoked command in '/home/simone/bookros2_ws/build/pmb2_bringup' returned '0': AMENT_PREFIX_PATH=/home/simone/bookros2_ws/install/pmb2_description:/home/simone/bookros2_ws/install/pmb2_controller_configuration:/home/simone/bookros2_ws/install/launch_pal:${AMENT_PREFIX_PATH} CMAKE_PREFIX_PATH=/home/simone/bookros2_ws/install/pmb2_description:/home/simone/bookros2_ws/install/pmb2_controller_configuration:/opt/ros/humble PYTHONPATH=/home/simone/bookros2_ws/install/pmb2_description/local/lib/python3.10/dist-packages:/home/simone/bookros2_ws/install/launch_pal/lib/python3.10/site-packages:${PYTHONPATH} /usr/bin/cmake --build /home/simone/bookros2_ws/build/pmb2_bringup -- -j6 -l6
[0.126s] Invoking command in '/home/simone/bookros2_ws/build/pmb2_bringup': AMENT_PREFIX_PATH=/home/simone/bookros2_ws/install/pmb2_description:/home/simone/bookros2_ws/install/pmb2_controller_configuration:/home/simone/bookros2_ws/install/launch_pal:${AMENT_PREFIX_PATH} CMAKE_PREFIX_PATH=/home/simone/bookros2_ws/install/pmb2_description:/home/simone/bookros2_ws/install/pmb2_controller_configuration:/opt/ros/humble PYTHONPATH=/home/simone/bookros2_ws/install/pmb2_description/local/lib/python3.10/dist-packages:/home/simone/bookros2_ws/install/launch_pal/lib/python3.10/site-packages:${PYTHONPATH} /usr/bin/cmake --install /home/simone/bookros2_ws/build/pmb2_bringup
[0.135s] -- Install configuration: ""
[0.136s] -- Execute custom install script
[0.137s] -- Up-to-date symlink: /home/simone/bookros2_ws/install/pmb2_bringup/share/pmb2_bringup/config/joy_config.yaml
[0.138s] -- Up-to-date symlink: /home/simone/bookros2_ws/install/pmb2_bringup/share/pmb2_bringup/config/joy_teleop.yaml
[0.139s] -- Up-to-date symlink: /home/simone/bookros2_ws/install/pmb2_bringup/share/pmb2_bringup/config/twist_mux/joystick.yaml
[0.140s] -- Up-to-date symlink: /home/simone/bookros2_ws/install/pmb2_bringup/share/pmb2_bringup/config/twist_mux/twist_mux_locks.yaml
[0.142s] -- Up-to-date symlink: /home/simone/bookros2_ws/install/pmb2_bringup/share/pmb2_bringup/config/twist_mux/twist_mux_topics.yaml
[0.143s] -- Up-to-date symlink: /home/simone/bookros2_ws/install/pmb2_bringup/share/pmb2_bringup/launch/joystick_teleop.launch.py
[0.144s] -- Up-to-date symlink: /home/simone/bookros2_ws/install/pmb2_bringup/share/pmb2_bringup/launch/pmb2_bringup.launch.py
[0.145s] -- Up-to-date symlink: /home/simone/bookros2_ws/install/pmb2_bringup/share/pmb2_bringup/launch/twist_mux.launch.py
[0.145s] -- Up-to-date symlink: /home/simone/bookros2_ws/install/pmb2_bringup/share/ament_index/resource_index/package_run_dependencies/pmb2_bringup
[0.146s] -- Up-to-date symlink: /home/simone/bookros2_ws/install/pmb2_bringup/share/ament_index/resource_index/parent_prefix_path/pmb2_bringup
[0.147s] -- Up-to-date symlink: /home/simone/bookros2_ws/install/pmb2_bringup/share/pmb2_bringup/environment/ament_prefix_path.sh
[0.147s] -- Up-to-date symlink: /home/simone/bookros2_ws/install/pmb2_bringup/share/pmb2_bringup/environment/ament_prefix_path.dsv
[0.148s] -- Up-to-date symlink: /home/simone/bookros2_ws/install/pmb2_bringup/share/pmb2_bringup/environment/path.sh
[0.149s] -- Up-to-date symlink: /home/simone/bookros2_ws/install/pmb2_bringup/share/pmb2_bringup/environment/path.dsv
[0.149s] -- Up-to-date symlink: /home/simone/bookros2_ws/install/pmb2_bringup/share/pmb2_bringup/local_setup.bash
[0.150s] -- Up-to-date symlink: /home/simone/bookros2_ws/install/pmb2_bringup/share/pmb2_bringup/local_setup.sh
[0.150s] -- Up-to-date symlink: /home/simone/bookros2_ws/install/pmb2_bringup/share/pmb2_bringup/local_setup.zsh
[0.151s] -- Up-to-date symlink: /home/simone/bookros2_ws/install/pmb2_bringup/share/pmb2_bringup/local_setup.dsv
[0.152s] -- Symlinking: /home/simone/bookros2_ws/install/pmb2_bringup/share/pmb2_bringup/package.dsv
[0.154s] -- Up-to-date symlink: /home/simone/bookros2_ws/install/pmb2_bringup/share/ament_index/resource_index/packages/pmb2_bringup
[0.155s] -- Up-to-date symlink: /home/simone/bookros2_ws/install/pmb2_bringup/share/pmb2_bringup/cmake/pmb2_bringupConfig.cmake
[0.156s] -- Up-to-date symlink: /home/simone/bookros2_ws/install/pmb2_bringup/share/pmb2_bringup/cmake/pmb2_bringupConfig-version.cmake
[0.156s] -- Up-to-date symlink: /home/simone/bookros2_ws/install/pmb2_bringup/share/pmb2_bringup/package.xml
[0.185s] Invoked command in '/home/simone/bookros2_ws/build/pmb2_bringup' returned '0': AMENT_PREFIX_PATH=/home/simone/bookros2_ws/install/pmb2_description:/home/simone/bookros2_ws/install/pmb2_controller_configuration:/home/simone/bookros2_ws/install/launch_pal:${AMENT_PREFIX_PATH} CMAKE_PREFIX_PATH=/home/simone/bookros2_ws/install/pmb2_description:/home/simone/bookros2_ws/install/pmb2_controller_configuration:/opt/ros/humble PYTHONPATH=/home/simone/bookros2_ws/install/pmb2_description/local/lib/python3.10/dist-packages:/home/simone/bookros2_ws/install/launch_pal/lib/python3.10/site-packages:${PYTHONPATH} /usr/bin/cmake --install /home/simone/bookros2_ws/build/pmb2_bringup
