[0.289s] Invoking command in '/home/simone/bookros2_ws/build/br2_tf2_detector': CMAKE_PREFIX_PATH=${CMAKE_PREFIX_PATH}:/home/simone/bookros2_ws/install/launch_pal:/home/simone/bookros2_ws/install/br2_fsm_bumpgo_py:/opt/ros/humble /usr/bin/cmake --build /home/simone/bookros2_ws/build/br2_tf2_detector -- -j5 -l5
[0.582s] [ 50%] Built target br2_tf2_detector
[0.642s] [ 75%] Built target detector
[0.741s] [100%] Built target detector_improved
[0.874s] Invoked command in '/home/simone/bookros2_ws/build/br2_tf2_detector' returned '0': CMAKE_PREFIX_PATH=${CMAKE_PREFIX_PATH}:/home/simone/bookros2_ws/install/launch_pal:/home/simone/bookros2_ws/install/br2_fsm_bumpgo_py:/opt/ros/humble /usr/bin/cmake --build /home/simone/bookros2_ws/build/br2_tf2_detector -- -j5 -l5
[1.136s] Invoking command in '/home/simone/bookros2_ws/build/br2_tf2_detector': CMAKE_PREFIX_PATH=${CMAKE_PREFIX_PATH}:/home/simone/bookros2_ws/install/launch_pal:/home/simone/bookros2_ws/install/br2_fsm_bumpgo_py:/opt/ros/humble /usr/bin/cmake --install /home/simone/bookros2_ws/build/br2_tf2_detector
[1.145s] -- Install configuration: ""
[1.145s] -- Execute custom install script
[1.145s] -- Up-to-date symlink: /home/simone/bookros2_ws/install/br2_tf2_detector/lib/libbr2_tf2_detector.so
[1.146s] -- Up-to-date symlink: /home/simone/bookros2_ws/install/br2_tf2_detector/lib/br2_tf2_detector/detector
[1.146s] -- Up-to-date symlink: /home/simone/bookros2_ws/install/br2_tf2_detector/lib/br2_tf2_detector/detector_improved
[1.146s] -- Up-to-date symlink: /home/simone/bookros2_ws/install/br2_tf2_detector/share/br2_tf2_detector/launch/detector_basic.launch.py
[1.146s] -- Up-to-date symlink: /home/simone/bookros2_ws/install/br2_tf2_detector/share/br2_tf2_detector/launch/detector_improved.launch.py
[1.147s] -- Up-to-date symlink: /home/simone/bookros2_ws/install/br2_tf2_detector/share/ament_index/resource_index/package_run_dependencies/br2_tf2_detector
[1.148s] -- Up-to-date symlink: /home/simone/bookros2_ws/install/br2_tf2_detector/share/ament_index/resource_index/parent_prefix_path/br2_tf2_detector
[1.148s] -- Up-to-date symlink: /home/simone/bookros2_ws/install/br2_tf2_detector/share/br2_tf2_detector/environment/ament_prefix_path.sh
[1.148s] -- Up-to-date symlink: /home/simone/bookros2_ws/install/br2_tf2_detector/share/br2_tf2_detector/environment/ament_prefix_path.dsv
[1.149s] -- Up-to-date symlink: /home/simone/bookros2_ws/install/br2_tf2_detector/share/br2_tf2_detector/environment/path.sh
[1.149s] -- Up-to-date symlink: /home/simone/bookros2_ws/install/br2_tf2_detector/share/br2_tf2_detector/environment/path.dsv
[1.150s] -- Up-to-date symlink: /home/simone/bookros2_ws/install/br2_tf2_detector/share/br2_tf2_detector/local_setup.bash
[1.171s] -- Up-to-date symlink: /home/simone/bookros2_ws/install/br2_tf2_detector/share/br2_tf2_detector/local_setup.sh
[1.171s] -- Up-to-date symlink: /home/simone/bookros2_ws/install/br2_tf2_detector/share/br2_tf2_detector/local_setup.zsh
[1.171s] -- Up-to-date symlink: /home/simone/bookros2_ws/install/br2_tf2_detector/share/br2_tf2_detector/local_setup.dsv
[1.171s] -- Symlinking: /home/simone/bookros2_ws/install/br2_tf2_detector/share/br2_tf2_detector/package.dsv
[1.254s] -- Up-to-date symlink: /home/simone/bookros2_ws/install/br2_tf2_detector/share/ament_index/resource_index/packages/br2_tf2_detector
[1.254s] -- Up-to-date symlink: /home/simone/bookros2_ws/install/br2_tf2_detector/share/br2_tf2_detector/cmake/br2_tf2_detectorConfig.cmake
[1.254s] -- Up-to-date symlink: /home/simone/bookros2_ws/install/br2_tf2_detector/share/br2_tf2_detector/cmake/br2_tf2_detectorConfig-version.cmake
[1.255s] -- Up-to-date symlink: /home/simone/bookros2_ws/install/br2_tf2_detector/share/br2_tf2_detector/package.xml
[1.265s] Invoked command in '/home/simone/bookros2_ws/build/br2_tf2_detector' returned '0': CMAKE_PREFIX_PATH=${CMAKE_PREFIX_PATH}:/home/simone/bookros2_ws/install/launch_pal:/home/simone/bookros2_ws/install/br2_fsm_bumpgo_py:/opt/ros/humble /usr/bin/cmake --install /home/simone/bookros2_ws/build/br2_tf2_detector
