-- Found ament_cmake: 1.3.5 (/opt/ros/humble/share/ament_cmake/cmake)
-- Override CMake install command with custom implementation using symlinks instead of copying resources
-- Found rclcpp: 16.0.4 (/opt/ros/humble/share/rclcpp/cmake)
-- Found rosidl_generator_c: 3.1.4 (/opt/ros/humble/share/rosidl_generator_c/cmake)
-- Found rosidl_adapter: 3.1.4 (/opt/ros/humble/share/rosidl_adapter/cmake)
-- Found rosidl_generator_cpp: 3.1.4 (/opt/ros/humble/share/rosidl_generator_cpp/cmake)
-- Using all available rosidl_typesupport_c: rosidl_typesupport_fastrtps_c;rosidl_typesupport_introspection_c
-- Using all available rosidl_typesupport_cpp: rosidl_typesupport_fastrtps_cpp;rosidl_typesupport_introspection_cpp
-- Found rmw_implementation_cmake: 6.1.1 (/opt/ros/humble/share/rmw_implementation_cmake/cmake)
-- Found rmw_fastrtps_cpp: 6.2.2 (/opt/ros/humble/share/rmw_fastrtps_cpp/cmake)
-- Using RMW implementation 'rmw_fastrtps_cpp' as default
-- Found sensor_msgs: 4.2.3 (/opt/ros/humble/share/sensor_msgs/cmake)
-- Found visualization_msgs: 4.2.3 (/opt/ros/humble/share/visualization_msgs/cmake)
-- Found ament_lint_auto: 0.12.6 (/opt/ros/humble/share/ament_lint_auto/cmake)
-- Found gtest sources under '/opt/ros/humble/src/gtest_vendor': C++ tests using 'Google Test' will be built
-- Added test 'copyright' to check source files copyright and LICENSE
-- Added test 'cppcheck' to perform static code analysis on C / C++ code
-- Configured cppcheck include dirs: /home/simone/bookros2_ws/src/book_ros2/br2_vff_avoidance/include
-- Configured cppcheck exclude dirs and/or files: 
-- Added test 'cpplint' to check C / C++ code against the Google style
-- Configured cpplint exclude dirs and/or files: 
-- Added test 'flake8' to check Python code syntax and style conventions
-- Added test 'lint_cmake' to check CMake code style
-- Added test 'pep257' to check Python code against some of the docstring style conventions in PEP 257
-- Added test 'uncrustify' to check C / C++ code style
-- Configured uncrustify additional arguments: 
-- Added test 'xmllint' to check XML markup files
-- Configuring done
-- Generating done
-- Build files have been written to: /home/simone/bookros2_ws/build/br2_vff_avoidance
[35m[1mConsolidate compiler generated dependencies of target br2_vff_avoidance[0m
[ 20%] Built target br2_vff_avoidance
[35m[1mConsolidate compiler generated dependencies of target gtest[0m
[ 40%] Built target gtest
[35m[1mConsolidate compiler generated dependencies of target avoidance_vff[0m
[ 60%] Built target avoidance_vff
[35m[1mConsolidate compiler generated dependencies of target gtest_main[0m
[ 80%] Built target gtest_main
[35m[1mConsolidate compiler generated dependencies of target vff_test[0m
[100%] Built target vff_test
-- Install configuration: "Debug"
-- Execute custom install script
-- Up-to-date symlink: /home/simone/bookros2_ws/install/br2_vff_avoidance/lib/libbr2_vff_avoidance.so
-- Up-to-date symlink: /home/simone/bookros2_ws/install/br2_vff_avoidance/lib/br2_vff_avoidance/avoidance_vff
-- Up-to-date symlink: /home/simone/bookros2_ws/install/br2_vff_avoidance/share/br2_vff_avoidance/launch/avoidance_vff.launch.py
-- Up-to-date symlink: /home/simone/bookros2_ws/install/br2_vff_avoidance/share/ament_index/resource_index/package_run_dependencies/br2_vff_avoidance
-- Up-to-date symlink: /home/simone/bookros2_ws/install/br2_vff_avoidance/share/ament_index/resource_index/parent_prefix_path/br2_vff_avoidance
-- Up-to-date symlink: /home/simone/bookros2_ws/install/br2_vff_avoidance/share/br2_vff_avoidance/environment/ament_prefix_path.sh
-- Up-to-date symlink: /home/simone/bookros2_ws/install/br2_vff_avoidance/share/br2_vff_avoidance/environment/ament_prefix_path.dsv
-- Up-to-date symlink: /home/simone/bookros2_ws/install/br2_vff_avoidance/share/br2_vff_avoidance/environment/path.sh
-- Up-to-date symlink: /home/simone/bookros2_ws/install/br2_vff_avoidance/share/br2_vff_avoidance/environment/path.dsv
-- Up-to-date symlink: /home/simone/bookros2_ws/install/br2_vff_avoidance/share/br2_vff_avoidance/local_setup.bash
-- Up-to-date symlink: /home/simone/bookros2_ws/install/br2_vff_avoidance/share/br2_vff_avoidance/local_setup.sh
-- Up-to-date symlink: /home/simone/bookros2_ws/install/br2_vff_avoidance/share/br2_vff_avoidance/local_setup.zsh
-- Up-to-date symlink: /home/simone/bookros2_ws/install/br2_vff_avoidance/share/br2_vff_avoidance/local_setup.dsv
-- Symlinking: /home/simone/bookros2_ws/install/br2_vff_avoidance/share/br2_vff_avoidance/package.dsv
-- Up-to-date symlink: /home/simone/bookros2_ws/install/br2_vff_avoidance/share/ament_index/resource_index/packages/br2_vff_avoidance
-- Up-to-date symlink: /home/simone/bookros2_ws/install/br2_vff_avoidance/share/br2_vff_avoidance/cmake/ament_cmake_export_dependencies-extras.cmake
-- Up-to-date symlink: /home/simone/bookros2_ws/install/br2_vff_avoidance/share/br2_vff_avoidance/cmake/br2_vff_avoidanceConfig.cmake
-- Up-to-date symlink: /home/simone/bookros2_ws/install/br2_vff_avoidance/share/br2_vff_avoidance/cmake/br2_vff_avoidanceConfig-version.cmake
-- Up-to-date symlink: /home/simone/bookros2_ws/install/br2_vff_avoidance/share/br2_vff_avoidance/package.xml
