[0.027s] Invoking command in '/home/simone/bookros2_ws/build/br2_vff_avoidance': CMAKE_PREFIX_PATH=${CMAKE_PREFIX_PATH}:/home/simone/bookros2_ws/install/learning_tf2_py:/home/simone/bookros2_ws/install/launch_pal:/home/simone/bookros2_ws/install/br2_tf2_detector_py:/home/simone/bookros2_ws/install/br2_fsm_bumpgo_py:/opt/ros/humble /usr/bin/cmake /home/simone/bookros2_ws/src/book_ros2/br2_vff_avoidance -DCMAKE_INSTALL_PREFIX=/home/simone/bookros2_ws/install/br2_vff_avoidance
[0.274s] -- Found ament_cmake: 1.3.5 (/opt/ros/humble/share/ament_cmake/cmake)
[0.539s] -- Override CMake install command with custom implementation using symlinks instead of copying resources
[0.539s] -- Found rclcpp: 16.0.4 (/opt/ros/humble/share/rclcpp/cmake)
[0.571s] -- Found rosidl_generator_c: 3.1.4 (/opt/ros/humble/share/rosidl_generator_c/cmake)
[0.581s] -- Found rosidl_adapter: 3.1.4 (/opt/ros/humble/share/rosidl_adapter/cmake)
[0.588s] -- Found rosidl_generator_cpp: 3.1.4 (/opt/ros/humble/share/rosidl_generator_cpp/cmake)
[0.609s] -- Using all available rosidl_typesupport_c: rosidl_typesupport_fastrtps_c;rosidl_typesupport_introspection_c
[0.635s] -- Using all available rosidl_typesupport_cpp: rosidl_typesupport_fastrtps_cpp;rosidl_typesupport_introspection_cpp
[0.739s] -- Found rmw_implementation_cmake: 6.1.1 (/opt/ros/humble/share/rmw_implementation_cmake/cmake)
[0.754s] -- Found rmw_fastrtps_cpp: 6.2.2 (/opt/ros/humble/share/rmw_fastrtps_cpp/cmake)
[1.067s] -- Using RMW implementation 'rmw_fastrtps_cpp' as default
[1.415s] -- Found sensor_msgs: 4.2.3 (/opt/ros/humble/share/sensor_msgs/cmake)
[1.604s] -- Found visualization_msgs: 4.2.3 (/opt/ros/humble/share/visualization_msgs/cmake)
[1.845s] -- Found ament_lint_auto: 0.12.6 (/opt/ros/humble/share/ament_lint_auto/cmake)
[1.981s] -- Found gtest sources under '/opt/ros/humble/src/gtest_vendor': C++ tests using 'Google Test' will be built
[2.018s] -- Added test 'copyright' to check source files copyright and LICENSE
[2.024s] -- Added test 'cppcheck' to perform static code analysis on C / C++ code
[2.024s] -- Configured cppcheck include dirs: /home/simone/bookros2_ws/src/book_ros2/br2_vff_avoidance/include
[2.026s] -- Configured cppcheck exclude dirs and/or files: 
[2.027s] -- Added test 'cpplint' to check C / C++ code against the Google style
[2.027s] -- Configured cpplint exclude dirs and/or files: 
[2.027s] -- Added test 'flake8' to check Python code syntax and style conventions
[2.027s] -- Added test 'lint_cmake' to check CMake code style
[2.027s] -- Added test 'pep257' to check Python code against some of the docstring style conventions in PEP 257
[2.027s] -- Added test 'uncrustify' to check C / C++ code style
[2.027s] -- Configured uncrustify additional arguments: 
[2.027s] -- Added test 'xmllint' to check XML markup files
[2.047s] -- Configuring done
[2.192s] -- Generating done
[2.204s] -- Build files have been written to: /home/simone/bookros2_ws/build/br2_vff_avoidance
[2.235s] Invoked command in '/home/simone/bookros2_ws/build/br2_vff_avoidance' returned '0': CMAKE_PREFIX_PATH=${CMAKE_PREFIX_PATH}:/home/simone/bookros2_ws/install/learning_tf2_py:/home/simone/bookros2_ws/install/launch_pal:/home/simone/bookros2_ws/install/br2_tf2_detector_py:/home/simone/bookros2_ws/install/br2_fsm_bumpgo_py:/opt/ros/humble /usr/bin/cmake /home/simone/bookros2_ws/src/book_ros2/br2_vff_avoidance -DCMAKE_INSTALL_PREFIX=/home/simone/bookros2_ws/install/br2_vff_avoidance
[2.236s] Invoking command in '/home/simone/bookros2_ws/build/br2_vff_avoidance': CMAKE_PREFIX_PATH=${CMAKE_PREFIX_PATH}:/home/simone/bookros2_ws/install/learning_tf2_py:/home/simone/bookros2_ws/install/launch_pal:/home/simone/bookros2_ws/install/br2_tf2_detector_py:/home/simone/bookros2_ws/install/br2_fsm_bumpgo_py:/opt/ros/humble /usr/bin/cmake --build /home/simone/bookros2_ws/build/br2_vff_avoidance -- -j6 -l6
[2.287s] [35m[1mConsolidate compiler generated dependencies of target br2_vff_avoidance[0m
[2.324s] [ 20%] Built target br2_vff_avoidance
[2.383s] [35m[1mConsolidate compiler generated dependencies of target gtest[0m
[2.394s] [ 40%] Built target gtest
[2.422s] [35m[1mConsolidate compiler generated dependencies of target avoidance_vff[0m
[2.450s] [ 60%] Built target avoidance_vff
[2.463s] [35m[1mConsolidate compiler generated dependencies of target gtest_main[0m
[2.549s] [ 80%] Built target gtest_main
[2.562s] [35m[1mConsolidate compiler generated dependencies of target vff_test[0m
[2.632s] [100%] Built target vff_test
[2.686s] Invoked command in '/home/simone/bookros2_ws/build/br2_vff_avoidance' returned '0': CMAKE_PREFIX_PATH=${CMAKE_PREFIX_PATH}:/home/simone/bookros2_ws/install/learning_tf2_py:/home/simone/bookros2_ws/install/launch_pal:/home/simone/bookros2_ws/install/br2_tf2_detector_py:/home/simone/bookros2_ws/install/br2_fsm_bumpgo_py:/opt/ros/humble /usr/bin/cmake --build /home/simone/bookros2_ws/build/br2_vff_avoidance -- -j6 -l6
[2.902s] Invoking command in '/home/simone/bookros2_ws/build/br2_vff_avoidance': CMAKE_PREFIX_PATH=${CMAKE_PREFIX_PATH}:/home/simone/bookros2_ws/install/learning_tf2_py:/home/simone/bookros2_ws/install/launch_pal:/home/simone/bookros2_ws/install/br2_tf2_detector_py:/home/simone/bookros2_ws/install/br2_fsm_bumpgo_py:/opt/ros/humble /usr/bin/cmake --install /home/simone/bookros2_ws/build/br2_vff_avoidance
[3.264s] -- Install configuration: "Debug"
[3.264s] -- Execute custom install script
[3.264s] -- Up-to-date symlink: /home/simone/bookros2_ws/install/br2_vff_avoidance/lib/libbr2_vff_avoidance.so
[3.264s] -- Up-to-date symlink: /home/simone/bookros2_ws/install/br2_vff_avoidance/lib/br2_vff_avoidance/avoidance_vff
[3.265s] -- Up-to-date symlink: /home/simone/bookros2_ws/install/br2_vff_avoidance/share/br2_vff_avoidance/launch/avoidance_vff.launch.py
[3.265s] -- Up-to-date symlink: /home/simone/bookros2_ws/install/br2_vff_avoidance/share/ament_index/resource_index/package_run_dependencies/br2_vff_avoidance
[3.269s] -- Up-to-date symlink: /home/simone/bookros2_ws/install/br2_vff_avoidance/share/ament_index/resource_index/parent_prefix_path/br2_vff_avoidance
[3.269s] -- Up-to-date symlink: /home/simone/bookros2_ws/install/br2_vff_avoidance/share/br2_vff_avoidance/environment/ament_prefix_path.sh
[3.269s] -- Up-to-date symlink: /home/simone/bookros2_ws/install/br2_vff_avoidance/share/br2_vff_avoidance/environment/ament_prefix_path.dsv
[3.269s] -- Up-to-date symlink: /home/simone/bookros2_ws/install/br2_vff_avoidance/share/br2_vff_avoidance/environment/path.sh
[3.269s] -- Up-to-date symlink: /home/simone/bookros2_ws/install/br2_vff_avoidance/share/br2_vff_avoidance/environment/path.dsv
[3.270s] -- Up-to-date symlink: /home/simone/bookros2_ws/install/br2_vff_avoidance/share/br2_vff_avoidance/local_setup.bash
[3.270s] -- Up-to-date symlink: /home/simone/bookros2_ws/install/br2_vff_avoidance/share/br2_vff_avoidance/local_setup.sh
[3.270s] -- Up-to-date symlink: /home/simone/bookros2_ws/install/br2_vff_avoidance/share/br2_vff_avoidance/local_setup.zsh
[3.270s] -- Up-to-date symlink: /home/simone/bookros2_ws/install/br2_vff_avoidance/share/br2_vff_avoidance/local_setup.dsv
[3.270s] -- Symlinking: /home/simone/bookros2_ws/install/br2_vff_avoidance/share/br2_vff_avoidance/package.dsv
[3.270s] -- Up-to-date symlink: /home/simone/bookros2_ws/install/br2_vff_avoidance/share/ament_index/resource_index/packages/br2_vff_avoidance
[3.270s] -- Up-to-date symlink: /home/simone/bookros2_ws/install/br2_vff_avoidance/share/br2_vff_avoidance/cmake/ament_cmake_export_dependencies-extras.cmake
[3.270s] -- Up-to-date symlink: /home/simone/bookros2_ws/install/br2_vff_avoidance/share/br2_vff_avoidance/cmake/br2_vff_avoidanceConfig.cmake
[3.270s] -- Up-to-date symlink: /home/simone/bookros2_ws/install/br2_vff_avoidance/share/br2_vff_avoidance/cmake/br2_vff_avoidanceConfig-version.cmake
[3.270s] -- Up-to-date symlink: /home/simone/bookros2_ws/install/br2_vff_avoidance/share/br2_vff_avoidance/package.xml
[3.284s] Invoked command in '/home/simone/bookros2_ws/build/br2_vff_avoidance' returned '0': CMAKE_PREFIX_PATH=${CMAKE_PREFIX_PATH}:/home/simone/bookros2_ws/install/learning_tf2_py:/home/simone/bookros2_ws/install/launch_pal:/home/simone/bookros2_ws/install/br2_tf2_detector_py:/home/simone/bookros2_ws/install/br2_fsm_bumpgo_py:/opt/ros/humble /usr/bin/cmake --install /home/simone/bookros2_ws/build/br2_vff_avoidance
