[1.377s] Invoking command in '/home/simone/bookros2_ws/build/launch_pal': PYTHONPATH=/home/simone/bookros2_ws/build/launch_pal/prefix_override:/home/simone/bookros2_ws/install/launch_pal/lib/python3.10/site-packages:${PYTHONPATH} /usr/bin/python3 setup.py develop --uninstall --editable --build-directory /home/simone/bookros2_ws/build/launch_pal/build
[1.965s] running develop
[1.966s] /usr/lib/python3/dist-packages/setuptools/command/easy_install.py:158: EasyInstallDeprecationWarning: easy_install command is deprecated. Use build and pip and other standards-based tools.
[1.966s]   warnings.warn(
[1.968s] /usr/lib/python3/dist-packages/setuptools/command/install.py:34: SetuptoolsDeprecationWarning: setup.py install is deprecated. Use build and pip and other standards-based tools.
[1.968s]   warnings.warn(
[2.093s] /usr/lib/python3/dist-packages/pkg_resources/__init__.py:116: PkgResourcesDeprecationWarning: 1.16.0-unknown is an invalid version and will not be supported in a future release
[2.093s]   warnings.warn(
[2.094s] /usr/lib/python3/dist-packages/pkg_resources/__init__.py:116: PkgResourcesDeprecationWarning: 1.1build1 is an invalid version and will not be supported in a future release
[2.094s]   warnings.warn(
[2.717s] Invoked command in '/home/simone/bookros2_ws/build/launch_pal' returned '0': PYTHONPATH=/home/simone/bookros2_ws/build/launch_pal/prefix_override:/home/simone/bookros2_ws/install/launch_pal/lib/python3.10/site-packages:${PYTHONPATH} /usr/bin/python3 setup.py develop --uninstall --editable --build-directory /home/simone/bookros2_ws/build/launch_pal/build
[2.719s] Invoking command in '/home/simone/bookros2_ws/src/ThirdParty/launch_pal': PYTHONPATH=/home/simone/bookros2_ws/build/launch_pal/prefix_override:/home/simone/bookros2_ws/install/launch_pal/lib/python3.10/site-packages:${PYTHONPATH} /usr/bin/python3 setup.py egg_info --egg-base ../../../build/launch_pal build --build-base /home/simone/bookros2_ws/build/launch_pal/build install --record /home/simone/bookros2_ws/build/launch_pal/install.log --single-version-externally-managed
[3.313s] running egg_info
[3.314s] writing ../../../build/launch_pal/launch_pal.egg-info/PKG-INFO
[3.315s] writing dependency_links to ../../../build/launch_pal/launch_pal.egg-info/dependency_links.txt
[3.315s] writing entry points to ../../../build/launch_pal/launch_pal.egg-info/entry_points.txt
[3.316s] writing requirements to ../../../build/launch_pal/launch_pal.egg-info/requires.txt
[3.316s] writing top-level names to ../../../build/launch_pal/launch_pal.egg-info/top_level.txt
[3.319s] reading manifest file '../../../build/launch_pal/launch_pal.egg-info/SOURCES.txt'
[3.320s] adding license file 'LICENSE'
[3.321s] writing manifest file '../../../build/launch_pal/launch_pal.egg-info/SOURCES.txt'
[3.332s] /usr/lib/python3/dist-packages/setuptools/command/install.py:34: SetuptoolsDeprecationWarning: setup.py install is deprecated. Use build and pip and other standards-based tools.
[3.332s]   warnings.warn(
[3.332s] running build
[3.332s] running build_py
[3.332s] running install
[3.333s] running install_lib
[3.333s] running install_data
[3.333s] running install_egg_info
[3.333s] removing '/home/simone/bookros2_ws/install/launch_pal/lib/python3.10/site-packages/launch_pal-0.0.9-py3.10.egg-info' (and everything under it)
[3.333s] Copying ../../../build/launch_pal/launch_pal.egg-info to /home/simone/bookros2_ws/install/launch_pal/lib/python3.10/site-packages/launch_pal-0.0.9-py3.10.egg-info
[3.333s] running install_scripts
[3.367s] writing list of installed files to '/home/simone/bookros2_ws/build/launch_pal/install.log'
[3.638s] Invoked command in '/home/simone/bookros2_ws/src/ThirdParty/launch_pal' returned '0': PYTHONPATH=/home/simone/bookros2_ws/build/launch_pal/prefix_override:/home/simone/bookros2_ws/install/launch_pal/lib/python3.10/site-packages:${PYTHONPATH} /usr/bin/python3 setup.py egg_info --egg-base ../../../build/launch_pal build --build-base /home/simone/bookros2_ws/build/launch_pal/build install --record /home/simone/bookros2_ws/build/launch_pal/install.log --single-version-externally-managed
